[0.018s] Invoking command in '/home/azp/new_ws/build/rom_msgs': CMAKE_PREFIX_PATH=${CMAKE_PREFIX_PATH}:/opt/ros/humble /usr/bin/cmake /home/azp/new_ws/src/rom_msgs -DCMAKE_INSTALL_PREFIX=/home/azp/new_ws/install/rom_msgs
[0.031s] -- Found ament_cmake: 1.3.2 (/opt/ros/humble/share/ament_cmake/cmake)
[0.226s] -- Found rosidl_default_generators: 1.2.0 (/opt/ros/humble/share/rosidl_default_generators/cmake)
[0.228s] -- Using all available rosidl_typesupport_c: rosidl_typesupport_fastrtps_c;rosidl_typesupport_introspection_c
[0.232s] -- Found rosidl_adapter: 3.1.3 (/opt/ros/humble/share/rosidl_adapter/cmake)
[0.268s] -- Using all available rosidl_typesupport_cpp: rosidl_typesupport_fastrtps_cpp;rosidl_typesupport_introspection_cpp
[0.499s] [31mCMake Error at /opt/ros/humble/share/rosidl_adapter/cmake/rosidl_adapt_interfaces.cmake:59 (message):
[0.499s]   execute_process(/usr/bin/python3.10 -m rosidl_adapter --package-name
[0.499s]   rom_msgs --arguments-file
[0.499s]   /home/azp/new_ws/build/rom_msgs/rosidl_adapter__arguments__rom_msgs.json
[0.499s]   --output-dir /home/azp/new_ws/build/rom_msgs/rosidl_adapter/rom_msgs
[0.499s]   --output-file /home/azp/new_ws/build/rom_msgs/rosidl_adapter/rom_msgs.idls)
[0.499s]   returned error code 1:
[0.499s] 
[0.499s]   Error processing 'int16 A' of 'rom_msgs/AddTwoInts_Request': ''A' is an
[0.499s]   invalid field name.  It should have the pattern
[0.499s]   '^(?!.*__)(?!.*_$)[a-z][a-z0-9_]*$''
[0.500s] 
[0.500s]   Traceback (most recent call last):
[0.500s] 
[0.500s]     File "/usr/lib/python3.10/runpy.py", line 196, in _run_module_as_main
[0.500s]       return _run_code(code, main_globals, None,
[0.500s]     File "/usr/lib/python3.10/runpy.py", line 86, in _run_code
[0.500s]       exec(code, run_globals)
[0.500s]     File "/opt/ros/humble/local/lib/python3.10/dist-packages/rosidl_adapter/__main__.py", line 19, in <module>
[0.500s]       sys.exit(main())
[0.500s]     File "/opt/ros/humble/local/lib/python3.10/dist-packages/rosidl_adapter/main.py", line 53, in main
[0.500s]       abs_idl_file = convert_to_idl(
[0.500s]     File "/opt/ros/humble/local/lib/python3.10/dist-packages/rosidl_adapter/__init__.py", line 24, in convert_to_idl
[0.500s]       return convert_srv_to_idl(
[0.500s]     File "/opt/ros/humble/local/lib/python3.10/dist-packages/rosidl_adapter/srv/__init__.py", line 28, in convert_srv_to_idl
[0.501s]       srv = parse_service_string(package_name, input_file.stem, content)
[0.501s]     File "/opt/ros/humble/local/lib/python3.10/dist-packages/rosidl_adapter/parser.py", line 859, in parse_service_string
[0.501s]       request_message = parse_message_string(
[0.501s]     File "/opt/ros/humble/local/lib/python3.10/dist-packages/rosidl_adapter/parser.py", line 519, in parse_message_string
[0.501s]       fields.append(Field(
[0.501s]     File "/opt/ros/humble/local/lib/python3.10/dist-packages/rosidl_adapter/parser.py", line 354, in __init__
[0.501s]       raise NameError(
[0.501s] 
[0.501s]   NameError: 'A' is an invalid field name.  It should have the pattern
[0.501s]   '^(?!.*__)(?!.*_$)[a-z][a-z0-9_]*$'
[0.501s] 
[0.501s] Call Stack (most recent call first):
[0.501s]   /opt/ros/humble/share/rosidl_cmake/cmake/rosidl_generate_interfaces.cmake:130 (rosidl_adapt_interfaces)
[0.501s]   CMakeLists.txt:12 (rosidl_generate_interfaces)
[0.501s] 
[0.502s] [0m
[0.502s] -- Configuring incomplete, errors occurred!
[0.502s] See also "/home/azp/new_ws/build/rom_msgs/CMakeFiles/CMakeOutput.log".
[0.504s] Invoked command in '/home/azp/new_ws/build/rom_msgs' returned '1': CMAKE_PREFIX_PATH=${CMAKE_PREFIX_PATH}:/opt/ros/humble /usr/bin/cmake /home/azp/new_ws/src/rom_msgs -DCMAKE_INSTALL_PREFIX=/home/azp/new_ws/install/rom_msgs
