[5.291s] DEBUG:colcon:Command line arguments: ['/usr/bin/colcon', 'build']
[5.291s] DEBUG:colcon:Parsed command line arguments: Namespace(log_base=None, log_level=None, verb_name='build', build_base='build', install_base='install', merge_install=False, symlink_install=False, test_result_base=None, continue_on_error=False, executor='parallel', parallel_workers=4, event_handlers=None, ignore_user_meta=False, metas=['./colcon.meta'], base_paths=['.'], packages_ignore=None, packages_ignore_regex=None, paths=None, packages_up_to=None, packages_up_to_regex=None, packages_above=None, packages_above_and_dependencies=None, packages_above_depth=None, packages_select_by_dep=None, packages_skip_by_dep=None, packages_skip_up_to=None, packages_select_build_failed=False, packages_skip_build_finished=False, packages_select_test_failures=False, packages_skip_test_passed=False, packages_select=None, packages_skip=None, packages_select_regex=None, packages_skip_regex=None, packages_start=None, packages_end=None, allow_overriding=[], cmake_args=None, cmake_target=None, cmake_target_skip_unavailable=False, cmake_clean_cache=False, cmake_clean_first=False, cmake_force_configure=False, ament_cmake_args=None, catkin_cmake_args=None, catkin_skip_building_tests=False, verb_parser=<colcon_defaults.argument_parser.defaults.DefaultArgumentsDecorator object at 0x7fab75889240>, verb_extension=<colcon_core.verb.build.BuildVerb object at 0x7fab76224220>, main=<bound method BuildVerb.main of <colcon_core.verb.build.BuildVerb object at 0x7fab76224220>>)
[6.006s] Level 1:colcon.colcon_core.package_discovery:discover_packages(colcon_meta) check parameters
[6.007s] Level 1:colcon.colcon_core.package_discovery:discover_packages(recursive) check parameters
[6.007s] Level 1:colcon.colcon_core.package_discovery:discover_packages(ignore) check parameters
[6.007s] Level 1:colcon.colcon_core.package_discovery:discover_packages(path) check parameters
[6.007s] Level 1:colcon.colcon_core.package_discovery:discover_packages(colcon_meta) discover
[6.008s] Level 1:colcon.colcon_core.package_discovery:discover_packages(recursive) discover
[6.008s] INFO:colcon.colcon_core.package_discovery:Crawling recursively for packages in '/home/azp/new_ws'
[6.008s] Level 1:colcon.colcon_core.package_identification:_identify(.) by extensions ['ignore', 'ignore_ament_install']
[6.009s] Level 1:colcon.colcon_core.package_identification:_identify(.) by extension 'ignore'
[6.009s] Level 1:colcon.colcon_core.package_identification:_identify(.) by extension 'ignore_ament_install'
[6.010s] Level 1:colcon.colcon_core.package_identification:_identify(.) by extensions ['colcon_pkg']
[6.010s] Level 1:colcon.colcon_core.package_identification:_identify(.) by extension 'colcon_pkg'
[6.010s] Level 1:colcon.colcon_core.package_identification:_identify(.) by extensions ['colcon_meta']
[6.011s] Level 1:colcon.colcon_core.package_identification:_identify(.) by extension 'colcon_meta'
[6.011s] Level 1:colcon.colcon_core.package_identification:_identify(.) by extensions ['ros']
[6.011s] Level 1:colcon.colcon_core.package_identification:_identify(.) by extension 'ros'
[6.045s] Level 1:colcon.colcon_core.package_identification:_identify(.) by extensions ['cmake', 'python']
[6.045s] Level 1:colcon.colcon_core.package_identification:_identify(.) by extension 'cmake'
[6.045s] Level 1:colcon.colcon_core.package_identification:_identify(.) by extension 'python'
[6.045s] Level 1:colcon.colcon_core.package_identification:_identify(.) by extensions ['python_setup_py']
[6.045s] Level 1:colcon.colcon_core.package_identification:_identify(.) by extension 'python_setup_py'
[6.045s] Level 1:colcon.colcon_core.package_identification:_identify(build) by extensions ['ignore', 'ignore_ament_install']
[6.045s] Level 1:colcon.colcon_core.package_identification:_identify(build) by extension 'ignore'
[6.045s] Level 1:colcon.colcon_core.package_identification:_identify(build) ignored
[6.045s] Level 1:colcon.colcon_core.package_identification:_identify(install) by extensions ['ignore', 'ignore_ament_install']
[6.045s] Level 1:colcon.colcon_core.package_identification:_identify(install) by extension 'ignore'
[6.046s] Level 1:colcon.colcon_core.package_identification:_identify(install) ignored
[6.046s] Level 1:colcon.colcon_core.package_identification:_identify(log) by extensions ['ignore', 'ignore_ament_install']
[6.046s] Level 1:colcon.colcon_core.package_identification:_identify(log) by extension 'ignore'
[6.046s] Level 1:colcon.colcon_core.package_identification:_identify(log) ignored
[6.046s] Level 1:colcon.colcon_core.package_identification:_identify(src) by extensions ['ignore', 'ignore_ament_install']
[6.046s] Level 1:colcon.colcon_core.package_identification:_identify(src) by extension 'ignore'
[6.046s] Level 1:colcon.colcon_core.package_identification:_identify(src) by extension 'ignore_ament_install'
[6.046s] Level 1:colcon.colcon_core.package_identification:_identify(src) by extensions ['colcon_pkg']
[6.046s] Level 1:colcon.colcon_core.package_identification:_identify(src) by extension 'colcon_pkg'
[6.046s] Level 1:colcon.colcon_core.package_identification:_identify(src) by extensions ['colcon_meta']
[6.046s] Level 1:colcon.colcon_core.package_identification:_identify(src) by extension 'colcon_meta'
[6.046s] Level 1:colcon.colcon_core.package_identification:_identify(src) by extensions ['ros']
[6.046s] Level 1:colcon.colcon_core.package_identification:_identify(src) by extension 'ros'
[6.047s] Level 1:colcon.colcon_core.package_identification:_identify(src) by extensions ['cmake', 'python']
[6.047s] Level 1:colcon.colcon_core.package_identification:_identify(src) by extension 'cmake'
[6.047s] Level 1:colcon.colcon_core.package_identification:_identify(src) by extension 'python'
[6.047s] Level 1:colcon.colcon_core.package_identification:_identify(src) by extensions ['python_setup_py']
[6.047s] Level 1:colcon.colcon_core.package_identification:_identify(src) by extension 'python_setup_py'
[6.047s] Level 1:colcon.colcon_core.package_identification:_identify(src/motor_msg) by extensions ['ignore', 'ignore_ament_install']
[6.047s] Level 1:colcon.colcon_core.package_identification:_identify(src/motor_msg) by extension 'ignore'
[6.047s] Level 1:colcon.colcon_core.package_identification:_identify(src/motor_msg) by extension 'ignore_ament_install'
[6.047s] Level 1:colcon.colcon_core.package_identification:_identify(src/motor_msg) by extensions ['colcon_pkg']
[6.047s] Level 1:colcon.colcon_core.package_identification:_identify(src/motor_msg) by extension 'colcon_pkg'
[6.047s] Level 1:colcon.colcon_core.package_identification:_identify(src/motor_msg) by extensions ['colcon_meta']
[6.047s] Level 1:colcon.colcon_core.package_identification:_identify(src/motor_msg) by extension 'colcon_meta'
[6.047s] Level 1:colcon.colcon_core.package_identification:_identify(src/motor_msg) by extensions ['ros']
[6.047s] Level 1:colcon.colcon_core.package_identification:_identify(src/motor_msg) by extension 'ros'
[6.072s] DEBUG:colcon.colcon_core.package_identification:Package 'src/motor_msg' with type 'ros.ament_cmake' and name 'motor_msg'
[6.073s] Level 1:colcon.colcon_core.package_identification:_identify(src/pub_sub) by extensions ['ignore', 'ignore_ament_install']
[6.073s] Level 1:colcon.colcon_core.package_identification:_identify(src/pub_sub) by extension 'ignore'
[6.073s] Level 1:colcon.colcon_core.package_identification:_identify(src/pub_sub) by extension 'ignore_ament_install'
[6.073s] Level 1:colcon.colcon_core.package_identification:_identify(src/pub_sub) by extensions ['colcon_pkg']
[6.073s] Level 1:colcon.colcon_core.package_identification:_identify(src/pub_sub) by extension 'colcon_pkg'
[6.073s] Level 1:colcon.colcon_core.package_identification:_identify(src/pub_sub) by extensions ['colcon_meta']
[6.073s] Level 1:colcon.colcon_core.package_identification:_identify(src/pub_sub) by extension 'colcon_meta'
[6.073s] Level 1:colcon.colcon_core.package_identification:_identify(src/pub_sub) by extensions ['ros']
[6.073s] Level 1:colcon.colcon_core.package_identification:_identify(src/pub_sub) by extension 'ros'
[6.089s] DEBUG:colcon.colcon_core.package_identification:Package 'src/pub_sub' with type 'ros.ament_cmake' and name 'pub_sub'
[6.089s] Level 1:colcon.colcon_core.package_identification:_identify(src/rom_msgs) by extensions ['ignore', 'ignore_ament_install']
[6.089s] Level 1:colcon.colcon_core.package_identification:_identify(src/rom_msgs) by extension 'ignore'
[6.089s] Level 1:colcon.colcon_core.package_identification:_identify(src/rom_msgs) by extension 'ignore_ament_install'
[6.089s] Level 1:colcon.colcon_core.package_identification:_identify(src/rom_msgs) by extensions ['colcon_pkg']
[6.089s] Level 1:colcon.colcon_core.package_identification:_identify(src/rom_msgs) by extension 'colcon_pkg'
[6.089s] Level 1:colcon.colcon_core.package_identification:_identify(src/rom_msgs) by extensions ['colcon_meta']
[6.089s] Level 1:colcon.colcon_core.package_identification:_identify(src/rom_msgs) by extension 'colcon_meta'
[6.089s] Level 1:colcon.colcon_core.package_identification:_identify(src/rom_msgs) by extensions ['ros']
[6.089s] Level 1:colcon.colcon_core.package_identification:_identify(src/rom_msgs) by extension 'ros'
[6.090s] DEBUG:colcon.colcon_core.package_identification:Package 'src/rom_msgs' with type 'ros.ament_cmake' and name 'rom_msgs'
[6.090s] Level 1:colcon.colcon_core.package_discovery:discover_packages(recursive) using defaults
[6.090s] Level 1:colcon.colcon_core.package_discovery:discover_packages(ignore) discover
[6.090s] Level 1:colcon.colcon_core.package_discovery:discover_packages(ignore) using defaults
[6.090s] Level 1:colcon.colcon_core.package_discovery:discover_packages(path) discover
[6.090s] Level 1:colcon.colcon_core.package_discovery:discover_packages(path) using defaults
[6.392s] Level 1:colcon.colcon_core.package_discovery:discover_packages(prefix_path) check parameters
[6.392s] Level 1:colcon.colcon_core.package_discovery:discover_packages(prefix_path) discover
[6.434s] DEBUG:colcon.colcon_installed_package_information.package_discovery:Found 2 installed packages in /home/azp/new_ws/install
[6.445s] DEBUG:colcon.colcon_installed_package_information.package_discovery:Found 279 installed packages in /opt/ros/humble
[6.452s] Level 1:colcon.colcon_core.package_discovery:discover_packages(prefix_path) using defaults
[6.648s] Level 5:colcon.colcon_core.verb:set package 'motor_msg' build argument 'cmake_args' from command line to 'None'
[6.648s] Level 5:colcon.colcon_core.verb:set package 'motor_msg' build argument 'cmake_target' from command line to 'None'
[6.648s] Level 5:colcon.colcon_core.verb:set package 'motor_msg' build argument 'cmake_target_skip_unavailable' from command line to 'False'
[6.649s] Level 5:colcon.colcon_core.verb:set package 'motor_msg' build argument 'cmake_clean_cache' from command line to 'False'
[6.649s] Level 5:colcon.colcon_core.verb:set package 'motor_msg' build argument 'cmake_clean_first' from command line to 'False'
[6.649s] Level 5:colcon.colcon_core.verb:set package 'motor_msg' build argument 'cmake_force_configure' from command line to 'False'
[6.649s] Level 5:colcon.colcon_core.verb:set package 'motor_msg' build argument 'ament_cmake_args' from command line to 'None'
[6.649s] Level 5:colcon.colcon_core.verb:set package 'motor_msg' build argument 'catkin_cmake_args' from command line to 'None'
[6.649s] Level 5:colcon.colcon_core.verb:set package 'motor_msg' build argument 'catkin_skip_building_tests' from command line to 'False'
[6.649s] DEBUG:colcon.colcon_core.verb:Building package 'motor_msg' with the following arguments: {'ament_cmake_args': None, 'build_base': '/home/azp/new_ws/build/motor_msg', 'catkin_cmake_args': None, 'catkin_skip_building_tests': False, 'cmake_args': None, 'cmake_clean_cache': False, 'cmake_clean_first': False, 'cmake_force_configure': False, 'cmake_target': None, 'cmake_target_skip_unavailable': False, 'install_base': '/home/azp/new_ws/install/motor_msg', 'merge_install': False, 'path': '/home/azp/new_ws/src/motor_msg', 'symlink_install': False, 'test_result_base': None}
[6.650s] Level 5:colcon.colcon_core.verb:set package 'pub_sub' build argument 'cmake_args' from command line to 'None'
[6.650s] Level 5:colcon.colcon_core.verb:set package 'pub_sub' build argument 'cmake_target' from command line to 'None'
[6.650s] Level 5:colcon.colcon_core.verb:set package 'pub_sub' build argument 'cmake_target_skip_unavailable' from command line to 'False'
[6.650s] Level 5:colcon.colcon_core.verb:set package 'pub_sub' build argument 'cmake_clean_cache' from command line to 'False'
[6.650s] Level 5:colcon.colcon_core.verb:set package 'pub_sub' build argument 'cmake_clean_first' from command line to 'False'
[6.650s] Level 5:colcon.colcon_core.verb:set package 'pub_sub' build argument 'cmake_force_configure' from command line to 'False'
[6.650s] Level 5:colcon.colcon_core.verb:set package 'pub_sub' build argument 'ament_cmake_args' from command line to 'None'
[6.650s] Level 5:colcon.colcon_core.verb:set package 'pub_sub' build argument 'catkin_cmake_args' from command line to 'None'
[6.650s] Level 5:colcon.colcon_core.verb:set package 'pub_sub' build argument 'catkin_skip_building_tests' from command line to 'False'
[6.650s] DEBUG:colcon.colcon_core.verb:Building package 'pub_sub' with the following arguments: {'ament_cmake_args': None, 'build_base': '/home/azp/new_ws/build/pub_sub', 'catkin_cmake_args': None, 'catkin_skip_building_tests': False, 'cmake_args': None, 'cmake_clean_cache': False, 'cmake_clean_first': False, 'cmake_force_configure': False, 'cmake_target': None, 'cmake_target_skip_unavailable': False, 'install_base': '/home/azp/new_ws/install/pub_sub', 'merge_install': False, 'path': '/home/azp/new_ws/src/pub_sub', 'symlink_install': False, 'test_result_base': None}
[6.651s] Level 5:colcon.colcon_core.verb:set package 'rom_msgs' build argument 'cmake_args' from command line to 'None'
[6.651s] Level 5:colcon.colcon_core.verb:set package 'rom_msgs' build argument 'cmake_target' from command line to 'None'
[6.651s] Level 5:colcon.colcon_core.verb:set package 'rom_msgs' build argument 'cmake_target_skip_unavailable' from command line to 'False'
[6.651s] Level 5:colcon.colcon_core.verb:set package 'rom_msgs' build argument 'cmake_clean_cache' from command line to 'False'
[6.651s] Level 5:colcon.colcon_core.verb:set package 'rom_msgs' build argument 'cmake_clean_first' from command line to 'False'
[6.651s] Level 5:colcon.colcon_core.verb:set package 'rom_msgs' build argument 'cmake_force_configure' from command line to 'False'
[6.652s] Level 5:colcon.colcon_core.verb:set package 'rom_msgs' build argument 'ament_cmake_args' from command line to 'None'
[6.652s] Level 5:colcon.colcon_core.verb:set package 'rom_msgs' build argument 'catkin_cmake_args' from command line to 'None'
[6.652s] Level 5:colcon.colcon_core.verb:set package 'rom_msgs' build argument 'catkin_skip_building_tests' from command line to 'False'
[6.652s] DEBUG:colcon.colcon_core.verb:Building package 'rom_msgs' with the following arguments: {'ament_cmake_args': None, 'build_base': '/home/azp/new_ws/build/rom_msgs', 'catkin_cmake_args': None, 'catkin_skip_building_tests': False, 'cmake_args': None, 'cmake_clean_cache': False, 'cmake_clean_first': False, 'cmake_force_configure': False, 'cmake_target': None, 'cmake_target_skip_unavailable': False, 'install_base': '/home/azp/new_ws/install/rom_msgs', 'merge_install': False, 'path': '/home/azp/new_ws/src/rom_msgs', 'symlink_install': False, 'test_result_base': None}
[6.652s] INFO:colcon.colcon_core.executor:Executing jobs using 'parallel' executor
[6.657s] DEBUG:colcon.colcon_parallel_executor.executor.parallel:run_until_complete
[6.657s] INFO:colcon.colcon_ros.task.ament_cmake.build:Building ROS package in '/home/azp/new_ws/src/motor_msg' with build type 'ament_cmake'
[6.657s] INFO:colcon.colcon_cmake.task.cmake.build:Building CMake package in '/home/azp/new_ws/src/motor_msg'
[6.787s] INFO:colcon.colcon_core.plugin_system:Skipping extension 'colcon_core.shell.bat': Not used on non-Windows systems
[6.790s] INFO:colcon.colcon_core.shell:Skip shell extension 'powershell' for command environment: Not usable outside of PowerShell
[6.791s] DEBUG:colcon.colcon_core.shell:Skip shell extension 'dsv' for command environment
[6.821s] INFO:colcon.colcon_ros.task.ament_cmake.build:Building ROS package in '/home/azp/new_ws/src/pub_sub' with build type 'ament_cmake'
[6.822s] INFO:colcon.colcon_cmake.task.cmake.build:Building CMake package in '/home/azp/new_ws/src/pub_sub'
[6.826s] INFO:colcon.colcon_core.shell:Skip shell extension 'powershell' for command environment: Not usable outside of PowerShell
[6.826s] DEBUG:colcon.colcon_core.shell:Skip shell extension 'dsv' for command environment
[6.833s] INFO:colcon.colcon_ros.task.ament_cmake.build:Building ROS package in '/home/azp/new_ws/src/rom_msgs' with build type 'ament_cmake'
[6.834s] INFO:colcon.colcon_cmake.task.cmake.build:Building CMake package in '/home/azp/new_ws/src/rom_msgs'
[6.836s] INFO:colcon.colcon_core.shell:Skip shell extension 'powershell' for command environment: Not usable outside of PowerShell
[6.836s] DEBUG:colcon.colcon_core.shell:Skip shell extension 'dsv' for command environment
[6.904s] DEBUG:colcon.colcon_core.event_handler.log_command:Invoking command in '/home/azp/new_ws/build/motor_msg': CMAKE_PREFIX_PATH=${CMAKE_PREFIX_PATH}:/opt/ros/humble /usr/bin/cmake /home/azp/new_ws/src/motor_msg -DCMAKE_INSTALL_PREFIX=/home/azp/new_ws/install/motor_msg
[7.014s] DEBUG:colcon.colcon_core.event_handler.log_command:Invoking command in '/home/azp/new_ws/build/pub_sub': CMAKE_PREFIX_PATH=${CMAKE_PREFIX_PATH}:/opt/ros/humble /usr/bin/cmake --build /home/azp/new_ws/build/pub_sub -- -j4 -l4
[7.071s] DEBUG:colcon.colcon_core.event_handler.log_command:Invoking command in '/home/azp/new_ws/build/rom_msgs': CMAKE_PREFIX_PATH=${CMAKE_PREFIX_PATH}:/opt/ros/humble /usr/bin/cmake --build /home/azp/new_ws/build/rom_msgs -- -j4 -l4
[11.759s] DEBUG:colcon.colcon_core.event_handler.log_command:Invoked command in '/home/azp/new_ws/build/pub_sub' returned '0': CMAKE_PREFIX_PATH=${CMAKE_PREFIX_PATH}:/opt/ros/humble /usr/bin/cmake --build /home/azp/new_ws/build/pub_sub -- -j4 -l4
[11.793s] DEBUG:colcon.colcon_core.event_handler.log_command:Invoking command in '/home/azp/new_ws/build/pub_sub': CMAKE_PREFIX_PATH=${CMAKE_PREFIX_PATH}:/opt/ros/humble /usr/bin/cmake --install /home/azp/new_ws/build/pub_sub
[12.616s] Level 1:colcon.colcon_core.environment:create_environment_scripts_only(pub_sub)
[12.621s] DEBUG:colcon.colcon_core.event_handler.log_command:Invoked command in '/home/azp/new_ws/build/pub_sub' returned '0': CMAKE_PREFIX_PATH=${CMAKE_PREFIX_PATH}:/opt/ros/humble /usr/bin/cmake --install /home/azp/new_ws/build/pub_sub
[13.180s] Level 1:colcon.colcon_core.environment:checking '/home/azp/new_ws/install/pub_sub' for CMake module files
[13.183s] Level 1:colcon.colcon_core.environment:checking '/home/azp/new_ws/install/pub_sub' for CMake config files
[13.185s] Level 1:colcon.colcon_core.shell:create_environment_hook('pub_sub', 'cmake_prefix_path')
[13.192s] INFO:colcon.colcon_core.shell:Creating environment hook '/home/azp/new_ws/install/pub_sub/share/pub_sub/hook/cmake_prefix_path.ps1'
[13.231s] INFO:colcon.colcon_core.shell:Creating environment descriptor '/home/azp/new_ws/install/pub_sub/share/pub_sub/hook/cmake_prefix_path.dsv'
[13.252s] INFO:colcon.colcon_core.shell:Creating environment hook '/home/azp/new_ws/install/pub_sub/share/pub_sub/hook/cmake_prefix_path.sh'
[13.254s] Level 1:colcon.colcon_core.environment:checking '/home/azp/new_ws/install/pub_sub/lib'
[13.254s] Level 1:colcon.colcon_core.environment:checking '/home/azp/new_ws/install/pub_sub/bin'
[13.254s] Level 1:colcon.colcon_core.environment:checking '/home/azp/new_ws/install/pub_sub/lib/pkgconfig/pub_sub.pc'
[13.254s] Level 1:colcon.colcon_core.environment:checking '/home/azp/new_ws/install/pub_sub/lib/python3.10/site-packages'
[13.255s] Level 1:colcon.colcon_core.environment:checking '/home/azp/new_ws/install/pub_sub/bin'
[13.256s] INFO:colcon.colcon_core.shell:Creating package script '/home/azp/new_ws/install/pub_sub/share/pub_sub/package.ps1'
[13.257s] INFO:colcon.colcon_core.shell:Creating package descriptor '/home/azp/new_ws/install/pub_sub/share/pub_sub/package.dsv'
[13.275s] INFO:colcon.colcon_core.shell:Creating package script '/home/azp/new_ws/install/pub_sub/share/pub_sub/package.sh'
[13.276s] INFO:colcon.colcon_core.shell:Creating package script '/home/azp/new_ws/install/pub_sub/share/pub_sub/package.bash'
[13.322s] INFO:colcon.colcon_core.shell:Creating package script '/home/azp/new_ws/install/pub_sub/share/pub_sub/package.zsh'
[13.364s] Level 1:colcon.colcon_core.environment:create_file_with_runtime_dependencies(/home/azp/new_ws/install/pub_sub/share/colcon-core/packages/pub_sub)
[13.376s] DEBUG:colcon.colcon_core.event_handler.log_command:Invoked command in '/home/azp/new_ws/build/rom_msgs' returned '0': CMAKE_PREFIX_PATH=${CMAKE_PREFIX_PATH}:/opt/ros/humble /usr/bin/cmake --build /home/azp/new_ws/build/rom_msgs -- -j4 -l4
[13.424s] Level 1:colcon.colcon_core.environment:create_environment_scripts_only(pub_sub)
[13.427s] Level 1:colcon.colcon_core.environment:checking '/home/azp/new_ws/install/pub_sub' for CMake module files
[13.427s] Level 1:colcon.colcon_core.environment:checking '/home/azp/new_ws/install/pub_sub' for CMake config files
[13.428s] Level 1:colcon.colcon_core.shell:create_environment_hook('pub_sub', 'cmake_prefix_path')
[13.429s] INFO:colcon.colcon_core.shell:Creating environment hook '/home/azp/new_ws/install/pub_sub/share/pub_sub/hook/cmake_prefix_path.ps1'
[13.430s] INFO:colcon.colcon_core.shell:Creating environment descriptor '/home/azp/new_ws/install/pub_sub/share/pub_sub/hook/cmake_prefix_path.dsv'
[13.430s] INFO:colcon.colcon_core.shell:Creating environment hook '/home/azp/new_ws/install/pub_sub/share/pub_sub/hook/cmake_prefix_path.sh'
[13.431s] Level 1:colcon.colcon_core.environment:checking '/home/azp/new_ws/install/pub_sub/lib'
[13.431s] Level 1:colcon.colcon_core.environment:checking '/home/azp/new_ws/install/pub_sub/bin'
[13.431s] Level 1:colcon.colcon_core.environment:checking '/home/azp/new_ws/install/pub_sub/lib/pkgconfig/pub_sub.pc'
[13.432s] Level 1:colcon.colcon_core.environment:checking '/home/azp/new_ws/install/pub_sub/lib/python3.10/site-packages'
[13.432s] Level 1:colcon.colcon_core.environment:checking '/home/azp/new_ws/install/pub_sub/bin'
[13.434s] INFO:colcon.colcon_core.shell:Creating package script '/home/azp/new_ws/install/pub_sub/share/pub_sub/package.ps1'
[13.435s] INFO:colcon.colcon_core.shell:Creating package descriptor '/home/azp/new_ws/install/pub_sub/share/pub_sub/package.dsv'
[13.435s] INFO:colcon.colcon_core.shell:Creating package script '/home/azp/new_ws/install/pub_sub/share/pub_sub/package.sh'
[13.436s] INFO:colcon.colcon_core.shell:Creating package script '/home/azp/new_ws/install/pub_sub/share/pub_sub/package.bash'
[13.437s] INFO:colcon.colcon_core.shell:Creating package script '/home/azp/new_ws/install/pub_sub/share/pub_sub/package.zsh'
[13.438s] Level 1:colcon.colcon_core.environment:create_file_with_runtime_dependencies(/home/azp/new_ws/install/pub_sub/share/colcon-core/packages/pub_sub)
[13.479s] DEBUG:colcon.colcon_core.event_handler.log_command:Invoking command in '/home/azp/new_ws/build/rom_msgs': CMAKE_PREFIX_PATH=${CMAKE_PREFIX_PATH}:/opt/ros/humble /usr/bin/cmake --install /home/azp/new_ws/build/rom_msgs
[15.840s] Level 1:colcon.colcon_core.environment:create_environment_scripts_only(rom_msgs)
[15.853s] DEBUG:colcon.colcon_core.event_handler.log_command:Invoked command in '/home/azp/new_ws/build/rom_msgs' returned '0': CMAKE_PREFIX_PATH=${CMAKE_PREFIX_PATH}:/opt/ros/humble /usr/bin/cmake --install /home/azp/new_ws/build/rom_msgs
[15.860s] Level 1:colcon.colcon_core.environment:checking '/home/azp/new_ws/install/rom_msgs' for CMake module files
[15.864s] Level 1:colcon.colcon_core.environment:checking '/home/azp/new_ws/install/rom_msgs' for CMake config files
[15.893s] Level 1:colcon.colcon_core.shell:create_environment_hook('rom_msgs', 'cmake_prefix_path')
[15.901s] INFO:colcon.colcon_core.shell:Creating environment hook '/home/azp/new_ws/install/rom_msgs/share/rom_msgs/hook/cmake_prefix_path.ps1'
[15.903s] INFO:colcon.colcon_core.shell:Creating environment descriptor '/home/azp/new_ws/install/rom_msgs/share/rom_msgs/hook/cmake_prefix_path.dsv'
[15.905s] INFO:colcon.colcon_core.shell:Creating environment hook '/home/azp/new_ws/install/rom_msgs/share/rom_msgs/hook/cmake_prefix_path.sh'
[15.909s] Level 1:colcon.colcon_core.environment:checking '/home/azp/new_ws/install/rom_msgs/lib'
[15.910s] Level 1:colcon.colcon_core.shell:create_environment_hook('rom_msgs', 'ld_library_path_lib')
[15.917s] INFO:colcon.colcon_core.shell:Creating environment hook '/home/azp/new_ws/install/rom_msgs/share/rom_msgs/hook/ld_library_path_lib.ps1'
[15.918s] INFO:colcon.colcon_core.shell:Creating environment descriptor '/home/azp/new_ws/install/rom_msgs/share/rom_msgs/hook/ld_library_path_lib.dsv'
[15.919s] INFO:colcon.colcon_core.shell:Creating environment hook '/home/azp/new_ws/install/rom_msgs/share/rom_msgs/hook/ld_library_path_lib.sh'
[15.921s] Level 1:colcon.colcon_core.environment:checking '/home/azp/new_ws/install/rom_msgs/bin'
[15.921s] Level 1:colcon.colcon_core.environment:checking '/home/azp/new_ws/install/rom_msgs/lib/pkgconfig/rom_msgs.pc'
[15.921s] Level 1:colcon.colcon_core.environment:checking '/home/azp/new_ws/install/rom_msgs/lib/python3.10/site-packages'
[15.922s] Level 1:colcon.colcon_core.environment:checking '/home/azp/new_ws/install/rom_msgs/bin'
[15.925s] INFO:colcon.colcon_core.shell:Creating package script '/home/azp/new_ws/install/rom_msgs/share/rom_msgs/package.ps1'
[15.926s] INFO:colcon.colcon_core.shell:Creating package descriptor '/home/azp/new_ws/install/rom_msgs/share/rom_msgs/package.dsv'
[15.927s] INFO:colcon.colcon_core.shell:Creating package script '/home/azp/new_ws/install/rom_msgs/share/rom_msgs/package.sh'
[15.928s] INFO:colcon.colcon_core.shell:Creating package script '/home/azp/new_ws/install/rom_msgs/share/rom_msgs/package.bash'
[15.928s] INFO:colcon.colcon_core.shell:Creating package script '/home/azp/new_ws/install/rom_msgs/share/rom_msgs/package.zsh'
[15.929s] Level 1:colcon.colcon_core.environment:create_file_with_runtime_dependencies(/home/azp/new_ws/install/rom_msgs/share/colcon-core/packages/rom_msgs)
[16.010s] Level 1:colcon.colcon_core.environment:create_environment_scripts_only(rom_msgs)
[16.014s] Level 1:colcon.colcon_core.environment:checking '/home/azp/new_ws/install/rom_msgs' for CMake module files
[16.015s] Level 1:colcon.colcon_core.environment:checking '/home/azp/new_ws/install/rom_msgs' for CMake config files
[16.016s] Level 1:colcon.colcon_core.shell:create_environment_hook('rom_msgs', 'cmake_prefix_path')
[16.018s] INFO:colcon.colcon_core.shell:Creating environment hook '/home/azp/new_ws/install/rom_msgs/share/rom_msgs/hook/cmake_prefix_path.ps1'
[16.019s] INFO:colcon.colcon_core.shell:Creating environment descriptor '/home/azp/new_ws/install/rom_msgs/share/rom_msgs/hook/cmake_prefix_path.dsv'
[16.020s] INFO:colcon.colcon_core.shell:Creating environment hook '/home/azp/new_ws/install/rom_msgs/share/rom_msgs/hook/cmake_prefix_path.sh'
[16.021s] Level 1:colcon.colcon_core.environment:checking '/home/azp/new_ws/install/rom_msgs/lib'
[16.021s] Level 1:colcon.colcon_core.shell:create_environment_hook('rom_msgs', 'ld_library_path_lib')
[16.024s] INFO:colcon.colcon_core.shell:Creating environment hook '/home/azp/new_ws/install/rom_msgs/share/rom_msgs/hook/ld_library_path_lib.ps1'
[16.024s] INFO:colcon.colcon_core.shell:Creating environment descriptor '/home/azp/new_ws/install/rom_msgs/share/rom_msgs/hook/ld_library_path_lib.dsv'
[16.025s] INFO:colcon.colcon_core.shell:Creating environment hook '/home/azp/new_ws/install/rom_msgs/share/rom_msgs/hook/ld_library_path_lib.sh'
[16.025s] Level 1:colcon.colcon_core.environment:checking '/home/azp/new_ws/install/rom_msgs/bin'
[16.025s] Level 1:colcon.colcon_core.environment:checking '/home/azp/new_ws/install/rom_msgs/lib/pkgconfig/rom_msgs.pc'
[16.026s] Level 1:colcon.colcon_core.environment:checking '/home/azp/new_ws/install/rom_msgs/lib/python3.10/site-packages'
[16.026s] Level 1:colcon.colcon_core.environment:checking '/home/azp/new_ws/install/rom_msgs/bin'
[16.028s] INFO:colcon.colcon_core.shell:Creating package script '/home/azp/new_ws/install/rom_msgs/share/rom_msgs/package.ps1'
[16.029s] INFO:colcon.colcon_core.shell:Creating package descriptor '/home/azp/new_ws/install/rom_msgs/share/rom_msgs/package.dsv'
[16.029s] INFO:colcon.colcon_core.shell:Creating package script '/home/azp/new_ws/install/rom_msgs/share/rom_msgs/package.sh'
[16.030s] INFO:colcon.colcon_core.shell:Creating package script '/home/azp/new_ws/install/rom_msgs/share/rom_msgs/package.bash'
[16.031s] INFO:colcon.colcon_core.shell:Creating package script '/home/azp/new_ws/install/rom_msgs/share/rom_msgs/package.zsh'
[16.031s] Level 1:colcon.colcon_core.environment:create_file_with_runtime_dependencies(/home/azp/new_ws/install/rom_msgs/share/colcon-core/packages/rom_msgs)
[18.681s] DEBUG:colcon.colcon_core.event_handler.log_command:Invoked command in '/home/azp/new_ws/build/motor_msg' returned '1': CMAKE_PREFIX_PATH=${CMAKE_PREFIX_PATH}:/opt/ros/humble /usr/bin/cmake /home/azp/new_ws/src/motor_msg -DCMAKE_INSTALL_PREFIX=/home/azp/new_ws/install/motor_msg
[18.693s] Level 1:colcon.colcon_core.environment:create_environment_scripts_only(motor_msg)
[18.695s] Level 1:colcon.colcon_core.environment:checking '/home/azp/new_ws/install/motor_msg' for CMake module files
[18.695s] Level 1:colcon.colcon_core.environment:checking '/home/azp/new_ws/install/motor_msg' for CMake config files
[18.695s] Level 1:colcon.colcon_core.environment:checking '/home/azp/new_ws/install/motor_msg/bin'
[18.696s] Level 1:colcon.colcon_core.environment:checking '/home/azp/new_ws/install/motor_msg/lib/pkgconfig/motor_msg.pc'
[18.696s] Level 1:colcon.colcon_core.environment:checking '/home/azp/new_ws/install/motor_msg/lib/python3.10/site-packages'
[18.696s] Level 1:colcon.colcon_core.environment:checking '/home/azp/new_ws/install/motor_msg/bin'
[18.698s] INFO:colcon.colcon_core.shell:Creating package script '/home/azp/new_ws/install/motor_msg/share/motor_msg/package.ps1'
[18.698s] INFO:colcon.colcon_core.shell:Creating package descriptor '/home/azp/new_ws/install/motor_msg/share/motor_msg/package.dsv'
[18.698s] INFO:colcon.colcon_core.shell:Creating package script '/home/azp/new_ws/install/motor_msg/share/motor_msg/package.sh'
[18.699s] INFO:colcon.colcon_core.shell:Creating package script '/home/azp/new_ws/install/motor_msg/share/motor_msg/package.bash'
[18.699s] INFO:colcon.colcon_core.shell:Creating package script '/home/azp/new_ws/install/motor_msg/share/motor_msg/package.zsh'
[18.699s] Level 1:colcon.colcon_core.environment:create_file_with_runtime_dependencies(/home/azp/new_ws/install/motor_msg/share/colcon-core/packages/motor_msg)
[18.710s] DEBUG:colcon.colcon_parallel_executor.executor.parallel:closing loop
[18.710s] DEBUG:colcon.colcon_parallel_executor.executor.parallel:loop closed
[18.710s] DEBUG:colcon.colcon_parallel_executor.executor.parallel:run_until_complete finished with '1'
[18.710s] DEBUG:colcon.colcon_core.event_reactor:joining thread
[18.745s] INFO:colcon.colcon_core.plugin_system:Skipping extension 'colcon_notification.desktop_notification.terminal_notifier': Not used on non-Darwin systems
[18.745s] INFO:colcon.colcon_core.plugin_system:Skipping extension 'colcon_notification.desktop_notification.win32': Not used on non-Windows systems
[18.745s] INFO:colcon.colcon_notification.desktop_notification:Sending desktop notification using 'notify2'
[18.768s] DEBUG:colcon.colcon_core.event_reactor:joined thread
[18.770s] INFO:colcon.colcon_core.shell:Creating prefix script '/home/azp/new_ws/install/local_setup.ps1'
[18.790s] INFO:colcon.colcon_core.shell:Creating prefix util module '/home/azp/new_ws/install/_local_setup_util_ps1.py'
[18.800s] INFO:colcon.colcon_core.shell:Creating prefix chain script '/home/azp/new_ws/install/setup.ps1'
[18.802s] INFO:colcon.colcon_core.shell:Creating prefix script '/home/azp/new_ws/install/local_setup.sh'
[18.803s] INFO:colcon.colcon_core.shell:Creating prefix util module '/home/azp/new_ws/install/_local_setup_util_sh.py'
[18.804s] INFO:colcon.colcon_core.shell:Creating prefix chain script '/home/azp/new_ws/install/setup.sh'
[18.805s] INFO:colcon.colcon_core.shell:Creating prefix script '/home/azp/new_ws/install/local_setup.bash'
[18.821s] INFO:colcon.colcon_core.shell:Creating prefix chain script '/home/azp/new_ws/install/setup.bash'
[18.823s] INFO:colcon.colcon_core.shell:Creating prefix script '/home/azp/new_ws/install/local_setup.zsh'
[18.842s] INFO:colcon.colcon_core.shell:Creating prefix chain script '/home/azp/new_ws/install/setup.zsh'
