[0.029s] Invoking command in '/home/azp/new_ws/build/rom_msgs': CMAKE_PREFIX_PATH=${CMAKE_PREFIX_PATH}:/opt/ros/humble /usr/bin/cmake --build /home/azp/new_ws/build/rom_msgs -- -j4 -l4
[0.115s] [  2%] Built target rom_msgs__cpp
[0.124s] [ 12%] Built target rom_msgs__rosidl_generator_c
[0.136s] [ 12%] Built target ament_cmake_python_copy_rom_msgs
[0.162s] [ 23%] Built target rom_msgs__rosidl_typesupport_cpp
[0.166s] [ 33%] Built target rom_msgs__rosidl_typesupport_introspection_cpp
[0.174s] [ 43%] Built target rom_msgs__rosidl_typesupport_fastrtps_cpp
[0.185s] [ 53%] Built target rom_msgs__rosidl_typesupport_fastrtps_c
[0.209s] [ 64%] Built target rom_msgs__rosidl_typesupport_introspection_c
[0.221s] [ 74%] Built target rom_msgs__rosidl_typesupport_c
[0.250s] [ 74%] Built target rom_msgs
[0.280s] [ 76%] Built target rom_msgs__py
[0.319s] [ 84%] Built target rom_msgs__rosidl_generator_py
[0.361s] [ 89%] Built target rom_msgs__rosidl_typesupport_fastrtps_c__pyext
[0.373s] [ 94%] Built target rom_msgs__rosidl_typesupport_introspection_c__pyext
[0.376s] [100%] Built target rom_msgs__rosidl_typesupport_c__pyext
[0.652s] running egg_info
[0.653s] writing rom_msgs.egg-info/PKG-INFO
[0.653s] writing dependency_links to rom_msgs.egg-info/dependency_links.txt
[0.654s] writing top-level names to rom_msgs.egg-info/top_level.txt
[0.656s] reading manifest file 'rom_msgs.egg-info/SOURCES.txt'
[0.657s] writing manifest file 'rom_msgs.egg-info/SOURCES.txt'
[0.691s] [100%] Built target ament_cmake_python_build_rom_msgs_egg
[0.704s] Invoked command in '/home/azp/new_ws/build/rom_msgs' returned '0': CMAKE_PREFIX_PATH=${CMAKE_PREFIX_PATH}:/opt/ros/humble /usr/bin/cmake --build /home/azp/new_ws/build/rom_msgs -- -j4 -l4
[0.784s] Invoking command in '/home/azp/new_ws/build/rom_msgs': CMAKE_PREFIX_PATH=${CMAKE_PREFIX_PATH}:/opt/ros/humble /usr/bin/cmake --install /home/azp/new_ws/build/rom_msgs
[0.793s] -- Install configuration: ""
[0.793s] -- Up-to-date: /home/azp/new_ws/install/rom_msgs/share/ament_index/resource_index/rosidl_interfaces/rom_msgs
[0.793s] -- Up-to-date: /home/azp/new_ws/install/rom_msgs/include/rom_msgs/rom_msgs
[0.794s] -- Up-to-date: /home/azp/new_ws/install/rom_msgs/include/rom_msgs/rom_msgs/msg
[0.794s] -- Up-to-date: /home/azp/new_ws/install/rom_msgs/include/rom_msgs/rom_msgs/msg/rpm.h
[0.794s] -- Up-to-date: /home/azp/new_ws/install/rom_msgs/include/rom_msgs/rom_msgs/msg/detail
[0.794s] -- Up-to-date: /home/azp/new_ws/install/rom_msgs/include/rom_msgs/rom_msgs/msg/detail/rpm__functions.c
[0.794s] -- Up-to-date: /home/azp/new_ws/install/rom_msgs/include/rom_msgs/rom_msgs/msg/detail/rpm__functions.h
[0.794s] -- Up-to-date: /home/azp/new_ws/install/rom_msgs/include/rom_msgs/rom_msgs/msg/detail/rpm__type_support.h
[0.795s] -- Up-to-date: /home/azp/new_ws/install/rom_msgs/include/rom_msgs/rom_msgs/msg/detail/rpm__struct.h
[0.795s] -- Up-to-date: /home/azp/new_ws/install/rom_msgs/include/rom_msgs/rom_msgs/msg/rosidl_generator_c__visibility_control.h
[0.795s] -- Up-to-date: /home/azp/new_ws/install/rom_msgs/include/rom_msgs/rom_msgs/srv
[0.795s] -- Up-to-date: /home/azp/new_ws/install/rom_msgs/include/rom_msgs/rom_msgs/srv/add_two_ints.h
[0.795s] -- Up-to-date: /home/azp/new_ws/install/rom_msgs/include/rom_msgs/rom_msgs/srv/detail
[0.796s] -- Up-to-date: /home/azp/new_ws/install/rom_msgs/include/rom_msgs/rom_msgs/srv/detail/add_two_ints__struct.h
[0.796s] -- Up-to-date: /home/azp/new_ws/install/rom_msgs/include/rom_msgs/rom_msgs/srv/detail/add_two_ints__functions.c
[0.796s] -- Up-to-date: /home/azp/new_ws/install/rom_msgs/include/rom_msgs/rom_msgs/srv/detail/add_two_ints__type_support.h
[0.796s] -- Up-to-date: /home/azp/new_ws/install/rom_msgs/include/rom_msgs/rom_msgs/srv/detail/add_two_ints__functions.h
[0.797s] -- Up-to-date: /home/azp/new_ws/install/rom_msgs/share/rom_msgs/environment/library_path.sh
[0.797s] -- Up-to-date: /home/azp/new_ws/install/rom_msgs/share/rom_msgs/environment/library_path.dsv
[0.797s] -- Up-to-date: /home/azp/new_ws/install/rom_msgs/lib/librom_msgs__rosidl_generator_c.so
[0.797s] -- Up-to-date: /home/azp/new_ws/install/rom_msgs/include/rom_msgs/rom_msgs
[0.797s] -- Up-to-date: /home/azp/new_ws/install/rom_msgs/include/rom_msgs/rom_msgs/msg
[0.797s] -- Up-to-date: /home/azp/new_ws/install/rom_msgs/include/rom_msgs/rom_msgs/msg/detail
[0.797s] -- Up-to-date: /home/azp/new_ws/install/rom_msgs/include/rom_msgs/rom_msgs/msg/detail/rpm__rosidl_typesupport_fastrtps_c.h
[0.798s] -- Up-to-date: /home/azp/new_ws/install/rom_msgs/include/rom_msgs/rom_msgs/msg/rosidl_typesupport_fastrtps_c__visibility_control.h
[0.798s] -- Up-to-date: /home/azp/new_ws/install/rom_msgs/include/rom_msgs/rom_msgs/srv
[0.798s] -- Up-to-date: /home/azp/new_ws/install/rom_msgs/include/rom_msgs/rom_msgs/srv/detail
[0.798s] -- Up-to-date: /home/azp/new_ws/install/rom_msgs/include/rom_msgs/rom_msgs/srv/detail/add_two_ints__rosidl_typesupport_fastrtps_c.h
[0.798s] -- Up-to-date: /home/azp/new_ws/install/rom_msgs/lib/librom_msgs__rosidl_typesupport_fastrtps_c.so
[0.799s] -- Up-to-date: /home/azp/new_ws/install/rom_msgs/include/rom_msgs/rom_msgs
[0.799s] -- Up-to-date: /home/azp/new_ws/install/rom_msgs/include/rom_msgs/rom_msgs/msg
[0.799s] -- Up-to-date: /home/azp/new_ws/install/rom_msgs/include/rom_msgs/rom_msgs/msg/rosidl_typesupport_introspection_c__visibility_control.h
[0.799s] -- Up-to-date: /home/azp/new_ws/install/rom_msgs/include/rom_msgs/rom_msgs/msg/detail
[0.800s] -- Up-to-date: /home/azp/new_ws/install/rom_msgs/include/rom_msgs/rom_msgs/msg/detail/rpm__rosidl_typesupport_introspection_c.h
[0.800s] -- Up-to-date: /home/azp/new_ws/install/rom_msgs/include/rom_msgs/rom_msgs/msg/detail/rpm__type_support.c
[0.800s] -- Up-to-date: /home/azp/new_ws/install/rom_msgs/include/rom_msgs/rom_msgs/srv
[0.800s] -- Up-to-date: /home/azp/new_ws/install/rom_msgs/include/rom_msgs/rom_msgs/srv/detail
[0.800s] -- Up-to-date: /home/azp/new_ws/install/rom_msgs/include/rom_msgs/rom_msgs/srv/detail/add_two_ints__rosidl_typesupport_introspection_c.h
[0.800s] -- Up-to-date: /home/azp/new_ws/install/rom_msgs/include/rom_msgs/rom_msgs/srv/detail/add_two_ints__type_support.c
[0.800s] -- Up-to-date: /home/azp/new_ws/install/rom_msgs/lib/librom_msgs__rosidl_typesupport_introspection_c.so
[0.801s] -- Up-to-date: /home/azp/new_ws/install/rom_msgs/lib/librom_msgs__rosidl_typesupport_c.so
[0.801s] -- Up-to-date: /home/azp/new_ws/install/rom_msgs/include/rom_msgs/rom_msgs
[0.801s] -- Up-to-date: /home/azp/new_ws/install/rom_msgs/include/rom_msgs/rom_msgs/msg
[0.801s] -- Up-to-date: /home/azp/new_ws/install/rom_msgs/include/rom_msgs/rom_msgs/msg/rpm.hpp
[0.801s] -- Up-to-date: /home/azp/new_ws/install/rom_msgs/include/rom_msgs/rom_msgs/msg/detail
[0.801s] -- Up-to-date: /home/azp/new_ws/install/rom_msgs/include/rom_msgs/rom_msgs/msg/detail/rpm__builder.hpp
[0.801s] -- Up-to-date: /home/azp/new_ws/install/rom_msgs/include/rom_msgs/rom_msgs/msg/detail/rpm__struct.hpp
[0.802s] -- Up-to-date: /home/azp/new_ws/install/rom_msgs/include/rom_msgs/rom_msgs/msg/detail/rpm__traits.hpp
[0.802s] -- Up-to-date: /home/azp/new_ws/install/rom_msgs/include/rom_msgs/rom_msgs/srv
[0.802s] -- Up-to-date: /home/azp/new_ws/install/rom_msgs/include/rom_msgs/rom_msgs/srv/add_two_ints.hpp
[0.802s] -- Up-to-date: /home/azp/new_ws/install/rom_msgs/include/rom_msgs/rom_msgs/srv/detail
[0.802s] -- Up-to-date: /home/azp/new_ws/install/rom_msgs/include/rom_msgs/rom_msgs/srv/detail/add_two_ints__struct.hpp
[0.802s] -- Up-to-date: /home/azp/new_ws/install/rom_msgs/include/rom_msgs/rom_msgs/srv/detail/add_two_ints__builder.hpp
[0.802s] -- Up-to-date: /home/azp/new_ws/install/rom_msgs/include/rom_msgs/rom_msgs/srv/detail/add_two_ints__traits.hpp
[0.803s] -- Up-to-date: /home/azp/new_ws/install/rom_msgs/include/rom_msgs/rom_msgs
[0.803s] -- Up-to-date: /home/azp/new_ws/install/rom_msgs/include/rom_msgs/rom_msgs/msg
[0.803s] -- Up-to-date: /home/azp/new_ws/install/rom_msgs/include/rom_msgs/rom_msgs/msg/rosidl_typesupport_fastrtps_cpp__visibility_control.h
[0.803s] -- Up-to-date: /home/azp/new_ws/install/rom_msgs/include/rom_msgs/rom_msgs/msg/detail
[0.803s] -- Up-to-date: /home/azp/new_ws/install/rom_msgs/include/rom_msgs/rom_msgs/msg/detail/dds_fastrtps
[0.803s] -- Up-to-date: /home/azp/new_ws/install/rom_msgs/include/rom_msgs/rom_msgs/msg/detail/rpm__rosidl_typesupport_fastrtps_cpp.hpp
[0.803s] -- Up-to-date: /home/azp/new_ws/install/rom_msgs/include/rom_msgs/rom_msgs/srv
[0.803s] -- Up-to-date: /home/azp/new_ws/install/rom_msgs/include/rom_msgs/rom_msgs/srv/detail
[0.804s] -- Up-to-date: /home/azp/new_ws/install/rom_msgs/include/rom_msgs/rom_msgs/srv/detail/dds_fastrtps
[0.804s] -- Up-to-date: /home/azp/new_ws/install/rom_msgs/include/rom_msgs/rom_msgs/srv/detail/add_two_ints__rosidl_typesupport_fastrtps_cpp.hpp
[0.804s] -- Up-to-date: /home/azp/new_ws/install/rom_msgs/lib/librom_msgs__rosidl_typesupport_fastrtps_cpp.so
[0.804s] -- Up-to-date: /home/azp/new_ws/install/rom_msgs/include/rom_msgs/rom_msgs
[0.804s] -- Up-to-date: /home/azp/new_ws/install/rom_msgs/include/rom_msgs/rom_msgs/msg
[0.804s] -- Up-to-date: /home/azp/new_ws/install/rom_msgs/include/rom_msgs/rom_msgs/msg/detail
[0.804s] -- Up-to-date: /home/azp/new_ws/install/rom_msgs/include/rom_msgs/rom_msgs/msg/detail/rpm__rosidl_typesupport_introspection_cpp.hpp
[0.805s] -- Up-to-date: /home/azp/new_ws/install/rom_msgs/include/rom_msgs/rom_msgs/msg/detail/rpm__type_support.cpp
[0.805s] -- Up-to-date: /home/azp/new_ws/install/rom_msgs/include/rom_msgs/rom_msgs/srv
[0.805s] -- Up-to-date: /home/azp/new_ws/install/rom_msgs/include/rom_msgs/rom_msgs/srv/detail
[0.805s] -- Up-to-date: /home/azp/new_ws/install/rom_msgs/include/rom_msgs/rom_msgs/srv/detail/add_two_ints__type_support.cpp
[0.805s] -- Up-to-date: /home/azp/new_ws/install/rom_msgs/include/rom_msgs/rom_msgs/srv/detail/add_two_ints__rosidl_typesupport_introspection_cpp.hpp
[0.805s] -- Up-to-date: /home/azp/new_ws/install/rom_msgs/lib/librom_msgs__rosidl_typesupport_introspection_cpp.so
[0.805s] -- Up-to-date: /home/azp/new_ws/install/rom_msgs/lib/librom_msgs__rosidl_typesupport_cpp.so
[0.806s] -- Up-to-date: /home/azp/new_ws/install/rom_msgs/share/rom_msgs/environment/pythonpath.sh
[0.806s] -- Up-to-date: /home/azp/new_ws/install/rom_msgs/share/rom_msgs/environment/pythonpath.dsv
[0.806s] -- Up-to-date: /home/azp/new_ws/install/rom_msgs/local/lib/python3.10/dist-packages/rom_msgs-0.0.0-py3.10.egg-info
[0.806s] -- Installing: /home/azp/new_ws/install/rom_msgs/local/lib/python3.10/dist-packages/rom_msgs-0.0.0-py3.10.egg-info/dependency_links.txt
[0.806s] -- Installing: /home/azp/new_ws/install/rom_msgs/local/lib/python3.10/dist-packages/rom_msgs-0.0.0-py3.10.egg-info/PKG-INFO
[0.806s] -- Installing: /home/azp/new_ws/install/rom_msgs/local/lib/python3.10/dist-packages/rom_msgs-0.0.0-py3.10.egg-info/top_level.txt
[0.806s] -- Installing: /home/azp/new_ws/install/rom_msgs/local/lib/python3.10/dist-packages/rom_msgs-0.0.0-py3.10.egg-info/SOURCES.txt
[0.807s] -- Up-to-date: /home/azp/new_ws/install/rom_msgs/local/lib/python3.10/dist-packages/rom_msgs
[0.807s] -- Up-to-date: /home/azp/new_ws/install/rom_msgs/local/lib/python3.10/dist-packages/rom_msgs/_rom_msgs_s.ep.rosidl_typesupport_introspection_c.c
[0.807s] -- Up-to-date: /home/azp/new_ws/install/rom_msgs/local/lib/python3.10/dist-packages/rom_msgs/msg
[0.807s] -- Up-to-date: /home/azp/new_ws/install/rom_msgs/local/lib/python3.10/dist-packages/rom_msgs/msg/_rpm.py
[0.807s] -- Up-to-date: /home/azp/new_ws/install/rom_msgs/local/lib/python3.10/dist-packages/rom_msgs/msg/__init__.py
[0.807s] -- Up-to-date: /home/azp/new_ws/install/rom_msgs/local/lib/python3.10/dist-packages/rom_msgs/msg/_rpm_s.c
[0.807s] -- Up-to-date: /home/azp/new_ws/install/rom_msgs/local/lib/python3.10/dist-packages/rom_msgs/rom_msgs_s__rosidl_typesupport_introspection_c.cpython-310-x86_64-linux-gnu.so
[0.807s] -- Up-to-date: /home/azp/new_ws/install/rom_msgs/local/lib/python3.10/dist-packages/rom_msgs/librom_msgs__rosidl_generator_py.so
[0.808s] -- Up-to-date: /home/azp/new_ws/install/rom_msgs/local/lib/python3.10/dist-packages/rom_msgs/_rom_msgs_s.ep.rosidl_typesupport_c.c
[0.808s] -- Up-to-date: /home/azp/new_ws/install/rom_msgs/local/lib/python3.10/dist-packages/rom_msgs/__init__.py
[0.808s] -- Up-to-date: /home/azp/new_ws/install/rom_msgs/local/lib/python3.10/dist-packages/rom_msgs/rom_msgs_s__rosidl_typesupport_c.cpython-310-x86_64-linux-gnu.so
[0.808s] -- Up-to-date: /home/azp/new_ws/install/rom_msgs/local/lib/python3.10/dist-packages/rom_msgs/srv
[0.808s] -- Up-to-date: /home/azp/new_ws/install/rom_msgs/local/lib/python3.10/dist-packages/rom_msgs/srv/__init__.py
[0.808s] -- Up-to-date: /home/azp/new_ws/install/rom_msgs/local/lib/python3.10/dist-packages/rom_msgs/srv/_add_two_ints.py
[0.808s] -- Up-to-date: /home/azp/new_ws/install/rom_msgs/local/lib/python3.10/dist-packages/rom_msgs/srv/_add_two_ints_s.c
[0.809s] -- Up-to-date: /home/azp/new_ws/install/rom_msgs/local/lib/python3.10/dist-packages/rom_msgs/_rom_msgs_s.ep.rosidl_typesupport_fastrtps_c.c
[0.809s] -- Up-to-date: /home/azp/new_ws/install/rom_msgs/local/lib/python3.10/dist-packages/rom_msgs/rom_msgs_s__rosidl_typesupport_fastrtps_c.cpython-310-x86_64-linux-gnu.so
[0.839s] Listing '/home/azp/new_ws/install/rom_msgs/local/lib/python3.10/dist-packages/rom_msgs'...
[0.839s] Listing '/home/azp/new_ws/install/rom_msgs/local/lib/python3.10/dist-packages/rom_msgs/msg'...
[0.839s] Listing '/home/azp/new_ws/install/rom_msgs/local/lib/python3.10/dist-packages/rom_msgs/srv'...
[0.845s] -- Up-to-date: /home/azp/new_ws/install/rom_msgs/local/lib/python3.10/dist-packages/rom_msgs/rom_msgs_s__rosidl_typesupport_fastrtps_c.cpython-310-x86_64-linux-gnu.so
[0.846s] -- Up-to-date: /home/azp/new_ws/install/rom_msgs/local/lib/python3.10/dist-packages/rom_msgs/rom_msgs_s__rosidl_typesupport_introspection_c.cpython-310-x86_64-linux-gnu.so
[0.846s] -- Up-to-date: /home/azp/new_ws/install/rom_msgs/local/lib/python3.10/dist-packages/rom_msgs/rom_msgs_s__rosidl_typesupport_c.cpython-310-x86_64-linux-gnu.so
[0.847s] -- Up-to-date: /home/azp/new_ws/install/rom_msgs/lib/librom_msgs__rosidl_generator_py.so
[0.847s] -- Up-to-date: /home/azp/new_ws/install/rom_msgs/share/rom_msgs/msg/Rpm.idl
[0.847s] -- Up-to-date: /home/azp/new_ws/install/rom_msgs/share/rom_msgs/srv/AddTwoInts.idl
[0.848s] -- Up-to-date: /home/azp/new_ws/install/rom_msgs/share/rom_msgs/msg/Rpm.msg
[0.848s] -- Up-to-date: /home/azp/new_ws/install/rom_msgs/share/rom_msgs/srv/AddTwoInts.srv
[0.848s] -- Up-to-date: /home/azp/new_ws/install/rom_msgs/share/rom_msgs/srv/AddTwoInts_Request.msg
[0.848s] -- Up-to-date: /home/azp/new_ws/install/rom_msgs/share/rom_msgs/srv/AddTwoInts_Response.msg
[0.848s] -- Up-to-date: /home/azp/new_ws/install/rom_msgs/share/ament_index/resource_index/package_run_dependencies/rom_msgs
[0.848s] -- Up-to-date: /home/azp/new_ws/install/rom_msgs/share/ament_index/resource_index/parent_prefix_path/rom_msgs
[0.848s] -- Up-to-date: /home/azp/new_ws/install/rom_msgs/share/rom_msgs/environment/ament_prefix_path.sh
[0.849s] -- Up-to-date: /home/azp/new_ws/install/rom_msgs/share/rom_msgs/environment/ament_prefix_path.dsv
[0.849s] -- Up-to-date: /home/azp/new_ws/install/rom_msgs/share/rom_msgs/environment/path.sh
[0.849s] -- Up-to-date: /home/azp/new_ws/install/rom_msgs/share/rom_msgs/environment/path.dsv
[0.849s] -- Up-to-date: /home/azp/new_ws/install/rom_msgs/share/rom_msgs/local_setup.bash
[0.849s] -- Up-to-date: /home/azp/new_ws/install/rom_msgs/share/rom_msgs/local_setup.sh
[0.849s] -- Up-to-date: /home/azp/new_ws/install/rom_msgs/share/rom_msgs/local_setup.zsh
[0.849s] -- Up-to-date: /home/azp/new_ws/install/rom_msgs/share/rom_msgs/local_setup.dsv
[0.849s] -- Installing: /home/azp/new_ws/install/rom_msgs/share/rom_msgs/package.dsv
[0.849s] -- Up-to-date: /home/azp/new_ws/install/rom_msgs/share/ament_index/resource_index/packages/rom_msgs
[0.850s] -- Up-to-date: /home/azp/new_ws/install/rom_msgs/share/rom_msgs/cmake/export_rom_msgs__rosidl_generator_cExport.cmake
[0.850s] -- Up-to-date: /home/azp/new_ws/install/rom_msgs/share/rom_msgs/cmake/export_rom_msgs__rosidl_generator_cExport-noconfig.cmake
[0.850s] -- Up-to-date: /home/azp/new_ws/install/rom_msgs/share/rom_msgs/cmake/export_rom_msgs__rosidl_typesupport_fastrtps_cExport.cmake
[0.850s] -- Up-to-date: /home/azp/new_ws/install/rom_msgs/share/rom_msgs/cmake/export_rom_msgs__rosidl_typesupport_fastrtps_cExport-noconfig.cmake
[0.850s] -- Up-to-date: /home/azp/new_ws/install/rom_msgs/share/rom_msgs/cmake/rom_msgs__rosidl_typesupport_introspection_cExport.cmake
[0.850s] -- Up-to-date: /home/azp/new_ws/install/rom_msgs/share/rom_msgs/cmake/rom_msgs__rosidl_typesupport_introspection_cExport-noconfig.cmake
[0.850s] -- Up-to-date: /home/azp/new_ws/install/rom_msgs/share/rom_msgs/cmake/rom_msgs__rosidl_typesupport_cExport.cmake
[0.850s] -- Up-to-date: /home/azp/new_ws/install/rom_msgs/share/rom_msgs/cmake/rom_msgs__rosidl_typesupport_cExport-noconfig.cmake
[0.850s] -- Up-to-date: /home/azp/new_ws/install/rom_msgs/share/rom_msgs/cmake/export_rom_msgs__rosidl_generator_cppExport.cmake
[0.851s] -- Up-to-date: /home/azp/new_ws/install/rom_msgs/share/rom_msgs/cmake/export_rom_msgs__rosidl_typesupport_fastrtps_cppExport.cmake
[0.851s] -- Up-to-date: /home/azp/new_ws/install/rom_msgs/share/rom_msgs/cmake/export_rom_msgs__rosidl_typesupport_fastrtps_cppExport-noconfig.cmake
[0.851s] -- Up-to-date: /home/azp/new_ws/install/rom_msgs/share/rom_msgs/cmake/rom_msgs__rosidl_typesupport_introspection_cppExport.cmake
[0.851s] -- Up-to-date: /home/azp/new_ws/install/rom_msgs/share/rom_msgs/cmake/rom_msgs__rosidl_typesupport_introspection_cppExport-noconfig.cmake
[0.851s] -- Up-to-date: /home/azp/new_ws/install/rom_msgs/share/rom_msgs/cmake/rom_msgs__rosidl_typesupport_cppExport.cmake
[0.851s] -- Up-to-date: /home/azp/new_ws/install/rom_msgs/share/rom_msgs/cmake/rom_msgs__rosidl_typesupport_cppExport-noconfig.cmake
[0.851s] -- Up-to-date: /home/azp/new_ws/install/rom_msgs/share/rom_msgs/cmake/export_rom_msgs__rosidl_generator_pyExport.cmake
[0.851s] -- Up-to-date: /home/azp/new_ws/install/rom_msgs/share/rom_msgs/cmake/export_rom_msgs__rosidl_generator_pyExport-noconfig.cmake
[0.851s] -- Up-to-date: /home/azp/new_ws/install/rom_msgs/share/rom_msgs/cmake/rosidl_cmake-extras.cmake
[0.852s] -- Up-to-date: /home/azp/new_ws/install/rom_msgs/share/rom_msgs/cmake/ament_cmake_export_include_directories-extras.cmake
[0.852s] -- Up-to-date: /home/azp/new_ws/install/rom_msgs/share/rom_msgs/cmake/ament_cmake_export_libraries-extras.cmake
[0.852s] -- Up-to-date: /home/azp/new_ws/install/rom_msgs/share/rom_msgs/cmake/ament_cmake_export_targets-extras.cmake
[0.852s] -- Up-to-date: /home/azp/new_ws/install/rom_msgs/share/rom_msgs/cmake/rosidl_cmake_export_typesupport_targets-extras.cmake
[0.852s] -- Up-to-date: /home/azp/new_ws/install/rom_msgs/share/rom_msgs/cmake/ament_cmake_export_dependencies-extras.cmake
[0.852s] -- Up-to-date: /home/azp/new_ws/install/rom_msgs/share/rom_msgs/cmake/rosidl_cmake_export_typesupport_libraries-extras.cmake
[0.852s] -- Up-to-date: /home/azp/new_ws/install/rom_msgs/share/rom_msgs/cmake/rom_msgsConfig.cmake
[0.852s] -- Up-to-date: /home/azp/new_ws/install/rom_msgs/share/rom_msgs/cmake/rom_msgsConfig-version.cmake
[0.852s] -- Up-to-date: /home/azp/new_ws/install/rom_msgs/share/rom_msgs/package.xml
[0.856s] Invoked command in '/home/azp/new_ws/build/rom_msgs' returned '0': CMAKE_PREFIX_PATH=${CMAKE_PREFIX_PATH}:/opt/ros/humble /usr/bin/cmake --install /home/azp/new_ws/build/rom_msgs
