[  2%] Built target motor_msg__cpp
[35m[1mConsolidate compiler generated dependencies of target motor_msg__rosidl_generator_c[0m
[ 12%] Built target motor_msg__rosidl_generator_c
[35m[1mConsolidate compiler generated dependencies of target motor_msg__rosidl_typesupport_cpp[0m
[ 23%] Built target motor_msg__rosidl_typesupport_cpp
[35m[1mConsolidate compiler generated dependencies of target motor_msg__rosidl_typesupport_introspection_cpp[0m
[ 33%] Built target motor_msg__rosidl_typesupport_introspection_cpp
[35m[1mConsolidate compiler generated dependencies of target motor_msg__rosidl_typesupport_fastrtps_cpp[0m
[ 43%] Built target motor_msg__rosidl_typesupport_fastrtps_cpp
[35m[1mConsolidate compiler generated dependencies of target motor_msg__rosidl_typesupport_introspection_c[0m
[ 53%] Built target motor_msg__rosidl_typesupport_introspection_c
[ 53%] Built target ament_cmake_python_copy_motor_msg
[35m[1mConsolidate compiler generated dependencies of target motor_msg__rosidl_typesupport_c[0m
[ 64%] Built target motor_msg__rosidl_typesupport_c
[35m[1mConsolidate compiler generated dependencies of target motor_msg__rosidl_typesupport_fastrtps_c[0m
[ 74%] Built target motor_msg__rosidl_typesupport_fastrtps_c
[ 74%] Built target motor_msg
[ 76%] Built target motor_msg__py
running egg_info
writing motor_msg.egg-info/PKG-INFO
writing dependency_links to motor_msg.egg-info/dependency_links.txt
writing top-level names to motor_msg.egg-info/top_level.txt
reading manifest file 'motor_msg.egg-info/SOURCES.txt'
[35m[1mConsolidate compiler generated dependencies of target motor_msg__rosidl_generator_py[0m
writing manifest file 'motor_msg.egg-info/SOURCES.txt'
[ 84%] Built target motor_msg__rosidl_generator_py
[ 84%] Built target ament_cmake_python_build_motor_msg_egg
[35m[1mConsolidate compiler generated dependencies of target motor_msg__rosidl_typesupport_fastrtps_c__pyext[0m
[ 89%] Built target motor_msg__rosidl_typesupport_fastrtps_c__pyext
[35m[1mConsolidate compiler generated dependencies of target motor_msg__rosidl_typesupport_introspection_c__pyext[0m
[35m[1mConsolidate compiler generated dependencies of target motor_msg__rosidl_typesupport_c__pyext[0m
[ 94%] Built target motor_msg__rosidl_typesupport_introspection_c__pyext
[100%] Built target motor_msg__rosidl_typesupport_c__pyext
-- Install configuration: ""
-- Up-to-date: /home/azp/new_ws/install/motor_msg/share/ament_index/resource_index/rosidl_interfaces/motor_msg
-- Up-to-date: /home/azp/new_ws/install/motor_msg/include/motor_msg/motor_msg
-- Up-to-date: /home/azp/new_ws/install/motor_msg/include/motor_msg/motor_msg/msg
-- Up-to-date: /home/azp/new_ws/install/motor_msg/include/motor_msg/motor_msg/msg/rpm.h
-- Up-to-date: /home/azp/new_ws/install/motor_msg/include/motor_msg/motor_msg/msg/detail
-- Up-to-date: /home/azp/new_ws/install/motor_msg/include/motor_msg/motor_msg/msg/detail/rpm__functions.c
-- Up-to-date: /home/azp/new_ws/install/motor_msg/include/motor_msg/motor_msg/msg/detail/rpm__functions.h
-- Up-to-date: /home/azp/new_ws/install/motor_msg/include/motor_msg/motor_msg/msg/detail/rpm__type_support.h
-- Up-to-date: /home/azp/new_ws/install/motor_msg/include/motor_msg/motor_msg/msg/detail/rpm__struct.h
-- Up-to-date: /home/azp/new_ws/install/motor_msg/include/motor_msg/motor_msg/msg/rosidl_generator_c__visibility_control.h
-- Up-to-date: /home/azp/new_ws/install/motor_msg/include/motor_msg/motor_msg/srv
-- Up-to-date: /home/azp/new_ws/install/motor_msg/include/motor_msg/motor_msg/srv/detail
-- Up-to-date: /home/azp/new_ws/install/motor_msg/include/motor_msg/motor_msg/srv/detail/add_two_int__struct.h
-- Up-to-date: /home/azp/new_ws/install/motor_msg/include/motor_msg/motor_msg/srv/detail/add_two_int__type_support.h
-- Up-to-date: /home/azp/new_ws/install/motor_msg/include/motor_msg/motor_msg/srv/detail/add_two_int__functions.h
-- Up-to-date: /home/azp/new_ws/install/motor_msg/include/motor_msg/motor_msg/srv/detail/add_two_int__functions.c
-- Up-to-date: /home/azp/new_ws/install/motor_msg/include/motor_msg/motor_msg/srv/add_two_int.h
-- Up-to-date: /home/azp/new_ws/install/motor_msg/share/motor_msg/environment/library_path.sh
-- Up-to-date: /home/azp/new_ws/install/motor_msg/share/motor_msg/environment/library_path.dsv
-- Up-to-date: /home/azp/new_ws/install/motor_msg/lib/libmotor_msg__rosidl_generator_c.so
-- Up-to-date: /home/azp/new_ws/install/motor_msg/include/motor_msg/motor_msg
-- Up-to-date: /home/azp/new_ws/install/motor_msg/include/motor_msg/motor_msg/msg
-- Up-to-date: /home/azp/new_ws/install/motor_msg/include/motor_msg/motor_msg/msg/detail
-- Up-to-date: /home/azp/new_ws/install/motor_msg/include/motor_msg/motor_msg/msg/detail/rpm__rosidl_typesupport_fastrtps_c.h
-- Up-to-date: /home/azp/new_ws/install/motor_msg/include/motor_msg/motor_msg/msg/rosidl_typesupport_fastrtps_c__visibility_control.h
-- Up-to-date: /home/azp/new_ws/install/motor_msg/include/motor_msg/motor_msg/srv
-- Up-to-date: /home/azp/new_ws/install/motor_msg/include/motor_msg/motor_msg/srv/detail
-- Up-to-date: /home/azp/new_ws/install/motor_msg/include/motor_msg/motor_msg/srv/detail/add_two_int__rosidl_typesupport_fastrtps_c.h
-- Up-to-date: /home/azp/new_ws/install/motor_msg/lib/libmotor_msg__rosidl_typesupport_fastrtps_c.so
-- Up-to-date: /home/azp/new_ws/install/motor_msg/include/motor_msg/motor_msg
-- Up-to-date: /home/azp/new_ws/install/motor_msg/include/motor_msg/motor_msg/msg
-- Up-to-date: /home/azp/new_ws/install/motor_msg/include/motor_msg/motor_msg/msg/rpm.hpp
-- Up-to-date: /home/azp/new_ws/install/motor_msg/include/motor_msg/motor_msg/msg/detail
-- Up-to-date: /home/azp/new_ws/install/motor_msg/include/motor_msg/motor_msg/msg/detail/rpm__builder.hpp
-- Up-to-date: /home/azp/new_ws/install/motor_msg/include/motor_msg/motor_msg/msg/detail/rpm__struct.hpp
-- Up-to-date: /home/azp/new_ws/install/motor_msg/include/motor_msg/motor_msg/msg/detail/rpm__traits.hpp
-- Up-to-date: /home/azp/new_ws/install/motor_msg/include/motor_msg/motor_msg/srv
-- Up-to-date: /home/azp/new_ws/install/motor_msg/include/motor_msg/motor_msg/srv/add_two_int.hpp
-- Up-to-date: /home/azp/new_ws/install/motor_msg/include/motor_msg/motor_msg/srv/detail
-- Up-to-date: /home/azp/new_ws/install/motor_msg/include/motor_msg/motor_msg/srv/detail/add_two_int__traits.hpp
-- Up-to-date: /home/azp/new_ws/install/motor_msg/include/motor_msg/motor_msg/srv/detail/add_two_int__builder.hpp
-- Up-to-date: /home/azp/new_ws/install/motor_msg/include/motor_msg/motor_msg/srv/detail/add_two_int__struct.hpp
-- Up-to-date: /home/azp/new_ws/install/motor_msg/include/motor_msg/motor_msg
-- Up-to-date: /home/azp/new_ws/install/motor_msg/include/motor_msg/motor_msg/msg
-- Up-to-date: /home/azp/new_ws/install/motor_msg/include/motor_msg/motor_msg/msg/rosidl_typesupport_fastrtps_cpp__visibility_control.h
-- Up-to-date: /home/azp/new_ws/install/motor_msg/include/motor_msg/motor_msg/msg/detail
-- Up-to-date: /home/azp/new_ws/install/motor_msg/include/motor_msg/motor_msg/msg/detail/dds_fastrtps
-- Up-to-date: /home/azp/new_ws/install/motor_msg/include/motor_msg/motor_msg/msg/detail/rpm__rosidl_typesupport_fastrtps_cpp.hpp
-- Up-to-date: /home/azp/new_ws/install/motor_msg/include/motor_msg/motor_msg/srv
-- Up-to-date: /home/azp/new_ws/install/motor_msg/include/motor_msg/motor_msg/srv/detail
-- Up-to-date: /home/azp/new_ws/install/motor_msg/include/motor_msg/motor_msg/srv/detail/dds_fastrtps
-- Up-to-date: /home/azp/new_ws/install/motor_msg/include/motor_msg/motor_msg/srv/detail/add_two_int__rosidl_typesupport_fastrtps_cpp.hpp
-- Up-to-date: /home/azp/new_ws/install/motor_msg/lib/libmotor_msg__rosidl_typesupport_fastrtps_cpp.so
-- Up-to-date: /home/azp/new_ws/install/motor_msg/include/motor_msg/motor_msg
-- Up-to-date: /home/azp/new_ws/install/motor_msg/include/motor_msg/motor_msg/msg
-- Up-to-date: /home/azp/new_ws/install/motor_msg/include/motor_msg/motor_msg/msg/rosidl_typesupport_introspection_c__visibility_control.h
-- Up-to-date: /home/azp/new_ws/install/motor_msg/include/motor_msg/motor_msg/msg/detail
-- Up-to-date: /home/azp/new_ws/install/motor_msg/include/motor_msg/motor_msg/msg/detail/rpm__rosidl_typesupport_introspection_c.h
-- Up-to-date: /home/azp/new_ws/install/motor_msg/include/motor_msg/motor_msg/msg/detail/rpm__type_support.c
-- Up-to-date: /home/azp/new_ws/install/motor_msg/include/motor_msg/motor_msg/srv
-- Up-to-date: /home/azp/new_ws/install/motor_msg/include/motor_msg/motor_msg/srv/detail
-- Up-to-date: /home/azp/new_ws/install/motor_msg/include/motor_msg/motor_msg/srv/detail/add_two_int__type_support.c
-- Up-to-date: /home/azp/new_ws/install/motor_msg/include/motor_msg/motor_msg/srv/detail/add_two_int__rosidl_typesupport_introspection_c.h
-- Up-to-date: /home/azp/new_ws/install/motor_msg/lib/libmotor_msg__rosidl_typesupport_introspection_c.so
-- Up-to-date: /home/azp/new_ws/install/motor_msg/lib/libmotor_msg__rosidl_typesupport_c.so
-- Up-to-date: /home/azp/new_ws/install/motor_msg/include/motor_msg/motor_msg
-- Up-to-date: /home/azp/new_ws/install/motor_msg/include/motor_msg/motor_msg/msg
-- Up-to-date: /home/azp/new_ws/install/motor_msg/include/motor_msg/motor_msg/msg/detail
-- Up-to-date: /home/azp/new_ws/install/motor_msg/include/motor_msg/motor_msg/msg/detail/rpm__rosidl_typesupport_introspection_cpp.hpp
-- Up-to-date: /home/azp/new_ws/install/motor_msg/include/motor_msg/motor_msg/msg/detail/rpm__type_support.cpp
-- Up-to-date: /home/azp/new_ws/install/motor_msg/include/motor_msg/motor_msg/srv
-- Up-to-date: /home/azp/new_ws/install/motor_msg/include/motor_msg/motor_msg/srv/detail
-- Up-to-date: /home/azp/new_ws/install/motor_msg/include/motor_msg/motor_msg/srv/detail/add_two_int__rosidl_typesupport_introspection_cpp.hpp
-- Up-to-date: /home/azp/new_ws/install/motor_msg/include/motor_msg/motor_msg/srv/detail/add_two_int__type_support.cpp
-- Up-to-date: /home/azp/new_ws/install/motor_msg/lib/libmotor_msg__rosidl_typesupport_introspection_cpp.so
-- Up-to-date: /home/azp/new_ws/install/motor_msg/lib/libmotor_msg__rosidl_typesupport_cpp.so
-- Up-to-date: /home/azp/new_ws/install/motor_msg/share/motor_msg/environment/pythonpath.sh
-- Up-to-date: /home/azp/new_ws/install/motor_msg/share/motor_msg/environment/pythonpath.dsv
-- Up-to-date: /home/azp/new_ws/install/motor_msg/local/lib/python3.10/dist-packages/motor_msg-0.0.0-py3.10.egg-info
-- Installing: /home/azp/new_ws/install/motor_msg/local/lib/python3.10/dist-packages/motor_msg-0.0.0-py3.10.egg-info/dependency_links.txt
-- Installing: /home/azp/new_ws/install/motor_msg/local/lib/python3.10/dist-packages/motor_msg-0.0.0-py3.10.egg-info/PKG-INFO
-- Installing: /home/azp/new_ws/install/motor_msg/local/lib/python3.10/dist-packages/motor_msg-0.0.0-py3.10.egg-info/top_level.txt
-- Installing: /home/azp/new_ws/install/motor_msg/local/lib/python3.10/dist-packages/motor_msg-0.0.0-py3.10.egg-info/SOURCES.txt
-- Up-to-date: /home/azp/new_ws/install/motor_msg/local/lib/python3.10/dist-packages/motor_msg
-- Up-to-date: /home/azp/new_ws/install/motor_msg/local/lib/python3.10/dist-packages/motor_msg/motor_msg_s__rosidl_typesupport_introspection_c.cpython-310-x86_64-linux-gnu.so
-- Up-to-date: /home/azp/new_ws/install/motor_msg/local/lib/python3.10/dist-packages/motor_msg/_motor_msg_s.ep.rosidl_typesupport_fastrtps_c.c
-- Up-to-date: /home/azp/new_ws/install/motor_msg/local/lib/python3.10/dist-packages/motor_msg/libmotor_msg__rosidl_generator_py.so
-- Up-to-date: /home/azp/new_ws/install/motor_msg/local/lib/python3.10/dist-packages/motor_msg/motor_msg_s__rosidl_typesupport_fastrtps_c.cpython-310-x86_64-linux-gnu.so
-- Up-to-date: /home/azp/new_ws/install/motor_msg/local/lib/python3.10/dist-packages/motor_msg/msg
-- Up-to-date: /home/azp/new_ws/install/motor_msg/local/lib/python3.10/dist-packages/motor_msg/msg/_rpm.py
-- Up-to-date: /home/azp/new_ws/install/motor_msg/local/lib/python3.10/dist-packages/motor_msg/msg/__init__.py
-- Up-to-date: /home/azp/new_ws/install/motor_msg/local/lib/python3.10/dist-packages/motor_msg/msg/_rpm_s.c
-- Up-to-date: /home/azp/new_ws/install/motor_msg/local/lib/python3.10/dist-packages/motor_msg/_motor_msg_s.ep.rosidl_typesupport_c.c
-- Up-to-date: /home/azp/new_ws/install/motor_msg/local/lib/python3.10/dist-packages/motor_msg/__init__.py
-- Up-to-date: /home/azp/new_ws/install/motor_msg/local/lib/python3.10/dist-packages/motor_msg/_motor_msg_s.ep.rosidl_typesupport_introspection_c.c
-- Up-to-date: /home/azp/new_ws/install/motor_msg/local/lib/python3.10/dist-packages/motor_msg/srv
-- Up-to-date: /home/azp/new_ws/install/motor_msg/local/lib/python3.10/dist-packages/motor_msg/srv/_add_two_int.py
-- Up-to-date: /home/azp/new_ws/install/motor_msg/local/lib/python3.10/dist-packages/motor_msg/srv/__init__.py
-- Up-to-date: /home/azp/new_ws/install/motor_msg/local/lib/python3.10/dist-packages/motor_msg/srv/_add_two_int_s.c
-- Up-to-date: /home/azp/new_ws/install/motor_msg/local/lib/python3.10/dist-packages/motor_msg/motor_msg_s__rosidl_typesupport_c.cpython-310-x86_64-linux-gnu.so
Listing '/home/azp/new_ws/install/motor_msg/local/lib/python3.10/dist-packages/motor_msg'...
Listing '/home/azp/new_ws/install/motor_msg/local/lib/python3.10/dist-packages/motor_msg/msg'...
Listing '/home/azp/new_ws/install/motor_msg/local/lib/python3.10/dist-packages/motor_msg/srv'...
-- Up-to-date: /home/azp/new_ws/install/motor_msg/local/lib/python3.10/dist-packages/motor_msg/motor_msg_s__rosidl_typesupport_fastrtps_c.cpython-310-x86_64-linux-gnu.so
-- Up-to-date: /home/azp/new_ws/install/motor_msg/local/lib/python3.10/dist-packages/motor_msg/motor_msg_s__rosidl_typesupport_introspection_c.cpython-310-x86_64-linux-gnu.so
-- Up-to-date: /home/azp/new_ws/install/motor_msg/local/lib/python3.10/dist-packages/motor_msg/motor_msg_s__rosidl_typesupport_c.cpython-310-x86_64-linux-gnu.so
-- Up-to-date: /home/azp/new_ws/install/motor_msg/lib/libmotor_msg__rosidl_generator_py.so
-- Up-to-date: /home/azp/new_ws/install/motor_msg/share/motor_msg/msg/Rpm.idl
-- Up-to-date: /home/azp/new_ws/install/motor_msg/share/motor_msg/srv/AddTwoInt.idl
-- Up-to-date: /home/azp/new_ws/install/motor_msg/share/motor_msg/msg/Rpm.msg
-- Up-to-date: /home/azp/new_ws/install/motor_msg/share/motor_msg/srv/AddTwoInt.srv
-- Up-to-date: /home/azp/new_ws/install/motor_msg/share/motor_msg/srv/AddTwoInt_Request.msg
-- Up-to-date: /home/azp/new_ws/install/motor_msg/share/motor_msg/srv/AddTwoInt_Response.msg
-- Up-to-date: /home/azp/new_ws/install/motor_msg/share/ament_index/resource_index/package_run_dependencies/motor_msg
-- Up-to-date: /home/azp/new_ws/install/motor_msg/share/ament_index/resource_index/parent_prefix_path/motor_msg
-- Up-to-date: /home/azp/new_ws/install/motor_msg/share/motor_msg/environment/ament_prefix_path.sh
-- Up-to-date: /home/azp/new_ws/install/motor_msg/share/motor_msg/environment/ament_prefix_path.dsv
-- Up-to-date: /home/azp/new_ws/install/motor_msg/share/motor_msg/environment/path.sh
-- Up-to-date: /home/azp/new_ws/install/motor_msg/share/motor_msg/environment/path.dsv
-- Up-to-date: /home/azp/new_ws/install/motor_msg/share/motor_msg/local_setup.bash
-- Up-to-date: /home/azp/new_ws/install/motor_msg/share/motor_msg/local_setup.sh
-- Up-to-date: /home/azp/new_ws/install/motor_msg/share/motor_msg/local_setup.zsh
-- Up-to-date: /home/azp/new_ws/install/motor_msg/share/motor_msg/local_setup.dsv
-- Installing: /home/azp/new_ws/install/motor_msg/share/motor_msg/package.dsv
-- Up-to-date: /home/azp/new_ws/install/motor_msg/share/ament_index/resource_index/packages/motor_msg
-- Up-to-date: /home/azp/new_ws/install/motor_msg/share/motor_msg/cmake/export_motor_msg__rosidl_generator_cExport.cmake
-- Up-to-date: /home/azp/new_ws/install/motor_msg/share/motor_msg/cmake/export_motor_msg__rosidl_generator_cExport-noconfig.cmake
-- Up-to-date: /home/azp/new_ws/install/motor_msg/share/motor_msg/cmake/export_motor_msg__rosidl_typesupport_fastrtps_cExport.cmake
-- Up-to-date: /home/azp/new_ws/install/motor_msg/share/motor_msg/cmake/export_motor_msg__rosidl_typesupport_fastrtps_cExport-noconfig.cmake
-- Up-to-date: /home/azp/new_ws/install/motor_msg/share/motor_msg/cmake/export_motor_msg__rosidl_generator_cppExport.cmake
-- Up-to-date: /home/azp/new_ws/install/motor_msg/share/motor_msg/cmake/export_motor_msg__rosidl_typesupport_fastrtps_cppExport.cmake
-- Up-to-date: /home/azp/new_ws/install/motor_msg/share/motor_msg/cmake/export_motor_msg__rosidl_typesupport_fastrtps_cppExport-noconfig.cmake
-- Up-to-date: /home/azp/new_ws/install/motor_msg/share/motor_msg/cmake/motor_msg__rosidl_typesupport_introspection_cExport.cmake
-- Up-to-date: /home/azp/new_ws/install/motor_msg/share/motor_msg/cmake/motor_msg__rosidl_typesupport_introspection_cExport-noconfig.cmake
-- Up-to-date: /home/azp/new_ws/install/motor_msg/share/motor_msg/cmake/motor_msg__rosidl_typesupport_cExport.cmake
-- Up-to-date: /home/azp/new_ws/install/motor_msg/share/motor_msg/cmake/motor_msg__rosidl_typesupport_cExport-noconfig.cmake
-- Up-to-date: /home/azp/new_ws/install/motor_msg/share/motor_msg/cmake/motor_msg__rosidl_typesupport_introspection_cppExport.cmake
-- Up-to-date: /home/azp/new_ws/install/motor_msg/share/motor_msg/cmake/motor_msg__rosidl_typesupport_introspection_cppExport-noconfig.cmake
-- Up-to-date: /home/azp/new_ws/install/motor_msg/share/motor_msg/cmake/motor_msg__rosidl_typesupport_cppExport.cmake
-- Up-to-date: /home/azp/new_ws/install/motor_msg/share/motor_msg/cmake/motor_msg__rosidl_typesupport_cppExport-noconfig.cmake
-- Up-to-date: /home/azp/new_ws/install/motor_msg/share/motor_msg/cmake/export_motor_msg__rosidl_generator_pyExport.cmake
-- Up-to-date: /home/azp/new_ws/install/motor_msg/share/motor_msg/cmake/export_motor_msg__rosidl_generator_pyExport-noconfig.cmake
-- Up-to-date: /home/azp/new_ws/install/motor_msg/share/motor_msg/cmake/rosidl_cmake-extras.cmake
-- Up-to-date: /home/azp/new_ws/install/motor_msg/share/motor_msg/cmake/ament_cmake_export_include_directories-extras.cmake
-- Up-to-date: /home/azp/new_ws/install/motor_msg/share/motor_msg/cmake/ament_cmake_export_libraries-extras.cmake
-- Up-to-date: /home/azp/new_ws/install/motor_msg/share/motor_msg/cmake/ament_cmake_export_targets-extras.cmake
-- Up-to-date: /home/azp/new_ws/install/motor_msg/share/motor_msg/cmake/rosidl_cmake_export_typesupport_targets-extras.cmake
-- Up-to-date: /home/azp/new_ws/install/motor_msg/share/motor_msg/cmake/ament_cmake_export_dependencies-extras.cmake
-- Up-to-date: /home/azp/new_ws/install/motor_msg/share/motor_msg/cmake/rosidl_cmake_export_typesupport_libraries-extras.cmake
-- Up-to-date: /home/azp/new_ws/install/motor_msg/share/motor_msg/cmake/motor_msgConfig.cmake
-- Up-to-date: /home/azp/new_ws/install/motor_msg/share/motor_msg/cmake/motor_msgConfig-version.cmake
-- Up-to-date: /home/azp/new_ws/install/motor_msg/share/motor_msg/package.xml
