[0.095s] Invoking command in '/home/azp/new_ws/build/motor_msg': CMAKE_PREFIX_PATH=${CMAKE_PREFIX_PATH}:/opt/ros/humble /usr/bin/cmake --build /home/azp/new_ws/build/motor_msg -- -j4 -l4
[0.894s] [  2%] Built target motor_msg__cpp
[1.016s] [35m[1mConsolidate compiler generated dependencies of target motor_msg__rosidl_generator_c[0m
[1.158s] [ 12%] Built target motor_msg__rosidl_generator_c
[1.383s] [35m[1mConsolidate compiler generated dependencies of target motor_msg__rosidl_typesupport_cpp[0m
[1.476s] [ 23%] Built target motor_msg__rosidl_typesupport_cpp
[1.506s] [35m[1mConsolidate compiler generated dependencies of target motor_msg__rosidl_typesupport_introspection_cpp[0m
[1.574s] [ 33%] Built target motor_msg__rosidl_typesupport_introspection_cpp
[1.649s] [35m[1mConsolidate compiler generated dependencies of target motor_msg__rosidl_typesupport_fastrtps_cpp[0m
[1.722s] [ 43%] Built target motor_msg__rosidl_typesupport_fastrtps_cpp
[1.855s] [35m[1mConsolidate compiler generated dependencies of target motor_msg__rosidl_typesupport_introspection_c[0m
[1.907s] [ 53%] Built target motor_msg__rosidl_typesupport_introspection_c
[1.964s] [ 53%] Built target ament_cmake_python_copy_motor_msg
[1.990s] [35m[1mConsolidate compiler generated dependencies of target motor_msg__rosidl_typesupport_c[0m
[2.009s] [ 64%] Built target motor_msg__rosidl_typesupport_c
[2.013s] [35m[1mConsolidate compiler generated dependencies of target motor_msg__rosidl_typesupport_fastrtps_c[0m
[2.030s] [ 74%] Built target motor_msg__rosidl_typesupport_fastrtps_c
[2.232s] [ 74%] Built target motor_msg
[2.475s] [ 76%] Built target motor_msg__py
[2.667s] running egg_info
[2.676s] writing motor_msg.egg-info/PKG-INFO
[2.678s] writing dependency_links to motor_msg.egg-info/dependency_links.txt
[2.679s] writing top-level names to motor_msg.egg-info/top_level.txt
[2.785s] reading manifest file 'motor_msg.egg-info/SOURCES.txt'
[2.790s] [35m[1mConsolidate compiler generated dependencies of target motor_msg__rosidl_generator_py[0m
[2.822s] writing manifest file 'motor_msg.egg-info/SOURCES.txt'
[2.866s] [ 84%] Built target motor_msg__rosidl_generator_py
[2.891s] [ 84%] Built target ament_cmake_python_build_motor_msg_egg
[3.179s] [35m[1mConsolidate compiler generated dependencies of target motor_msg__rosidl_typesupport_fastrtps_c__pyext[0m
[3.198s] [ 89%] Built target motor_msg__rosidl_typesupport_fastrtps_c__pyext
[3.204s] [35m[1mConsolidate compiler generated dependencies of target motor_msg__rosidl_typesupport_introspection_c__pyext[0m
[3.215s] [35m[1mConsolidate compiler generated dependencies of target motor_msg__rosidl_typesupport_c__pyext[0m
[3.220s] [ 94%] Built target motor_msg__rosidl_typesupport_introspection_c__pyext
[3.231s] [100%] Built target motor_msg__rosidl_typesupport_c__pyext
[3.246s] Invoked command in '/home/azp/new_ws/build/motor_msg' returned '0': CMAKE_PREFIX_PATH=${CMAKE_PREFIX_PATH}:/opt/ros/humble /usr/bin/cmake --build /home/azp/new_ws/build/motor_msg -- -j4 -l4
[3.327s] Invoking command in '/home/azp/new_ws/build/motor_msg': CMAKE_PREFIX_PATH=${CMAKE_PREFIX_PATH}:/opt/ros/humble /usr/bin/cmake --install /home/azp/new_ws/build/motor_msg
[3.379s] -- Install configuration: ""
[3.380s] -- Up-to-date: /home/azp/new_ws/install/motor_msg/share/ament_index/resource_index/rosidl_interfaces/motor_msg
[3.380s] -- Up-to-date: /home/azp/new_ws/install/motor_msg/include/motor_msg/motor_msg
[3.380s] -- Up-to-date: /home/azp/new_ws/install/motor_msg/include/motor_msg/motor_msg/msg
[3.380s] -- Up-to-date: /home/azp/new_ws/install/motor_msg/include/motor_msg/motor_msg/msg/rpm.h
[3.380s] -- Up-to-date: /home/azp/new_ws/install/motor_msg/include/motor_msg/motor_msg/msg/detail
[3.380s] -- Up-to-date: /home/azp/new_ws/install/motor_msg/include/motor_msg/motor_msg/msg/detail/rpm__functions.c
[3.381s] -- Up-to-date: /home/azp/new_ws/install/motor_msg/include/motor_msg/motor_msg/msg/detail/rpm__functions.h
[3.381s] -- Up-to-date: /home/azp/new_ws/install/motor_msg/include/motor_msg/motor_msg/msg/detail/rpm__type_support.h
[3.381s] -- Up-to-date: /home/azp/new_ws/install/motor_msg/include/motor_msg/motor_msg/msg/detail/rpm__struct.h
[3.381s] -- Up-to-date: /home/azp/new_ws/install/motor_msg/include/motor_msg/motor_msg/msg/rosidl_generator_c__visibility_control.h
[3.381s] -- Up-to-date: /home/azp/new_ws/install/motor_msg/include/motor_msg/motor_msg/srv
[3.381s] -- Up-to-date: /home/azp/new_ws/install/motor_msg/include/motor_msg/motor_msg/srv/detail
[3.381s] -- Up-to-date: /home/azp/new_ws/install/motor_msg/include/motor_msg/motor_msg/srv/detail/add_two_int__struct.h
[3.382s] -- Up-to-date: /home/azp/new_ws/install/motor_msg/include/motor_msg/motor_msg/srv/detail/add_two_int__type_support.h
[3.382s] -- Up-to-date: /home/azp/new_ws/install/motor_msg/include/motor_msg/motor_msg/srv/detail/add_two_int__functions.h
[3.382s] -- Up-to-date: /home/azp/new_ws/install/motor_msg/include/motor_msg/motor_msg/srv/detail/add_two_int__functions.c
[3.382s] -- Up-to-date: /home/azp/new_ws/install/motor_msg/include/motor_msg/motor_msg/srv/add_two_int.h
[3.382s] -- Up-to-date: /home/azp/new_ws/install/motor_msg/share/motor_msg/environment/library_path.sh
[3.382s] -- Up-to-date: /home/azp/new_ws/install/motor_msg/share/motor_msg/environment/library_path.dsv
[3.423s] -- Up-to-date: /home/azp/new_ws/install/motor_msg/lib/libmotor_msg__rosidl_generator_c.so
[3.424s] -- Up-to-date: /home/azp/new_ws/install/motor_msg/include/motor_msg/motor_msg
[3.425s] -- Up-to-date: /home/azp/new_ws/install/motor_msg/include/motor_msg/motor_msg/msg
[3.425s] -- Up-to-date: /home/azp/new_ws/install/motor_msg/include/motor_msg/motor_msg/msg/detail
[3.425s] -- Up-to-date: /home/azp/new_ws/install/motor_msg/include/motor_msg/motor_msg/msg/detail/rpm__rosidl_typesupport_fastrtps_c.h
[3.426s] -- Up-to-date: /home/azp/new_ws/install/motor_msg/include/motor_msg/motor_msg/msg/rosidl_typesupport_fastrtps_c__visibility_control.h
[3.426s] -- Up-to-date: /home/azp/new_ws/install/motor_msg/include/motor_msg/motor_msg/srv
[3.426s] -- Up-to-date: /home/azp/new_ws/install/motor_msg/include/motor_msg/motor_msg/srv/detail
[3.427s] -- Up-to-date: /home/azp/new_ws/install/motor_msg/include/motor_msg/motor_msg/srv/detail/add_two_int__rosidl_typesupport_fastrtps_c.h
[3.469s] -- Up-to-date: /home/azp/new_ws/install/motor_msg/lib/libmotor_msg__rosidl_typesupport_fastrtps_c.so
[3.471s] -- Up-to-date: /home/azp/new_ws/install/motor_msg/include/motor_msg/motor_msg
[3.473s] -- Up-to-date: /home/azp/new_ws/install/motor_msg/include/motor_msg/motor_msg/msg
[3.474s] -- Up-to-date: /home/azp/new_ws/install/motor_msg/include/motor_msg/motor_msg/msg/rpm.hpp
[3.476s] -- Up-to-date: /home/azp/new_ws/install/motor_msg/include/motor_msg/motor_msg/msg/detail
[3.476s] -- Up-to-date: /home/azp/new_ws/install/motor_msg/include/motor_msg/motor_msg/msg/detail/rpm__builder.hpp
[3.477s] -- Up-to-date: /home/azp/new_ws/install/motor_msg/include/motor_msg/motor_msg/msg/detail/rpm__struct.hpp
[3.478s] -- Up-to-date: /home/azp/new_ws/install/motor_msg/include/motor_msg/motor_msg/msg/detail/rpm__traits.hpp
[3.479s] -- Up-to-date: /home/azp/new_ws/install/motor_msg/include/motor_msg/motor_msg/srv
[3.479s] -- Up-to-date: /home/azp/new_ws/install/motor_msg/include/motor_msg/motor_msg/srv/add_two_int.hpp
[3.480s] -- Up-to-date: /home/azp/new_ws/install/motor_msg/include/motor_msg/motor_msg/srv/detail
[3.481s] -- Up-to-date: /home/azp/new_ws/install/motor_msg/include/motor_msg/motor_msg/srv/detail/add_two_int__traits.hpp
[3.481s] -- Up-to-date: /home/azp/new_ws/install/motor_msg/include/motor_msg/motor_msg/srv/detail/add_two_int__builder.hpp
[3.482s] -- Up-to-date: /home/azp/new_ws/install/motor_msg/include/motor_msg/motor_msg/srv/detail/add_two_int__struct.hpp
[3.483s] -- Up-to-date: /home/azp/new_ws/install/motor_msg/include/motor_msg/motor_msg
[3.483s] -- Up-to-date: /home/azp/new_ws/install/motor_msg/include/motor_msg/motor_msg/msg
[3.484s] -- Up-to-date: /home/azp/new_ws/install/motor_msg/include/motor_msg/motor_msg/msg/rosidl_typesupport_fastrtps_cpp__visibility_control.h
[3.485s] -- Up-to-date: /home/azp/new_ws/install/motor_msg/include/motor_msg/motor_msg/msg/detail
[3.485s] -- Up-to-date: /home/azp/new_ws/install/motor_msg/include/motor_msg/motor_msg/msg/detail/dds_fastrtps
[3.486s] -- Up-to-date: /home/azp/new_ws/install/motor_msg/include/motor_msg/motor_msg/msg/detail/rpm__rosidl_typesupport_fastrtps_cpp.hpp
[3.487s] -- Up-to-date: /home/azp/new_ws/install/motor_msg/include/motor_msg/motor_msg/srv
[3.487s] -- Up-to-date: /home/azp/new_ws/install/motor_msg/include/motor_msg/motor_msg/srv/detail
[3.488s] -- Up-to-date: /home/azp/new_ws/install/motor_msg/include/motor_msg/motor_msg/srv/detail/dds_fastrtps
[3.489s] -- Up-to-date: /home/azp/new_ws/install/motor_msg/include/motor_msg/motor_msg/srv/detail/add_two_int__rosidl_typesupport_fastrtps_cpp.hpp
[3.495s] -- Up-to-date: /home/azp/new_ws/install/motor_msg/lib/libmotor_msg__rosidl_typesupport_fastrtps_cpp.so
[3.497s] -- Up-to-date: /home/azp/new_ws/install/motor_msg/include/motor_msg/motor_msg
[3.499s] -- Up-to-date: /home/azp/new_ws/install/motor_msg/include/motor_msg/motor_msg/msg
[3.499s] -- Up-to-date: /home/azp/new_ws/install/motor_msg/include/motor_msg/motor_msg/msg/rosidl_typesupport_introspection_c__visibility_control.h
[3.500s] -- Up-to-date: /home/azp/new_ws/install/motor_msg/include/motor_msg/motor_msg/msg/detail
[3.501s] -- Up-to-date: /home/azp/new_ws/install/motor_msg/include/motor_msg/motor_msg/msg/detail/rpm__rosidl_typesupport_introspection_c.h
[3.503s] -- Up-to-date: /home/azp/new_ws/install/motor_msg/include/motor_msg/motor_msg/msg/detail/rpm__type_support.c
[3.505s] -- Up-to-date: /home/azp/new_ws/install/motor_msg/include/motor_msg/motor_msg/srv
[3.506s] -- Up-to-date: /home/azp/new_ws/install/motor_msg/include/motor_msg/motor_msg/srv/detail
[3.508s] -- Up-to-date: /home/azp/new_ws/install/motor_msg/include/motor_msg/motor_msg/srv/detail/add_two_int__type_support.c
[3.509s] -- Up-to-date: /home/azp/new_ws/install/motor_msg/include/motor_msg/motor_msg/srv/detail/add_two_int__rosidl_typesupport_introspection_c.h
[3.527s] -- Up-to-date: /home/azp/new_ws/install/motor_msg/lib/libmotor_msg__rosidl_typesupport_introspection_c.so
[3.579s] -- Up-to-date: /home/azp/new_ws/install/motor_msg/lib/libmotor_msg__rosidl_typesupport_c.so
[3.581s] -- Up-to-date: /home/azp/new_ws/install/motor_msg/include/motor_msg/motor_msg
[3.582s] -- Up-to-date: /home/azp/new_ws/install/motor_msg/include/motor_msg/motor_msg/msg
[3.583s] -- Up-to-date: /home/azp/new_ws/install/motor_msg/include/motor_msg/motor_msg/msg/detail
[3.583s] -- Up-to-date: /home/azp/new_ws/install/motor_msg/include/motor_msg/motor_msg/msg/detail/rpm__rosidl_typesupport_introspection_cpp.hpp
[3.584s] -- Up-to-date: /home/azp/new_ws/install/motor_msg/include/motor_msg/motor_msg/msg/detail/rpm__type_support.cpp
[3.584s] -- Up-to-date: /home/azp/new_ws/install/motor_msg/include/motor_msg/motor_msg/srv
[3.584s] -- Up-to-date: /home/azp/new_ws/install/motor_msg/include/motor_msg/motor_msg/srv/detail
[3.585s] -- Up-to-date: /home/azp/new_ws/install/motor_msg/include/motor_msg/motor_msg/srv/detail/add_two_int__rosidl_typesupport_introspection_cpp.hpp
[3.585s] -- Up-to-date: /home/azp/new_ws/install/motor_msg/include/motor_msg/motor_msg/srv/detail/add_two_int__type_support.cpp
[3.620s] -- Up-to-date: /home/azp/new_ws/install/motor_msg/lib/libmotor_msg__rosidl_typesupport_introspection_cpp.so
[3.653s] -- Up-to-date: /home/azp/new_ws/install/motor_msg/lib/libmotor_msg__rosidl_typesupport_cpp.so
[3.655s] -- Up-to-date: /home/azp/new_ws/install/motor_msg/share/motor_msg/environment/pythonpath.sh
[3.656s] -- Up-to-date: /home/azp/new_ws/install/motor_msg/share/motor_msg/environment/pythonpath.dsv
[3.657s] -- Up-to-date: /home/azp/new_ws/install/motor_msg/local/lib/python3.10/dist-packages/motor_msg-0.0.0-py3.10.egg-info
[3.658s] -- Installing: /home/azp/new_ws/install/motor_msg/local/lib/python3.10/dist-packages/motor_msg-0.0.0-py3.10.egg-info/dependency_links.txt
[3.659s] -- Installing: /home/azp/new_ws/install/motor_msg/local/lib/python3.10/dist-packages/motor_msg-0.0.0-py3.10.egg-info/PKG-INFO
[3.661s] -- Installing: /home/azp/new_ws/install/motor_msg/local/lib/python3.10/dist-packages/motor_msg-0.0.0-py3.10.egg-info/top_level.txt
[3.663s] -- Installing: /home/azp/new_ws/install/motor_msg/local/lib/python3.10/dist-packages/motor_msg-0.0.0-py3.10.egg-info/SOURCES.txt
[3.665s] -- Up-to-date: /home/azp/new_ws/install/motor_msg/local/lib/python3.10/dist-packages/motor_msg
[3.668s] -- Up-to-date: /home/azp/new_ws/install/motor_msg/local/lib/python3.10/dist-packages/motor_msg/motor_msg_s__rosidl_typesupport_introspection_c.cpython-310-x86_64-linux-gnu.so
[3.669s] -- Up-to-date: /home/azp/new_ws/install/motor_msg/local/lib/python3.10/dist-packages/motor_msg/_motor_msg_s.ep.rosidl_typesupport_fastrtps_c.c
[3.670s] -- Up-to-date: /home/azp/new_ws/install/motor_msg/local/lib/python3.10/dist-packages/motor_msg/libmotor_msg__rosidl_generator_py.so
[3.671s] -- Up-to-date: /home/azp/new_ws/install/motor_msg/local/lib/python3.10/dist-packages/motor_msg/motor_msg_s__rosidl_typesupport_fastrtps_c.cpython-310-x86_64-linux-gnu.so
[3.672s] -- Up-to-date: /home/azp/new_ws/install/motor_msg/local/lib/python3.10/dist-packages/motor_msg/msg
[3.672s] -- Up-to-date: /home/azp/new_ws/install/motor_msg/local/lib/python3.10/dist-packages/motor_msg/msg/_rpm.py
[3.673s] -- Up-to-date: /home/azp/new_ws/install/motor_msg/local/lib/python3.10/dist-packages/motor_msg/msg/__init__.py
[3.674s] -- Up-to-date: /home/azp/new_ws/install/motor_msg/local/lib/python3.10/dist-packages/motor_msg/msg/_rpm_s.c
[3.674s] -- Up-to-date: /home/azp/new_ws/install/motor_msg/local/lib/python3.10/dist-packages/motor_msg/_motor_msg_s.ep.rosidl_typesupport_c.c
[3.675s] -- Up-to-date: /home/azp/new_ws/install/motor_msg/local/lib/python3.10/dist-packages/motor_msg/__init__.py
[3.676s] -- Up-to-date: /home/azp/new_ws/install/motor_msg/local/lib/python3.10/dist-packages/motor_msg/_motor_msg_s.ep.rosidl_typesupport_introspection_c.c
[3.676s] -- Up-to-date: /home/azp/new_ws/install/motor_msg/local/lib/python3.10/dist-packages/motor_msg/srv
[3.677s] -- Up-to-date: /home/azp/new_ws/install/motor_msg/local/lib/python3.10/dist-packages/motor_msg/srv/_add_two_int.py
[3.678s] -- Up-to-date: /home/azp/new_ws/install/motor_msg/local/lib/python3.10/dist-packages/motor_msg/srv/__init__.py
[3.679s] -- Up-to-date: /home/azp/new_ws/install/motor_msg/local/lib/python3.10/dist-packages/motor_msg/srv/_add_two_int_s.c
[3.679s] -- Up-to-date: /home/azp/new_ws/install/motor_msg/local/lib/python3.10/dist-packages/motor_msg/motor_msg_s__rosidl_typesupport_c.cpython-310-x86_64-linux-gnu.so
[3.911s] Listing '/home/azp/new_ws/install/motor_msg/local/lib/python3.10/dist-packages/motor_msg'...
[3.912s] Listing '/home/azp/new_ws/install/motor_msg/local/lib/python3.10/dist-packages/motor_msg/msg'...
[3.913s] Listing '/home/azp/new_ws/install/motor_msg/local/lib/python3.10/dist-packages/motor_msg/srv'...
[3.963s] -- Up-to-date: /home/azp/new_ws/install/motor_msg/local/lib/python3.10/dist-packages/motor_msg/motor_msg_s__rosidl_typesupport_fastrtps_c.cpython-310-x86_64-linux-gnu.so
[4.029s] -- Up-to-date: /home/azp/new_ws/install/motor_msg/local/lib/python3.10/dist-packages/motor_msg/motor_msg_s__rosidl_typesupport_introspection_c.cpython-310-x86_64-linux-gnu.so
[4.057s] -- Up-to-date: /home/azp/new_ws/install/motor_msg/local/lib/python3.10/dist-packages/motor_msg/motor_msg_s__rosidl_typesupport_c.cpython-310-x86_64-linux-gnu.so
[4.102s] -- Up-to-date: /home/azp/new_ws/install/motor_msg/lib/libmotor_msg__rosidl_generator_py.so
[4.105s] -- Up-to-date: /home/azp/new_ws/install/motor_msg/share/motor_msg/msg/Rpm.idl
[4.106s] -- Up-to-date: /home/azp/new_ws/install/motor_msg/share/motor_msg/srv/AddTwoInt.idl
[4.107s] -- Up-to-date: /home/azp/new_ws/install/motor_msg/share/motor_msg/msg/Rpm.msg
[4.108s] -- Up-to-date: /home/azp/new_ws/install/motor_msg/share/motor_msg/srv/AddTwoInt.srv
[4.110s] -- Up-to-date: /home/azp/new_ws/install/motor_msg/share/motor_msg/srv/AddTwoInt_Request.msg
[4.111s] -- Up-to-date: /home/azp/new_ws/install/motor_msg/share/motor_msg/srv/AddTwoInt_Response.msg
[4.112s] -- Up-to-date: /home/azp/new_ws/install/motor_msg/share/ament_index/resource_index/package_run_dependencies/motor_msg
[4.112s] -- Up-to-date: /home/azp/new_ws/install/motor_msg/share/ament_index/resource_index/parent_prefix_path/motor_msg
[4.112s] -- Up-to-date: /home/azp/new_ws/install/motor_msg/share/motor_msg/environment/ament_prefix_path.sh
[4.113s] -- Up-to-date: /home/azp/new_ws/install/motor_msg/share/motor_msg/environment/ament_prefix_path.dsv
[4.113s] -- Up-to-date: /home/azp/new_ws/install/motor_msg/share/motor_msg/environment/path.sh
[4.114s] -- Up-to-date: /home/azp/new_ws/install/motor_msg/share/motor_msg/environment/path.dsv
[4.114s] -- Up-to-date: /home/azp/new_ws/install/motor_msg/share/motor_msg/local_setup.bash
[4.115s] -- Up-to-date: /home/azp/new_ws/install/motor_msg/share/motor_msg/local_setup.sh
[4.115s] -- Up-to-date: /home/azp/new_ws/install/motor_msg/share/motor_msg/local_setup.zsh
[4.116s] -- Up-to-date: /home/azp/new_ws/install/motor_msg/share/motor_msg/local_setup.dsv
[4.116s] -- Installing: /home/azp/new_ws/install/motor_msg/share/motor_msg/package.dsv
[4.142s] -- Up-to-date: /home/azp/new_ws/install/motor_msg/share/ament_index/resource_index/packages/motor_msg
[4.207s] -- Up-to-date: /home/azp/new_ws/install/motor_msg/share/motor_msg/cmake/export_motor_msg__rosidl_generator_cExport.cmake
[4.208s] -- Up-to-date: /home/azp/new_ws/install/motor_msg/share/motor_msg/cmake/export_motor_msg__rosidl_generator_cExport-noconfig.cmake
[4.253s] -- Up-to-date: /home/azp/new_ws/install/motor_msg/share/motor_msg/cmake/export_motor_msg__rosidl_typesupport_fastrtps_cExport.cmake
[4.256s] -- Up-to-date: /home/azp/new_ws/install/motor_msg/share/motor_msg/cmake/export_motor_msg__rosidl_typesupport_fastrtps_cExport-noconfig.cmake
[4.301s] -- Up-to-date: /home/azp/new_ws/install/motor_msg/share/motor_msg/cmake/export_motor_msg__rosidl_generator_cppExport.cmake
[4.329s] -- Up-to-date: /home/azp/new_ws/install/motor_msg/share/motor_msg/cmake/export_motor_msg__rosidl_typesupport_fastrtps_cppExport.cmake
[4.329s] -- Up-to-date: /home/azp/new_ws/install/motor_msg/share/motor_msg/cmake/export_motor_msg__rosidl_typesupport_fastrtps_cppExport-noconfig.cmake
[4.385s] -- Up-to-date: /home/azp/new_ws/install/motor_msg/share/motor_msg/cmake/motor_msg__rosidl_typesupport_introspection_cExport.cmake
[4.386s] -- Up-to-date: /home/azp/new_ws/install/motor_msg/share/motor_msg/cmake/motor_msg__rosidl_typesupport_introspection_cExport-noconfig.cmake
[4.414s] -- Up-to-date: /home/azp/new_ws/install/motor_msg/share/motor_msg/cmake/motor_msg__rosidl_typesupport_cExport.cmake
[4.415s] -- Up-to-date: /home/azp/new_ws/install/motor_msg/share/motor_msg/cmake/motor_msg__rosidl_typesupport_cExport-noconfig.cmake
[4.471s] -- Up-to-date: /home/azp/new_ws/install/motor_msg/share/motor_msg/cmake/motor_msg__rosidl_typesupport_introspection_cppExport.cmake
[4.471s] -- Up-to-date: /home/azp/new_ws/install/motor_msg/share/motor_msg/cmake/motor_msg__rosidl_typesupport_introspection_cppExport-noconfig.cmake
[4.560s] -- Up-to-date: /home/azp/new_ws/install/motor_msg/share/motor_msg/cmake/motor_msg__rosidl_typesupport_cppExport.cmake
[4.561s] -- Up-to-date: /home/azp/new_ws/install/motor_msg/share/motor_msg/cmake/motor_msg__rosidl_typesupport_cppExport-noconfig.cmake
[4.605s] -- Up-to-date: /home/azp/new_ws/install/motor_msg/share/motor_msg/cmake/export_motor_msg__rosidl_generator_pyExport.cmake
[4.606s] -- Up-to-date: /home/azp/new_ws/install/motor_msg/share/motor_msg/cmake/export_motor_msg__rosidl_generator_pyExport-noconfig.cmake
[4.608s] -- Up-to-date: /home/azp/new_ws/install/motor_msg/share/motor_msg/cmake/rosidl_cmake-extras.cmake
[4.608s] -- Up-to-date: /home/azp/new_ws/install/motor_msg/share/motor_msg/cmake/ament_cmake_export_include_directories-extras.cmake
[4.609s] -- Up-to-date: /home/azp/new_ws/install/motor_msg/share/motor_msg/cmake/ament_cmake_export_libraries-extras.cmake
[4.610s] -- Up-to-date: /home/azp/new_ws/install/motor_msg/share/motor_msg/cmake/ament_cmake_export_targets-extras.cmake
[4.610s] -- Up-to-date: /home/azp/new_ws/install/motor_msg/share/motor_msg/cmake/rosidl_cmake_export_typesupport_targets-extras.cmake
[4.611s] -- Up-to-date: /home/azp/new_ws/install/motor_msg/share/motor_msg/cmake/ament_cmake_export_dependencies-extras.cmake
[4.612s] -- Up-to-date: /home/azp/new_ws/install/motor_msg/share/motor_msg/cmake/rosidl_cmake_export_typesupport_libraries-extras.cmake
[4.613s] -- Up-to-date: /home/azp/new_ws/install/motor_msg/share/motor_msg/cmake/motor_msgConfig.cmake
[4.614s] -- Up-to-date: /home/azp/new_ws/install/motor_msg/share/motor_msg/cmake/motor_msgConfig-version.cmake
[4.614s] -- Up-to-date: /home/azp/new_ws/install/motor_msg/share/motor_msg/package.xml
[4.649s] Invoked command in '/home/azp/new_ws/build/motor_msg' returned '0': CMAKE_PREFIX_PATH=${CMAKE_PREFIX_PATH}:/opt/ros/humble /usr/bin/cmake --install /home/azp/new_ws/build/motor_msg
