[0.024s] Invoking command in '/home/azp/new_ws/build/pub_sub': CMAKE_PREFIX_PATH=${CMAKE_PREFIX_PATH}:/opt/ros/humble /usr/bin/cmake --build /home/azp/new_ws/build/pub_sub -- -j4 -l4
[0.087s] [100%] Built target talker
[0.111s] Invoked command in '/home/azp/new_ws/build/pub_sub' returned '0': CMAKE_PREFIX_PATH=${CMAKE_PREFIX_PATH}:/opt/ros/humble /usr/bin/cmake --build /home/azp/new_ws/build/pub_sub -- -j4 -l4
[0.204s] Invoking command in '/home/azp/new_ws/build/pub_sub': CMAKE_PREFIX_PATH=${CMAKE_PREFIX_PATH}:/opt/ros/humble /usr/bin/cmake --install /home/azp/new_ws/build/pub_sub
[0.216s] -- Install configuration: ""
[0.217s] -- Execute custom install script
[0.218s] -- Up-to-date symlink: /home/azp/new_ws/install/pub_sub/lib/pub_sub/talker
[0.218s] -- Up-to-date symlink: /home/azp/new_ws/install/pub_sub/share/ament_index/resource_index/package_run_dependencies/pub_sub
[0.218s] -- Up-to-date symlink: /home/azp/new_ws/install/pub_sub/share/ament_index/resource_index/parent_prefix_path/pub_sub
[0.219s] -- Up-to-date symlink: /home/azp/new_ws/install/pub_sub/share/pub_sub/environment/ament_prefix_path.sh
[0.219s] -- Up-to-date symlink: /home/azp/new_ws/install/pub_sub/share/pub_sub/environment/ament_prefix_path.dsv
[0.219s] -- Up-to-date symlink: /home/azp/new_ws/install/pub_sub/share/pub_sub/environment/path.sh
[0.220s] -- Up-to-date symlink: /home/azp/new_ws/install/pub_sub/share/pub_sub/environment/path.dsv
[0.220s] -- Up-to-date symlink: /home/azp/new_ws/install/pub_sub/share/pub_sub/local_setup.bash
[0.222s] -- Up-to-date symlink: /home/azp/new_ws/install/pub_sub/share/pub_sub/local_setup.sh
[0.222s] -- Up-to-date symlink: /home/azp/new_ws/install/pub_sub/share/pub_sub/local_setup.zsh
[0.222s] -- Up-to-date symlink: /home/azp/new_ws/install/pub_sub/share/pub_sub/local_setup.dsv
[0.222s] -- Symlinking: /home/azp/new_ws/install/pub_sub/share/pub_sub/package.dsv
[0.235s] -- Up-to-date symlink: /home/azp/new_ws/install/pub_sub/share/ament_index/resource_index/packages/pub_sub
[0.236s] -- Up-to-date symlink: /home/azp/new_ws/install/pub_sub/share/pub_sub/cmake/pub_subConfig.cmake
[0.236s] -- Up-to-date symlink: /home/azp/new_ws/install/pub_sub/share/pub_sub/cmake/pub_subConfig-version.cmake
[0.236s] -- Up-to-date symlink: /home/azp/new_ws/install/pub_sub/share/pub_sub/package.xml
[0.244s] Invoked command in '/home/azp/new_ws/build/pub_sub' returned '0': CMAKE_PREFIX_PATH=${CMAKE_PREFIX_PATH}:/opt/ros/humble /usr/bin/cmake --install /home/azp/new_ws/build/pub_sub
