[0.343s] DEBUG:colcon:Command line arguments: ['/usr/bin/colcon', 'build']
[0.343s] DEBUG:colcon:Parsed command line arguments: Namespace(log_base=None, log_level=None, verb_name='build', build_base='build', install_base='install', merge_install=False, symlink_install=False, test_result_base=None, continue_on_error=False, executor='parallel', parallel_workers=4, event_handlers=None, ignore_user_meta=False, metas=['./colcon.meta'], base_paths=['.'], packages_ignore=None, packages_ignore_regex=None, paths=None, packages_up_to=None, packages_up_to_regex=None, packages_above=None, packages_above_and_dependencies=None, packages_above_depth=None, packages_select_by_dep=None, packages_skip_by_dep=None, packages_skip_up_to=None, packages_select_build_failed=False, packages_skip_build_finished=False, packages_select_test_failures=False, packages_skip_test_passed=False, packages_select=None, packages_skip=None, packages_select_regex=None, packages_skip_regex=None, packages_start=None, packages_end=None, allow_overriding=[], cmake_args=None, cmake_target=None, cmake_target_skip_unavailable=False, cmake_clean_cache=False, cmake_clean_first=False, cmake_force_configure=False, ament_cmake_args=None, catkin_cmake_args=None, catkin_skip_building_tests=False, verb_parser=<colcon_defaults.argument_parser.defaults.DefaultArgumentsDecorator object at 0x7f5410a4d2d0>, verb_extension=<colcon_core.verb.build.BuildVerb object at 0x7f54113e4280>, main=<bound method BuildVerb.main of <colcon_core.verb.build.BuildVerb object at 0x7f54113e4280>>)
[0.370s] Level 1:colcon.colcon_core.package_discovery:discover_packages(colcon_meta) check parameters
[0.370s] Level 1:colcon.colcon_core.package_discovery:discover_packages(recursive) check parameters
[0.370s] Level 1:colcon.colcon_core.package_discovery:discover_packages(ignore) check parameters
[0.371s] Level 1:colcon.colcon_core.package_discovery:discover_packages(path) check parameters
[0.371s] Level 1:colcon.colcon_core.package_discovery:discover_packages(colcon_meta) discover
[0.371s] Level 1:colcon.colcon_core.package_discovery:discover_packages(recursive) discover
[0.371s] INFO:colcon.colcon_core.package_discovery:Crawling recursively for packages in '/home/azp/new_ws'
[0.371s] Level 1:colcon.colcon_core.package_identification:_identify(.) by extensions ['ignore', 'ignore_ament_install']
[0.371s] Level 1:colcon.colcon_core.package_identification:_identify(.) by extension 'ignore'
[0.371s] Level 1:colcon.colcon_core.package_identification:_identify(.) by extension 'ignore_ament_install'
[0.371s] Level 1:colcon.colcon_core.package_identification:_identify(.) by extensions ['colcon_pkg']
[0.371s] Level 1:colcon.colcon_core.package_identification:_identify(.) by extension 'colcon_pkg'
[0.371s] Level 1:colcon.colcon_core.package_identification:_identify(.) by extensions ['colcon_meta']
[0.371s] Level 1:colcon.colcon_core.package_identification:_identify(.) by extension 'colcon_meta'
[0.371s] Level 1:colcon.colcon_core.package_identification:_identify(.) by extensions ['ros']
[0.371s] Level 1:colcon.colcon_core.package_identification:_identify(.) by extension 'ros'
[0.395s] Level 1:colcon.colcon_core.package_identification:_identify(.) by extensions ['cmake', 'python']
[0.395s] Level 1:colcon.colcon_core.package_identification:_identify(.) by extension 'cmake'
[0.395s] Level 1:colcon.colcon_core.package_identification:_identify(.) by extension 'python'
[0.396s] Level 1:colcon.colcon_core.package_identification:_identify(.) by extensions ['python_setup_py']
[0.396s] Level 1:colcon.colcon_core.package_identification:_identify(.) by extension 'python_setup_py'
[0.396s] Level 1:colcon.colcon_core.package_identification:_identify(build) by extensions ['ignore', 'ignore_ament_install']
[0.396s] Level 1:colcon.colcon_core.package_identification:_identify(build) by extension 'ignore'
[0.396s] Level 1:colcon.colcon_core.package_identification:_identify(build) ignored
[0.396s] Level 1:colcon.colcon_core.package_identification:_identify(install) by extensions ['ignore', 'ignore_ament_install']
[0.396s] Level 1:colcon.colcon_core.package_identification:_identify(install) by extension 'ignore'
[0.396s] Level 1:colcon.colcon_core.package_identification:_identify(install) ignored
[0.396s] Level 1:colcon.colcon_core.package_identification:_identify(log) by extensions ['ignore', 'ignore_ament_install']
[0.396s] Level 1:colcon.colcon_core.package_identification:_identify(log) by extension 'ignore'
[0.396s] Level 1:colcon.colcon_core.package_identification:_identify(log) ignored
[0.397s] Level 1:colcon.colcon_core.package_identification:_identify(src) by extensions ['ignore', 'ignore_ament_install']
[0.397s] Level 1:colcon.colcon_core.package_identification:_identify(src) by extension 'ignore'
[0.397s] Level 1:colcon.colcon_core.package_identification:_identify(src) by extension 'ignore_ament_install'
[0.397s] Level 1:colcon.colcon_core.package_identification:_identify(src) by extensions ['colcon_pkg']
[0.397s] Level 1:colcon.colcon_core.package_identification:_identify(src) by extension 'colcon_pkg'
[0.397s] Level 1:colcon.colcon_core.package_identification:_identify(src) by extensions ['colcon_meta']
[0.397s] Level 1:colcon.colcon_core.package_identification:_identify(src) by extension 'colcon_meta'
[0.397s] Level 1:colcon.colcon_core.package_identification:_identify(src) by extensions ['ros']
[0.397s] Level 1:colcon.colcon_core.package_identification:_identify(src) by extension 'ros'
[0.397s] Level 1:colcon.colcon_core.package_identification:_identify(src) by extensions ['cmake', 'python']
[0.397s] Level 1:colcon.colcon_core.package_identification:_identify(src) by extension 'cmake'
[0.397s] Level 1:colcon.colcon_core.package_identification:_identify(src) by extension 'python'
[0.397s] Level 1:colcon.colcon_core.package_identification:_identify(src) by extensions ['python_setup_py']
[0.397s] Level 1:colcon.colcon_core.package_identification:_identify(src) by extension 'python_setup_py'
[0.397s] Level 1:colcon.colcon_core.package_identification:_identify(src/motor_msg) by extensions ['ignore', 'ignore_ament_install']
[0.397s] Level 1:colcon.colcon_core.package_identification:_identify(src/motor_msg) by extension 'ignore'
[0.398s] Level 1:colcon.colcon_core.package_identification:_identify(src/motor_msg) by extension 'ignore_ament_install'
[0.398s] Level 1:colcon.colcon_core.package_identification:_identify(src/motor_msg) by extensions ['colcon_pkg']
[0.398s] Level 1:colcon.colcon_core.package_identification:_identify(src/motor_msg) by extension 'colcon_pkg'
[0.398s] Level 1:colcon.colcon_core.package_identification:_identify(src/motor_msg) by extensions ['colcon_meta']
[0.398s] Level 1:colcon.colcon_core.package_identification:_identify(src/motor_msg) by extension 'colcon_meta'
[0.398s] Level 1:colcon.colcon_core.package_identification:_identify(src/motor_msg) by extensions ['ros']
[0.398s] Level 1:colcon.colcon_core.package_identification:_identify(src/motor_msg) by extension 'ros'
[0.401s] DEBUG:colcon.colcon_core.package_identification:Package 'src/motor_msg' with type 'ros.ament_cmake' and name 'motor_msg'
[0.401s] Level 1:colcon.colcon_core.package_identification:_identify(src/pub_sub) by extensions ['ignore', 'ignore_ament_install']
[0.401s] Level 1:colcon.colcon_core.package_identification:_identify(src/pub_sub) by extension 'ignore'
[0.401s] Level 1:colcon.colcon_core.package_identification:_identify(src/pub_sub) by extension 'ignore_ament_install'
[0.401s] Level 1:colcon.colcon_core.package_identification:_identify(src/pub_sub) by extensions ['colcon_pkg']
[0.401s] Level 1:colcon.colcon_core.package_identification:_identify(src/pub_sub) by extension 'colcon_pkg'
[0.401s] Level 1:colcon.colcon_core.package_identification:_identify(src/pub_sub) by extensions ['colcon_meta']
[0.401s] Level 1:colcon.colcon_core.package_identification:_identify(src/pub_sub) by extension 'colcon_meta'
[0.401s] Level 1:colcon.colcon_core.package_identification:_identify(src/pub_sub) by extensions ['ros']
[0.401s] Level 1:colcon.colcon_core.package_identification:_identify(src/pub_sub) by extension 'ros'
[0.402s] DEBUG:colcon.colcon_core.package_identification:Package 'src/pub_sub' with type 'ros.ament_cmake' and name 'pub_sub'
[0.402s] Level 1:colcon.colcon_core.package_identification:_identify(src/rom_msgs) by extensions ['ignore', 'ignore_ament_install']
[0.402s] Level 1:colcon.colcon_core.package_identification:_identify(src/rom_msgs) by extension 'ignore'
[0.403s] Level 1:colcon.colcon_core.package_identification:_identify(src/rom_msgs) by extension 'ignore_ament_install'
[0.403s] Level 1:colcon.colcon_core.package_identification:_identify(src/rom_msgs) by extensions ['colcon_pkg']
[0.403s] Level 1:colcon.colcon_core.package_identification:_identify(src/rom_msgs) by extension 'colcon_pkg'
[0.403s] Level 1:colcon.colcon_core.package_identification:_identify(src/rom_msgs) by extensions ['colcon_meta']
[0.403s] Level 1:colcon.colcon_core.package_identification:_identify(src/rom_msgs) by extension 'colcon_meta'
[0.403s] Level 1:colcon.colcon_core.package_identification:_identify(src/rom_msgs) by extensions ['ros']
[0.403s] Level 1:colcon.colcon_core.package_identification:_identify(src/rom_msgs) by extension 'ros'
[0.403s] DEBUG:colcon.colcon_core.package_identification:Package 'src/rom_msgs' with type 'ros.ament_cmake' and name 'rom_msgs'
[0.403s] Level 1:colcon.colcon_core.package_discovery:discover_packages(recursive) using defaults
[0.403s] Level 1:colcon.colcon_core.package_discovery:discover_packages(ignore) discover
[0.404s] Level 1:colcon.colcon_core.package_discovery:discover_packages(ignore) using defaults
[0.404s] Level 1:colcon.colcon_core.package_discovery:discover_packages(path) discover
[0.404s] Level 1:colcon.colcon_core.package_discovery:discover_packages(path) using defaults
[0.432s] Level 1:colcon.colcon_core.package_discovery:discover_packages(prefix_path) check parameters
[0.432s] Level 1:colcon.colcon_core.package_discovery:discover_packages(prefix_path) discover
[0.435s] DEBUG:colcon.colcon_installed_package_information.package_discovery:Found 3 installed packages in /home/azp/new_ws/install
[0.437s] DEBUG:colcon.colcon_installed_package_information.package_discovery:Found 279 installed packages in /opt/ros/humble
[0.440s] Level 1:colcon.colcon_core.package_discovery:discover_packages(prefix_path) using defaults
[0.513s] Level 5:colcon.colcon_core.verb:set package 'motor_msg' build argument 'cmake_args' from command line to 'None'
[0.513s] Level 5:colcon.colcon_core.verb:set package 'motor_msg' build argument 'cmake_target' from command line to 'None'
[0.513s] Level 5:colcon.colcon_core.verb:set package 'motor_msg' build argument 'cmake_target_skip_unavailable' from command line to 'False'
[0.513s] Level 5:colcon.colcon_core.verb:set package 'motor_msg' build argument 'cmake_clean_cache' from command line to 'False'
[0.513s] Level 5:colcon.colcon_core.verb:set package 'motor_msg' build argument 'cmake_clean_first' from command line to 'False'
[0.513s] Level 5:colcon.colcon_core.verb:set package 'motor_msg' build argument 'cmake_force_configure' from command line to 'False'
[0.513s] Level 5:colcon.colcon_core.verb:set package 'motor_msg' build argument 'ament_cmake_args' from command line to 'None'
[0.513s] Level 5:colcon.colcon_core.verb:set package 'motor_msg' build argument 'catkin_cmake_args' from command line to 'None'
[0.513s] Level 5:colcon.colcon_core.verb:set package 'motor_msg' build argument 'catkin_skip_building_tests' from command line to 'False'
[0.513s] DEBUG:colcon.colcon_core.verb:Building package 'motor_msg' with the following arguments: {'ament_cmake_args': None, 'build_base': '/home/azp/new_ws/build/motor_msg', 'catkin_cmake_args': None, 'catkin_skip_building_tests': False, 'cmake_args': None, 'cmake_clean_cache': False, 'cmake_clean_first': False, 'cmake_force_configure': False, 'cmake_target': None, 'cmake_target_skip_unavailable': False, 'install_base': '/home/azp/new_ws/install/motor_msg', 'merge_install': False, 'path': '/home/azp/new_ws/src/motor_msg', 'symlink_install': False, 'test_result_base': None}
[0.514s] Level 5:colcon.colcon_core.verb:set package 'pub_sub' build argument 'cmake_args' from command line to 'None'
[0.514s] Level 5:colcon.colcon_core.verb:set package 'pub_sub' build argument 'cmake_target' from command line to 'None'
[0.514s] Level 5:colcon.colcon_core.verb:set package 'pub_sub' build argument 'cmake_target_skip_unavailable' from command line to 'False'
[0.514s] Level 5:colcon.colcon_core.verb:set package 'pub_sub' build argument 'cmake_clean_cache' from command line to 'False'
[0.514s] Level 5:colcon.colcon_core.verb:set package 'pub_sub' build argument 'cmake_clean_first' from command line to 'False'
[0.514s] Level 5:colcon.colcon_core.verb:set package 'pub_sub' build argument 'cmake_force_configure' from command line to 'False'
[0.514s] Level 5:colcon.colcon_core.verb:set package 'pub_sub' build argument 'ament_cmake_args' from command line to 'None'
[0.514s] Level 5:colcon.colcon_core.verb:set package 'pub_sub' build argument 'catkin_cmake_args' from command line to 'None'
[0.514s] Level 5:colcon.colcon_core.verb:set package 'pub_sub' build argument 'catkin_skip_building_tests' from command line to 'False'
[0.514s] DEBUG:colcon.colcon_core.verb:Building package 'pub_sub' with the following arguments: {'ament_cmake_args': None, 'build_base': '/home/azp/new_ws/build/pub_sub', 'catkin_cmake_args': None, 'catkin_skip_building_tests': False, 'cmake_args': None, 'cmake_clean_cache': False, 'cmake_clean_first': False, 'cmake_force_configure': False, 'cmake_target': None, 'cmake_target_skip_unavailable': False, 'install_base': '/home/azp/new_ws/install/pub_sub', 'merge_install': False, 'path': '/home/azp/new_ws/src/pub_sub', 'symlink_install': False, 'test_result_base': None}
[0.515s] Level 5:colcon.colcon_core.verb:set package 'rom_msgs' build argument 'cmake_args' from command line to 'None'
[0.515s] Level 5:colcon.colcon_core.verb:set package 'rom_msgs' build argument 'cmake_target' from command line to 'None'
[0.515s] Level 5:colcon.colcon_core.verb:set package 'rom_msgs' build argument 'cmake_target_skip_unavailable' from command line to 'False'
[0.516s] Level 5:colcon.colcon_core.verb:set package 'rom_msgs' build argument 'cmake_clean_cache' from command line to 'False'
[0.516s] Level 5:colcon.colcon_core.verb:set package 'rom_msgs' build argument 'cmake_clean_first' from command line to 'False'
[0.516s] Level 5:colcon.colcon_core.verb:set package 'rom_msgs' build argument 'cmake_force_configure' from command line to 'False'
[0.516s] Level 5:colcon.colcon_core.verb:set package 'rom_msgs' build argument 'ament_cmake_args' from command line to 'None'
[0.516s] Level 5:colcon.colcon_core.verb:set package 'rom_msgs' build argument 'catkin_cmake_args' from command line to 'None'
[0.516s] Level 5:colcon.colcon_core.verb:set package 'rom_msgs' build argument 'catkin_skip_building_tests' from command line to 'False'
[0.516s] DEBUG:colcon.colcon_core.verb:Building package 'rom_msgs' with the following arguments: {'ament_cmake_args': None, 'build_base': '/home/azp/new_ws/build/rom_msgs', 'catkin_cmake_args': None, 'catkin_skip_building_tests': False, 'cmake_args': None, 'cmake_clean_cache': False, 'cmake_clean_first': False, 'cmake_force_configure': False, 'cmake_target': None, 'cmake_target_skip_unavailable': False, 'install_base': '/home/azp/new_ws/install/rom_msgs', 'merge_install': False, 'path': '/home/azp/new_ws/src/rom_msgs', 'symlink_install': False, 'test_result_base': None}
[0.516s] INFO:colcon.colcon_core.executor:Executing jobs using 'parallel' executor
[0.521s] DEBUG:colcon.colcon_parallel_executor.executor.parallel:run_until_complete
[0.521s] INFO:colcon.colcon_ros.task.ament_cmake.build:Building ROS package in '/home/azp/new_ws/src/motor_msg' with build type 'ament_cmake'
[0.522s] INFO:colcon.colcon_cmake.task.cmake.build:Building CMake package in '/home/azp/new_ws/src/motor_msg'
[0.527s] INFO:colcon.colcon_core.plugin_system:Skipping extension 'colcon_core.shell.bat': Not used on non-Windows systems
[0.527s] INFO:colcon.colcon_core.shell:Skip shell extension 'powershell' for command environment: Not usable outside of PowerShell
[0.527s] DEBUG:colcon.colcon_core.shell:Skip shell extension 'dsv' for command environment
[0.532s] INFO:colcon.colcon_ros.task.ament_cmake.build:Building ROS package in '/home/azp/new_ws/src/pub_sub' with build type 'ament_cmake'
[0.532s] INFO:colcon.colcon_cmake.task.cmake.build:Building CMake package in '/home/azp/new_ws/src/pub_sub'
[0.535s] INFO:colcon.colcon_core.shell:Skip shell extension 'powershell' for command environment: Not usable outside of PowerShell
[0.535s] DEBUG:colcon.colcon_core.shell:Skip shell extension 'dsv' for command environment
[0.540s] INFO:colcon.colcon_ros.task.ament_cmake.build:Building ROS package in '/home/azp/new_ws/src/rom_msgs' with build type 'ament_cmake'
[0.540s] INFO:colcon.colcon_cmake.task.cmake.build:Building CMake package in '/home/azp/new_ws/src/rom_msgs'
[0.543s] INFO:colcon.colcon_core.shell:Skip shell extension 'powershell' for command environment: Not usable outside of PowerShell
[0.543s] DEBUG:colcon.colcon_core.shell:Skip shell extension 'dsv' for command environment
[0.556s] DEBUG:colcon.colcon_core.event_handler.log_command:Invoking command in '/home/azp/new_ws/build/motor_msg': CMAKE_PREFIX_PATH=${CMAKE_PREFIX_PATH}:/opt/ros/humble /usr/bin/cmake /home/azp/new_ws/src/motor_msg -DCMAKE_INSTALL_PREFIX=/home/azp/new_ws/install/motor_msg
[0.560s] DEBUG:colcon.colcon_core.event_handler.log_command:Invoking command in '/home/azp/new_ws/build/pub_sub': CMAKE_PREFIX_PATH=${CMAKE_PREFIX_PATH}:/opt/ros/humble /usr/bin/cmake --build /home/azp/new_ws/build/pub_sub -- -j4 -l4
[0.570s] DEBUG:colcon.colcon_core.event_handler.log_command:Invoking command in '/home/azp/new_ws/build/rom_msgs': CMAKE_PREFIX_PATH=${CMAKE_PREFIX_PATH}:/opt/ros/humble /usr/bin/cmake --build /home/azp/new_ws/build/rom_msgs -- -j4 -l4
[0.646s] DEBUG:colcon.colcon_core.event_handler.log_command:Invoked command in '/home/azp/new_ws/build/pub_sub' returned '0': CMAKE_PREFIX_PATH=${CMAKE_PREFIX_PATH}:/opt/ros/humble /usr/bin/cmake --build /home/azp/new_ws/build/pub_sub -- -j4 -l4
[0.739s] DEBUG:colcon.colcon_core.event_handler.log_command:Invoking command in '/home/azp/new_ws/build/pub_sub': CMAKE_PREFIX_PATH=${CMAKE_PREFIX_PATH}:/opt/ros/humble /usr/bin/cmake --install /home/azp/new_ws/build/pub_sub
[0.774s] Level 1:colcon.colcon_core.environment:create_environment_scripts_only(pub_sub)
[0.779s] DEBUG:colcon.colcon_core.event_handler.log_command:Invoked command in '/home/azp/new_ws/build/pub_sub' returned '0': CMAKE_PREFIX_PATH=${CMAKE_PREFIX_PATH}:/opt/ros/humble /usr/bin/cmake --install /home/azp/new_ws/build/pub_sub
[0.784s] Level 1:colcon.colcon_core.environment:checking '/home/azp/new_ws/install/pub_sub' for CMake module files
[0.785s] Level 1:colcon.colcon_core.environment:checking '/home/azp/new_ws/install/pub_sub' for CMake config files
[0.786s] Level 1:colcon.colcon_core.shell:create_environment_hook('pub_sub', 'cmake_prefix_path')
[0.788s] INFO:colcon.colcon_core.shell:Creating environment hook '/home/azp/new_ws/install/pub_sub/share/pub_sub/hook/cmake_prefix_path.ps1'
[0.789s] INFO:colcon.colcon_core.shell:Creating environment descriptor '/home/azp/new_ws/install/pub_sub/share/pub_sub/hook/cmake_prefix_path.dsv'
[0.790s] INFO:colcon.colcon_core.shell:Creating environment hook '/home/azp/new_ws/install/pub_sub/share/pub_sub/hook/cmake_prefix_path.sh'
[0.792s] Level 1:colcon.colcon_core.environment:checking '/home/azp/new_ws/install/pub_sub/lib'
[0.793s] Level 1:colcon.colcon_core.environment:checking '/home/azp/new_ws/install/pub_sub/bin'
[0.793s] Level 1:colcon.colcon_core.environment:checking '/home/azp/new_ws/install/pub_sub/lib/pkgconfig/pub_sub.pc'
[0.793s] Level 1:colcon.colcon_core.environment:checking '/home/azp/new_ws/install/pub_sub/lib/python3.10/site-packages'
[0.794s] Level 1:colcon.colcon_core.environment:checking '/home/azp/new_ws/install/pub_sub/bin'
[0.797s] INFO:colcon.colcon_core.shell:Creating package script '/home/azp/new_ws/install/pub_sub/share/pub_sub/package.ps1'
[0.798s] INFO:colcon.colcon_core.shell:Creating package descriptor '/home/azp/new_ws/install/pub_sub/share/pub_sub/package.dsv'
[0.799s] INFO:colcon.colcon_core.shell:Creating package script '/home/azp/new_ws/install/pub_sub/share/pub_sub/package.sh'
[0.801s] INFO:colcon.colcon_core.shell:Creating package script '/home/azp/new_ws/install/pub_sub/share/pub_sub/package.bash'
[0.802s] INFO:colcon.colcon_core.shell:Creating package script '/home/azp/new_ws/install/pub_sub/share/pub_sub/package.zsh'
[0.804s] Level 1:colcon.colcon_core.environment:create_file_with_runtime_dependencies(/home/azp/new_ws/install/pub_sub/share/colcon-core/packages/pub_sub)
[0.849s] Level 1:colcon.colcon_core.environment:create_environment_scripts_only(pub_sub)
[0.854s] Level 1:colcon.colcon_core.environment:checking '/home/azp/new_ws/install/pub_sub' for CMake module files
[0.855s] Level 1:colcon.colcon_core.environment:checking '/home/azp/new_ws/install/pub_sub' for CMake config files
[0.855s] Level 1:colcon.colcon_core.shell:create_environment_hook('pub_sub', 'cmake_prefix_path')
[0.858s] INFO:colcon.colcon_core.shell:Creating environment hook '/home/azp/new_ws/install/pub_sub/share/pub_sub/hook/cmake_prefix_path.ps1'
[0.860s] INFO:colcon.colcon_core.shell:Creating environment descriptor '/home/azp/new_ws/install/pub_sub/share/pub_sub/hook/cmake_prefix_path.dsv'
[0.861s] INFO:colcon.colcon_core.shell:Creating environment hook '/home/azp/new_ws/install/pub_sub/share/pub_sub/hook/cmake_prefix_path.sh'
[0.862s] Level 1:colcon.colcon_core.environment:checking '/home/azp/new_ws/install/pub_sub/lib'
[0.862s] Level 1:colcon.colcon_core.environment:checking '/home/azp/new_ws/install/pub_sub/bin'
[0.862s] Level 1:colcon.colcon_core.environment:checking '/home/azp/new_ws/install/pub_sub/lib/pkgconfig/pub_sub.pc'
[0.863s] Level 1:colcon.colcon_core.environment:checking '/home/azp/new_ws/install/pub_sub/lib/python3.10/site-packages'
[0.863s] Level 1:colcon.colcon_core.environment:checking '/home/azp/new_ws/install/pub_sub/bin'
[0.866s] INFO:colcon.colcon_core.shell:Creating package script '/home/azp/new_ws/install/pub_sub/share/pub_sub/package.ps1'
[0.867s] INFO:colcon.colcon_core.shell:Creating package descriptor '/home/azp/new_ws/install/pub_sub/share/pub_sub/package.dsv'
[0.868s] INFO:colcon.colcon_core.shell:Creating package script '/home/azp/new_ws/install/pub_sub/share/pub_sub/package.sh'
[0.869s] INFO:colcon.colcon_core.shell:Creating package script '/home/azp/new_ws/install/pub_sub/share/pub_sub/package.bash'
[0.870s] INFO:colcon.colcon_core.shell:Creating package script '/home/azp/new_ws/install/pub_sub/share/pub_sub/package.zsh'
[0.874s] Level 1:colcon.colcon_core.environment:create_file_with_runtime_dependencies(/home/azp/new_ws/install/pub_sub/share/colcon-core/packages/pub_sub)
[1.245s] DEBUG:colcon.colcon_core.event_handler.log_command:Invoked command in '/home/azp/new_ws/build/rom_msgs' returned '0': CMAKE_PREFIX_PATH=${CMAKE_PREFIX_PATH}:/opt/ros/humble /usr/bin/cmake --build /home/azp/new_ws/build/rom_msgs -- -j4 -l4
[1.325s] DEBUG:colcon.colcon_core.event_handler.log_command:Invoking command in '/home/azp/new_ws/build/rom_msgs': CMAKE_PREFIX_PATH=${CMAKE_PREFIX_PATH}:/opt/ros/humble /usr/bin/cmake --install /home/azp/new_ws/build/rom_msgs
[1.393s] Level 1:colcon.colcon_core.environment:create_environment_scripts_only(rom_msgs)
[1.396s] Level 1:colcon.colcon_core.environment:checking '/home/azp/new_ws/install/rom_msgs' for CMake module files
[1.396s] DEBUG:colcon.colcon_core.event_handler.log_command:Invoked command in '/home/azp/new_ws/build/rom_msgs' returned '0': CMAKE_PREFIX_PATH=${CMAKE_PREFIX_PATH}:/opt/ros/humble /usr/bin/cmake --install /home/azp/new_ws/build/rom_msgs
[1.397s] Level 1:colcon.colcon_core.environment:checking '/home/azp/new_ws/install/rom_msgs' for CMake config files
[1.397s] Level 1:colcon.colcon_core.shell:create_environment_hook('rom_msgs', 'cmake_prefix_path')
[1.399s] INFO:colcon.colcon_core.shell:Creating environment hook '/home/azp/new_ws/install/rom_msgs/share/rom_msgs/hook/cmake_prefix_path.ps1'
[1.399s] INFO:colcon.colcon_core.shell:Creating environment descriptor '/home/azp/new_ws/install/rom_msgs/share/rom_msgs/hook/cmake_prefix_path.dsv'
[1.400s] INFO:colcon.colcon_core.shell:Creating environment hook '/home/azp/new_ws/install/rom_msgs/share/rom_msgs/hook/cmake_prefix_path.sh'
[1.400s] Level 1:colcon.colcon_core.environment:checking '/home/azp/new_ws/install/rom_msgs/lib'
[1.400s] Level 1:colcon.colcon_core.shell:create_environment_hook('rom_msgs', 'ld_library_path_lib')
[1.402s] INFO:colcon.colcon_core.shell:Creating environment hook '/home/azp/new_ws/install/rom_msgs/share/rom_msgs/hook/ld_library_path_lib.ps1'
[1.402s] INFO:colcon.colcon_core.shell:Creating environment descriptor '/home/azp/new_ws/install/rom_msgs/share/rom_msgs/hook/ld_library_path_lib.dsv'
[1.403s] INFO:colcon.colcon_core.shell:Creating environment hook '/home/azp/new_ws/install/rom_msgs/share/rom_msgs/hook/ld_library_path_lib.sh'
[1.403s] Level 1:colcon.colcon_core.environment:checking '/home/azp/new_ws/install/rom_msgs/bin'
[1.403s] Level 1:colcon.colcon_core.environment:checking '/home/azp/new_ws/install/rom_msgs/lib/pkgconfig/rom_msgs.pc'
[1.403s] Level 1:colcon.colcon_core.environment:checking '/home/azp/new_ws/install/rom_msgs/lib/python3.10/site-packages'
[1.404s] Level 1:colcon.colcon_core.environment:checking '/home/azp/new_ws/install/rom_msgs/bin'
[1.405s] INFO:colcon.colcon_core.shell:Creating package script '/home/azp/new_ws/install/rom_msgs/share/rom_msgs/package.ps1'
[1.406s] INFO:colcon.colcon_core.shell:Creating package descriptor '/home/azp/new_ws/install/rom_msgs/share/rom_msgs/package.dsv'
[1.406s] INFO:colcon.colcon_core.shell:Creating package script '/home/azp/new_ws/install/rom_msgs/share/rom_msgs/package.sh'
[1.407s] INFO:colcon.colcon_core.shell:Creating package script '/home/azp/new_ws/install/rom_msgs/share/rom_msgs/package.bash'
[1.407s] INFO:colcon.colcon_core.shell:Creating package script '/home/azp/new_ws/install/rom_msgs/share/rom_msgs/package.zsh'
[1.407s] Level 1:colcon.colcon_core.environment:create_file_with_runtime_dependencies(/home/azp/new_ws/install/rom_msgs/share/colcon-core/packages/rom_msgs)
[1.480s] DEBUG:colcon.colcon_core.event_handler.log_command:Invoked command in '/home/azp/new_ws/build/motor_msg' returned '1': CMAKE_PREFIX_PATH=${CMAKE_PREFIX_PATH}:/opt/ros/humble /usr/bin/cmake /home/azp/new_ws/src/motor_msg -DCMAKE_INSTALL_PREFIX=/home/azp/new_ws/install/motor_msg
[1.491s] Level 1:colcon.colcon_core.environment:create_environment_scripts_only(rom_msgs)
[1.494s] Level 1:colcon.colcon_core.environment:checking '/home/azp/new_ws/install/rom_msgs' for CMake module files
[1.495s] Level 1:colcon.colcon_core.environment:checking '/home/azp/new_ws/install/rom_msgs' for CMake config files
[1.495s] Level 1:colcon.colcon_core.shell:create_environment_hook('rom_msgs', 'cmake_prefix_path')
[1.497s] INFO:colcon.colcon_core.shell:Creating environment hook '/home/azp/new_ws/install/rom_msgs/share/rom_msgs/hook/cmake_prefix_path.ps1'
[1.497s] INFO:colcon.colcon_core.shell:Creating environment descriptor '/home/azp/new_ws/install/rom_msgs/share/rom_msgs/hook/cmake_prefix_path.dsv'
[1.497s] INFO:colcon.colcon_core.shell:Creating environment hook '/home/azp/new_ws/install/rom_msgs/share/rom_msgs/hook/cmake_prefix_path.sh'
[1.498s] Level 1:colcon.colcon_core.environment:checking '/home/azp/new_ws/install/rom_msgs/lib'
[1.498s] Level 1:colcon.colcon_core.shell:create_environment_hook('rom_msgs', 'ld_library_path_lib')
[1.500s] INFO:colcon.colcon_core.shell:Creating environment hook '/home/azp/new_ws/install/rom_msgs/share/rom_msgs/hook/ld_library_path_lib.ps1'
[1.500s] INFO:colcon.colcon_core.shell:Creating environment descriptor '/home/azp/new_ws/install/rom_msgs/share/rom_msgs/hook/ld_library_path_lib.dsv'
[1.500s] INFO:colcon.colcon_core.shell:Creating environment hook '/home/azp/new_ws/install/rom_msgs/share/rom_msgs/hook/ld_library_path_lib.sh'
[1.501s] Level 1:colcon.colcon_core.environment:checking '/home/azp/new_ws/install/rom_msgs/bin'
[1.501s] Level 1:colcon.colcon_core.environment:checking '/home/azp/new_ws/install/rom_msgs/lib/pkgconfig/rom_msgs.pc'
[1.501s] Level 1:colcon.colcon_core.environment:checking '/home/azp/new_ws/install/rom_msgs/lib/python3.10/site-packages'
[1.501s] Level 1:colcon.colcon_core.environment:checking '/home/azp/new_ws/install/rom_msgs/bin'
[1.503s] INFO:colcon.colcon_core.shell:Creating package script '/home/azp/new_ws/install/rom_msgs/share/rom_msgs/package.ps1'
[1.504s] INFO:colcon.colcon_core.shell:Creating package descriptor '/home/azp/new_ws/install/rom_msgs/share/rom_msgs/package.dsv'
[1.504s] INFO:colcon.colcon_core.shell:Creating package script '/home/azp/new_ws/install/rom_msgs/share/rom_msgs/package.sh'
[1.505s] INFO:colcon.colcon_core.shell:Creating package script '/home/azp/new_ws/install/rom_msgs/share/rom_msgs/package.bash'
[1.505s] INFO:colcon.colcon_core.shell:Creating package script '/home/azp/new_ws/install/rom_msgs/share/rom_msgs/package.zsh'
[1.506s] Level 1:colcon.colcon_core.environment:create_file_with_runtime_dependencies(/home/azp/new_ws/install/rom_msgs/share/colcon-core/packages/rom_msgs)
[1.507s] Level 1:colcon.colcon_core.environment:create_environment_scripts_only(motor_msg)
[1.509s] Level 1:colcon.colcon_core.environment:checking '/home/azp/new_ws/install/motor_msg' for CMake module files
[1.510s] Level 1:colcon.colcon_core.environment:checking '/home/azp/new_ws/install/motor_msg' for CMake config files
[1.510s] Level 1:colcon.colcon_core.environment:checking '/home/azp/new_ws/install/motor_msg/bin'
[1.510s] Level 1:colcon.colcon_core.environment:checking '/home/azp/new_ws/install/motor_msg/lib/pkgconfig/motor_msg.pc'
[1.510s] Level 1:colcon.colcon_core.environment:checking '/home/azp/new_ws/install/motor_msg/lib/python3.10/site-packages'
[1.511s] Level 1:colcon.colcon_core.environment:checking '/home/azp/new_ws/install/motor_msg/bin'
[1.512s] INFO:colcon.colcon_core.shell:Creating package script '/home/azp/new_ws/install/motor_msg/share/motor_msg/package.ps1'
[1.513s] INFO:colcon.colcon_core.shell:Creating package descriptor '/home/azp/new_ws/install/motor_msg/share/motor_msg/package.dsv'
[1.513s] INFO:colcon.colcon_core.shell:Creating package script '/home/azp/new_ws/install/motor_msg/share/motor_msg/package.sh'
[1.513s] INFO:colcon.colcon_core.shell:Creating package script '/home/azp/new_ws/install/motor_msg/share/motor_msg/package.bash'
[1.514s] INFO:colcon.colcon_core.shell:Creating package script '/home/azp/new_ws/install/motor_msg/share/motor_msg/package.zsh'
[1.514s] Level 1:colcon.colcon_core.environment:create_file_with_runtime_dependencies(/home/azp/new_ws/install/motor_msg/share/colcon-core/packages/motor_msg)
[1.524s] DEBUG:colcon.colcon_parallel_executor.executor.parallel:closing loop
[1.525s] DEBUG:colcon.colcon_parallel_executor.executor.parallel:loop closed
[1.525s] DEBUG:colcon.colcon_parallel_executor.executor.parallel:run_until_complete finished with '1'
[1.525s] DEBUG:colcon.colcon_core.event_reactor:joining thread
[1.533s] INFO:colcon.colcon_core.plugin_system:Skipping extension 'colcon_notification.desktop_notification.terminal_notifier': Not used on non-Darwin systems
[1.533s] INFO:colcon.colcon_core.plugin_system:Skipping extension 'colcon_notification.desktop_notification.win32': Not used on non-Windows systems
[1.533s] INFO:colcon.colcon_notification.desktop_notification:Sending desktop notification using 'notify2'
[1.547s] DEBUG:colcon.colcon_core.event_reactor:joined thread
[1.548s] INFO:colcon.colcon_core.shell:Creating prefix script '/home/azp/new_ws/install/local_setup.ps1'
[1.550s] INFO:colcon.colcon_core.shell:Creating prefix util module '/home/azp/new_ws/install/_local_setup_util_ps1.py'
[1.552s] INFO:colcon.colcon_core.shell:Creating prefix chain script '/home/azp/new_ws/install/setup.ps1'
[1.553s] INFO:colcon.colcon_core.shell:Creating prefix script '/home/azp/new_ws/install/local_setup.sh'
[1.554s] INFO:colcon.colcon_core.shell:Creating prefix util module '/home/azp/new_ws/install/_local_setup_util_sh.py'
[1.555s] INFO:colcon.colcon_core.shell:Creating prefix chain script '/home/azp/new_ws/install/setup.sh'
[1.556s] INFO:colcon.colcon_core.shell:Creating prefix script '/home/azp/new_ws/install/local_setup.bash'
[1.557s] INFO:colcon.colcon_core.shell:Creating prefix chain script '/home/azp/new_ws/install/setup.bash'
[1.558s] INFO:colcon.colcon_core.shell:Creating prefix script '/home/azp/new_ws/install/local_setup.zsh'
[1.559s] INFO:colcon.colcon_core.shell:Creating prefix chain script '/home/azp/new_ws/install/setup.zsh'
