-- Found ament_cmake: 1.3.2 (/opt/ros/humble/share/ament_cmake/cmake)
-- Found std_msgs: 4.2.2 (/opt/ros/humble/share/std_msgs/cmake)
-- Found rosidl_generator_c: 3.1.3 (/opt/ros/humble/share/rosidl_generator_c/cmake)
-- Found rosidl_adapter: 3.1.3 (/opt/ros/humble/share/rosidl_adapter/cmake)
-- Found rosidl_generator_cpp: 3.1.3 (/opt/ros/humble/share/rosidl_generator_cpp/cmake)
-- Using all available rosidl_typesupport_c: rosidl_typesupport_fastrtps_c;rosidl_typesupport_introspection_c
-- Using all available rosidl_typesupport_cpp: rosidl_typesupport_fastrtps_cpp;rosidl_typesupport_introspection_cpp
-- Found rosidl_default_generators: 1.2.0 (/opt/ros/humble/share/rosidl_default_generators/cmake)
-- Found ament_lint_auto: 0.12.4 (/opt/ros/humble/share/ament_lint_auto/cmake)
-- Found ament_cmake_ros: 0.10.0 (/opt/ros/humble/share/ament_cmake_ros/cmake)
-- Using all available rosidl_typesupport_c: rosidl_typesupport_fastrtps_c;rosidl_typesupport_introspection_c
-- Using all available rosidl_typesupport_cpp: rosidl_typesupport_fastrtps_cpp;rosidl_typesupport_introspection_cpp
-- Found PythonInterp: /usr/bin/python3 (found suitable version "3.10.4", minimum required is "3.6") 
-- Found python_cmake_module: 0.10.0 (/opt/ros/humble/share/python_cmake_module/cmake)
-- Found PythonLibs: /usr/lib/x86_64-linux-gnu/libpython3.10.so (found suitable version "3.10.4", minimum required is "3.5") 
-- Using PYTHON_EXECUTABLE: /usr/bin/python3
-- Using PYTHON_INCLUDE_DIRS: /usr/include/python3.10
-- Using PYTHON_LIBRARIES: /usr/lib/x86_64-linux-gnu/libpython3.10.so
-- Found PythonExtra: .so  
-- Added test 'lint_cmake' to check CMake code style
-- Added test 'xmllint' to check XML markup files
-- Configuring done
-- Generating done
-- Build files have been written to: /home/azp/new_ws/build/motor_msg
[  2%] [34m[1mGenerating C code for ROS interfaces[0m
[  5%] [34m[1mGenerating C++ code for ROS interfaces[0m
[  5%] Built target ament_cmake_python_copy_motor_msg
running egg_info
creating motor_msg.egg-info
writing motor_msg.egg-info/PKG-INFO
writing dependency_links to motor_msg.egg-info/dependency_links.txt
writing top-level names to motor_msg.egg-info/top_level.txt
writing manifest file 'motor_msg.egg-info/SOURCES.txt'
reading manifest file 'motor_msg.egg-info/SOURCES.txt'
writing manifest file 'motor_msg.egg-info/SOURCES.txt'
[  5%] Built target ament_cmake_python_build_motor_msg_egg
[  5%] Built target motor_msg__cpp
[ 12%] [34m[1mGenerating C++ type support dispatch for ROS interfaces[0m
[ 12%] [34m[1mGenerating C++ type support for eProsima Fast-RTPS[0m
[ 12%] [34m[1mGenerating C++ introspection for ROS interfaces[0m
[ 15%] [32mBuilding C object CMakeFiles/motor_msg__rosidl_generator_c.dir/rosidl_generator_c/motor_msg/msg/detail/rpm__functions.c.o[0m
[ 17%] [32mBuilding CXX object CMakeFiles/motor_msg__rosidl_typesupport_cpp.dir/rosidl_typesupport_cpp/motor_msg/msg/rpm__type_support.cpp.o[0m
[ 20%] [32mBuilding C object CMakeFiles/motor_msg__rosidl_generator_c.dir/rosidl_generator_c/motor_msg/srv/detail/add_two_int__functions.c.o[0m
[ 23%] [32m[1mLinking C shared library libmotor_msg__rosidl_generator_c.so[0m
[ 25%] [32mBuilding CXX object CMakeFiles/motor_msg__rosidl_typesupport_fastrtps_cpp.dir/rosidl_typesupport_fastrtps_cpp/motor_msg/msg/detail/dds_fastrtps/rpm__type_support.cpp.o[0m
[ 28%] [32mBuilding CXX object CMakeFiles/motor_msg__rosidl_typesupport_introspection_cpp.dir/rosidl_typesupport_introspection_cpp/motor_msg/msg/detail/rpm__type_support.cpp.o[0m
[ 28%] Built target motor_msg__rosidl_generator_c
[ 30%] [32mBuilding CXX object CMakeFiles/motor_msg__rosidl_typesupport_fastrtps_cpp.dir/rosidl_typesupport_fastrtps_cpp/motor_msg/srv/detail/dds_fastrtps/add_two_int__type_support.cpp.o[0m
[ 33%] [32mBuilding CXX object CMakeFiles/motor_msg__rosidl_typesupport_cpp.dir/rosidl_typesupport_cpp/motor_msg/srv/add_two_int__type_support.cpp.o[0m
[ 35%] [32mBuilding CXX object CMakeFiles/motor_msg__rosidl_typesupport_introspection_cpp.dir/rosidl_typesupport_introspection_cpp/motor_msg/srv/detail/add_two_int__type_support.cpp.o[0m
[ 38%] [34m[1mGenerating C type support dispatch for ROS interfaces[0m
[ 41%] [32m[1mLinking CXX shared library libmotor_msg__rosidl_typesupport_cpp.so[0m
[ 43%] [32m[1mLinking CXX shared library libmotor_msg__rosidl_typesupport_fastrtps_cpp.so[0m
[ 43%] Built target motor_msg__rosidl_typesupport_cpp
[ 46%] [34m[1mGenerating C type support for eProsima Fast-RTPS[0m
[ 46%] Built target motor_msg__rosidl_typesupport_fastrtps_cpp
[ 48%] [34m[1mGenerating C introspection for ROS interfaces[0m
[ 51%] [32m[1mLinking CXX shared library libmotor_msg__rosidl_typesupport_introspection_cpp.so[0m
[ 51%] Built target motor_msg__rosidl_typesupport_introspection_cpp
[ 53%] [32mBuilding CXX object CMakeFiles/motor_msg__rosidl_typesupport_c.dir/rosidl_typesupport_c/motor_msg/srv/add_two_int__type_support.cpp.o[0m
[ 56%] [32mBuilding CXX object CMakeFiles/motor_msg__rosidl_typesupport_c.dir/rosidl_typesupport_c/motor_msg/msg/rpm__type_support.cpp.o[0m
[ 58%] [32m[1mLinking CXX shared library libmotor_msg__rosidl_typesupport_c.so[0m
[ 58%] Built target motor_msg__rosidl_typesupport_c
[ 61%] [32mBuilding CXX object CMakeFiles/motor_msg__rosidl_typesupport_fastrtps_c.dir/rosidl_typesupport_fastrtps_c/motor_msg/srv/detail/add_two_int__type_support_c.cpp.o[0m
[ 64%] [32mBuilding CXX object CMakeFiles/motor_msg__rosidl_typesupport_fastrtps_c.dir/rosidl_typesupport_fastrtps_c/motor_msg/msg/detail/rpm__type_support_c.cpp.o[0m
[ 66%] [32mBuilding C object CMakeFiles/motor_msg__rosidl_typesupport_introspection_c.dir/rosidl_typesupport_introspection_c/motor_msg/msg/detail/rpm__type_support.c.o[0m
[ 69%] [32mBuilding C object CMakeFiles/motor_msg__rosidl_typesupport_introspection_c.dir/rosidl_typesupport_introspection_c/motor_msg/srv/detail/add_two_int__type_support.c.o[0m
[ 71%] [32m[1mLinking C shared library libmotor_msg__rosidl_typesupport_introspection_c.so[0m
[ 71%] Built target motor_msg__rosidl_typesupport_introspection_c
[ 74%] [32m[1mLinking CXX shared library libmotor_msg__rosidl_typesupport_fastrtps_c.so[0m
[ 74%] Built target motor_msg__rosidl_typesupport_fastrtps_c
[ 74%] Built target motor_msg
[ 76%] [34m[1mGenerating Python code for ROS interfaces[0m
[ 76%] Built target motor_msg__py
[ 82%] [32mBuilding C object CMakeFiles/motor_msg__rosidl_generator_py.dir/rosidl_generator_py/motor_msg/msg/_rpm_s.c.o[0m
[ 82%] [32mBuilding C object CMakeFiles/motor_msg__rosidl_generator_py.dir/rosidl_generator_py/motor_msg/srv/_add_two_int_s.c.o[0m
[ 84%] [32m[1mLinking C shared library rosidl_generator_py/motor_msg/libmotor_msg__rosidl_generator_py.so[0m
[ 84%] Built target motor_msg__rosidl_generator_py
[ 87%] [32mBuilding C object CMakeFiles/motor_msg__rosidl_typesupport_introspection_c__pyext.dir/rosidl_generator_py/motor_msg/_motor_msg_s.ep.rosidl_typesupport_introspection_c.c.o[0m
[ 92%] [32mBuilding C object CMakeFiles/motor_msg__rosidl_typesupport_fastrtps_c__pyext.dir/rosidl_generator_py/motor_msg/_motor_msg_s.ep.rosidl_typesupport_fastrtps_c.c.o[0m
[ 92%] [32mBuilding C object CMakeFiles/motor_msg__rosidl_typesupport_c__pyext.dir/rosidl_generator_py/motor_msg/_motor_msg_s.ep.rosidl_typesupport_c.c.o[0m
[ 94%] [32m[1mLinking C shared library rosidl_generator_py/motor_msg/motor_msg_s__rosidl_typesupport_fastrtps_c.cpython-310-x86_64-linux-gnu.so[0m
[ 97%] [32m[1mLinking C shared library rosidl_generator_py/motor_msg/motor_msg_s__rosidl_typesupport_introspection_c.cpython-310-x86_64-linux-gnu.so[0m
[100%] [32m[1mLinking C shared library rosidl_generator_py/motor_msg/motor_msg_s__rosidl_typesupport_c.cpython-310-x86_64-linux-gnu.so[0m
[100%] Built target motor_msg__rosidl_typesupport_fastrtps_c__pyext
[100%] Built target motor_msg__rosidl_typesupport_introspection_c__pyext
[100%] Built target motor_msg__rosidl_typesupport_c__pyext
-- Install configuration: ""
-- Installing: /home/azp/new_ws/install/motor_msg/share/ament_index/resource_index/rosidl_interfaces/motor_msg
-- Installing: /home/azp/new_ws/install/motor_msg/include/motor_msg/motor_msg
-- Installing: /home/azp/new_ws/install/motor_msg/include/motor_msg/motor_msg/msg
-- Installing: /home/azp/new_ws/install/motor_msg/include/motor_msg/motor_msg/msg/rpm.h
-- Installing: /home/azp/new_ws/install/motor_msg/include/motor_msg/motor_msg/msg/detail
-- Installing: /home/azp/new_ws/install/motor_msg/include/motor_msg/motor_msg/msg/detail/rpm__functions.c
-- Installing: /home/azp/new_ws/install/motor_msg/include/motor_msg/motor_msg/msg/detail/rpm__functions.h
-- Installing: /home/azp/new_ws/install/motor_msg/include/motor_msg/motor_msg/msg/detail/rpm__type_support.h
-- Installing: /home/azp/new_ws/install/motor_msg/include/motor_msg/motor_msg/msg/detail/rpm__struct.h
-- Installing: /home/azp/new_ws/install/motor_msg/include/motor_msg/motor_msg/msg/rosidl_generator_c__visibility_control.h
-- Installing: /home/azp/new_ws/install/motor_msg/include/motor_msg/motor_msg/srv
-- Installing: /home/azp/new_ws/install/motor_msg/include/motor_msg/motor_msg/srv/detail
-- Installing: /home/azp/new_ws/install/motor_msg/include/motor_msg/motor_msg/srv/detail/add_two_int__struct.h
-- Installing: /home/azp/new_ws/install/motor_msg/include/motor_msg/motor_msg/srv/detail/add_two_int__type_support.h
-- Installing: /home/azp/new_ws/install/motor_msg/include/motor_msg/motor_msg/srv/detail/add_two_int__functions.h
-- Installing: /home/azp/new_ws/install/motor_msg/include/motor_msg/motor_msg/srv/detail/add_two_int__functions.c
-- Installing: /home/azp/new_ws/install/motor_msg/include/motor_msg/motor_msg/srv/add_two_int.h
-- Installing: /home/azp/new_ws/install/motor_msg/share/motor_msg/environment/library_path.sh
-- Installing: /home/azp/new_ws/install/motor_msg/share/motor_msg/environment/library_path.dsv
-- Installing: /home/azp/new_ws/install/motor_msg/lib/libmotor_msg__rosidl_generator_c.so
-- Set runtime path of "/home/azp/new_ws/install/motor_msg/lib/libmotor_msg__rosidl_generator_c.so" to ""
-- Up-to-date: /home/azp/new_ws/install/motor_msg/include/motor_msg/motor_msg
-- Up-to-date: /home/azp/new_ws/install/motor_msg/include/motor_msg/motor_msg/msg
-- Up-to-date: /home/azp/new_ws/install/motor_msg/include/motor_msg/motor_msg/msg/detail
-- Installing: /home/azp/new_ws/install/motor_msg/include/motor_msg/motor_msg/msg/detail/rpm__rosidl_typesupport_fastrtps_c.h
-- Installing: /home/azp/new_ws/install/motor_msg/include/motor_msg/motor_msg/msg/rosidl_typesupport_fastrtps_c__visibility_control.h
-- Up-to-date: /home/azp/new_ws/install/motor_msg/include/motor_msg/motor_msg/srv
-- Up-to-date: /home/azp/new_ws/install/motor_msg/include/motor_msg/motor_msg/srv/detail
-- Installing: /home/azp/new_ws/install/motor_msg/include/motor_msg/motor_msg/srv/detail/add_two_int__rosidl_typesupport_fastrtps_c.h
-- Installing: /home/azp/new_ws/install/motor_msg/lib/libmotor_msg__rosidl_typesupport_fastrtps_c.so
-- Set runtime path of "/home/azp/new_ws/install/motor_msg/lib/libmotor_msg__rosidl_typesupport_fastrtps_c.so" to ""
-- Up-to-date: /home/azp/new_ws/install/motor_msg/include/motor_msg/motor_msg
-- Up-to-date: /home/azp/new_ws/install/motor_msg/include/motor_msg/motor_msg/msg
-- Installing: /home/azp/new_ws/install/motor_msg/include/motor_msg/motor_msg/msg/rpm.hpp
-- Up-to-date: /home/azp/new_ws/install/motor_msg/include/motor_msg/motor_msg/msg/detail
-- Installing: /home/azp/new_ws/install/motor_msg/include/motor_msg/motor_msg/msg/detail/rpm__builder.hpp
-- Installing: /home/azp/new_ws/install/motor_msg/include/motor_msg/motor_msg/msg/detail/rpm__struct.hpp
-- Installing: /home/azp/new_ws/install/motor_msg/include/motor_msg/motor_msg/msg/detail/rpm__traits.hpp
-- Up-to-date: /home/azp/new_ws/install/motor_msg/include/motor_msg/motor_msg/srv
-- Installing: /home/azp/new_ws/install/motor_msg/include/motor_msg/motor_msg/srv/add_two_int.hpp
-- Up-to-date: /home/azp/new_ws/install/motor_msg/include/motor_msg/motor_msg/srv/detail
-- Installing: /home/azp/new_ws/install/motor_msg/include/motor_msg/motor_msg/srv/detail/add_two_int__traits.hpp
-- Installing: /home/azp/new_ws/install/motor_msg/include/motor_msg/motor_msg/srv/detail/add_two_int__builder.hpp
-- Installing: /home/azp/new_ws/install/motor_msg/include/motor_msg/motor_msg/srv/detail/add_two_int__struct.hpp
-- Up-to-date: /home/azp/new_ws/install/motor_msg/include/motor_msg/motor_msg
-- Up-to-date: /home/azp/new_ws/install/motor_msg/include/motor_msg/motor_msg/msg
-- Installing: /home/azp/new_ws/install/motor_msg/include/motor_msg/motor_msg/msg/rosidl_typesupport_fastrtps_cpp__visibility_control.h
-- Up-to-date: /home/azp/new_ws/install/motor_msg/include/motor_msg/motor_msg/msg/detail
-- Installing: /home/azp/new_ws/install/motor_msg/include/motor_msg/motor_msg/msg/detail/dds_fastrtps
-- Installing: /home/azp/new_ws/install/motor_msg/include/motor_msg/motor_msg/msg/detail/rpm__rosidl_typesupport_fastrtps_cpp.hpp
-- Up-to-date: /home/azp/new_ws/install/motor_msg/include/motor_msg/motor_msg/srv
-- Up-to-date: /home/azp/new_ws/install/motor_msg/include/motor_msg/motor_msg/srv/detail
-- Installing: /home/azp/new_ws/install/motor_msg/include/motor_msg/motor_msg/srv/detail/dds_fastrtps
-- Installing: /home/azp/new_ws/install/motor_msg/include/motor_msg/motor_msg/srv/detail/add_two_int__rosidl_typesupport_fastrtps_cpp.hpp
-- Installing: /home/azp/new_ws/install/motor_msg/lib/libmotor_msg__rosidl_typesupport_fastrtps_cpp.so
-- Set runtime path of "/home/azp/new_ws/install/motor_msg/lib/libmotor_msg__rosidl_typesupport_fastrtps_cpp.so" to ""
-- Up-to-date: /home/azp/new_ws/install/motor_msg/include/motor_msg/motor_msg
-- Up-to-date: /home/azp/new_ws/install/motor_msg/include/motor_msg/motor_msg/msg
-- Installing: /home/azp/new_ws/install/motor_msg/include/motor_msg/motor_msg/msg/rosidl_typesupport_introspection_c__visibility_control.h
-- Up-to-date: /home/azp/new_ws/install/motor_msg/include/motor_msg/motor_msg/msg/detail
-- Installing: /home/azp/new_ws/install/motor_msg/include/motor_msg/motor_msg/msg/detail/rpm__rosidl_typesupport_introspection_c.h
-- Installing: /home/azp/new_ws/install/motor_msg/include/motor_msg/motor_msg/msg/detail/rpm__type_support.c
-- Up-to-date: /home/azp/new_ws/install/motor_msg/include/motor_msg/motor_msg/srv
-- Up-to-date: /home/azp/new_ws/install/motor_msg/include/motor_msg/motor_msg/srv/detail
-- Installing: /home/azp/new_ws/install/motor_msg/include/motor_msg/motor_msg/srv/detail/add_two_int__type_support.c
-- Installing: /home/azp/new_ws/install/motor_msg/include/motor_msg/motor_msg/srv/detail/add_two_int__rosidl_typesupport_introspection_c.h
-- Installing: /home/azp/new_ws/install/motor_msg/lib/libmotor_msg__rosidl_typesupport_introspection_c.so
-- Set runtime path of "/home/azp/new_ws/install/motor_msg/lib/libmotor_msg__rosidl_typesupport_introspection_c.so" to ""
-- Installing: /home/azp/new_ws/install/motor_msg/lib/libmotor_msg__rosidl_typesupport_c.so
-- Set runtime path of "/home/azp/new_ws/install/motor_msg/lib/libmotor_msg__rosidl_typesupport_c.so" to ""
-- Up-to-date: /home/azp/new_ws/install/motor_msg/include/motor_msg/motor_msg
-- Up-to-date: /home/azp/new_ws/install/motor_msg/include/motor_msg/motor_msg/msg
-- Up-to-date: /home/azp/new_ws/install/motor_msg/include/motor_msg/motor_msg/msg/detail
-- Installing: /home/azp/new_ws/install/motor_msg/include/motor_msg/motor_msg/msg/detail/rpm__rosidl_typesupport_introspection_cpp.hpp
-- Installing: /home/azp/new_ws/install/motor_msg/include/motor_msg/motor_msg/msg/detail/rpm__type_support.cpp
-- Up-to-date: /home/azp/new_ws/install/motor_msg/include/motor_msg/motor_msg/srv
-- Up-to-date: /home/azp/new_ws/install/motor_msg/include/motor_msg/motor_msg/srv/detail
-- Installing: /home/azp/new_ws/install/motor_msg/include/motor_msg/motor_msg/srv/detail/add_two_int__rosidl_typesupport_introspection_cpp.hpp
-- Installing: /home/azp/new_ws/install/motor_msg/include/motor_msg/motor_msg/srv/detail/add_two_int__type_support.cpp
-- Installing: /home/azp/new_ws/install/motor_msg/lib/libmotor_msg__rosidl_typesupport_introspection_cpp.so
-- Set runtime path of "/home/azp/new_ws/install/motor_msg/lib/libmotor_msg__rosidl_typesupport_introspection_cpp.so" to ""
-- Installing: /home/azp/new_ws/install/motor_msg/lib/libmotor_msg__rosidl_typesupport_cpp.so
-- Set runtime path of "/home/azp/new_ws/install/motor_msg/lib/libmotor_msg__rosidl_typesupport_cpp.so" to ""
-- Installing: /home/azp/new_ws/install/motor_msg/share/motor_msg/environment/pythonpath.sh
-- Installing: /home/azp/new_ws/install/motor_msg/share/motor_msg/environment/pythonpath.dsv
-- Installing: /home/azp/new_ws/install/motor_msg/local/lib/python3.10/dist-packages/motor_msg-0.0.0-py3.10.egg-info
-- Installing: /home/azp/new_ws/install/motor_msg/local/lib/python3.10/dist-packages/motor_msg-0.0.0-py3.10.egg-info/dependency_links.txt
-- Installing: /home/azp/new_ws/install/motor_msg/local/lib/python3.10/dist-packages/motor_msg-0.0.0-py3.10.egg-info/PKG-INFO
-- Installing: /home/azp/new_ws/install/motor_msg/local/lib/python3.10/dist-packages/motor_msg-0.0.0-py3.10.egg-info/top_level.txt
-- Installing: /home/azp/new_ws/install/motor_msg/local/lib/python3.10/dist-packages/motor_msg-0.0.0-py3.10.egg-info/SOURCES.txt
-- Installing: /home/azp/new_ws/install/motor_msg/local/lib/python3.10/dist-packages/motor_msg
-- Installing: /home/azp/new_ws/install/motor_msg/local/lib/python3.10/dist-packages/motor_msg/motor_msg_s__rosidl_typesupport_introspection_c.cpython-310-x86_64-linux-gnu.so
-- Installing: /home/azp/new_ws/install/motor_msg/local/lib/python3.10/dist-packages/motor_msg/_motor_msg_s.ep.rosidl_typesupport_fastrtps_c.c
-- Installing: /home/azp/new_ws/install/motor_msg/local/lib/python3.10/dist-packages/motor_msg/libmotor_msg__rosidl_generator_py.so
-- Installing: /home/azp/new_ws/install/motor_msg/local/lib/python3.10/dist-packages/motor_msg/motor_msg_s__rosidl_typesupport_fastrtps_c.cpython-310-x86_64-linux-gnu.so
-- Installing: /home/azp/new_ws/install/motor_msg/local/lib/python3.10/dist-packages/motor_msg/msg
-- Installing: /home/azp/new_ws/install/motor_msg/local/lib/python3.10/dist-packages/motor_msg/msg/_rpm.py
-- Installing: /home/azp/new_ws/install/motor_msg/local/lib/python3.10/dist-packages/motor_msg/msg/__init__.py
-- Installing: /home/azp/new_ws/install/motor_msg/local/lib/python3.10/dist-packages/motor_msg/msg/_rpm_s.c
-- Installing: /home/azp/new_ws/install/motor_msg/local/lib/python3.10/dist-packages/motor_msg/_motor_msg_s.ep.rosidl_typesupport_c.c
-- Installing: /home/azp/new_ws/install/motor_msg/local/lib/python3.10/dist-packages/motor_msg/__init__.py
-- Installing: /home/azp/new_ws/install/motor_msg/local/lib/python3.10/dist-packages/motor_msg/_motor_msg_s.ep.rosidl_typesupport_introspection_c.c
-- Installing: /home/azp/new_ws/install/motor_msg/local/lib/python3.10/dist-packages/motor_msg/srv
-- Installing: /home/azp/new_ws/install/motor_msg/local/lib/python3.10/dist-packages/motor_msg/srv/_add_two_int.py
-- Installing: /home/azp/new_ws/install/motor_msg/local/lib/python3.10/dist-packages/motor_msg/srv/__init__.py
-- Installing: /home/azp/new_ws/install/motor_msg/local/lib/python3.10/dist-packages/motor_msg/srv/_add_two_int_s.c
-- Installing: /home/azp/new_ws/install/motor_msg/local/lib/python3.10/dist-packages/motor_msg/motor_msg_s__rosidl_typesupport_c.cpython-310-x86_64-linux-gnu.so
Listing '/home/azp/new_ws/install/motor_msg/local/lib/python3.10/dist-packages/motor_msg'...
Compiling '/home/azp/new_ws/install/motor_msg/local/lib/python3.10/dist-packages/motor_msg/__init__.py'...
Listing '/home/azp/new_ws/install/motor_msg/local/lib/python3.10/dist-packages/motor_msg/msg'...
Compiling '/home/azp/new_ws/install/motor_msg/local/lib/python3.10/dist-packages/motor_msg/msg/__init__.py'...
Compiling '/home/azp/new_ws/install/motor_msg/local/lib/python3.10/dist-packages/motor_msg/msg/_rpm.py'...
Listing '/home/azp/new_ws/install/motor_msg/local/lib/python3.10/dist-packages/motor_msg/srv'...
Compiling '/home/azp/new_ws/install/motor_msg/local/lib/python3.10/dist-packages/motor_msg/srv/__init__.py'...
Compiling '/home/azp/new_ws/install/motor_msg/local/lib/python3.10/dist-packages/motor_msg/srv/_add_two_int.py'...
-- Installing: /home/azp/new_ws/install/motor_msg/local/lib/python3.10/dist-packages/motor_msg/motor_msg_s__rosidl_typesupport_fastrtps_c.cpython-310-x86_64-linux-gnu.so
-- Set runtime path of "/home/azp/new_ws/install/motor_msg/local/lib/python3.10/dist-packages/motor_msg/motor_msg_s__rosidl_typesupport_fastrtps_c.cpython-310-x86_64-linux-gnu.so" to ""
-- Installing: /home/azp/new_ws/install/motor_msg/local/lib/python3.10/dist-packages/motor_msg/motor_msg_s__rosidl_typesupport_introspection_c.cpython-310-x86_64-linux-gnu.so
-- Set runtime path of "/home/azp/new_ws/install/motor_msg/local/lib/python3.10/dist-packages/motor_msg/motor_msg_s__rosidl_typesupport_introspection_c.cpython-310-x86_64-linux-gnu.so" to ""
-- Installing: /home/azp/new_ws/install/motor_msg/local/lib/python3.10/dist-packages/motor_msg/motor_msg_s__rosidl_typesupport_c.cpython-310-x86_64-linux-gnu.so
-- Set runtime path of "/home/azp/new_ws/install/motor_msg/local/lib/python3.10/dist-packages/motor_msg/motor_msg_s__rosidl_typesupport_c.cpython-310-x86_64-linux-gnu.so" to ""
-- Installing: /home/azp/new_ws/install/motor_msg/lib/libmotor_msg__rosidl_generator_py.so
-- Set runtime path of "/home/azp/new_ws/install/motor_msg/lib/libmotor_msg__rosidl_generator_py.so" to ""
-- Installing: /home/azp/new_ws/install/motor_msg/share/motor_msg/msg/Rpm.idl
-- Installing: /home/azp/new_ws/install/motor_msg/share/motor_msg/srv/AddTwoInt.idl
-- Installing: /home/azp/new_ws/install/motor_msg/share/motor_msg/msg/Rpm.msg
-- Installing: /home/azp/new_ws/install/motor_msg/share/motor_msg/srv/AddTwoInt.srv
-- Installing: /home/azp/new_ws/install/motor_msg/share/motor_msg/srv/AddTwoInt_Request.msg
-- Installing: /home/azp/new_ws/install/motor_msg/share/motor_msg/srv/AddTwoInt_Response.msg
-- Installing: /home/azp/new_ws/install/motor_msg/share/ament_index/resource_index/package_run_dependencies/motor_msg
-- Installing: /home/azp/new_ws/install/motor_msg/share/ament_index/resource_index/parent_prefix_path/motor_msg
-- Installing: /home/azp/new_ws/install/motor_msg/share/motor_msg/environment/ament_prefix_path.sh
-- Installing: /home/azp/new_ws/install/motor_msg/share/motor_msg/environment/ament_prefix_path.dsv
-- Installing: /home/azp/new_ws/install/motor_msg/share/motor_msg/environment/path.sh
-- Installing: /home/azp/new_ws/install/motor_msg/share/motor_msg/environment/path.dsv
-- Installing: /home/azp/new_ws/install/motor_msg/share/motor_msg/local_setup.bash
-- Installing: /home/azp/new_ws/install/motor_msg/share/motor_msg/local_setup.sh
-- Installing: /home/azp/new_ws/install/motor_msg/share/motor_msg/local_setup.zsh
-- Installing: /home/azp/new_ws/install/motor_msg/share/motor_msg/local_setup.dsv
-- Installing: /home/azp/new_ws/install/motor_msg/share/motor_msg/package.dsv
-- Installing: /home/azp/new_ws/install/motor_msg/share/ament_index/resource_index/packages/motor_msg
-- Installing: /home/azp/new_ws/install/motor_msg/share/motor_msg/cmake/export_motor_msg__rosidl_generator_cExport.cmake
-- Installing: /home/azp/new_ws/install/motor_msg/share/motor_msg/cmake/export_motor_msg__rosidl_generator_cExport-noconfig.cmake
-- Installing: /home/azp/new_ws/install/motor_msg/share/motor_msg/cmake/export_motor_msg__rosidl_typesupport_fastrtps_cExport.cmake
-- Installing: /home/azp/new_ws/install/motor_msg/share/motor_msg/cmake/export_motor_msg__rosidl_typesupport_fastrtps_cExport-noconfig.cmake
-- Installing: /home/azp/new_ws/install/motor_msg/share/motor_msg/cmake/export_motor_msg__rosidl_generator_cppExport.cmake
-- Installing: /home/azp/new_ws/install/motor_msg/share/motor_msg/cmake/export_motor_msg__rosidl_typesupport_fastrtps_cppExport.cmake
-- Installing: /home/azp/new_ws/install/motor_msg/share/motor_msg/cmake/export_motor_msg__rosidl_typesupport_fastrtps_cppExport-noconfig.cmake
-- Installing: /home/azp/new_ws/install/motor_msg/share/motor_msg/cmake/motor_msg__rosidl_typesupport_introspection_cExport.cmake
-- Installing: /home/azp/new_ws/install/motor_msg/share/motor_msg/cmake/motor_msg__rosidl_typesupport_introspection_cExport-noconfig.cmake
-- Installing: /home/azp/new_ws/install/motor_msg/share/motor_msg/cmake/motor_msg__rosidl_typesupport_cExport.cmake
-- Installing: /home/azp/new_ws/install/motor_msg/share/motor_msg/cmake/motor_msg__rosidl_typesupport_cExport-noconfig.cmake
-- Installing: /home/azp/new_ws/install/motor_msg/share/motor_msg/cmake/motor_msg__rosidl_typesupport_introspection_cppExport.cmake
-- Installing: /home/azp/new_ws/install/motor_msg/share/motor_msg/cmake/motor_msg__rosidl_typesupport_introspection_cppExport-noconfig.cmake
-- Installing: /home/azp/new_ws/install/motor_msg/share/motor_msg/cmake/motor_msg__rosidl_typesupport_cppExport.cmake
-- Installing: /home/azp/new_ws/install/motor_msg/share/motor_msg/cmake/motor_msg__rosidl_typesupport_cppExport-noconfig.cmake
-- Installing: /home/azp/new_ws/install/motor_msg/share/motor_msg/cmake/export_motor_msg__rosidl_generator_pyExport.cmake
-- Installing: /home/azp/new_ws/install/motor_msg/share/motor_msg/cmake/export_motor_msg__rosidl_generator_pyExport-noconfig.cmake
-- Installing: /home/azp/new_ws/install/motor_msg/share/motor_msg/cmake/rosidl_cmake-extras.cmake
-- Installing: /home/azp/new_ws/install/motor_msg/share/motor_msg/cmake/ament_cmake_export_include_directories-extras.cmake
-- Installing: /home/azp/new_ws/install/motor_msg/share/motor_msg/cmake/ament_cmake_export_libraries-extras.cmake
-- Installing: /home/azp/new_ws/install/motor_msg/share/motor_msg/cmake/ament_cmake_export_targets-extras.cmake
-- Installing: /home/azp/new_ws/install/motor_msg/share/motor_msg/cmake/rosidl_cmake_export_typesupport_targets-extras.cmake
-- Installing: /home/azp/new_ws/install/motor_msg/share/motor_msg/cmake/ament_cmake_export_dependencies-extras.cmake
-- Installing: /home/azp/new_ws/install/motor_msg/share/motor_msg/cmake/rosidl_cmake_export_typesupport_libraries-extras.cmake
-- Installing: /home/azp/new_ws/install/motor_msg/share/motor_msg/cmake/motor_msgConfig.cmake
-- Installing: /home/azp/new_ws/install/motor_msg/share/motor_msg/cmake/motor_msgConfig-version.cmake
-- Installing: /home/azp/new_ws/install/motor_msg/share/motor_msg/package.xml
