[0.029s] Invoking command in '/home/azp/new_ws/build/motor_msg': CMAKE_PREFIX_PATH=${CMAKE_PREFIX_PATH}:/opt/ros/humble /usr/bin/cmake /home/azp/new_ws/src/motor_msg -DCMAKE_INSTALL_PREFIX=/home/azp/new_ws/install/motor_msg
[0.048s] -- Found ament_cmake: 1.3.2 (/opt/ros/humble/share/ament_cmake/cmake)
[0.353s] -- Found std_msgs: 4.2.2 (/opt/ros/humble/share/std_msgs/cmake)
[0.409s] -- Found rosidl_generator_c: 3.1.3 (/opt/ros/humble/share/rosidl_generator_c/cmake)
[0.415s] -- Found rosidl_adapter: 3.1.3 (/opt/ros/humble/share/rosidl_adapter/cmake)
[0.429s] -- Found rosidl_generator_cpp: 3.1.3 (/opt/ros/humble/share/rosidl_generator_cpp/cmake)
[0.454s] -- Using all available rosidl_typesupport_c: rosidl_typesupport_fastrtps_c;rosidl_typesupport_introspection_c
[0.490s] -- Using all available rosidl_typesupport_cpp: rosidl_typesupport_fastrtps_cpp;rosidl_typesupport_introspection_cpp
[0.615s] -- Found rosidl_default_generators: 1.2.0 (/opt/ros/humble/share/rosidl_default_generators/cmake)
[0.631s] -- Found ament_lint_auto: 0.12.4 (/opt/ros/humble/share/ament_lint_auto/cmake)
[1.072s] -- Found ament_cmake_ros: 0.10.0 (/opt/ros/humble/share/ament_cmake_ros/cmake)
[1.535s] -- Using all available rosidl_typesupport_c: rosidl_typesupport_fastrtps_c;rosidl_typesupport_introspection_c
[1.681s] -- Using all available rosidl_typesupport_cpp: rosidl_typesupport_fastrtps_cpp;rosidl_typesupport_introspection_cpp
[1.724s] -- Found PythonInterp: /usr/bin/python3 (found suitable version "3.10.4", minimum required is "3.6") 
[1.732s] -- Found python_cmake_module: 0.10.0 (/opt/ros/humble/share/python_cmake_module/cmake)
[1.823s] -- Found PythonLibs: /usr/lib/x86_64-linux-gnu/libpython3.10.so (found suitable version "3.10.4", minimum required is "3.5") 
[1.824s] -- Using PYTHON_EXECUTABLE: /usr/bin/python3
[1.825s] -- Using PYTHON_INCLUDE_DIRS: /usr/include/python3.10
[1.826s] -- Using PYTHON_LIBRARIES: /usr/lib/x86_64-linux-gnu/libpython3.10.so
[1.871s] -- Found PythonExtra: .so  
[1.998s] -- Added test 'lint_cmake' to check CMake code style
[2.022s] -- Added test 'xmllint' to check XML markup files
[2.136s] -- Configuring done
[2.210s] -- Generating done
[2.213s] -- Build files have been written to: /home/azp/new_ws/build/motor_msg
[2.220s] Invoked command in '/home/azp/new_ws/build/motor_msg' returned '0': CMAKE_PREFIX_PATH=${CMAKE_PREFIX_PATH}:/opt/ros/humble /usr/bin/cmake /home/azp/new_ws/src/motor_msg -DCMAKE_INSTALL_PREFIX=/home/azp/new_ws/install/motor_msg
[2.222s] Invoking command in '/home/azp/new_ws/build/motor_msg': CMAKE_PREFIX_PATH=${CMAKE_PREFIX_PATH}:/opt/ros/humble /usr/bin/cmake --build /home/azp/new_ws/build/motor_msg -- -j4 -l4
[2.265s] [  2%] [34m[1mGenerating C code for ROS interfaces[0m
[2.275s] [  5%] [34m[1mGenerating C++ code for ROS interfaces[0m
[2.286s] [  5%] Built target ament_cmake_python_copy_motor_msg
[2.588s] running egg_info
[2.589s] creating motor_msg.egg-info
[2.589s] writing motor_msg.egg-info/PKG-INFO
[2.589s] writing dependency_links to motor_msg.egg-info/dependency_links.txt
[2.590s] writing top-level names to motor_msg.egg-info/top_level.txt
[2.590s] writing manifest file 'motor_msg.egg-info/SOURCES.txt'
[2.593s] reading manifest file 'motor_msg.egg-info/SOURCES.txt'
[2.593s] writing manifest file 'motor_msg.egg-info/SOURCES.txt'
[2.627s] [  5%] Built target ament_cmake_python_build_motor_msg_egg
[2.974s] [  5%] Built target motor_msg__cpp
[2.987s] [ 12%] [34m[1mGenerating C++ type support dispatch for ROS interfaces[0m
[2.988s] [ 12%] [34m[1mGenerating C++ type support for eProsima Fast-RTPS[0m
[2.988s] [ 12%] [34m[1mGenerating C++ introspection for ROS interfaces[0m
[3.093s] [ 15%] [32mBuilding C object CMakeFiles/motor_msg__rosidl_generator_c.dir/rosidl_generator_c/motor_msg/msg/detail/rpm__functions.c.o[0m
[3.408s] [ 17%] [32mBuilding CXX object CMakeFiles/motor_msg__rosidl_typesupport_cpp.dir/rosidl_typesupport_cpp/motor_msg/msg/rpm__type_support.cpp.o[0m
[3.510s] [ 20%] [32mBuilding C object CMakeFiles/motor_msg__rosidl_generator_c.dir/rosidl_generator_c/motor_msg/srv/detail/add_two_int__functions.c.o[0m
[3.580s] [ 23%] [32m[1mLinking C shared library libmotor_msg__rosidl_generator_c.so[0m
[3.624s] [ 25%] [32mBuilding CXX object CMakeFiles/motor_msg__rosidl_typesupport_fastrtps_cpp.dir/rosidl_typesupport_fastrtps_cpp/motor_msg/msg/detail/dds_fastrtps/rpm__type_support.cpp.o[0m
[3.652s] [ 28%] [32mBuilding CXX object CMakeFiles/motor_msg__rosidl_typesupport_introspection_cpp.dir/rosidl_typesupport_introspection_cpp/motor_msg/msg/detail/rpm__type_support.cpp.o[0m
[3.678s] [ 28%] Built target motor_msg__rosidl_generator_c
[3.688s] [ 30%] [32mBuilding CXX object CMakeFiles/motor_msg__rosidl_typesupport_fastrtps_cpp.dir/rosidl_typesupport_fastrtps_cpp/motor_msg/srv/detail/dds_fastrtps/add_two_int__type_support.cpp.o[0m
[5.656s] [ 33%] [32mBuilding CXX object CMakeFiles/motor_msg__rosidl_typesupport_cpp.dir/rosidl_typesupport_cpp/motor_msg/srv/add_two_int__type_support.cpp.o[0m
[5.773s] [ 35%] [32mBuilding CXX object CMakeFiles/motor_msg__rosidl_typesupport_introspection_cpp.dir/rosidl_typesupport_introspection_cpp/motor_msg/srv/detail/add_two_int__type_support.cpp.o[0m
[6.106s] [ 38%] [34m[1mGenerating C type support dispatch for ROS interfaces[0m
[6.220s] [ 41%] [32m[1mLinking CXX shared library libmotor_msg__rosidl_typesupport_cpp.so[0m
[6.245s] [ 43%] [32m[1mLinking CXX shared library libmotor_msg__rosidl_typesupport_fastrtps_cpp.so[0m
[6.294s] [ 43%] Built target motor_msg__rosidl_typesupport_cpp
[6.309s] [ 46%] [34m[1mGenerating C type support for eProsima Fast-RTPS[0m
[6.443s] [ 46%] Built target motor_msg__rosidl_typesupport_fastrtps_cpp
[6.459s] [ 48%] [34m[1mGenerating C introspection for ROS interfaces[0m
[6.540s] [ 51%] [32m[1mLinking CXX shared library libmotor_msg__rosidl_typesupport_introspection_cpp.so[0m
[6.621s] [ 51%] Built target motor_msg__rosidl_typesupport_introspection_cpp
[6.651s] [ 53%] [32mBuilding CXX object CMakeFiles/motor_msg__rosidl_typesupport_c.dir/rosidl_typesupport_c/motor_msg/srv/add_two_int__type_support.cpp.o[0m
[6.652s] [ 56%] [32mBuilding CXX object CMakeFiles/motor_msg__rosidl_typesupport_c.dir/rosidl_typesupport_c/motor_msg/msg/rpm__type_support.cpp.o[0m
[6.728s] [ 58%] [32m[1mLinking CXX shared library libmotor_msg__rosidl_typesupport_c.so[0m
[6.797s] [ 58%] Built target motor_msg__rosidl_typesupport_c
[6.893s] [ 61%] [32mBuilding CXX object CMakeFiles/motor_msg__rosidl_typesupport_fastrtps_c.dir/rosidl_typesupport_fastrtps_c/motor_msg/srv/detail/add_two_int__type_support_c.cpp.o[0m
[6.896s] [ 64%] [32mBuilding CXX object CMakeFiles/motor_msg__rosidl_typesupport_fastrtps_c.dir/rosidl_typesupport_fastrtps_c/motor_msg/msg/detail/rpm__type_support_c.cpp.o[0m
[6.976s] [ 66%] [32mBuilding C object CMakeFiles/motor_msg__rosidl_typesupport_introspection_c.dir/rosidl_typesupport_introspection_c/motor_msg/msg/detail/rpm__type_support.c.o[0m
[6.976s] [ 69%] [32mBuilding C object CMakeFiles/motor_msg__rosidl_typesupport_introspection_c.dir/rosidl_typesupport_introspection_c/motor_msg/srv/detail/add_two_int__type_support.c.o[0m
[7.019s] [ 71%] [32m[1mLinking C shared library libmotor_msg__rosidl_typesupport_introspection_c.so[0m
[7.050s] [ 71%] Built target motor_msg__rosidl_typesupport_introspection_c
[7.414s] [ 74%] [32m[1mLinking CXX shared library libmotor_msg__rosidl_typesupport_fastrtps_c.so[0m
[7.543s] [ 74%] Built target motor_msg__rosidl_typesupport_fastrtps_c
[7.565s] [ 74%] Built target motor_msg
[7.585s] [ 76%] [34m[1mGenerating Python code for ROS interfaces[0m
[8.238s] [ 76%] Built target motor_msg__py
[8.258s] [ 82%] [32mBuilding C object CMakeFiles/motor_msg__rosidl_generator_py.dir/rosidl_generator_py/motor_msg/msg/_rpm_s.c.o[0m
[8.259s] [ 82%] [32mBuilding C object CMakeFiles/motor_msg__rosidl_generator_py.dir/rosidl_generator_py/motor_msg/srv/_add_two_int_s.c.o[0m
[8.894s] [ 84%] [32m[1mLinking C shared library rosidl_generator_py/motor_msg/libmotor_msg__rosidl_generator_py.so[0m
[8.936s] [ 84%] Built target motor_msg__rosidl_generator_py
[8.957s] [ 87%] [32mBuilding C object CMakeFiles/motor_msg__rosidl_typesupport_introspection_c__pyext.dir/rosidl_generator_py/motor_msg/_motor_msg_s.ep.rosidl_typesupport_introspection_c.c.o[0m
[8.964s] [ 92%] [32mBuilding C object CMakeFiles/motor_msg__rosidl_typesupport_fastrtps_c__pyext.dir/rosidl_generator_py/motor_msg/_motor_msg_s.ep.rosidl_typesupport_fastrtps_c.c.o[0m
[8.964s] [ 92%] [32mBuilding C object CMakeFiles/motor_msg__rosidl_typesupport_c__pyext.dir/rosidl_generator_py/motor_msg/_motor_msg_s.ep.rosidl_typesupport_c.c.o[0m
[9.102s] [ 94%] [32m[1mLinking C shared library rosidl_generator_py/motor_msg/motor_msg_s__rosidl_typesupport_fastrtps_c.cpython-310-x86_64-linux-gnu.so[0m
[9.127s] [ 97%] [32m[1mLinking C shared library rosidl_generator_py/motor_msg/motor_msg_s__rosidl_typesupport_introspection_c.cpython-310-x86_64-linux-gnu.so[0m
[9.138s] [100%] [32m[1mLinking C shared library rosidl_generator_py/motor_msg/motor_msg_s__rosidl_typesupport_c.cpython-310-x86_64-linux-gnu.so[0m
[9.155s] [100%] Built target motor_msg__rosidl_typesupport_fastrtps_c__pyext
[9.173s] [100%] Built target motor_msg__rosidl_typesupport_introspection_c__pyext
[9.176s] [100%] Built target motor_msg__rosidl_typesupport_c__pyext
[9.188s] Invoked command in '/home/azp/new_ws/build/motor_msg' returned '0': CMAKE_PREFIX_PATH=${CMAKE_PREFIX_PATH}:/opt/ros/humble /usr/bin/cmake --build /home/azp/new_ws/build/motor_msg -- -j4 -l4
[9.263s] Invoking command in '/home/azp/new_ws/build/motor_msg': CMAKE_PREFIX_PATH=${CMAKE_PREFIX_PATH}:/opt/ros/humble /usr/bin/cmake --install /home/azp/new_ws/build/motor_msg
[9.271s] -- Install configuration: ""
[9.271s] -- Installing: /home/azp/new_ws/install/motor_msg/share/ament_index/resource_index/rosidl_interfaces/motor_msg
[9.272s] -- Installing: /home/azp/new_ws/install/motor_msg/include/motor_msg/motor_msg
[9.272s] -- Installing: /home/azp/new_ws/install/motor_msg/include/motor_msg/motor_msg/msg
[9.272s] -- Installing: /home/azp/new_ws/install/motor_msg/include/motor_msg/motor_msg/msg/rpm.h
[9.272s] -- Installing: /home/azp/new_ws/install/motor_msg/include/motor_msg/motor_msg/msg/detail
[9.272s] -- Installing: /home/azp/new_ws/install/motor_msg/include/motor_msg/motor_msg/msg/detail/rpm__functions.c
[9.272s] -- Installing: /home/azp/new_ws/install/motor_msg/include/motor_msg/motor_msg/msg/detail/rpm__functions.h
[9.272s] -- Installing: /home/azp/new_ws/install/motor_msg/include/motor_msg/motor_msg/msg/detail/rpm__type_support.h
[9.272s] -- Installing: /home/azp/new_ws/install/motor_msg/include/motor_msg/motor_msg/msg/detail/rpm__struct.h
[9.273s] -- Installing: /home/azp/new_ws/install/motor_msg/include/motor_msg/motor_msg/msg/rosidl_generator_c__visibility_control.h
[9.273s] -- Installing: /home/azp/new_ws/install/motor_msg/include/motor_msg/motor_msg/srv
[9.273s] -- Installing: /home/azp/new_ws/install/motor_msg/include/motor_msg/motor_msg/srv/detail
[9.273s] -- Installing: /home/azp/new_ws/install/motor_msg/include/motor_msg/motor_msg/srv/detail/add_two_int__struct.h
[9.273s] -- Installing: /home/azp/new_ws/install/motor_msg/include/motor_msg/motor_msg/srv/detail/add_two_int__type_support.h
[9.273s] -- Installing: /home/azp/new_ws/install/motor_msg/include/motor_msg/motor_msg/srv/detail/add_two_int__functions.h
[9.273s] -- Installing: /home/azp/new_ws/install/motor_msg/include/motor_msg/motor_msg/srv/detail/add_two_int__functions.c
[9.273s] -- Installing: /home/azp/new_ws/install/motor_msg/include/motor_msg/motor_msg/srv/add_two_int.h
[9.273s] -- Installing: /home/azp/new_ws/install/motor_msg/share/motor_msg/environment/library_path.sh
[9.274s] -- Installing: /home/azp/new_ws/install/motor_msg/share/motor_msg/environment/library_path.dsv
[9.274s] -- Installing: /home/azp/new_ws/install/motor_msg/lib/libmotor_msg__rosidl_generator_c.so
[9.274s] -- Set runtime path of "/home/azp/new_ws/install/motor_msg/lib/libmotor_msg__rosidl_generator_c.so" to ""
[9.274s] -- Up-to-date: /home/azp/new_ws/install/motor_msg/include/motor_msg/motor_msg
[9.274s] -- Up-to-date: /home/azp/new_ws/install/motor_msg/include/motor_msg/motor_msg/msg
[9.274s] -- Up-to-date: /home/azp/new_ws/install/motor_msg/include/motor_msg/motor_msg/msg/detail
[9.275s] -- Installing: /home/azp/new_ws/install/motor_msg/include/motor_msg/motor_msg/msg/detail/rpm__rosidl_typesupport_fastrtps_c.h
[9.275s] -- Installing: /home/azp/new_ws/install/motor_msg/include/motor_msg/motor_msg/msg/rosidl_typesupport_fastrtps_c__visibility_control.h
[9.275s] -- Up-to-date: /home/azp/new_ws/install/motor_msg/include/motor_msg/motor_msg/srv
[9.275s] -- Up-to-date: /home/azp/new_ws/install/motor_msg/include/motor_msg/motor_msg/srv/detail
[9.275s] -- Installing: /home/azp/new_ws/install/motor_msg/include/motor_msg/motor_msg/srv/detail/add_two_int__rosidl_typesupport_fastrtps_c.h
[9.275s] -- Installing: /home/azp/new_ws/install/motor_msg/lib/libmotor_msg__rosidl_typesupport_fastrtps_c.so
[9.275s] -- Set runtime path of "/home/azp/new_ws/install/motor_msg/lib/libmotor_msg__rosidl_typesupport_fastrtps_c.so" to ""
[9.275s] -- Up-to-date: /home/azp/new_ws/install/motor_msg/include/motor_msg/motor_msg
[9.276s] -- Up-to-date: /home/azp/new_ws/install/motor_msg/include/motor_msg/motor_msg/msg
[9.276s] -- Installing: /home/azp/new_ws/install/motor_msg/include/motor_msg/motor_msg/msg/rpm.hpp
[9.276s] -- Up-to-date: /home/azp/new_ws/install/motor_msg/include/motor_msg/motor_msg/msg/detail
[9.276s] -- Installing: /home/azp/new_ws/install/motor_msg/include/motor_msg/motor_msg/msg/detail/rpm__builder.hpp
[9.276s] -- Installing: /home/azp/new_ws/install/motor_msg/include/motor_msg/motor_msg/msg/detail/rpm__struct.hpp
[9.276s] -- Installing: /home/azp/new_ws/install/motor_msg/include/motor_msg/motor_msg/msg/detail/rpm__traits.hpp
[9.276s] -- Up-to-date: /home/azp/new_ws/install/motor_msg/include/motor_msg/motor_msg/srv
[9.276s] -- Installing: /home/azp/new_ws/install/motor_msg/include/motor_msg/motor_msg/srv/add_two_int.hpp
[9.276s] -- Up-to-date: /home/azp/new_ws/install/motor_msg/include/motor_msg/motor_msg/srv/detail
[9.277s] -- Installing: /home/azp/new_ws/install/motor_msg/include/motor_msg/motor_msg/srv/detail/add_two_int__traits.hpp
[9.277s] -- Installing: /home/azp/new_ws/install/motor_msg/include/motor_msg/motor_msg/srv/detail/add_two_int__builder.hpp
[9.277s] -- Installing: /home/azp/new_ws/install/motor_msg/include/motor_msg/motor_msg/srv/detail/add_two_int__struct.hpp
[9.277s] -- Up-to-date: /home/azp/new_ws/install/motor_msg/include/motor_msg/motor_msg
[9.277s] -- Up-to-date: /home/azp/new_ws/install/motor_msg/include/motor_msg/motor_msg/msg
[9.277s] -- Installing: /home/azp/new_ws/install/motor_msg/include/motor_msg/motor_msg/msg/rosidl_typesupport_fastrtps_cpp__visibility_control.h
[9.278s] -- Up-to-date: /home/azp/new_ws/install/motor_msg/include/motor_msg/motor_msg/msg/detail
[9.278s] -- Installing: /home/azp/new_ws/install/motor_msg/include/motor_msg/motor_msg/msg/detail/dds_fastrtps
[9.278s] -- Installing: /home/azp/new_ws/install/motor_msg/include/motor_msg/motor_msg/msg/detail/rpm__rosidl_typesupport_fastrtps_cpp.hpp
[9.278s] -- Up-to-date: /home/azp/new_ws/install/motor_msg/include/motor_msg/motor_msg/srv
[9.278s] -- Up-to-date: /home/azp/new_ws/install/motor_msg/include/motor_msg/motor_msg/srv/detail
[9.278s] -- Installing: /home/azp/new_ws/install/motor_msg/include/motor_msg/motor_msg/srv/detail/dds_fastrtps
[9.278s] -- Installing: /home/azp/new_ws/install/motor_msg/include/motor_msg/motor_msg/srv/detail/add_two_int__rosidl_typesupport_fastrtps_cpp.hpp
[9.278s] -- Installing: /home/azp/new_ws/install/motor_msg/lib/libmotor_msg__rosidl_typesupport_fastrtps_cpp.so
[9.279s] -- Set runtime path of "/home/azp/new_ws/install/motor_msg/lib/libmotor_msg__rosidl_typesupport_fastrtps_cpp.so" to ""
[9.279s] -- Up-to-date: /home/azp/new_ws/install/motor_msg/include/motor_msg/motor_msg
[9.280s] -- Up-to-date: /home/azp/new_ws/install/motor_msg/include/motor_msg/motor_msg/msg
[9.280s] -- Installing: /home/azp/new_ws/install/motor_msg/include/motor_msg/motor_msg/msg/rosidl_typesupport_introspection_c__visibility_control.h
[9.280s] -- Up-to-date: /home/azp/new_ws/install/motor_msg/include/motor_msg/motor_msg/msg/detail
[9.280s] -- Installing: /home/azp/new_ws/install/motor_msg/include/motor_msg/motor_msg/msg/detail/rpm__rosidl_typesupport_introspection_c.h
[9.280s] -- Installing: /home/azp/new_ws/install/motor_msg/include/motor_msg/motor_msg/msg/detail/rpm__type_support.c
[9.280s] -- Up-to-date: /home/azp/new_ws/install/motor_msg/include/motor_msg/motor_msg/srv
[9.280s] -- Up-to-date: /home/azp/new_ws/install/motor_msg/include/motor_msg/motor_msg/srv/detail
[9.280s] -- Installing: /home/azp/new_ws/install/motor_msg/include/motor_msg/motor_msg/srv/detail/add_two_int__type_support.c
[9.280s] -- Installing: /home/azp/new_ws/install/motor_msg/include/motor_msg/motor_msg/srv/detail/add_two_int__rosidl_typesupport_introspection_c.h
[9.281s] -- Installing: /home/azp/new_ws/install/motor_msg/lib/libmotor_msg__rosidl_typesupport_introspection_c.so
[9.281s] -- Set runtime path of "/home/azp/new_ws/install/motor_msg/lib/libmotor_msg__rosidl_typesupport_introspection_c.so" to ""
[9.281s] -- Installing: /home/azp/new_ws/install/motor_msg/lib/libmotor_msg__rosidl_typesupport_c.so
[9.281s] -- Set runtime path of "/home/azp/new_ws/install/motor_msg/lib/libmotor_msg__rosidl_typesupport_c.so" to ""
[9.281s] -- Up-to-date: /home/azp/new_ws/install/motor_msg/include/motor_msg/motor_msg
[9.281s] -- Up-to-date: /home/azp/new_ws/install/motor_msg/include/motor_msg/motor_msg/msg
[9.281s] -- Up-to-date: /home/azp/new_ws/install/motor_msg/include/motor_msg/motor_msg/msg/detail
[9.281s] -- Installing: /home/azp/new_ws/install/motor_msg/include/motor_msg/motor_msg/msg/detail/rpm__rosidl_typesupport_introspection_cpp.hpp
[9.281s] -- Installing: /home/azp/new_ws/install/motor_msg/include/motor_msg/motor_msg/msg/detail/rpm__type_support.cpp
[9.282s] -- Up-to-date: /home/azp/new_ws/install/motor_msg/include/motor_msg/motor_msg/srv
[9.282s] -- Up-to-date: /home/azp/new_ws/install/motor_msg/include/motor_msg/motor_msg/srv/detail
[9.282s] -- Installing: /home/azp/new_ws/install/motor_msg/include/motor_msg/motor_msg/srv/detail/add_two_int__rosidl_typesupport_introspection_cpp.hpp
[9.282s] -- Installing: /home/azp/new_ws/install/motor_msg/include/motor_msg/motor_msg/srv/detail/add_two_int__type_support.cpp
[9.282s] -- Installing: /home/azp/new_ws/install/motor_msg/lib/libmotor_msg__rosidl_typesupport_introspection_cpp.so
[9.282s] -- Set runtime path of "/home/azp/new_ws/install/motor_msg/lib/libmotor_msg__rosidl_typesupport_introspection_cpp.so" to ""
[9.283s] -- Installing: /home/azp/new_ws/install/motor_msg/lib/libmotor_msg__rosidl_typesupport_cpp.so
[9.283s] -- Set runtime path of "/home/azp/new_ws/install/motor_msg/lib/libmotor_msg__rosidl_typesupport_cpp.so" to ""
[9.283s] -- Installing: /home/azp/new_ws/install/motor_msg/share/motor_msg/environment/pythonpath.sh
[9.283s] -- Installing: /home/azp/new_ws/install/motor_msg/share/motor_msg/environment/pythonpath.dsv
[9.283s] -- Installing: /home/azp/new_ws/install/motor_msg/local/lib/python3.10/dist-packages/motor_msg-0.0.0-py3.10.egg-info
[9.283s] -- Installing: /home/azp/new_ws/install/motor_msg/local/lib/python3.10/dist-packages/motor_msg-0.0.0-py3.10.egg-info/dependency_links.txt
[9.284s] -- Installing: /home/azp/new_ws/install/motor_msg/local/lib/python3.10/dist-packages/motor_msg-0.0.0-py3.10.egg-info/PKG-INFO
[9.284s] -- Installing: /home/azp/new_ws/install/motor_msg/local/lib/python3.10/dist-packages/motor_msg-0.0.0-py3.10.egg-info/top_level.txt
[9.284s] -- Installing: /home/azp/new_ws/install/motor_msg/local/lib/python3.10/dist-packages/motor_msg-0.0.0-py3.10.egg-info/SOURCES.txt
[9.284s] -- Installing: /home/azp/new_ws/install/motor_msg/local/lib/python3.10/dist-packages/motor_msg
[9.284s] -- Installing: /home/azp/new_ws/install/motor_msg/local/lib/python3.10/dist-packages/motor_msg/motor_msg_s__rosidl_typesupport_introspection_c.cpython-310-x86_64-linux-gnu.so
[9.284s] -- Installing: /home/azp/new_ws/install/motor_msg/local/lib/python3.10/dist-packages/motor_msg/_motor_msg_s.ep.rosidl_typesupport_fastrtps_c.c
[9.284s] -- Installing: /home/azp/new_ws/install/motor_msg/local/lib/python3.10/dist-packages/motor_msg/libmotor_msg__rosidl_generator_py.so
[9.285s] -- Installing: /home/azp/new_ws/install/motor_msg/local/lib/python3.10/dist-packages/motor_msg/motor_msg_s__rosidl_typesupport_fastrtps_c.cpython-310-x86_64-linux-gnu.so
[9.285s] -- Installing: /home/azp/new_ws/install/motor_msg/local/lib/python3.10/dist-packages/motor_msg/msg
[9.285s] -- Installing: /home/azp/new_ws/install/motor_msg/local/lib/python3.10/dist-packages/motor_msg/msg/_rpm.py
[9.285s] -- Installing: /home/azp/new_ws/install/motor_msg/local/lib/python3.10/dist-packages/motor_msg/msg/__init__.py
[9.285s] -- Installing: /home/azp/new_ws/install/motor_msg/local/lib/python3.10/dist-packages/motor_msg/msg/_rpm_s.c
[9.285s] -- Installing: /home/azp/new_ws/install/motor_msg/local/lib/python3.10/dist-packages/motor_msg/_motor_msg_s.ep.rosidl_typesupport_c.c
[9.285s] -- Installing: /home/azp/new_ws/install/motor_msg/local/lib/python3.10/dist-packages/motor_msg/__init__.py
[9.285s] -- Installing: /home/azp/new_ws/install/motor_msg/local/lib/python3.10/dist-packages/motor_msg/_motor_msg_s.ep.rosidl_typesupport_introspection_c.c
[9.286s] -- Installing: /home/azp/new_ws/install/motor_msg/local/lib/python3.10/dist-packages/motor_msg/srv
[9.286s] -- Installing: /home/azp/new_ws/install/motor_msg/local/lib/python3.10/dist-packages/motor_msg/srv/_add_two_int.py
[9.286s] -- Installing: /home/azp/new_ws/install/motor_msg/local/lib/python3.10/dist-packages/motor_msg/srv/__init__.py
[9.286s] -- Installing: /home/azp/new_ws/install/motor_msg/local/lib/python3.10/dist-packages/motor_msg/srv/_add_two_int_s.c
[9.286s] -- Installing: /home/azp/new_ws/install/motor_msg/local/lib/python3.10/dist-packages/motor_msg/motor_msg_s__rosidl_typesupport_c.cpython-310-x86_64-linux-gnu.so
[9.326s] Listing '/home/azp/new_ws/install/motor_msg/local/lib/python3.10/dist-packages/motor_msg'...
[9.327s] Compiling '/home/azp/new_ws/install/motor_msg/local/lib/python3.10/dist-packages/motor_msg/__init__.py'...
[9.327s] Listing '/home/azp/new_ws/install/motor_msg/local/lib/python3.10/dist-packages/motor_msg/msg'...
[9.327s] Compiling '/home/azp/new_ws/install/motor_msg/local/lib/python3.10/dist-packages/motor_msg/msg/__init__.py'...
[9.327s] Compiling '/home/azp/new_ws/install/motor_msg/local/lib/python3.10/dist-packages/motor_msg/msg/_rpm.py'...
[9.327s] Listing '/home/azp/new_ws/install/motor_msg/local/lib/python3.10/dist-packages/motor_msg/srv'...
[9.327s] Compiling '/home/azp/new_ws/install/motor_msg/local/lib/python3.10/dist-packages/motor_msg/srv/__init__.py'...
[9.327s] Compiling '/home/azp/new_ws/install/motor_msg/local/lib/python3.10/dist-packages/motor_msg/srv/_add_two_int.py'...
[9.333s] -- Installing: /home/azp/new_ws/install/motor_msg/local/lib/python3.10/dist-packages/motor_msg/motor_msg_s__rosidl_typesupport_fastrtps_c.cpython-310-x86_64-linux-gnu.so
[9.333s] -- Set runtime path of "/home/azp/new_ws/install/motor_msg/local/lib/python3.10/dist-packages/motor_msg/motor_msg_s__rosidl_typesupport_fastrtps_c.cpython-310-x86_64-linux-gnu.so" to ""
[9.333s] -- Installing: /home/azp/new_ws/install/motor_msg/local/lib/python3.10/dist-packages/motor_msg/motor_msg_s__rosidl_typesupport_introspection_c.cpython-310-x86_64-linux-gnu.so
[9.334s] -- Set runtime path of "/home/azp/new_ws/install/motor_msg/local/lib/python3.10/dist-packages/motor_msg/motor_msg_s__rosidl_typesupport_introspection_c.cpython-310-x86_64-linux-gnu.so" to ""
[9.334s] -- Installing: /home/azp/new_ws/install/motor_msg/local/lib/python3.10/dist-packages/motor_msg/motor_msg_s__rosidl_typesupport_c.cpython-310-x86_64-linux-gnu.so
[9.335s] -- Set runtime path of "/home/azp/new_ws/install/motor_msg/local/lib/python3.10/dist-packages/motor_msg/motor_msg_s__rosidl_typesupport_c.cpython-310-x86_64-linux-gnu.so" to ""
[9.335s] -- Installing: /home/azp/new_ws/install/motor_msg/lib/libmotor_msg__rosidl_generator_py.so
[9.335s] -- Set runtime path of "/home/azp/new_ws/install/motor_msg/lib/libmotor_msg__rosidl_generator_py.so" to ""
[9.335s] -- Installing: /home/azp/new_ws/install/motor_msg/share/motor_msg/msg/Rpm.idl
[9.335s] -- Installing: /home/azp/new_ws/install/motor_msg/share/motor_msg/srv/AddTwoInt.idl
[9.336s] -- Installing: /home/azp/new_ws/install/motor_msg/share/motor_msg/msg/Rpm.msg
[9.336s] -- Installing: /home/azp/new_ws/install/motor_msg/share/motor_msg/srv/AddTwoInt.srv
[9.336s] -- Installing: /home/azp/new_ws/install/motor_msg/share/motor_msg/srv/AddTwoInt_Request.msg
[9.336s] -- Installing: /home/azp/new_ws/install/motor_msg/share/motor_msg/srv/AddTwoInt_Response.msg
[9.336s] -- Installing: /home/azp/new_ws/install/motor_msg/share/ament_index/resource_index/package_run_dependencies/motor_msg
[9.336s] -- Installing: /home/azp/new_ws/install/motor_msg/share/ament_index/resource_index/parent_prefix_path/motor_msg
[9.337s] -- Installing: /home/azp/new_ws/install/motor_msg/share/motor_msg/environment/ament_prefix_path.sh
[9.337s] -- Installing: /home/azp/new_ws/install/motor_msg/share/motor_msg/environment/ament_prefix_path.dsv
[9.337s] -- Installing: /home/azp/new_ws/install/motor_msg/share/motor_msg/environment/path.sh
[9.337s] -- Installing: /home/azp/new_ws/install/motor_msg/share/motor_msg/environment/path.dsv
[9.337s] -- Installing: /home/azp/new_ws/install/motor_msg/share/motor_msg/local_setup.bash
[9.337s] -- Installing: /home/azp/new_ws/install/motor_msg/share/motor_msg/local_setup.sh
[9.337s] -- Installing: /home/azp/new_ws/install/motor_msg/share/motor_msg/local_setup.zsh
[9.338s] -- Installing: /home/azp/new_ws/install/motor_msg/share/motor_msg/local_setup.dsv
[9.338s] -- Installing: /home/azp/new_ws/install/motor_msg/share/motor_msg/package.dsv
[9.338s] -- Installing: /home/azp/new_ws/install/motor_msg/share/ament_index/resource_index/packages/motor_msg
[9.338s] -- Installing: /home/azp/new_ws/install/motor_msg/share/motor_msg/cmake/export_motor_msg__rosidl_generator_cExport.cmake
[9.338s] -- Installing: /home/azp/new_ws/install/motor_msg/share/motor_msg/cmake/export_motor_msg__rosidl_generator_cExport-noconfig.cmake
[9.338s] -- Installing: /home/azp/new_ws/install/motor_msg/share/motor_msg/cmake/export_motor_msg__rosidl_typesupport_fastrtps_cExport.cmake
[9.339s] -- Installing: /home/azp/new_ws/install/motor_msg/share/motor_msg/cmake/export_motor_msg__rosidl_typesupport_fastrtps_cExport-noconfig.cmake
[9.339s] -- Installing: /home/azp/new_ws/install/motor_msg/share/motor_msg/cmake/export_motor_msg__rosidl_generator_cppExport.cmake
[9.339s] -- Installing: /home/azp/new_ws/install/motor_msg/share/motor_msg/cmake/export_motor_msg__rosidl_typesupport_fastrtps_cppExport.cmake
[9.339s] -- Installing: /home/azp/new_ws/install/motor_msg/share/motor_msg/cmake/export_motor_msg__rosidl_typesupport_fastrtps_cppExport-noconfig.cmake
[9.339s] -- Installing: /home/azp/new_ws/install/motor_msg/share/motor_msg/cmake/motor_msg__rosidl_typesupport_introspection_cExport.cmake
[9.339s] -- Installing: /home/azp/new_ws/install/motor_msg/share/motor_msg/cmake/motor_msg__rosidl_typesupport_introspection_cExport-noconfig.cmake
[9.340s] -- Installing: /home/azp/new_ws/install/motor_msg/share/motor_msg/cmake/motor_msg__rosidl_typesupport_cExport.cmake
[9.340s] -- Installing: /home/azp/new_ws/install/motor_msg/share/motor_msg/cmake/motor_msg__rosidl_typesupport_cExport-noconfig.cmake
[9.340s] -- Installing: /home/azp/new_ws/install/motor_msg/share/motor_msg/cmake/motor_msg__rosidl_typesupport_introspection_cppExport.cmake
[9.340s] -- Installing: /home/azp/new_ws/install/motor_msg/share/motor_msg/cmake/motor_msg__rosidl_typesupport_introspection_cppExport-noconfig.cmake
[9.340s] -- Installing: /home/azp/new_ws/install/motor_msg/share/motor_msg/cmake/motor_msg__rosidl_typesupport_cppExport.cmake
[9.340s] -- Installing: /home/azp/new_ws/install/motor_msg/share/motor_msg/cmake/motor_msg__rosidl_typesupport_cppExport-noconfig.cmake
[9.341s] -- Installing: /home/azp/new_ws/install/motor_msg/share/motor_msg/cmake/export_motor_msg__rosidl_generator_pyExport.cmake
[9.341s] -- Installing: /home/azp/new_ws/install/motor_msg/share/motor_msg/cmake/export_motor_msg__rosidl_generator_pyExport-noconfig.cmake
[9.341s] -- Installing: /home/azp/new_ws/install/motor_msg/share/motor_msg/cmake/rosidl_cmake-extras.cmake
[9.341s] -- Installing: /home/azp/new_ws/install/motor_msg/share/motor_msg/cmake/ament_cmake_export_include_directories-extras.cmake
[9.341s] -- Installing: /home/azp/new_ws/install/motor_msg/share/motor_msg/cmake/ament_cmake_export_libraries-extras.cmake
[9.341s] -- Installing: /home/azp/new_ws/install/motor_msg/share/motor_msg/cmake/ament_cmake_export_targets-extras.cmake
[9.342s] -- Installing: /home/azp/new_ws/install/motor_msg/share/motor_msg/cmake/rosidl_cmake_export_typesupport_targets-extras.cmake
[9.342s] -- Installing: /home/azp/new_ws/install/motor_msg/share/motor_msg/cmake/ament_cmake_export_dependencies-extras.cmake
[9.342s] -- Installing: /home/azp/new_ws/install/motor_msg/share/motor_msg/cmake/rosidl_cmake_export_typesupport_libraries-extras.cmake
[9.342s] -- Installing: /home/azp/new_ws/install/motor_msg/share/motor_msg/cmake/motor_msgConfig.cmake
[9.342s] -- Installing: /home/azp/new_ws/install/motor_msg/share/motor_msg/cmake/motor_msgConfig-version.cmake
[9.342s] -- Installing: /home/azp/new_ws/install/motor_msg/share/motor_msg/package.xml
[9.347s] Invoked command in '/home/azp/new_ws/build/motor_msg' returned '0': CMAKE_PREFIX_PATH=${CMAKE_PREFIX_PATH}:/opt/ros/humble /usr/bin/cmake --install /home/azp/new_ws/build/motor_msg
