[0.347s] DEBUG:colcon:Command line arguments: ['/usr/bin/colcon', 'build']
[0.347s] DEBUG:colcon:Parsed command line arguments: Namespace(log_base=None, log_level=None, verb_name='build', build_base='build', install_base='install', merge_install=False, symlink_install=False, test_result_base=None, continue_on_error=False, executor='parallel', parallel_workers=4, event_handlers=None, ignore_user_meta=False, metas=['./colcon.meta'], base_paths=['.'], packages_ignore=None, packages_ignore_regex=None, paths=None, packages_up_to=None, packages_up_to_regex=None, packages_above=None, packages_above_and_dependencies=None, packages_above_depth=None, packages_select_by_dep=None, packages_skip_by_dep=None, packages_skip_up_to=None, packages_select_build_failed=False, packages_skip_build_finished=False, packages_select_test_failures=False, packages_skip_test_passed=False, packages_select=None, packages_skip=None, packages_select_regex=None, packages_skip_regex=None, packages_start=None, packages_end=None, allow_overriding=[], cmake_args=None, cmake_target=None, cmake_target_skip_unavailable=False, cmake_clean_cache=False, cmake_clean_first=False, cmake_force_configure=False, ament_cmake_args=None, catkin_cmake_args=None, catkin_skip_building_tests=False, verb_parser=<colcon_defaults.argument_parser.defaults.DefaultArgumentsDecorator object at 0x7fe6bcefd0c0>, verb_extension=<colcon_core.verb.build.BuildVerb object at 0x7fe6bd8a0ca0>, main=<bound method BuildVerb.main of <colcon_core.verb.build.BuildVerb object at 0x7fe6bd8a0ca0>>)
[0.375s] Level 1:colcon.colcon_core.package_discovery:discover_packages(colcon_meta) check parameters
[0.375s] Level 1:colcon.colcon_core.package_discovery:discover_packages(recursive) check parameters
[0.375s] Level 1:colcon.colcon_core.package_discovery:discover_packages(ignore) check parameters
[0.375s] Level 1:colcon.colcon_core.package_discovery:discover_packages(path) check parameters
[0.375s] Level 1:colcon.colcon_core.package_discovery:discover_packages(colcon_meta) discover
[0.375s] Level 1:colcon.colcon_core.package_discovery:discover_packages(recursive) discover
[0.376s] INFO:colcon.colcon_core.package_discovery:Crawling recursively for packages in '/home/azp/new_ws'
[0.376s] Level 1:colcon.colcon_core.package_identification:_identify(.) by extensions ['ignore', 'ignore_ament_install']
[0.376s] Level 1:colcon.colcon_core.package_identification:_identify(.) by extension 'ignore'
[0.376s] Level 1:colcon.colcon_core.package_identification:_identify(.) by extension 'ignore_ament_install'
[0.376s] Level 1:colcon.colcon_core.package_identification:_identify(.) by extensions ['colcon_pkg']
[0.376s] Level 1:colcon.colcon_core.package_identification:_identify(.) by extension 'colcon_pkg'
[0.376s] Level 1:colcon.colcon_core.package_identification:_identify(.) by extensions ['colcon_meta']
[0.376s] Level 1:colcon.colcon_core.package_identification:_identify(.) by extension 'colcon_meta'
[0.376s] Level 1:colcon.colcon_core.package_identification:_identify(.) by extensions ['ros']
[0.376s] Level 1:colcon.colcon_core.package_identification:_identify(.) by extension 'ros'
[0.401s] Level 1:colcon.colcon_core.package_identification:_identify(.) by extensions ['cmake', 'python']
[0.401s] Level 1:colcon.colcon_core.package_identification:_identify(.) by extension 'cmake'
[0.401s] Level 1:colcon.colcon_core.package_identification:_identify(.) by extension 'python'
[0.401s] Level 1:colcon.colcon_core.package_identification:_identify(.) by extensions ['python_setup_py']
[0.401s] Level 1:colcon.colcon_core.package_identification:_identify(.) by extension 'python_setup_py'
[0.401s] Level 1:colcon.colcon_core.package_identification:_identify(build) by extensions ['ignore', 'ignore_ament_install']
[0.401s] Level 1:colcon.colcon_core.package_identification:_identify(build) by extension 'ignore'
[0.401s] Level 1:colcon.colcon_core.package_identification:_identify(build) ignored
[0.401s] Level 1:colcon.colcon_core.package_identification:_identify(install) by extensions ['ignore', 'ignore_ament_install']
[0.402s] Level 1:colcon.colcon_core.package_identification:_identify(install) by extension 'ignore'
[0.402s] Level 1:colcon.colcon_core.package_identification:_identify(install) ignored
[0.402s] Level 1:colcon.colcon_core.package_identification:_identify(log) by extensions ['ignore', 'ignore_ament_install']
[0.402s] Level 1:colcon.colcon_core.package_identification:_identify(log) by extension 'ignore'
[0.402s] Level 1:colcon.colcon_core.package_identification:_identify(log) ignored
[0.402s] Level 1:colcon.colcon_core.package_identification:_identify(src) by extensions ['ignore', 'ignore_ament_install']
[0.402s] Level 1:colcon.colcon_core.package_identification:_identify(src) by extension 'ignore'
[0.402s] Level 1:colcon.colcon_core.package_identification:_identify(src) by extension 'ignore_ament_install'
[0.402s] Level 1:colcon.colcon_core.package_identification:_identify(src) by extensions ['colcon_pkg']
[0.402s] Level 1:colcon.colcon_core.package_identification:_identify(src) by extension 'colcon_pkg'
[0.403s] Level 1:colcon.colcon_core.package_identification:_identify(src) by extensions ['colcon_meta']
[0.403s] Level 1:colcon.colcon_core.package_identification:_identify(src) by extension 'colcon_meta'
[0.403s] Level 1:colcon.colcon_core.package_identification:_identify(src) by extensions ['ros']
[0.403s] Level 1:colcon.colcon_core.package_identification:_identify(src) by extension 'ros'
[0.403s] Level 1:colcon.colcon_core.package_identification:_identify(src) by extensions ['cmake', 'python']
[0.403s] Level 1:colcon.colcon_core.package_identification:_identify(src) by extension 'cmake'
[0.403s] Level 1:colcon.colcon_core.package_identification:_identify(src) by extension 'python'
[0.403s] Level 1:colcon.colcon_core.package_identification:_identify(src) by extensions ['python_setup_py']
[0.403s] Level 1:colcon.colcon_core.package_identification:_identify(src) by extension 'python_setup_py'
[0.403s] Level 1:colcon.colcon_core.package_identification:_identify(src/motor_msg) by extensions ['ignore', 'ignore_ament_install']
[0.403s] Level 1:colcon.colcon_core.package_identification:_identify(src/motor_msg) by extension 'ignore'
[0.403s] Level 1:colcon.colcon_core.package_identification:_identify(src/motor_msg) by extension 'ignore_ament_install'
[0.403s] Level 1:colcon.colcon_core.package_identification:_identify(src/motor_msg) by extensions ['colcon_pkg']
[0.404s] Level 1:colcon.colcon_core.package_identification:_identify(src/motor_msg) by extension 'colcon_pkg'
[0.404s] Level 1:colcon.colcon_core.package_identification:_identify(src/motor_msg) by extensions ['colcon_meta']
[0.404s] Level 1:colcon.colcon_core.package_identification:_identify(src/motor_msg) by extension 'colcon_meta'
[0.404s] Level 1:colcon.colcon_core.package_identification:_identify(src/motor_msg) by extensions ['ros']
[0.404s] Level 1:colcon.colcon_core.package_identification:_identify(src/motor_msg) by extension 'ros'
[0.407s] DEBUG:colcon.colcon_core.package_identification:Package 'src/motor_msg' with type 'ros.ament_cmake' and name 'motor_msg'
[0.407s] Level 1:colcon.colcon_core.package_identification:_identify(src/pub_sub) by extensions ['ignore', 'ignore_ament_install']
[0.407s] Level 1:colcon.colcon_core.package_identification:_identify(src/pub_sub) by extension 'ignore'
[0.407s] Level 1:colcon.colcon_core.package_identification:_identify(src/pub_sub) by extension 'ignore_ament_install'
[0.407s] Level 1:colcon.colcon_core.package_identification:_identify(src/pub_sub) by extensions ['colcon_pkg']
[0.407s] Level 1:colcon.colcon_core.package_identification:_identify(src/pub_sub) by extension 'colcon_pkg'
[0.407s] Level 1:colcon.colcon_core.package_identification:_identify(src/pub_sub) by extensions ['colcon_meta']
[0.408s] Level 1:colcon.colcon_core.package_identification:_identify(src/pub_sub) by extension 'colcon_meta'
[0.408s] Level 1:colcon.colcon_core.package_identification:_identify(src/pub_sub) by extensions ['ros']
[0.408s] Level 1:colcon.colcon_core.package_identification:_identify(src/pub_sub) by extension 'ros'
[0.408s] DEBUG:colcon.colcon_core.package_identification:Package 'src/pub_sub' with type 'ros.ament_cmake' and name 'pub_sub'
[0.409s] Level 1:colcon.colcon_core.package_identification:_identify(src/rom_msgs) by extensions ['ignore', 'ignore_ament_install']
[0.409s] Level 1:colcon.colcon_core.package_identification:_identify(src/rom_msgs) by extension 'ignore'
[0.409s] Level 1:colcon.colcon_core.package_identification:_identify(src/rom_msgs) by extension 'ignore_ament_install'
[0.409s] Level 1:colcon.colcon_core.package_identification:_identify(src/rom_msgs) by extensions ['colcon_pkg']
[0.409s] Level 1:colcon.colcon_core.package_identification:_identify(src/rom_msgs) by extension 'colcon_pkg'
[0.409s] Level 1:colcon.colcon_core.package_identification:_identify(src/rom_msgs) by extensions ['colcon_meta']
[0.409s] Level 1:colcon.colcon_core.package_identification:_identify(src/rom_msgs) by extension 'colcon_meta'
[0.409s] Level 1:colcon.colcon_core.package_identification:_identify(src/rom_msgs) by extensions ['ros']
[0.409s] Level 1:colcon.colcon_core.package_identification:_identify(src/rom_msgs) by extension 'ros'
[0.410s] DEBUG:colcon.colcon_core.package_identification:Package 'src/rom_msgs' with type 'ros.ament_cmake' and name 'rom_msgs'
[0.410s] Level 1:colcon.colcon_core.package_identification:_identify(src/sub_sub) by extensions ['ignore', 'ignore_ament_install']
[0.410s] Level 1:colcon.colcon_core.package_identification:_identify(src/sub_sub) by extension 'ignore'
[0.410s] Level 1:colcon.colcon_core.package_identification:_identify(src/sub_sub) by extension 'ignore_ament_install'
[0.410s] Level 1:colcon.colcon_core.package_identification:_identify(src/sub_sub) by extensions ['colcon_pkg']
[0.410s] Level 1:colcon.colcon_core.package_identification:_identify(src/sub_sub) by extension 'colcon_pkg'
[0.410s] Level 1:colcon.colcon_core.package_identification:_identify(src/sub_sub) by extensions ['colcon_meta']
[0.410s] Level 1:colcon.colcon_core.package_identification:_identify(src/sub_sub) by extension 'colcon_meta'
[0.411s] Level 1:colcon.colcon_core.package_identification:_identify(src/sub_sub) by extensions ['ros']
[0.411s] Level 1:colcon.colcon_core.package_identification:_identify(src/sub_sub) by extension 'ros'
[0.411s] DEBUG:colcon.colcon_core.package_identification:Package 'src/sub_sub' with type 'ros.ament_cmake' and name 'sub_sub'
[0.411s] Level 1:colcon.colcon_core.package_discovery:discover_packages(recursive) using defaults
[0.412s] Level 1:colcon.colcon_core.package_discovery:discover_packages(ignore) discover
[0.412s] Level 1:colcon.colcon_core.package_discovery:discover_packages(ignore) using defaults
[0.412s] Level 1:colcon.colcon_core.package_discovery:discover_packages(path) discover
[0.412s] Level 1:colcon.colcon_core.package_discovery:discover_packages(path) using defaults
[0.440s] Level 1:colcon.colcon_core.package_discovery:discover_packages(prefix_path) check parameters
[0.440s] Level 1:colcon.colcon_core.package_discovery:discover_packages(prefix_path) discover
[0.443s] DEBUG:colcon.colcon_installed_package_information.package_discovery:Found 4 installed packages in /home/azp/new_ws/install
[0.445s] DEBUG:colcon.colcon_installed_package_information.package_discovery:Found 279 installed packages in /opt/ros/humble
[0.448s] Level 1:colcon.colcon_core.package_discovery:discover_packages(prefix_path) using defaults
[0.523s] Level 5:colcon.colcon_core.verb:set package 'motor_msg' build argument 'cmake_args' from command line to 'None'
[0.523s] Level 5:colcon.colcon_core.verb:set package 'motor_msg' build argument 'cmake_target' from command line to 'None'
[0.523s] Level 5:colcon.colcon_core.verb:set package 'motor_msg' build argument 'cmake_target_skip_unavailable' from command line to 'False'
[0.523s] Level 5:colcon.colcon_core.verb:set package 'motor_msg' build argument 'cmake_clean_cache' from command line to 'False'
[0.523s] Level 5:colcon.colcon_core.verb:set package 'motor_msg' build argument 'cmake_clean_first' from command line to 'False'
[0.523s] Level 5:colcon.colcon_core.verb:set package 'motor_msg' build argument 'cmake_force_configure' from command line to 'False'
[0.524s] Level 5:colcon.colcon_core.verb:set package 'motor_msg' build argument 'ament_cmake_args' from command line to 'None'
[0.524s] Level 5:colcon.colcon_core.verb:set package 'motor_msg' build argument 'catkin_cmake_args' from command line to 'None'
[0.524s] Level 5:colcon.colcon_core.verb:set package 'motor_msg' build argument 'catkin_skip_building_tests' from command line to 'False'
[0.524s] DEBUG:colcon.colcon_core.verb:Building package 'motor_msg' with the following arguments: {'ament_cmake_args': None, 'build_base': '/home/azp/new_ws/build/motor_msg', 'catkin_cmake_args': None, 'catkin_skip_building_tests': False, 'cmake_args': None, 'cmake_clean_cache': False, 'cmake_clean_first': False, 'cmake_force_configure': False, 'cmake_target': None, 'cmake_target_skip_unavailable': False, 'install_base': '/home/azp/new_ws/install/motor_msg', 'merge_install': False, 'path': '/home/azp/new_ws/src/motor_msg', 'symlink_install': False, 'test_result_base': None}
[0.525s] Level 5:colcon.colcon_core.verb:set package 'pub_sub' build argument 'cmake_args' from command line to 'None'
[0.525s] Level 5:colcon.colcon_core.verb:set package 'pub_sub' build argument 'cmake_target' from command line to 'None'
[0.525s] Level 5:colcon.colcon_core.verb:set package 'pub_sub' build argument 'cmake_target_skip_unavailable' from command line to 'False'
[0.525s] Level 5:colcon.colcon_core.verb:set package 'pub_sub' build argument 'cmake_clean_cache' from command line to 'False'
[0.525s] Level 5:colcon.colcon_core.verb:set package 'pub_sub' build argument 'cmake_clean_first' from command line to 'False'
[0.525s] Level 5:colcon.colcon_core.verb:set package 'pub_sub' build argument 'cmake_force_configure' from command line to 'False'
[0.525s] Level 5:colcon.colcon_core.verb:set package 'pub_sub' build argument 'ament_cmake_args' from command line to 'None'
[0.526s] Level 5:colcon.colcon_core.verb:set package 'pub_sub' build argument 'catkin_cmake_args' from command line to 'None'
[0.526s] Level 5:colcon.colcon_core.verb:set package 'pub_sub' build argument 'catkin_skip_building_tests' from command line to 'False'
[0.526s] DEBUG:colcon.colcon_core.verb:Building package 'pub_sub' with the following arguments: {'ament_cmake_args': None, 'build_base': '/home/azp/new_ws/build/pub_sub', 'catkin_cmake_args': None, 'catkin_skip_building_tests': False, 'cmake_args': None, 'cmake_clean_cache': False, 'cmake_clean_first': False, 'cmake_force_configure': False, 'cmake_target': None, 'cmake_target_skip_unavailable': False, 'install_base': '/home/azp/new_ws/install/pub_sub', 'merge_install': False, 'path': '/home/azp/new_ws/src/pub_sub', 'symlink_install': False, 'test_result_base': None}
[0.527s] Level 5:colcon.colcon_core.verb:set package 'rom_msgs' build argument 'cmake_args' from command line to 'None'
[0.527s] Level 5:colcon.colcon_core.verb:set package 'rom_msgs' build argument 'cmake_target' from command line to 'None'
[0.527s] Level 5:colcon.colcon_core.verb:set package 'rom_msgs' build argument 'cmake_target_skip_unavailable' from command line to 'False'
[0.527s] Level 5:colcon.colcon_core.verb:set package 'rom_msgs' build argument 'cmake_clean_cache' from command line to 'False'
[0.527s] Level 5:colcon.colcon_core.verb:set package 'rom_msgs' build argument 'cmake_clean_first' from command line to 'False'
[0.527s] Level 5:colcon.colcon_core.verb:set package 'rom_msgs' build argument 'cmake_force_configure' from command line to 'False'
[0.527s] Level 5:colcon.colcon_core.verb:set package 'rom_msgs' build argument 'ament_cmake_args' from command line to 'None'
[0.527s] Level 5:colcon.colcon_core.verb:set package 'rom_msgs' build argument 'catkin_cmake_args' from command line to 'None'
[0.527s] Level 5:colcon.colcon_core.verb:set package 'rom_msgs' build argument 'catkin_skip_building_tests' from command line to 'False'
[0.527s] DEBUG:colcon.colcon_core.verb:Building package 'rom_msgs' with the following arguments: {'ament_cmake_args': None, 'build_base': '/home/azp/new_ws/build/rom_msgs', 'catkin_cmake_args': None, 'catkin_skip_building_tests': False, 'cmake_args': None, 'cmake_clean_cache': False, 'cmake_clean_first': False, 'cmake_force_configure': False, 'cmake_target': None, 'cmake_target_skip_unavailable': False, 'install_base': '/home/azp/new_ws/install/rom_msgs', 'merge_install': False, 'path': '/home/azp/new_ws/src/rom_msgs', 'symlink_install': False, 'test_result_base': None}
[0.529s] Level 5:colcon.colcon_core.verb:set package 'sub_sub' build argument 'cmake_args' from command line to 'None'
[0.529s] Level 5:colcon.colcon_core.verb:set package 'sub_sub' build argument 'cmake_target' from command line to 'None'
[0.529s] Level 5:colcon.colcon_core.verb:set package 'sub_sub' build argument 'cmake_target_skip_unavailable' from command line to 'False'
[0.529s] Level 5:colcon.colcon_core.verb:set package 'sub_sub' build argument 'cmake_clean_cache' from command line to 'False'
[0.529s] Level 5:colcon.colcon_core.verb:set package 'sub_sub' build argument 'cmake_clean_first' from command line to 'False'
[0.529s] Level 5:colcon.colcon_core.verb:set package 'sub_sub' build argument 'cmake_force_configure' from command line to 'False'
[0.529s] Level 5:colcon.colcon_core.verb:set package 'sub_sub' build argument 'ament_cmake_args' from command line to 'None'
[0.529s] Level 5:colcon.colcon_core.verb:set package 'sub_sub' build argument 'catkin_cmake_args' from command line to 'None'
[0.529s] Level 5:colcon.colcon_core.verb:set package 'sub_sub' build argument 'catkin_skip_building_tests' from command line to 'False'
[0.529s] DEBUG:colcon.colcon_core.verb:Building package 'sub_sub' with the following arguments: {'ament_cmake_args': None, 'build_base': '/home/azp/new_ws/build/sub_sub', 'catkin_cmake_args': None, 'catkin_skip_building_tests': False, 'cmake_args': None, 'cmake_clean_cache': False, 'cmake_clean_first': False, 'cmake_force_configure': False, 'cmake_target': None, 'cmake_target_skip_unavailable': False, 'install_base': '/home/azp/new_ws/install/sub_sub', 'merge_install': False, 'path': '/home/azp/new_ws/src/sub_sub', 'symlink_install': False, 'test_result_base': None}
[0.530s] INFO:colcon.colcon_core.executor:Executing jobs using 'parallel' executor
[0.535s] DEBUG:colcon.colcon_parallel_executor.executor.parallel:run_until_complete
[0.535s] INFO:colcon.colcon_ros.task.ament_cmake.build:Building ROS package in '/home/azp/new_ws/src/motor_msg' with build type 'ament_cmake'
[0.536s] INFO:colcon.colcon_cmake.task.cmake.build:Building CMake package in '/home/azp/new_ws/src/motor_msg'
[0.542s] INFO:colcon.colcon_core.plugin_system:Skipping extension 'colcon_core.shell.bat': Not used on non-Windows systems
[0.542s] INFO:colcon.colcon_core.shell:Skip shell extension 'powershell' for command environment: Not usable outside of PowerShell
[0.542s] DEBUG:colcon.colcon_core.shell:Skip shell extension 'dsv' for command environment
[0.547s] INFO:colcon.colcon_ros.task.ament_cmake.build:Building ROS package in '/home/azp/new_ws/src/pub_sub' with build type 'ament_cmake'
[0.548s] INFO:colcon.colcon_cmake.task.cmake.build:Building CMake package in '/home/azp/new_ws/src/pub_sub'
[0.550s] INFO:colcon.colcon_core.shell:Skip shell extension 'powershell' for command environment: Not usable outside of PowerShell
[0.550s] DEBUG:colcon.colcon_core.shell:Skip shell extension 'dsv' for command environment
[0.555s] INFO:colcon.colcon_ros.task.ament_cmake.build:Building ROS package in '/home/azp/new_ws/src/rom_msgs' with build type 'ament_cmake'
[0.556s] INFO:colcon.colcon_cmake.task.cmake.build:Building CMake package in '/home/azp/new_ws/src/rom_msgs'
[0.557s] INFO:colcon.colcon_core.shell:Skip shell extension 'powershell' for command environment: Not usable outside of PowerShell
[0.558s] DEBUG:colcon.colcon_core.shell:Skip shell extension 'dsv' for command environment
[0.563s] INFO:colcon.colcon_ros.task.ament_cmake.build:Building ROS package in '/home/azp/new_ws/src/sub_sub' with build type 'ament_cmake'
[0.563s] INFO:colcon.colcon_cmake.task.cmake.build:Building CMake package in '/home/azp/new_ws/src/sub_sub'
[0.565s] INFO:colcon.colcon_core.shell:Skip shell extension 'powershell' for command environment: Not usable outside of PowerShell
[0.565s] DEBUG:colcon.colcon_core.shell:Skip shell extension 'dsv' for command environment
[0.634s] DEBUG:colcon.colcon_core.event_handler.log_command:Invoking command in '/home/azp/new_ws/build/motor_msg': CMAKE_PREFIX_PATH=${CMAKE_PREFIX_PATH}:/opt/ros/humble /usr/bin/cmake --build /home/azp/new_ws/build/motor_msg -- -j4 -l4
[0.678s] DEBUG:colcon.colcon_core.event_handler.log_command:Invoking command in '/home/azp/new_ws/build/pub_sub': CMAKE_PREFIX_PATH=${CMAKE_PREFIX_PATH}:/opt/ros/humble /usr/bin/cmake --build /home/azp/new_ws/build/pub_sub -- -j4 -l4
[0.780s] DEBUG:colcon.colcon_core.event_handler.log_command:Invoking command in '/home/azp/new_ws/build/rom_msgs': CMAKE_PREFIX_PATH=${CMAKE_PREFIX_PATH}:/opt/ros/humble /usr/bin/cmake --build /home/azp/new_ws/build/rom_msgs -- -j4 -l4
[0.787s] DEBUG:colcon.colcon_core.event_handler.log_command:Invoking command in '/home/azp/new_ws/build/sub_sub': CMAKE_PREFIX_PATH=${CMAKE_PREFIX_PATH}:/opt/ros/humble /usr/bin/cmake --build /home/azp/new_ws/build/sub_sub -- -j4 -l4
[0.858s] DEBUG:colcon.colcon_core.event_handler.log_command:Invoked command in '/home/azp/new_ws/build/sub_sub' returned '0': CMAKE_PREFIX_PATH=${CMAKE_PREFIX_PATH}:/opt/ros/humble /usr/bin/cmake --build /home/azp/new_ws/build/sub_sub -- -j4 -l4
[0.895s] DEBUG:colcon.colcon_core.event_handler.log_command:Invoking command in '/home/azp/new_ws/build/sub_sub': CMAKE_PREFIX_PATH=${CMAKE_PREFIX_PATH}:/opt/ros/humble /usr/bin/cmake --install /home/azp/new_ws/build/sub_sub
[0.905s] Level 1:colcon.colcon_core.environment:create_environment_scripts_only(sub_sub)
[0.906s] DEBUG:colcon.colcon_core.event_handler.log_command:Invoked command in '/home/azp/new_ws/build/sub_sub' returned '0': CMAKE_PREFIX_PATH=${CMAKE_PREFIX_PATH}:/opt/ros/humble /usr/bin/cmake --install /home/azp/new_ws/build/sub_sub
[0.911s] Level 1:colcon.colcon_core.environment:checking '/home/azp/new_ws/install/sub_sub' for CMake module files
[0.911s] Level 1:colcon.colcon_core.environment:checking '/home/azp/new_ws/install/sub_sub' for CMake config files
[0.912s] Level 1:colcon.colcon_core.shell:create_environment_hook('sub_sub', 'cmake_prefix_path')
[0.913s] INFO:colcon.colcon_core.shell:Creating environment hook '/home/azp/new_ws/install/sub_sub/share/sub_sub/hook/cmake_prefix_path.ps1'
[0.914s] INFO:colcon.colcon_core.shell:Creating environment descriptor '/home/azp/new_ws/install/sub_sub/share/sub_sub/hook/cmake_prefix_path.dsv'
[0.914s] INFO:colcon.colcon_core.shell:Creating environment hook '/home/azp/new_ws/install/sub_sub/share/sub_sub/hook/cmake_prefix_path.sh'
[0.915s] Level 1:colcon.colcon_core.environment:checking '/home/azp/new_ws/install/sub_sub/lib'
[0.916s] Level 1:colcon.colcon_core.environment:checking '/home/azp/new_ws/install/sub_sub/bin'
[0.916s] Level 1:colcon.colcon_core.environment:checking '/home/azp/new_ws/install/sub_sub/lib/pkgconfig/sub_sub.pc'
[0.916s] Level 1:colcon.colcon_core.environment:checking '/home/azp/new_ws/install/sub_sub/lib/python3.10/site-packages'
[0.916s] Level 1:colcon.colcon_core.environment:checking '/home/azp/new_ws/install/sub_sub/bin'
[0.918s] INFO:colcon.colcon_core.shell:Creating package script '/home/azp/new_ws/install/sub_sub/share/sub_sub/package.ps1'
[0.919s] INFO:colcon.colcon_core.shell:Creating package descriptor '/home/azp/new_ws/install/sub_sub/share/sub_sub/package.dsv'
[0.920s] INFO:colcon.colcon_core.shell:Creating package script '/home/azp/new_ws/install/sub_sub/share/sub_sub/package.sh'
[0.920s] INFO:colcon.colcon_core.shell:Creating package script '/home/azp/new_ws/install/sub_sub/share/sub_sub/package.bash'
[0.921s] INFO:colcon.colcon_core.shell:Creating package script '/home/azp/new_ws/install/sub_sub/share/sub_sub/package.zsh'
[0.922s] Level 1:colcon.colcon_core.environment:create_file_with_runtime_dependencies(/home/azp/new_ws/install/sub_sub/share/colcon-core/packages/sub_sub)
[0.948s] Level 1:colcon.colcon_core.environment:create_environment_scripts_only(sub_sub)
[0.951s] Level 1:colcon.colcon_core.environment:checking '/home/azp/new_ws/install/sub_sub' for CMake module files
[0.951s] Level 1:colcon.colcon_core.environment:checking '/home/azp/new_ws/install/sub_sub' for CMake config files
[0.951s] Level 1:colcon.colcon_core.shell:create_environment_hook('sub_sub', 'cmake_prefix_path')
[0.953s] INFO:colcon.colcon_core.shell:Creating environment hook '/home/azp/new_ws/install/sub_sub/share/sub_sub/hook/cmake_prefix_path.ps1'
[0.954s] INFO:colcon.colcon_core.shell:Creating environment descriptor '/home/azp/new_ws/install/sub_sub/share/sub_sub/hook/cmake_prefix_path.dsv'
[0.954s] INFO:colcon.colcon_core.shell:Creating environment hook '/home/azp/new_ws/install/sub_sub/share/sub_sub/hook/cmake_prefix_path.sh'
[0.955s] Level 1:colcon.colcon_core.environment:checking '/home/azp/new_ws/install/sub_sub/lib'
[0.955s] Level 1:colcon.colcon_core.environment:checking '/home/azp/new_ws/install/sub_sub/bin'
[0.955s] Level 1:colcon.colcon_core.environment:checking '/home/azp/new_ws/install/sub_sub/lib/pkgconfig/sub_sub.pc'
[0.955s] Level 1:colcon.colcon_core.environment:checking '/home/azp/new_ws/install/sub_sub/lib/python3.10/site-packages'
[0.956s] Level 1:colcon.colcon_core.environment:checking '/home/azp/new_ws/install/sub_sub/bin'
[0.957s] INFO:colcon.colcon_core.shell:Creating package script '/home/azp/new_ws/install/sub_sub/share/sub_sub/package.ps1'
[0.958s] INFO:colcon.colcon_core.shell:Creating package descriptor '/home/azp/new_ws/install/sub_sub/share/sub_sub/package.dsv'
[0.959s] INFO:colcon.colcon_core.shell:Creating package script '/home/azp/new_ws/install/sub_sub/share/sub_sub/package.sh'
[0.959s] INFO:colcon.colcon_core.shell:Creating package script '/home/azp/new_ws/install/sub_sub/share/sub_sub/package.bash'
[0.960s] INFO:colcon.colcon_core.shell:Creating package script '/home/azp/new_ws/install/sub_sub/share/sub_sub/package.zsh'
[0.960s] Level 1:colcon.colcon_core.environment:create_file_with_runtime_dependencies(/home/azp/new_ws/install/sub_sub/share/colcon-core/packages/sub_sub)
[1.324s] DEBUG:colcon.colcon_core.event_handler.log_command:Invoked command in '/home/azp/new_ws/build/pub_sub' returned '0': CMAKE_PREFIX_PATH=${CMAKE_PREFIX_PATH}:/opt/ros/humble /usr/bin/cmake --build /home/azp/new_ws/build/pub_sub -- -j4 -l4
[1.351s] DEBUG:colcon.colcon_core.event_handler.log_command:Invoking command in '/home/azp/new_ws/build/pub_sub': CMAKE_PREFIX_PATH=${CMAKE_PREFIX_PATH}:/opt/ros/humble /usr/bin/cmake --install /home/azp/new_ws/build/pub_sub
[2.967s] Level 1:colcon.colcon_core.environment:create_environment_scripts_only(pub_sub)
[2.971s] Level 1:colcon.colcon_core.environment:checking '/home/azp/new_ws/install/pub_sub' for CMake module files
[2.972s] DEBUG:colcon.colcon_core.event_handler.log_command:Invoked command in '/home/azp/new_ws/build/pub_sub' returned '0': CMAKE_PREFIX_PATH=${CMAKE_PREFIX_PATH}:/opt/ros/humble /usr/bin/cmake --install /home/azp/new_ws/build/pub_sub
[2.973s] Level 1:colcon.colcon_core.environment:checking '/home/azp/new_ws/install/pub_sub' for CMake config files
[2.973s] Level 1:colcon.colcon_core.shell:create_environment_hook('pub_sub', 'cmake_prefix_path')
[2.976s] INFO:colcon.colcon_core.shell:Creating environment hook '/home/azp/new_ws/install/pub_sub/share/pub_sub/hook/cmake_prefix_path.ps1'
[2.977s] INFO:colcon.colcon_core.shell:Creating environment descriptor '/home/azp/new_ws/install/pub_sub/share/pub_sub/hook/cmake_prefix_path.dsv'
[2.977s] INFO:colcon.colcon_core.shell:Creating environment hook '/home/azp/new_ws/install/pub_sub/share/pub_sub/hook/cmake_prefix_path.sh'
[2.978s] Level 1:colcon.colcon_core.environment:checking '/home/azp/new_ws/install/pub_sub/lib'
[2.978s] Level 1:colcon.colcon_core.environment:checking '/home/azp/new_ws/install/pub_sub/bin'
[2.978s] Level 1:colcon.colcon_core.environment:checking '/home/azp/new_ws/install/pub_sub/lib/pkgconfig/pub_sub.pc'
[2.979s] Level 1:colcon.colcon_core.environment:checking '/home/azp/new_ws/install/pub_sub/lib/python3.10/site-packages'
[2.979s] Level 1:colcon.colcon_core.environment:checking '/home/azp/new_ws/install/pub_sub/bin'
[2.982s] INFO:colcon.colcon_core.shell:Creating package script '/home/azp/new_ws/install/pub_sub/share/pub_sub/package.ps1'
[2.983s] INFO:colcon.colcon_core.shell:Creating package descriptor '/home/azp/new_ws/install/pub_sub/share/pub_sub/package.dsv'
[2.984s] INFO:colcon.colcon_core.shell:Creating package script '/home/azp/new_ws/install/pub_sub/share/pub_sub/package.sh'
[2.986s] INFO:colcon.colcon_core.shell:Creating package script '/home/azp/new_ws/install/pub_sub/share/pub_sub/package.bash'
[2.986s] INFO:colcon.colcon_core.shell:Creating package script '/home/azp/new_ws/install/pub_sub/share/pub_sub/package.zsh'
[2.987s] Level 1:colcon.colcon_core.environment:create_file_with_runtime_dependencies(/home/azp/new_ws/install/pub_sub/share/colcon-core/packages/pub_sub)
[3.020s] Level 1:colcon.colcon_core.environment:create_environment_scripts_only(pub_sub)
[3.024s] Level 1:colcon.colcon_core.environment:checking '/home/azp/new_ws/install/pub_sub' for CMake module files
[3.025s] Level 1:colcon.colcon_core.environment:checking '/home/azp/new_ws/install/pub_sub' for CMake config files
[3.026s] Level 1:colcon.colcon_core.shell:create_environment_hook('pub_sub', 'cmake_prefix_path')
[3.028s] INFO:colcon.colcon_core.shell:Creating environment hook '/home/azp/new_ws/install/pub_sub/share/pub_sub/hook/cmake_prefix_path.ps1'
[3.029s] INFO:colcon.colcon_core.shell:Creating environment descriptor '/home/azp/new_ws/install/pub_sub/share/pub_sub/hook/cmake_prefix_path.dsv'
[3.030s] INFO:colcon.colcon_core.shell:Creating environment hook '/home/azp/new_ws/install/pub_sub/share/pub_sub/hook/cmake_prefix_path.sh'
[3.030s] Level 1:colcon.colcon_core.environment:checking '/home/azp/new_ws/install/pub_sub/lib'
[3.031s] Level 1:colcon.colcon_core.environment:checking '/home/azp/new_ws/install/pub_sub/bin'
[3.031s] Level 1:colcon.colcon_core.environment:checking '/home/azp/new_ws/install/pub_sub/lib/pkgconfig/pub_sub.pc'
[3.031s] Level 1:colcon.colcon_core.environment:checking '/home/azp/new_ws/install/pub_sub/lib/python3.10/site-packages'
[3.032s] Level 1:colcon.colcon_core.environment:checking '/home/azp/new_ws/install/pub_sub/bin'
[3.034s] INFO:colcon.colcon_core.shell:Creating package script '/home/azp/new_ws/install/pub_sub/share/pub_sub/package.ps1'
[3.035s] INFO:colcon.colcon_core.shell:Creating package descriptor '/home/azp/new_ws/install/pub_sub/share/pub_sub/package.dsv'
[3.036s] INFO:colcon.colcon_core.shell:Creating package script '/home/azp/new_ws/install/pub_sub/share/pub_sub/package.sh'
[3.037s] INFO:colcon.colcon_core.shell:Creating package script '/home/azp/new_ws/install/pub_sub/share/pub_sub/package.bash'
[3.038s] INFO:colcon.colcon_core.shell:Creating package script '/home/azp/new_ws/install/pub_sub/share/pub_sub/package.zsh'
[3.039s] Level 1:colcon.colcon_core.environment:create_file_with_runtime_dependencies(/home/azp/new_ws/install/pub_sub/share/colcon-core/packages/pub_sub)
[3.733s] DEBUG:colcon.colcon_core.event_handler.log_command:Invoked command in '/home/azp/new_ws/build/rom_msgs' returned '0': CMAKE_PREFIX_PATH=${CMAKE_PREFIX_PATH}:/opt/ros/humble /usr/bin/cmake --build /home/azp/new_ws/build/rom_msgs -- -j4 -l4
[3.784s] DEBUG:colcon.colcon_core.event_handler.log_command:Invoked command in '/home/azp/new_ws/build/motor_msg' returned '0': CMAKE_PREFIX_PATH=${CMAKE_PREFIX_PATH}:/opt/ros/humble /usr/bin/cmake --build /home/azp/new_ws/build/motor_msg -- -j4 -l4
[3.821s] DEBUG:colcon.colcon_core.event_handler.log_command:Invoking command in '/home/azp/new_ws/build/rom_msgs': CMAKE_PREFIX_PATH=${CMAKE_PREFIX_PATH}:/opt/ros/humble /usr/bin/cmake --install /home/azp/new_ws/build/rom_msgs
[3.866s] DEBUG:colcon.colcon_core.event_handler.log_command:Invoking command in '/home/azp/new_ws/build/motor_msg': CMAKE_PREFIX_PATH=${CMAKE_PREFIX_PATH}:/opt/ros/humble /usr/bin/cmake --install /home/azp/new_ws/build/motor_msg
[5.179s] Level 1:colcon.colcon_core.environment:create_environment_scripts_only(motor_msg)
[5.193s] DEBUG:colcon.colcon_core.event_handler.log_command:Invoked command in '/home/azp/new_ws/build/motor_msg' returned '0': CMAKE_PREFIX_PATH=${CMAKE_PREFIX_PATH}:/opt/ros/humble /usr/bin/cmake --install /home/azp/new_ws/build/motor_msg
[5.197s] Level 1:colcon.colcon_core.environment:checking '/home/azp/new_ws/install/motor_msg' for CMake module files
[5.216s] Level 1:colcon.colcon_core.environment:checking '/home/azp/new_ws/install/motor_msg' for CMake config files
[5.217s] Level 1:colcon.colcon_core.shell:create_environment_hook('motor_msg', 'cmake_prefix_path')
[5.222s] INFO:colcon.colcon_core.shell:Creating environment hook '/home/azp/new_ws/install/motor_msg/share/motor_msg/hook/cmake_prefix_path.ps1'
[5.223s] INFO:colcon.colcon_core.shell:Creating environment descriptor '/home/azp/new_ws/install/motor_msg/share/motor_msg/hook/cmake_prefix_path.dsv'
[5.224s] INFO:colcon.colcon_core.shell:Creating environment hook '/home/azp/new_ws/install/motor_msg/share/motor_msg/hook/cmake_prefix_path.sh'
[5.226s] Level 1:colcon.colcon_core.environment:checking '/home/azp/new_ws/install/motor_msg/lib'
[5.226s] Level 1:colcon.colcon_core.shell:create_environment_hook('motor_msg', 'ld_library_path_lib')
[5.230s] INFO:colcon.colcon_core.shell:Creating environment hook '/home/azp/new_ws/install/motor_msg/share/motor_msg/hook/ld_library_path_lib.ps1'
[5.231s] INFO:colcon.colcon_core.shell:Creating environment descriptor '/home/azp/new_ws/install/motor_msg/share/motor_msg/hook/ld_library_path_lib.dsv'
[5.231s] INFO:colcon.colcon_core.shell:Creating environment hook '/home/azp/new_ws/install/motor_msg/share/motor_msg/hook/ld_library_path_lib.sh'
[5.232s] Level 1:colcon.colcon_core.environment:checking '/home/azp/new_ws/install/motor_msg/bin'
[5.233s] Level 1:colcon.colcon_core.environment:checking '/home/azp/new_ws/install/motor_msg/lib/pkgconfig/motor_msg.pc'
[5.233s] Level 1:colcon.colcon_core.environment:checking '/home/azp/new_ws/install/motor_msg/lib/python3.10/site-packages'
[5.233s] Level 1:colcon.colcon_core.environment:checking '/home/azp/new_ws/install/motor_msg/bin'
[5.236s] INFO:colcon.colcon_core.shell:Creating package script '/home/azp/new_ws/install/motor_msg/share/motor_msg/package.ps1'
[5.237s] INFO:colcon.colcon_core.shell:Creating package descriptor '/home/azp/new_ws/install/motor_msg/share/motor_msg/package.dsv'
[5.238s] INFO:colcon.colcon_core.shell:Creating package script '/home/azp/new_ws/install/motor_msg/share/motor_msg/package.sh'
[5.238s] INFO:colcon.colcon_core.shell:Creating package script '/home/azp/new_ws/install/motor_msg/share/motor_msg/package.bash'
[5.239s] INFO:colcon.colcon_core.shell:Creating package script '/home/azp/new_ws/install/motor_msg/share/motor_msg/package.zsh'
[5.239s] Level 1:colcon.colcon_core.environment:create_file_with_runtime_dependencies(/home/azp/new_ws/install/motor_msg/share/colcon-core/packages/motor_msg)
[5.242s] Level 1:colcon.colcon_core.environment:create_environment_scripts_only(rom_msgs)
[5.244s] Level 1:colcon.colcon_core.environment:checking '/home/azp/new_ws/install/rom_msgs' for CMake module files
[5.245s] DEBUG:colcon.colcon_core.event_handler.log_command:Invoked command in '/home/azp/new_ws/build/rom_msgs' returned '0': CMAKE_PREFIX_PATH=${CMAKE_PREFIX_PATH}:/opt/ros/humble /usr/bin/cmake --install /home/azp/new_ws/build/rom_msgs
[5.246s] Level 1:colcon.colcon_core.environment:checking '/home/azp/new_ws/install/rom_msgs' for CMake config files
[5.246s] Level 1:colcon.colcon_core.shell:create_environment_hook('rom_msgs', 'cmake_prefix_path')
[5.248s] INFO:colcon.colcon_core.shell:Creating environment hook '/home/azp/new_ws/install/rom_msgs/share/rom_msgs/hook/cmake_prefix_path.ps1'
[5.249s] INFO:colcon.colcon_core.shell:Creating environment descriptor '/home/azp/new_ws/install/rom_msgs/share/rom_msgs/hook/cmake_prefix_path.dsv'
[5.249s] INFO:colcon.colcon_core.shell:Creating environment hook '/home/azp/new_ws/install/rom_msgs/share/rom_msgs/hook/cmake_prefix_path.sh'
[5.250s] Level 1:colcon.colcon_core.environment:checking '/home/azp/new_ws/install/rom_msgs/lib'
[5.250s] Level 1:colcon.colcon_core.shell:create_environment_hook('rom_msgs', 'ld_library_path_lib')
[5.252s] INFO:colcon.colcon_core.shell:Creating environment hook '/home/azp/new_ws/install/rom_msgs/share/rom_msgs/hook/ld_library_path_lib.ps1'
[5.252s] INFO:colcon.colcon_core.shell:Creating environment descriptor '/home/azp/new_ws/install/rom_msgs/share/rom_msgs/hook/ld_library_path_lib.dsv'
[5.253s] INFO:colcon.colcon_core.shell:Creating environment hook '/home/azp/new_ws/install/rom_msgs/share/rom_msgs/hook/ld_library_path_lib.sh'
[5.253s] Level 1:colcon.colcon_core.environment:checking '/home/azp/new_ws/install/rom_msgs/bin'
[5.253s] Level 1:colcon.colcon_core.environment:checking '/home/azp/new_ws/install/rom_msgs/lib/pkgconfig/rom_msgs.pc'
[5.254s] Level 1:colcon.colcon_core.environment:checking '/home/azp/new_ws/install/rom_msgs/lib/python3.10/site-packages'
[5.254s] Level 1:colcon.colcon_core.environment:checking '/home/azp/new_ws/install/rom_msgs/bin'
[5.256s] INFO:colcon.colcon_core.shell:Creating package script '/home/azp/new_ws/install/rom_msgs/share/rom_msgs/package.ps1'
[5.256s] INFO:colcon.colcon_core.shell:Creating package descriptor '/home/azp/new_ws/install/rom_msgs/share/rom_msgs/package.dsv'
[5.257s] INFO:colcon.colcon_core.shell:Creating package script '/home/azp/new_ws/install/rom_msgs/share/rom_msgs/package.sh'
[5.258s] INFO:colcon.colcon_core.shell:Creating package script '/home/azp/new_ws/install/rom_msgs/share/rom_msgs/package.bash'
[5.258s] INFO:colcon.colcon_core.shell:Creating package script '/home/azp/new_ws/install/rom_msgs/share/rom_msgs/package.zsh'
[5.259s] Level 1:colcon.colcon_core.environment:create_file_with_runtime_dependencies(/home/azp/new_ws/install/rom_msgs/share/colcon-core/packages/rom_msgs)
[5.328s] Level 1:colcon.colcon_core.environment:create_environment_scripts_only(motor_msg)
[5.330s] Level 1:colcon.colcon_core.environment:checking '/home/azp/new_ws/install/motor_msg' for CMake module files
[5.331s] Level 1:colcon.colcon_core.environment:checking '/home/azp/new_ws/install/motor_msg' for CMake config files
[5.331s] Level 1:colcon.colcon_core.shell:create_environment_hook('motor_msg', 'cmake_prefix_path')
[5.333s] INFO:colcon.colcon_core.shell:Creating environment hook '/home/azp/new_ws/install/motor_msg/share/motor_msg/hook/cmake_prefix_path.ps1'
[5.334s] INFO:colcon.colcon_core.shell:Creating environment descriptor '/home/azp/new_ws/install/motor_msg/share/motor_msg/hook/cmake_prefix_path.dsv'
[5.335s] INFO:colcon.colcon_core.shell:Creating environment hook '/home/azp/new_ws/install/motor_msg/share/motor_msg/hook/cmake_prefix_path.sh'
[5.336s] Level 1:colcon.colcon_core.environment:checking '/home/azp/new_ws/install/motor_msg/lib'
[5.336s] Level 1:colcon.colcon_core.shell:create_environment_hook('motor_msg', 'ld_library_path_lib')
[5.338s] INFO:colcon.colcon_core.shell:Creating environment hook '/home/azp/new_ws/install/motor_msg/share/motor_msg/hook/ld_library_path_lib.ps1'
[5.338s] INFO:colcon.colcon_core.shell:Creating environment descriptor '/home/azp/new_ws/install/motor_msg/share/motor_msg/hook/ld_library_path_lib.dsv'
[5.339s] INFO:colcon.colcon_core.shell:Creating environment hook '/home/azp/new_ws/install/motor_msg/share/motor_msg/hook/ld_library_path_lib.sh'
[5.339s] Level 1:colcon.colcon_core.environment:checking '/home/azp/new_ws/install/motor_msg/bin'
[5.339s] Level 1:colcon.colcon_core.environment:checking '/home/azp/new_ws/install/motor_msg/lib/pkgconfig/motor_msg.pc'
[5.340s] Level 1:colcon.colcon_core.environment:checking '/home/azp/new_ws/install/motor_msg/lib/python3.10/site-packages'
[5.340s] Level 1:colcon.colcon_core.environment:checking '/home/azp/new_ws/install/motor_msg/bin'
[5.342s] INFO:colcon.colcon_core.shell:Creating package script '/home/azp/new_ws/install/motor_msg/share/motor_msg/package.ps1'
[5.343s] INFO:colcon.colcon_core.shell:Creating package descriptor '/home/azp/new_ws/install/motor_msg/share/motor_msg/package.dsv'
[5.343s] INFO:colcon.colcon_core.shell:Creating package script '/home/azp/new_ws/install/motor_msg/share/motor_msg/package.sh'
[5.344s] INFO:colcon.colcon_core.shell:Creating package script '/home/azp/new_ws/install/motor_msg/share/motor_msg/package.bash'
[5.346s] INFO:colcon.colcon_core.shell:Creating package script '/home/azp/new_ws/install/motor_msg/share/motor_msg/package.zsh'
[5.347s] Level 1:colcon.colcon_core.environment:create_file_with_runtime_dependencies(/home/azp/new_ws/install/motor_msg/share/colcon-core/packages/motor_msg)
[5.350s] Level 1:colcon.colcon_core.environment:create_environment_scripts_only(rom_msgs)
[5.352s] Level 1:colcon.colcon_core.environment:checking '/home/azp/new_ws/install/rom_msgs' for CMake module files
[5.353s] Level 1:colcon.colcon_core.environment:checking '/home/azp/new_ws/install/rom_msgs' for CMake config files
[5.353s] Level 1:colcon.colcon_core.shell:create_environment_hook('rom_msgs', 'cmake_prefix_path')
[5.355s] INFO:colcon.colcon_core.shell:Creating environment hook '/home/azp/new_ws/install/rom_msgs/share/rom_msgs/hook/cmake_prefix_path.ps1'
[5.355s] INFO:colcon.colcon_core.shell:Creating environment descriptor '/home/azp/new_ws/install/rom_msgs/share/rom_msgs/hook/cmake_prefix_path.dsv'
[5.356s] INFO:colcon.colcon_core.shell:Creating environment hook '/home/azp/new_ws/install/rom_msgs/share/rom_msgs/hook/cmake_prefix_path.sh'
[5.356s] Level 1:colcon.colcon_core.environment:checking '/home/azp/new_ws/install/rom_msgs/lib'
[5.357s] Level 1:colcon.colcon_core.shell:create_environment_hook('rom_msgs', 'ld_library_path_lib')
[5.358s] INFO:colcon.colcon_core.shell:Creating environment hook '/home/azp/new_ws/install/rom_msgs/share/rom_msgs/hook/ld_library_path_lib.ps1'
[5.358s] INFO:colcon.colcon_core.shell:Creating environment descriptor '/home/azp/new_ws/install/rom_msgs/share/rom_msgs/hook/ld_library_path_lib.dsv'
[5.359s] INFO:colcon.colcon_core.shell:Creating environment hook '/home/azp/new_ws/install/rom_msgs/share/rom_msgs/hook/ld_library_path_lib.sh'
[5.359s] Level 1:colcon.colcon_core.environment:checking '/home/azp/new_ws/install/rom_msgs/bin'
[5.359s] Level 1:colcon.colcon_core.environment:checking '/home/azp/new_ws/install/rom_msgs/lib/pkgconfig/rom_msgs.pc'
[5.360s] Level 1:colcon.colcon_core.environment:checking '/home/azp/new_ws/install/rom_msgs/lib/python3.10/site-packages'
[5.361s] Level 1:colcon.colcon_core.environment:checking '/home/azp/new_ws/install/rom_msgs/bin'
[5.362s] INFO:colcon.colcon_core.shell:Creating package script '/home/azp/new_ws/install/rom_msgs/share/rom_msgs/package.ps1'
[5.363s] INFO:colcon.colcon_core.shell:Creating package descriptor '/home/azp/new_ws/install/rom_msgs/share/rom_msgs/package.dsv'
[5.364s] INFO:colcon.colcon_core.shell:Creating package script '/home/azp/new_ws/install/rom_msgs/share/rom_msgs/package.sh'
[5.364s] INFO:colcon.colcon_core.shell:Creating package script '/home/azp/new_ws/install/rom_msgs/share/rom_msgs/package.bash'
[5.365s] INFO:colcon.colcon_core.shell:Creating package script '/home/azp/new_ws/install/rom_msgs/share/rom_msgs/package.zsh'
[5.365s] Level 1:colcon.colcon_core.environment:create_file_with_runtime_dependencies(/home/azp/new_ws/install/rom_msgs/share/colcon-core/packages/rom_msgs)
[5.366s] DEBUG:colcon.colcon_parallel_executor.executor.parallel:closing loop
[5.366s] DEBUG:colcon.colcon_parallel_executor.executor.parallel:loop closed
[5.366s] DEBUG:colcon.colcon_parallel_executor.executor.parallel:run_until_complete finished with '0'
[5.366s] DEBUG:colcon.colcon_core.event_reactor:joining thread
[5.375s] INFO:colcon.colcon_core.plugin_system:Skipping extension 'colcon_notification.desktop_notification.terminal_notifier': Not used on non-Darwin systems
[5.375s] INFO:colcon.colcon_core.plugin_system:Skipping extension 'colcon_notification.desktop_notification.win32': Not used on non-Windows systems
[5.375s] INFO:colcon.colcon_notification.desktop_notification:Sending desktop notification using 'notify2'
[5.389s] DEBUG:colcon.colcon_core.event_reactor:joined thread
[5.391s] INFO:colcon.colcon_core.shell:Creating prefix script '/home/azp/new_ws/install/local_setup.ps1'
[5.393s] INFO:colcon.colcon_core.shell:Creating prefix util module '/home/azp/new_ws/install/_local_setup_util_ps1.py'
[5.395s] INFO:colcon.colcon_core.shell:Creating prefix chain script '/home/azp/new_ws/install/setup.ps1'
[5.396s] INFO:colcon.colcon_core.shell:Creating prefix script '/home/azp/new_ws/install/local_setup.sh'
[5.397s] INFO:colcon.colcon_core.shell:Creating prefix util module '/home/azp/new_ws/install/_local_setup_util_sh.py'
[5.398s] INFO:colcon.colcon_core.shell:Creating prefix chain script '/home/azp/new_ws/install/setup.sh'
[5.399s] INFO:colcon.colcon_core.shell:Creating prefix script '/home/azp/new_ws/install/local_setup.bash'
[5.400s] INFO:colcon.colcon_core.shell:Creating prefix chain script '/home/azp/new_ws/install/setup.bash'
[5.402s] INFO:colcon.colcon_core.shell:Creating prefix script '/home/azp/new_ws/install/local_setup.zsh'
[5.403s] INFO:colcon.colcon_core.shell:Creating prefix chain script '/home/azp/new_ws/install/setup.zsh'
