[0.024s] Invoking command in '/home/azp/new_ws/build/pub_sub': CMAKE_PREFIX_PATH=${CMAKE_PREFIX_PATH}:/opt/ros/humble /usr/bin/cmake --build /home/azp/new_ws/build/pub_sub -- -j4 -l4
[0.080s] [35m[1mConsolidate compiler generated dependencies of target talker[0m
[0.243s] [100%] Built target talker
[0.253s] Invoked command in '/home/azp/new_ws/build/pub_sub' returned '0': CMAKE_PREFIX_PATH=${CMAKE_PREFIX_PATH}:/opt/ros/humble /usr/bin/cmake --build /home/azp/new_ws/build/pub_sub -- -j4 -l4
[0.287s] Invoking command in '/home/azp/new_ws/build/pub_sub': CMAKE_PREFIX_PATH=${CMAKE_PREFIX_PATH}:/opt/ros/humble /usr/bin/cmake --install /home/azp/new_ws/build/pub_sub
[0.294s] -- Install configuration: ""
[0.295s] -- Execute custom install script
[0.301s] -- Up-to-date symlink: /home/azp/new_ws/install/pub_sub/lib/pub_sub/talker
[0.301s] -- Up-to-date symlink: /home/azp/new_ws/install/pub_sub/share/ament_index/resource_index/package_run_dependencies/pub_sub
[0.302s] -- Up-to-date symlink: /home/azp/new_ws/install/pub_sub/share/ament_index/resource_index/parent_prefix_path/pub_sub
[0.303s] -- Up-to-date symlink: /home/azp/new_ws/install/pub_sub/share/pub_sub/environment/ament_prefix_path.sh
[0.303s] -- Up-to-date symlink: /home/azp/new_ws/install/pub_sub/share/pub_sub/environment/ament_prefix_path.dsv
[0.304s] -- Up-to-date symlink: /home/azp/new_ws/install/pub_sub/share/pub_sub/environment/path.sh
[0.304s] -- Up-to-date symlink: /home/azp/new_ws/install/pub_sub/share/pub_sub/environment/path.dsv
[0.306s] -- Up-to-date symlink: /home/azp/new_ws/install/pub_sub/share/pub_sub/local_setup.bash
[0.306s] -- Up-to-date symlink: /home/azp/new_ws/install/pub_sub/share/pub_sub/local_setup.sh
[0.306s] -- Up-to-date symlink: /home/azp/new_ws/install/pub_sub/share/pub_sub/local_setup.zsh
[0.307s] -- Up-to-date symlink: /home/azp/new_ws/install/pub_sub/share/pub_sub/local_setup.dsv
[0.307s] -- Symlinking: /home/azp/new_ws/install/pub_sub/share/pub_sub/package.dsv
[0.316s] -- Up-to-date symlink: /home/azp/new_ws/install/pub_sub/share/ament_index/resource_index/packages/pub_sub
[0.320s] -- Up-to-date symlink: /home/azp/new_ws/install/pub_sub/share/pub_sub/cmake/pub_subConfig.cmake
[0.320s] -- Up-to-date symlink: /home/azp/new_ws/install/pub_sub/share/pub_sub/cmake/pub_subConfig-version.cmake
[0.320s] -- Up-to-date symlink: /home/azp/new_ws/install/pub_sub/share/pub_sub/package.xml
[0.324s] Invoked command in '/home/azp/new_ws/build/pub_sub' returned '0': CMAKE_PREFIX_PATH=${CMAKE_PREFIX_PATH}:/opt/ros/humble /usr/bin/cmake --install /home/azp/new_ws/build/pub_sub
