[0.221s] Invoking command in '/home/azp/new_ws/build/pub_sub': CMAKE_PREFIX_PATH=${CMAKE_PREFIX_PATH}:/opt/ros/humble /usr/bin/cmake /home/azp/new_ws/src/pub_sub -DCMAKE_INSTALL_PREFIX=/home/azp/new_ws/install/pub_sub
[1.043s] -- Found ament_cmake: 1.3.2 (/opt/ros/humble/share/ament_cmake/cmake)
[2.626s] -- Override CMake install command with custom implementation using symlinks instead of copying resources
[4.180s] -- Found rclcpp: 16.0.1 (/opt/ros/humble/share/rclcpp/cmake)
[5.824s] -- Found rosidl_generator_c: 3.1.3 (/opt/ros/humble/share/rosidl_generator_c/cmake)
[6.007s] -- Found rosidl_adapter: 3.1.3 (/opt/ros/humble/share/rosidl_adapter/cmake)
[6.048s] -- Found rosidl_generator_cpp: 3.1.3 (/opt/ros/humble/share/rosidl_generator_cpp/cmake)
[6.454s] -- Using all available rosidl_typesupport_c: rosidl_typesupport_fastrtps_c;rosidl_typesupport_introspection_c
[6.720s] -- Using all available rosidl_typesupport_cpp: rosidl_typesupport_fastrtps_cpp;rosidl_typesupport_introspection_cpp
[6.951s] -- Found rmw_implementation_cmake: 6.1.0 (/opt/ros/humble/share/rmw_implementation_cmake/cmake)
[6.986s] -- Found rmw_fastrtps_cpp: 6.2.1 (/opt/ros/humble/share/rmw_fastrtps_cpp/cmake)
[7.539s] -- Using RMW implementation 'rmw_fastrtps_cpp' as default
[8.205s] -- Found ament_lint_auto: 0.12.4 (/opt/ros/humble/share/ament_lint_auto/cmake)
[8.519s] -- Added test 'cppcheck' to perform static code analysis on C / C++ code
[8.520s] -- Configured cppcheck include dirs: 
[8.521s] -- Configured cppcheck exclude dirs and/or files: 
[8.546s] -- Added test 'lint_cmake' to check CMake code style
[8.552s] -- Added test 'uncrustify' to check C / C++ code style
[8.553s] -- Configured uncrustify additional arguments: 
[8.582s] -- Added test 'xmllint' to check XML markup files
[8.611s] -- Configuring done
[8.810s] -- Generating done
[8.820s] -- Build files have been written to: /home/azp/new_ws/build/pub_sub
