-- Found ament_cmake: 1.3.2 (/opt/ros/humble/share/ament_cmake/cmake)
-- Found rosidl_default_generators: 1.2.0 (/opt/ros/humble/share/rosidl_default_generators/cmake)
-- Using all available rosidl_typesupport_c: rosidl_typesupport_fastrtps_c;rosidl_typesupport_introspection_c
-- Found rosidl_adapter: 3.1.3 (/opt/ros/humble/share/rosidl_adapter/cmake)
-- Using all available rosidl_typesupport_cpp: rosidl_typesupport_fastrtps_cpp;rosidl_typesupport_introspection_cpp
-- Found ament_cmake_ros: 0.10.0 (/opt/ros/humble/share/ament_cmake_ros/cmake)
-- Using all available rosidl_typesupport_c: rosidl_typesupport_fastrtps_c;rosidl_typesupport_introspection_c
-- Using all available rosidl_typesupport_cpp: rosidl_typesupport_fastrtps_cpp;rosidl_typesupport_introspection_cpp
-- Found PythonInterp: /usr/bin/python3 (found suitable version "3.10.4", minimum required is "3.6") 
-- Found python_cmake_module: 0.10.0 (/opt/ros/humble/share/python_cmake_module/cmake)
-- Found PythonLibs: /usr/lib/x86_64-linux-gnu/libpython3.10.so (found suitable version "3.10.4", minimum required is "3.5") 
-- Using PYTHON_EXECUTABLE: /usr/bin/python3
-- Using PYTHON_INCLUDE_DIRS: /usr/include/python3.10
-- Using PYTHON_LIBRARIES: /usr/lib/x86_64-linux-gnu/libpython3.10.so
-- Found PythonExtra: .so  
-- Found ament_lint_auto: 0.12.4 (/opt/ros/humble/share/ament_lint_auto/cmake)
-- Added test 'lint_cmake' to check CMake code style
-- Added test 'xmllint' to check XML markup files
-- Configuring done
-- Generating done
-- Build files have been written to: /home/azp/new_ws/build/rom_msgs
[  2%] [34m[1mGenerating C code for ROS interfaces[0m
[  5%] [34m[1mGenerating C++ code for ROS interfaces[0m
[  5%] Built target ament_cmake_python_copy_rom_msgs
[ 10%] [32mBuilding C object CMakeFiles/rom_msgs__rosidl_generator_c.dir/rosidl_generator_c/rom_msgs/srv/detail/add_two_ints__functions.c.o[0m
[ 10%] [32mBuilding C object CMakeFiles/rom_msgs__rosidl_generator_c.dir/rosidl_generator_c/rom_msgs/msg/detail/rpm__functions.c.o[0m
running egg_info
creating rom_msgs.egg-info
writing rom_msgs.egg-info/PKG-INFO
writing dependency_links to rom_msgs.egg-info/dependency_links.txt
writing top-level names to rom_msgs.egg-info/top_level.txt
writing manifest file 'rom_msgs.egg-info/SOURCES.txt'
[ 10%] Built target rom_msgs__cpp
[ 12%] [34m[1mGenerating C++ type support dispatch for ROS interfaces[0m
reading manifest file 'rom_msgs.egg-info/SOURCES.txt'
writing manifest file 'rom_msgs.egg-info/SOURCES.txt'
[ 12%] Built target ament_cmake_python_build_rom_msgs_egg
[ 15%] [34m[1mGenerating C++ type support for eProsima Fast-RTPS[0m
[ 17%] [32mBuilding CXX object CMakeFiles/rom_msgs__rosidl_typesupport_cpp.dir/rosidl_typesupport_cpp/rom_msgs/msg/rpm__type_support.cpp.o[0m
[ 20%] [32mBuilding CXX object CMakeFiles/rom_msgs__rosidl_typesupport_cpp.dir/rosidl_typesupport_cpp/rom_msgs/srv/add_two_ints__type_support.cpp.o[0m
[ 23%] [32m[1mLinking C shared library librom_msgs__rosidl_generator_c.so[0m
[ 23%] Built target rom_msgs__rosidl_generator_c
[ 25%] [34m[1mGenerating C++ introspection for ROS interfaces[0m
[ 28%] [32mBuilding CXX object CMakeFiles/rom_msgs__rosidl_typesupport_fastrtps_cpp.dir/rosidl_typesupport_fastrtps_cpp/rom_msgs/msg/detail/dds_fastrtps/rpm__type_support.cpp.o[0m
[ 30%] [32mBuilding CXX object CMakeFiles/rom_msgs__rosidl_typesupport_introspection_cpp.dir/rosidl_typesupport_introspection_cpp/rom_msgs/msg/detail/rpm__type_support.cpp.o[0m
[ 33%] [32m[1mLinking CXX shared library librom_msgs__rosidl_typesupport_cpp.so[0m
[ 35%] [32mBuilding CXX object CMakeFiles/rom_msgs__rosidl_typesupport_introspection_cpp.dir/rosidl_typesupport_introspection_cpp/rom_msgs/srv/detail/add_two_ints__type_support.cpp.o[0m
[ 38%] [32mBuilding CXX object CMakeFiles/rom_msgs__rosidl_typesupport_fastrtps_cpp.dir/rosidl_typesupport_fastrtps_cpp/rom_msgs/srv/detail/dds_fastrtps/add_two_ints__type_support.cpp.o[0m
[ 38%] Built target rom_msgs__rosidl_typesupport_cpp
[ 41%] [34m[1mGenerating C type support for eProsima Fast-RTPS[0m
[ 43%] [34m[1mGenerating C introspection for ROS interfaces[0m
[ 46%] [32m[1mLinking CXX shared library librom_msgs__rosidl_typesupport_introspection_cpp.so[0m
[ 48%] [32mBuilding CXX object CMakeFiles/rom_msgs__rosidl_typesupport_fastrtps_c.dir/rosidl_typesupport_fastrtps_c/rom_msgs/msg/detail/rpm__type_support_c.cpp.o[0m
[ 51%] [32m[1mLinking CXX shared library librom_msgs__rosidl_typesupport_fastrtps_cpp.so[0m
[ 51%] Built target rom_msgs__rosidl_typesupport_introspection_cpp
[ 53%] [34m[1mGenerating C type support dispatch for ROS interfaces[0m
[ 53%] Built target rom_msgs__rosidl_typesupport_fastrtps_cpp
[ 56%] [32mBuilding CXX object CMakeFiles/rom_msgs__rosidl_typesupport_fastrtps_c.dir/rosidl_typesupport_fastrtps_c/rom_msgs/srv/detail/add_two_ints__type_support_c.cpp.o[0m
[ 58%] [32mBuilding C object CMakeFiles/rom_msgs__rosidl_typesupport_introspection_c.dir/rosidl_typesupport_introspection_c/rom_msgs/msg/detail/rpm__type_support.c.o[0m
[ 61%] [32mBuilding C object CMakeFiles/rom_msgs__rosidl_typesupport_introspection_c.dir/rosidl_typesupport_introspection_c/rom_msgs/srv/detail/add_two_ints__type_support.c.o[0m
[ 64%] [32m[1mLinking C shared library librom_msgs__rosidl_typesupport_introspection_c.so[0m
[ 64%] Built target rom_msgs__rosidl_typesupport_introspection_c
[ 69%] [32mBuilding CXX object CMakeFiles/rom_msgs__rosidl_typesupport_c.dir/rosidl_typesupport_c/rom_msgs/msg/rpm__type_support.cpp.o[0m
[ 69%] [32mBuilding CXX object CMakeFiles/rom_msgs__rosidl_typesupport_c.dir/rosidl_typesupport_c/rom_msgs/srv/add_two_ints__type_support.cpp.o[0m
[ 71%] [32m[1mLinking CXX shared library librom_msgs__rosidl_typesupport_fastrtps_c.so[0m
[ 74%] [32m[1mLinking CXX shared library librom_msgs__rosidl_typesupport_c.so[0m
[ 74%] Built target rom_msgs__rosidl_typesupport_c
[ 74%] Built target rom_msgs__rosidl_typesupport_fastrtps_c
[ 74%] Built target rom_msgs
[ 76%] [34m[1mGenerating Python code for ROS interfaces[0m
[ 76%] Built target rom_msgs__py
[ 82%] [32mBuilding C object CMakeFiles/rom_msgs__rosidl_generator_py.dir/rosidl_generator_py/rom_msgs/srv/_add_two_ints_s.c.o[0m
[ 82%] [32mBuilding C object CMakeFiles/rom_msgs__rosidl_generator_py.dir/rosidl_generator_py/rom_msgs/msg/_rpm_s.c.o[0m
[ 84%] [32m[1mLinking C shared library rosidl_generator_py/rom_msgs/librom_msgs__rosidl_generator_py.so[0m
[ 84%] Built target rom_msgs__rosidl_generator_py
[ 87%] [32mBuilding C object CMakeFiles/rom_msgs__rosidl_typesupport_introspection_c__pyext.dir/rosidl_generator_py/rom_msgs/_rom_msgs_s.ep.rosidl_typesupport_introspection_c.c.o[0m
[ 89%] [32mBuilding C object CMakeFiles/rom_msgs__rosidl_typesupport_fastrtps_c__pyext.dir/rosidl_generator_py/rom_msgs/_rom_msgs_s.ep.rosidl_typesupport_fastrtps_c.c.o[0m
[ 92%] [32mBuilding C object CMakeFiles/rom_msgs__rosidl_typesupport_c__pyext.dir/rosidl_generator_py/rom_msgs/_rom_msgs_s.ep.rosidl_typesupport_c.c.o[0m
[ 94%] [32m[1mLinking C shared library rosidl_generator_py/rom_msgs/rom_msgs_s__rosidl_typesupport_fastrtps_c.cpython-310-x86_64-linux-gnu.so[0m
[ 94%] Built target rom_msgs__rosidl_typesupport_fastrtps_c__pyext
[ 97%] [32m[1mLinking C shared library rosidl_generator_py/rom_msgs/rom_msgs_s__rosidl_typesupport_introspection_c.cpython-310-x86_64-linux-gnu.so[0m
[100%] [32m[1mLinking C shared library rosidl_generator_py/rom_msgs/rom_msgs_s__rosidl_typesupport_c.cpython-310-x86_64-linux-gnu.so[0m
[100%] Built target rom_msgs__rosidl_typesupport_introspection_c__pyext
[100%] Built target rom_msgs__rosidl_typesupport_c__pyext
-- Install configuration: ""
-- Installing: /home/azp/new_ws/install/rom_msgs/share/ament_index/resource_index/rosidl_interfaces/rom_msgs
-- Installing: /home/azp/new_ws/install/rom_msgs/include/rom_msgs/rom_msgs
-- Installing: /home/azp/new_ws/install/rom_msgs/include/rom_msgs/rom_msgs/msg
-- Installing: /home/azp/new_ws/install/rom_msgs/include/rom_msgs/rom_msgs/msg/rpm.h
-- Installing: /home/azp/new_ws/install/rom_msgs/include/rom_msgs/rom_msgs/msg/detail
-- Installing: /home/azp/new_ws/install/rom_msgs/include/rom_msgs/rom_msgs/msg/detail/rpm__functions.c
-- Installing: /home/azp/new_ws/install/rom_msgs/include/rom_msgs/rom_msgs/msg/detail/rpm__functions.h
-- Installing: /home/azp/new_ws/install/rom_msgs/include/rom_msgs/rom_msgs/msg/detail/rpm__type_support.h
-- Installing: /home/azp/new_ws/install/rom_msgs/include/rom_msgs/rom_msgs/msg/detail/rpm__struct.h
-- Installing: /home/azp/new_ws/install/rom_msgs/include/rom_msgs/rom_msgs/msg/rosidl_generator_c__visibility_control.h
-- Installing: /home/azp/new_ws/install/rom_msgs/include/rom_msgs/rom_msgs/srv
-- Installing: /home/azp/new_ws/install/rom_msgs/include/rom_msgs/rom_msgs/srv/add_two_ints.h
-- Installing: /home/azp/new_ws/install/rom_msgs/include/rom_msgs/rom_msgs/srv/detail
-- Installing: /home/azp/new_ws/install/rom_msgs/include/rom_msgs/rom_msgs/srv/detail/add_two_ints__struct.h
-- Installing: /home/azp/new_ws/install/rom_msgs/include/rom_msgs/rom_msgs/srv/detail/add_two_ints__functions.c
-- Installing: /home/azp/new_ws/install/rom_msgs/include/rom_msgs/rom_msgs/srv/detail/add_two_ints__type_support.h
-- Installing: /home/azp/new_ws/install/rom_msgs/include/rom_msgs/rom_msgs/srv/detail/add_two_ints__functions.h
-- Installing: /home/azp/new_ws/install/rom_msgs/share/rom_msgs/environment/library_path.sh
-- Installing: /home/azp/new_ws/install/rom_msgs/share/rom_msgs/environment/library_path.dsv
-- Installing: /home/azp/new_ws/install/rom_msgs/lib/librom_msgs__rosidl_generator_c.so
-- Set runtime path of "/home/azp/new_ws/install/rom_msgs/lib/librom_msgs__rosidl_generator_c.so" to ""
-- Up-to-date: /home/azp/new_ws/install/rom_msgs/include/rom_msgs/rom_msgs
-- Up-to-date: /home/azp/new_ws/install/rom_msgs/include/rom_msgs/rom_msgs/msg
-- Up-to-date: /home/azp/new_ws/install/rom_msgs/include/rom_msgs/rom_msgs/msg/detail
-- Installing: /home/azp/new_ws/install/rom_msgs/include/rom_msgs/rom_msgs/msg/detail/rpm__rosidl_typesupport_fastrtps_c.h
-- Installing: /home/azp/new_ws/install/rom_msgs/include/rom_msgs/rom_msgs/msg/rosidl_typesupport_fastrtps_c__visibility_control.h
-- Up-to-date: /home/azp/new_ws/install/rom_msgs/include/rom_msgs/rom_msgs/srv
-- Up-to-date: /home/azp/new_ws/install/rom_msgs/include/rom_msgs/rom_msgs/srv/detail
-- Installing: /home/azp/new_ws/install/rom_msgs/include/rom_msgs/rom_msgs/srv/detail/add_two_ints__rosidl_typesupport_fastrtps_c.h
-- Installing: /home/azp/new_ws/install/rom_msgs/lib/librom_msgs__rosidl_typesupport_fastrtps_c.so
-- Set runtime path of "/home/azp/new_ws/install/rom_msgs/lib/librom_msgs__rosidl_typesupport_fastrtps_c.so" to ""
-- Up-to-date: /home/azp/new_ws/install/rom_msgs/include/rom_msgs/rom_msgs
-- Up-to-date: /home/azp/new_ws/install/rom_msgs/include/rom_msgs/rom_msgs/msg
-- Installing: /home/azp/new_ws/install/rom_msgs/include/rom_msgs/rom_msgs/msg/rosidl_typesupport_introspection_c__visibility_control.h
-- Up-to-date: /home/azp/new_ws/install/rom_msgs/include/rom_msgs/rom_msgs/msg/detail
-- Installing: /home/azp/new_ws/install/rom_msgs/include/rom_msgs/rom_msgs/msg/detail/rpm__rosidl_typesupport_introspection_c.h
-- Installing: /home/azp/new_ws/install/rom_msgs/include/rom_msgs/rom_msgs/msg/detail/rpm__type_support.c
-- Up-to-date: /home/azp/new_ws/install/rom_msgs/include/rom_msgs/rom_msgs/srv
-- Up-to-date: /home/azp/new_ws/install/rom_msgs/include/rom_msgs/rom_msgs/srv/detail
-- Installing: /home/azp/new_ws/install/rom_msgs/include/rom_msgs/rom_msgs/srv/detail/add_two_ints__rosidl_typesupport_introspection_c.h
-- Installing: /home/azp/new_ws/install/rom_msgs/include/rom_msgs/rom_msgs/srv/detail/add_two_ints__type_support.c
-- Installing: /home/azp/new_ws/install/rom_msgs/lib/librom_msgs__rosidl_typesupport_introspection_c.so
-- Set runtime path of "/home/azp/new_ws/install/rom_msgs/lib/librom_msgs__rosidl_typesupport_introspection_c.so" to ""
-- Installing: /home/azp/new_ws/install/rom_msgs/lib/librom_msgs__rosidl_typesupport_c.so
-- Set runtime path of "/home/azp/new_ws/install/rom_msgs/lib/librom_msgs__rosidl_typesupport_c.so" to ""
-- Up-to-date: /home/azp/new_ws/install/rom_msgs/include/rom_msgs/rom_msgs
-- Up-to-date: /home/azp/new_ws/install/rom_msgs/include/rom_msgs/rom_msgs/msg
-- Installing: /home/azp/new_ws/install/rom_msgs/include/rom_msgs/rom_msgs/msg/rpm.hpp
-- Up-to-date: /home/azp/new_ws/install/rom_msgs/include/rom_msgs/rom_msgs/msg/detail
-- Installing: /home/azp/new_ws/install/rom_msgs/include/rom_msgs/rom_msgs/msg/detail/rpm__builder.hpp
-- Installing: /home/azp/new_ws/install/rom_msgs/include/rom_msgs/rom_msgs/msg/detail/rpm__struct.hpp
-- Installing: /home/azp/new_ws/install/rom_msgs/include/rom_msgs/rom_msgs/msg/detail/rpm__traits.hpp
-- Up-to-date: /home/azp/new_ws/install/rom_msgs/include/rom_msgs/rom_msgs/srv
-- Installing: /home/azp/new_ws/install/rom_msgs/include/rom_msgs/rom_msgs/srv/add_two_ints.hpp
-- Up-to-date: /home/azp/new_ws/install/rom_msgs/include/rom_msgs/rom_msgs/srv/detail
-- Installing: /home/azp/new_ws/install/rom_msgs/include/rom_msgs/rom_msgs/srv/detail/add_two_ints__struct.hpp
-- Installing: /home/azp/new_ws/install/rom_msgs/include/rom_msgs/rom_msgs/srv/detail/add_two_ints__builder.hpp
-- Installing: /home/azp/new_ws/install/rom_msgs/include/rom_msgs/rom_msgs/srv/detail/add_two_ints__traits.hpp
-- Up-to-date: /home/azp/new_ws/install/rom_msgs/include/rom_msgs/rom_msgs
-- Up-to-date: /home/azp/new_ws/install/rom_msgs/include/rom_msgs/rom_msgs/msg
-- Installing: /home/azp/new_ws/install/rom_msgs/include/rom_msgs/rom_msgs/msg/rosidl_typesupport_fastrtps_cpp__visibility_control.h
-- Up-to-date: /home/azp/new_ws/install/rom_msgs/include/rom_msgs/rom_msgs/msg/detail
-- Installing: /home/azp/new_ws/install/rom_msgs/include/rom_msgs/rom_msgs/msg/detail/dds_fastrtps
-- Installing: /home/azp/new_ws/install/rom_msgs/include/rom_msgs/rom_msgs/msg/detail/rpm__rosidl_typesupport_fastrtps_cpp.hpp
-- Up-to-date: /home/azp/new_ws/install/rom_msgs/include/rom_msgs/rom_msgs/srv
-- Up-to-date: /home/azp/new_ws/install/rom_msgs/include/rom_msgs/rom_msgs/srv/detail
-- Installing: /home/azp/new_ws/install/rom_msgs/include/rom_msgs/rom_msgs/srv/detail/dds_fastrtps
-- Installing: /home/azp/new_ws/install/rom_msgs/include/rom_msgs/rom_msgs/srv/detail/add_two_ints__rosidl_typesupport_fastrtps_cpp.hpp
-- Installing: /home/azp/new_ws/install/rom_msgs/lib/librom_msgs__rosidl_typesupport_fastrtps_cpp.so
-- Set runtime path of "/home/azp/new_ws/install/rom_msgs/lib/librom_msgs__rosidl_typesupport_fastrtps_cpp.so" to ""
-- Up-to-date: /home/azp/new_ws/install/rom_msgs/include/rom_msgs/rom_msgs
-- Up-to-date: /home/azp/new_ws/install/rom_msgs/include/rom_msgs/rom_msgs/msg
-- Up-to-date: /home/azp/new_ws/install/rom_msgs/include/rom_msgs/rom_msgs/msg/detail
-- Installing: /home/azp/new_ws/install/rom_msgs/include/rom_msgs/rom_msgs/msg/detail/rpm__rosidl_typesupport_introspection_cpp.hpp
-- Installing: /home/azp/new_ws/install/rom_msgs/include/rom_msgs/rom_msgs/msg/detail/rpm__type_support.cpp
-- Up-to-date: /home/azp/new_ws/install/rom_msgs/include/rom_msgs/rom_msgs/srv
-- Up-to-date: /home/azp/new_ws/install/rom_msgs/include/rom_msgs/rom_msgs/srv/detail
-- Installing: /home/azp/new_ws/install/rom_msgs/include/rom_msgs/rom_msgs/srv/detail/add_two_ints__type_support.cpp
-- Installing: /home/azp/new_ws/install/rom_msgs/include/rom_msgs/rom_msgs/srv/detail/add_two_ints__rosidl_typesupport_introspection_cpp.hpp
-- Installing: /home/azp/new_ws/install/rom_msgs/lib/librom_msgs__rosidl_typesupport_introspection_cpp.so
-- Set runtime path of "/home/azp/new_ws/install/rom_msgs/lib/librom_msgs__rosidl_typesupport_introspection_cpp.so" to ""
-- Installing: /home/azp/new_ws/install/rom_msgs/lib/librom_msgs__rosidl_typesupport_cpp.so
-- Set runtime path of "/home/azp/new_ws/install/rom_msgs/lib/librom_msgs__rosidl_typesupport_cpp.so" to ""
-- Installing: /home/azp/new_ws/install/rom_msgs/share/rom_msgs/environment/pythonpath.sh
-- Installing: /home/azp/new_ws/install/rom_msgs/share/rom_msgs/environment/pythonpath.dsv
-- Installing: /home/azp/new_ws/install/rom_msgs/local/lib/python3.10/dist-packages/rom_msgs-0.0.0-py3.10.egg-info
-- Installing: /home/azp/new_ws/install/rom_msgs/local/lib/python3.10/dist-packages/rom_msgs-0.0.0-py3.10.egg-info/dependency_links.txt
-- Installing: /home/azp/new_ws/install/rom_msgs/local/lib/python3.10/dist-packages/rom_msgs-0.0.0-py3.10.egg-info/PKG-INFO
-- Installing: /home/azp/new_ws/install/rom_msgs/local/lib/python3.10/dist-packages/rom_msgs-0.0.0-py3.10.egg-info/top_level.txt
-- Installing: /home/azp/new_ws/install/rom_msgs/local/lib/python3.10/dist-packages/rom_msgs-0.0.0-py3.10.egg-info/SOURCES.txt
-- Installing: /home/azp/new_ws/install/rom_msgs/local/lib/python3.10/dist-packages/rom_msgs
-- Installing: /home/azp/new_ws/install/rom_msgs/local/lib/python3.10/dist-packages/rom_msgs/_rom_msgs_s.ep.rosidl_typesupport_introspection_c.c
-- Installing: /home/azp/new_ws/install/rom_msgs/local/lib/python3.10/dist-packages/rom_msgs/msg
-- Installing: /home/azp/new_ws/install/rom_msgs/local/lib/python3.10/dist-packages/rom_msgs/msg/_rpm.py
-- Installing: /home/azp/new_ws/install/rom_msgs/local/lib/python3.10/dist-packages/rom_msgs/msg/__init__.py
-- Installing: /home/azp/new_ws/install/rom_msgs/local/lib/python3.10/dist-packages/rom_msgs/msg/_rpm_s.c
-- Installing: /home/azp/new_ws/install/rom_msgs/local/lib/python3.10/dist-packages/rom_msgs/rom_msgs_s__rosidl_typesupport_introspection_c.cpython-310-x86_64-linux-gnu.so
-- Installing: /home/azp/new_ws/install/rom_msgs/local/lib/python3.10/dist-packages/rom_msgs/librom_msgs__rosidl_generator_py.so
-- Installing: /home/azp/new_ws/install/rom_msgs/local/lib/python3.10/dist-packages/rom_msgs/_rom_msgs_s.ep.rosidl_typesupport_c.c
-- Installing: /home/azp/new_ws/install/rom_msgs/local/lib/python3.10/dist-packages/rom_msgs/__init__.py
-- Installing: /home/azp/new_ws/install/rom_msgs/local/lib/python3.10/dist-packages/rom_msgs/rom_msgs_s__rosidl_typesupport_c.cpython-310-x86_64-linux-gnu.so
-- Installing: /home/azp/new_ws/install/rom_msgs/local/lib/python3.10/dist-packages/rom_msgs/srv
-- Installing: /home/azp/new_ws/install/rom_msgs/local/lib/python3.10/dist-packages/rom_msgs/srv/__init__.py
-- Installing: /home/azp/new_ws/install/rom_msgs/local/lib/python3.10/dist-packages/rom_msgs/srv/_add_two_ints.py
-- Installing: /home/azp/new_ws/install/rom_msgs/local/lib/python3.10/dist-packages/rom_msgs/srv/_add_two_ints_s.c
-- Installing: /home/azp/new_ws/install/rom_msgs/local/lib/python3.10/dist-packages/rom_msgs/_rom_msgs_s.ep.rosidl_typesupport_fastrtps_c.c
-- Installing: /home/azp/new_ws/install/rom_msgs/local/lib/python3.10/dist-packages/rom_msgs/rom_msgs_s__rosidl_typesupport_fastrtps_c.cpython-310-x86_64-linux-gnu.so
Listing '/home/azp/new_ws/install/rom_msgs/local/lib/python3.10/dist-packages/rom_msgs'...
Compiling '/home/azp/new_ws/install/rom_msgs/local/lib/python3.10/dist-packages/rom_msgs/__init__.py'...
Listing '/home/azp/new_ws/install/rom_msgs/local/lib/python3.10/dist-packages/rom_msgs/msg'...
Compiling '/home/azp/new_ws/install/rom_msgs/local/lib/python3.10/dist-packages/rom_msgs/msg/__init__.py'...
Compiling '/home/azp/new_ws/install/rom_msgs/local/lib/python3.10/dist-packages/rom_msgs/msg/_rpm.py'...
Listing '/home/azp/new_ws/install/rom_msgs/local/lib/python3.10/dist-packages/rom_msgs/srv'...
Compiling '/home/azp/new_ws/install/rom_msgs/local/lib/python3.10/dist-packages/rom_msgs/srv/__init__.py'...
Compiling '/home/azp/new_ws/install/rom_msgs/local/lib/python3.10/dist-packages/rom_msgs/srv/_add_two_ints.py'...
-- Installing: /home/azp/new_ws/install/rom_msgs/local/lib/python3.10/dist-packages/rom_msgs/rom_msgs_s__rosidl_typesupport_fastrtps_c.cpython-310-x86_64-linux-gnu.so
-- Set runtime path of "/home/azp/new_ws/install/rom_msgs/local/lib/python3.10/dist-packages/rom_msgs/rom_msgs_s__rosidl_typesupport_fastrtps_c.cpython-310-x86_64-linux-gnu.so" to ""
-- Installing: /home/azp/new_ws/install/rom_msgs/local/lib/python3.10/dist-packages/rom_msgs/rom_msgs_s__rosidl_typesupport_introspection_c.cpython-310-x86_64-linux-gnu.so
-- Set runtime path of "/home/azp/new_ws/install/rom_msgs/local/lib/python3.10/dist-packages/rom_msgs/rom_msgs_s__rosidl_typesupport_introspection_c.cpython-310-x86_64-linux-gnu.so" to ""
-- Installing: /home/azp/new_ws/install/rom_msgs/local/lib/python3.10/dist-packages/rom_msgs/rom_msgs_s__rosidl_typesupport_c.cpython-310-x86_64-linux-gnu.so
-- Set runtime path of "/home/azp/new_ws/install/rom_msgs/local/lib/python3.10/dist-packages/rom_msgs/rom_msgs_s__rosidl_typesupport_c.cpython-310-x86_64-linux-gnu.so" to ""
-- Installing: /home/azp/new_ws/install/rom_msgs/lib/librom_msgs__rosidl_generator_py.so
-- Set runtime path of "/home/azp/new_ws/install/rom_msgs/lib/librom_msgs__rosidl_generator_py.so" to ""
-- Installing: /home/azp/new_ws/install/rom_msgs/share/rom_msgs/msg/Rpm.idl
-- Installing: /home/azp/new_ws/install/rom_msgs/share/rom_msgs/srv/AddTwoInts.idl
-- Installing: /home/azp/new_ws/install/rom_msgs/share/rom_msgs/msg/Rpm.msg
-- Installing: /home/azp/new_ws/install/rom_msgs/share/rom_msgs/srv/AddTwoInts.srv
-- Installing: /home/azp/new_ws/install/rom_msgs/share/rom_msgs/srv/AddTwoInts_Request.msg
-- Installing: /home/azp/new_ws/install/rom_msgs/share/rom_msgs/srv/AddTwoInts_Response.msg
-- Installing: /home/azp/new_ws/install/rom_msgs/share/ament_index/resource_index/package_run_dependencies/rom_msgs
-- Installing: /home/azp/new_ws/install/rom_msgs/share/ament_index/resource_index/parent_prefix_path/rom_msgs
-- Installing: /home/azp/new_ws/install/rom_msgs/share/rom_msgs/environment/ament_prefix_path.sh
-- Installing: /home/azp/new_ws/install/rom_msgs/share/rom_msgs/environment/ament_prefix_path.dsv
-- Installing: /home/azp/new_ws/install/rom_msgs/share/rom_msgs/environment/path.sh
-- Installing: /home/azp/new_ws/install/rom_msgs/share/rom_msgs/environment/path.dsv
-- Installing: /home/azp/new_ws/install/rom_msgs/share/rom_msgs/local_setup.bash
-- Installing: /home/azp/new_ws/install/rom_msgs/share/rom_msgs/local_setup.sh
-- Installing: /home/azp/new_ws/install/rom_msgs/share/rom_msgs/local_setup.zsh
-- Installing: /home/azp/new_ws/install/rom_msgs/share/rom_msgs/local_setup.dsv
-- Installing: /home/azp/new_ws/install/rom_msgs/share/rom_msgs/package.dsv
-- Installing: /home/azp/new_ws/install/rom_msgs/share/ament_index/resource_index/packages/rom_msgs
-- Installing: /home/azp/new_ws/install/rom_msgs/share/rom_msgs/cmake/export_rom_msgs__rosidl_generator_cExport.cmake
-- Installing: /home/azp/new_ws/install/rom_msgs/share/rom_msgs/cmake/export_rom_msgs__rosidl_generator_cExport-noconfig.cmake
-- Installing: /home/azp/new_ws/install/rom_msgs/share/rom_msgs/cmake/export_rom_msgs__rosidl_typesupport_fastrtps_cExport.cmake
-- Installing: /home/azp/new_ws/install/rom_msgs/share/rom_msgs/cmake/export_rom_msgs__rosidl_typesupport_fastrtps_cExport-noconfig.cmake
-- Installing: /home/azp/new_ws/install/rom_msgs/share/rom_msgs/cmake/rom_msgs__rosidl_typesupport_introspection_cExport.cmake
-- Installing: /home/azp/new_ws/install/rom_msgs/share/rom_msgs/cmake/rom_msgs__rosidl_typesupport_introspection_cExport-noconfig.cmake
-- Installing: /home/azp/new_ws/install/rom_msgs/share/rom_msgs/cmake/rom_msgs__rosidl_typesupport_cExport.cmake
-- Installing: /home/azp/new_ws/install/rom_msgs/share/rom_msgs/cmake/rom_msgs__rosidl_typesupport_cExport-noconfig.cmake
-- Installing: /home/azp/new_ws/install/rom_msgs/share/rom_msgs/cmake/export_rom_msgs__rosidl_generator_cppExport.cmake
-- Installing: /home/azp/new_ws/install/rom_msgs/share/rom_msgs/cmake/export_rom_msgs__rosidl_typesupport_fastrtps_cppExport.cmake
-- Installing: /home/azp/new_ws/install/rom_msgs/share/rom_msgs/cmake/export_rom_msgs__rosidl_typesupport_fastrtps_cppExport-noconfig.cmake
-- Installing: /home/azp/new_ws/install/rom_msgs/share/rom_msgs/cmake/rom_msgs__rosidl_typesupport_introspection_cppExport.cmake
-- Installing: /home/azp/new_ws/install/rom_msgs/share/rom_msgs/cmake/rom_msgs__rosidl_typesupport_introspection_cppExport-noconfig.cmake
-- Installing: /home/azp/new_ws/install/rom_msgs/share/rom_msgs/cmake/rom_msgs__rosidl_typesupport_cppExport.cmake
-- Installing: /home/azp/new_ws/install/rom_msgs/share/rom_msgs/cmake/rom_msgs__rosidl_typesupport_cppExport-noconfig.cmake
-- Installing: /home/azp/new_ws/install/rom_msgs/share/rom_msgs/cmake/export_rom_msgs__rosidl_generator_pyExport.cmake
-- Installing: /home/azp/new_ws/install/rom_msgs/share/rom_msgs/cmake/export_rom_msgs__rosidl_generator_pyExport-noconfig.cmake
-- Installing: /home/azp/new_ws/install/rom_msgs/share/rom_msgs/cmake/rosidl_cmake-extras.cmake
-- Installing: /home/azp/new_ws/install/rom_msgs/share/rom_msgs/cmake/ament_cmake_export_include_directories-extras.cmake
-- Installing: /home/azp/new_ws/install/rom_msgs/share/rom_msgs/cmake/ament_cmake_export_libraries-extras.cmake
-- Installing: /home/azp/new_ws/install/rom_msgs/share/rom_msgs/cmake/ament_cmake_export_targets-extras.cmake
-- Installing: /home/azp/new_ws/install/rom_msgs/share/rom_msgs/cmake/rosidl_cmake_export_typesupport_targets-extras.cmake
-- Installing: /home/azp/new_ws/install/rom_msgs/share/rom_msgs/cmake/ament_cmake_export_dependencies-extras.cmake
-- Installing: /home/azp/new_ws/install/rom_msgs/share/rom_msgs/cmake/rosidl_cmake_export_typesupport_libraries-extras.cmake
-- Installing: /home/azp/new_ws/install/rom_msgs/share/rom_msgs/cmake/rom_msgsConfig.cmake
-- Installing: /home/azp/new_ws/install/rom_msgs/share/rom_msgs/cmake/rom_msgsConfig-version.cmake
-- Installing: /home/azp/new_ws/install/rom_msgs/share/rom_msgs/package.xml
