[0.343s] DEBUG:colcon:Command line arguments: ['/usr/bin/colcon', 'build', '--symlink-install']
[0.343s] DEBUG:colcon:Parsed command line arguments: Namespace(log_base=None, log_level=None, verb_name='build', build_base='build', install_base='install', merge_install=False, symlink_install=True, test_result_base=None, continue_on_error=False, executor='parallel', parallel_workers=4, event_handlers=None, ignore_user_meta=False, metas=['./colcon.meta'], base_paths=['.'], packages_ignore=None, packages_ignore_regex=None, paths=None, packages_up_to=None, packages_up_to_regex=None, packages_above=None, packages_above_and_dependencies=None, packages_above_depth=None, packages_select_by_dep=None, packages_skip_by_dep=None, packages_skip_up_to=None, packages_select_build_failed=False, packages_skip_build_finished=False, packages_select_test_failures=False, packages_skip_test_passed=False, packages_select=None, packages_skip=None, packages_select_regex=None, packages_skip_regex=None, packages_start=None, packages_end=None, allow_overriding=[], cmake_args=None, cmake_target=None, cmake_target_skip_unavailable=False, cmake_clean_cache=False, cmake_clean_first=False, cmake_force_configure=False, ament_cmake_args=None, catkin_cmake_args=None, catkin_skip_building_tests=False, verb_parser=<colcon_defaults.argument_parser.defaults.DefaultArgumentsDecorator object at 0x7f47686e8eb0>, verb_extension=<colcon_core.verb.build.BuildVerb object at 0x7f4769082f50>, main=<bound method BuildVerb.main of <colcon_core.verb.build.BuildVerb object at 0x7f4769082f50>>)
[0.371s] Level 1:colcon.colcon_core.package_discovery:discover_packages(colcon_meta) check parameters
[0.371s] Level 1:colcon.colcon_core.package_discovery:discover_packages(recursive) check parameters
[0.371s] Level 1:colcon.colcon_core.package_discovery:discover_packages(ignore) check parameters
[0.371s] Level 1:colcon.colcon_core.package_discovery:discover_packages(path) check parameters
[0.371s] Level 1:colcon.colcon_core.package_discovery:discover_packages(colcon_meta) discover
[0.371s] Level 1:colcon.colcon_core.package_discovery:discover_packages(recursive) discover
[0.371s] INFO:colcon.colcon_core.package_discovery:Crawling recursively for packages in '/home/azp/new_ws'
[0.371s] Level 1:colcon.colcon_core.package_identification:_identify(.) by extensions ['ignore', 'ignore_ament_install']
[0.371s] Level 1:colcon.colcon_core.package_identification:_identify(.) by extension 'ignore'
[0.371s] Level 1:colcon.colcon_core.package_identification:_identify(.) by extension 'ignore_ament_install'
[0.372s] Level 1:colcon.colcon_core.package_identification:_identify(.) by extensions ['colcon_pkg']
[0.372s] Level 1:colcon.colcon_core.package_identification:_identify(.) by extension 'colcon_pkg'
[0.372s] Level 1:colcon.colcon_core.package_identification:_identify(.) by extensions ['colcon_meta']
[0.372s] Level 1:colcon.colcon_core.package_identification:_identify(.) by extension 'colcon_meta'
[0.372s] Level 1:colcon.colcon_core.package_identification:_identify(.) by extensions ['ros']
[0.372s] Level 1:colcon.colcon_core.package_identification:_identify(.) by extension 'ros'
[0.396s] Level 1:colcon.colcon_core.package_identification:_identify(.) by extensions ['cmake', 'python']
[0.396s] Level 1:colcon.colcon_core.package_identification:_identify(.) by extension 'cmake'
[0.396s] Level 1:colcon.colcon_core.package_identification:_identify(.) by extension 'python'
[0.396s] Level 1:colcon.colcon_core.package_identification:_identify(.) by extensions ['python_setup_py']
[0.396s] Level 1:colcon.colcon_core.package_identification:_identify(.) by extension 'python_setup_py'
[0.396s] Level 1:colcon.colcon_core.package_identification:_identify(build) by extensions ['ignore', 'ignore_ament_install']
[0.396s] Level 1:colcon.colcon_core.package_identification:_identify(build) by extension 'ignore'
[0.396s] Level 1:colcon.colcon_core.package_identification:_identify(build) ignored
[0.397s] Level 1:colcon.colcon_core.package_identification:_identify(install) by extensions ['ignore', 'ignore_ament_install']
[0.397s] Level 1:colcon.colcon_core.package_identification:_identify(install) by extension 'ignore'
[0.397s] Level 1:colcon.colcon_core.package_identification:_identify(install) ignored
[0.397s] Level 1:colcon.colcon_core.package_identification:_identify(log) by extensions ['ignore', 'ignore_ament_install']
[0.397s] Level 1:colcon.colcon_core.package_identification:_identify(log) by extension 'ignore'
[0.397s] Level 1:colcon.colcon_core.package_identification:_identify(log) ignored
[0.397s] Level 1:colcon.colcon_core.package_identification:_identify(src) by extensions ['ignore', 'ignore_ament_install']
[0.397s] Level 1:colcon.colcon_core.package_identification:_identify(src) by extension 'ignore'
[0.397s] Level 1:colcon.colcon_core.package_identification:_identify(src) by extension 'ignore_ament_install'
[0.397s] Level 1:colcon.colcon_core.package_identification:_identify(src) by extensions ['colcon_pkg']
[0.397s] Level 1:colcon.colcon_core.package_identification:_identify(src) by extension 'colcon_pkg'
[0.397s] Level 1:colcon.colcon_core.package_identification:_identify(src) by extensions ['colcon_meta']
[0.397s] Level 1:colcon.colcon_core.package_identification:_identify(src) by extension 'colcon_meta'
[0.397s] Level 1:colcon.colcon_core.package_identification:_identify(src) by extensions ['ros']
[0.398s] Level 1:colcon.colcon_core.package_identification:_identify(src) by extension 'ros'
[0.398s] Level 1:colcon.colcon_core.package_identification:_identify(src) by extensions ['cmake', 'python']
[0.398s] Level 1:colcon.colcon_core.package_identification:_identify(src) by extension 'cmake'
[0.398s] Level 1:colcon.colcon_core.package_identification:_identify(src) by extension 'python'
[0.398s] Level 1:colcon.colcon_core.package_identification:_identify(src) by extensions ['python_setup_py']
[0.398s] Level 1:colcon.colcon_core.package_identification:_identify(src) by extension 'python_setup_py'
[0.398s] Level 1:colcon.colcon_core.package_identification:_identify(src/pub_sub) by extensions ['ignore', 'ignore_ament_install']
[0.398s] Level 1:colcon.colcon_core.package_identification:_identify(src/pub_sub) by extension 'ignore'
[0.398s] Level 1:colcon.colcon_core.package_identification:_identify(src/pub_sub) by extension 'ignore_ament_install'
[0.398s] Level 1:colcon.colcon_core.package_identification:_identify(src/pub_sub) by extensions ['colcon_pkg']
[0.398s] Level 1:colcon.colcon_core.package_identification:_identify(src/pub_sub) by extension 'colcon_pkg'
[0.398s] Level 1:colcon.colcon_core.package_identification:_identify(src/pub_sub) by extensions ['colcon_meta']
[0.398s] Level 1:colcon.colcon_core.package_identification:_identify(src/pub_sub) by extension 'colcon_meta'
[0.398s] Level 1:colcon.colcon_core.package_identification:_identify(src/pub_sub) by extensions ['ros']
[0.398s] Level 1:colcon.colcon_core.package_identification:_identify(src/pub_sub) by extension 'ros'
[0.401s] DEBUG:colcon.colcon_core.package_identification:Package 'src/pub_sub' with type 'ros.ament_cmake' and name 'pub_sub'
[0.401s] Level 1:colcon.colcon_core.package_discovery:discover_packages(recursive) using defaults
[0.402s] Level 1:colcon.colcon_core.package_discovery:discover_packages(ignore) discover
[0.402s] Level 1:colcon.colcon_core.package_discovery:discover_packages(ignore) using defaults
[0.402s] Level 1:colcon.colcon_core.package_discovery:discover_packages(path) discover
[0.402s] Level 1:colcon.colcon_core.package_discovery:discover_packages(path) using defaults
[0.430s] Level 1:colcon.colcon_core.package_discovery:discover_packages(prefix_path) check parameters
[0.430s] Level 1:colcon.colcon_core.package_discovery:discover_packages(prefix_path) discover
[0.434s] DEBUG:colcon.colcon_installed_package_information.package_discovery:Found 279 installed packages in /opt/ros/humble
[0.435s] Level 1:colcon.colcon_core.package_discovery:discover_packages(prefix_path) using defaults
[0.510s] Level 5:colcon.colcon_core.verb:set package 'pub_sub' build argument 'cmake_args' from command line to 'None'
[0.511s] Level 5:colcon.colcon_core.verb:set package 'pub_sub' build argument 'cmake_target' from command line to 'None'
[0.511s] Level 5:colcon.colcon_core.verb:set package 'pub_sub' build argument 'cmake_target_skip_unavailable' from command line to 'False'
[0.511s] Level 5:colcon.colcon_core.verb:set package 'pub_sub' build argument 'cmake_clean_cache' from command line to 'False'
[0.511s] Level 5:colcon.colcon_core.verb:set package 'pub_sub' build argument 'cmake_clean_first' from command line to 'False'
[0.511s] Level 5:colcon.colcon_core.verb:set package 'pub_sub' build argument 'cmake_force_configure' from command line to 'False'
[0.511s] Level 5:colcon.colcon_core.verb:set package 'pub_sub' build argument 'ament_cmake_args' from command line to 'None'
[0.511s] Level 5:colcon.colcon_core.verb:set package 'pub_sub' build argument 'catkin_cmake_args' from command line to 'None'
[0.511s] Level 5:colcon.colcon_core.verb:set package 'pub_sub' build argument 'catkin_skip_building_tests' from command line to 'False'
[0.511s] DEBUG:colcon.colcon_core.verb:Building package 'pub_sub' with the following arguments: {'ament_cmake_args': None, 'build_base': '/home/azp/new_ws/build/pub_sub', 'catkin_cmake_args': None, 'catkin_skip_building_tests': False, 'cmake_args': None, 'cmake_clean_cache': False, 'cmake_clean_first': False, 'cmake_force_configure': False, 'cmake_target': None, 'cmake_target_skip_unavailable': False, 'install_base': '/home/azp/new_ws/install/pub_sub', 'merge_install': False, 'path': '/home/azp/new_ws/src/pub_sub', 'symlink_install': True, 'test_result_base': None}
[0.512s] INFO:colcon.colcon_core.executor:Executing jobs using 'parallel' executor
[0.516s] DEBUG:colcon.colcon_parallel_executor.executor.parallel:run_until_complete
[0.517s] INFO:colcon.colcon_ros.task.ament_cmake.build:Building ROS package in '/home/azp/new_ws/src/pub_sub' with build type 'ament_cmake'
[0.517s] INFO:colcon.colcon_cmake.task.cmake.build:Building CMake package in '/home/azp/new_ws/src/pub_sub'
[0.522s] INFO:colcon.colcon_core.plugin_system:Skipping extension 'colcon_core.shell.bat': Not used on non-Windows systems
[0.523s] INFO:colcon.colcon_core.shell:Skip shell extension 'powershell' for command environment: Not usable outside of PowerShell
[0.523s] DEBUG:colcon.colcon_core.shell:Skip shell extension 'dsv' for command environment
[0.535s] DEBUG:colcon.colcon_core.event_handler.log_command:Invoking command in '/home/azp/new_ws/build/pub_sub': CMAKE_PREFIX_PATH=/opt/ros/humble /usr/bin/cmake /home/azp/new_ws/src/pub_sub -DAMENT_CMAKE_SYMLINK_INSTALL=1 -DCMAKE_INSTALL_PREFIX=/home/azp/new_ws/install/pub_sub
[1.329s] DEBUG:colcon.colcon_core.event_handler.log_command:Invoked command in '/home/azp/new_ws/build/pub_sub' returned '0': CMAKE_PREFIX_PATH=/opt/ros/humble /usr/bin/cmake /home/azp/new_ws/src/pub_sub -DAMENT_CMAKE_SYMLINK_INSTALL=1 -DCMAKE_INSTALL_PREFIX=/home/azp/new_ws/install/pub_sub
[1.331s] DEBUG:colcon.colcon_core.event_handler.log_command:Invoking command in '/home/azp/new_ws/build/pub_sub': CMAKE_PREFIX_PATH=/opt/ros/humble /usr/bin/cmake --build /home/azp/new_ws/build/pub_sub -- -j4 -l4
[8.937s] DEBUG:colcon.colcon_core.event_handler.log_command:Invoked command in '/home/azp/new_ws/build/pub_sub' returned '0': CMAKE_PREFIX_PATH=/opt/ros/humble /usr/bin/cmake --build /home/azp/new_ws/build/pub_sub -- -j4 -l4
[8.972s] DEBUG:colcon.colcon_core.event_handler.log_command:Invoking command in '/home/azp/new_ws/build/pub_sub': CMAKE_PREFIX_PATH=/opt/ros/humble /usr/bin/cmake --install /home/azp/new_ws/build/pub_sub
[9.116s] Level 1:colcon.colcon_core.environment:create_environment_scripts_only(pub_sub)
[9.117s] DEBUG:colcon.colcon_core.event_handler.log_command:Invoked command in '/home/azp/new_ws/build/pub_sub' returned '0': CMAKE_PREFIX_PATH=/opt/ros/humble /usr/bin/cmake --install /home/azp/new_ws/build/pub_sub
[9.121s] Level 1:colcon.colcon_core.environment:checking '/home/azp/new_ws/install/pub_sub' for CMake module files
[9.122s] Level 1:colcon.colcon_core.environment:checking '/home/azp/new_ws/install/pub_sub' for CMake config files
[9.122s] Level 1:colcon.colcon_core.shell:create_environment_hook('pub_sub', 'cmake_prefix_path')
[9.124s] INFO:colcon.colcon_core.shell:Creating environment hook '/home/azp/new_ws/install/pub_sub/share/pub_sub/hook/cmake_prefix_path.ps1'
[9.137s] INFO:colcon.colcon_core.shell:Creating environment descriptor '/home/azp/new_ws/install/pub_sub/share/pub_sub/hook/cmake_prefix_path.dsv'
[9.147s] INFO:colcon.colcon_core.shell:Creating environment hook '/home/azp/new_ws/install/pub_sub/share/pub_sub/hook/cmake_prefix_path.sh'
[9.148s] Level 1:colcon.colcon_core.environment:checking '/home/azp/new_ws/install/pub_sub/lib'
[9.149s] Level 1:colcon.colcon_core.environment:checking '/home/azp/new_ws/install/pub_sub/bin'
[9.149s] Level 1:colcon.colcon_core.environment:checking '/home/azp/new_ws/install/pub_sub/lib/pkgconfig/pub_sub.pc'
[9.149s] Level 1:colcon.colcon_core.environment:checking '/home/azp/new_ws/install/pub_sub/lib/python3.10/site-packages'
[9.149s] Level 1:colcon.colcon_core.environment:checking '/home/azp/new_ws/install/pub_sub/bin'
[9.151s] INFO:colcon.colcon_core.shell:Creating package script '/home/azp/new_ws/install/pub_sub/share/pub_sub/package.ps1'
[9.152s] INFO:colcon.colcon_core.shell:Creating package descriptor '/home/azp/new_ws/install/pub_sub/share/pub_sub/package.dsv'
[9.153s] INFO:colcon.colcon_core.shell:Creating package script '/home/azp/new_ws/install/pub_sub/share/pub_sub/package.sh'
[9.154s] INFO:colcon.colcon_core.shell:Creating package script '/home/azp/new_ws/install/pub_sub/share/pub_sub/package.bash'
[9.155s] INFO:colcon.colcon_core.shell:Creating package script '/home/azp/new_ws/install/pub_sub/share/pub_sub/package.zsh'
[9.156s] Level 1:colcon.colcon_core.environment:create_file_with_runtime_dependencies(/home/azp/new_ws/install/pub_sub/share/colcon-core/packages/pub_sub)
[9.183s] Level 1:colcon.colcon_core.environment:create_environment_scripts_only(pub_sub)
[9.186s] Level 1:colcon.colcon_core.environment:checking '/home/azp/new_ws/install/pub_sub' for CMake module files
[9.186s] Level 1:colcon.colcon_core.environment:checking '/home/azp/new_ws/install/pub_sub' for CMake config files
[9.187s] Level 1:colcon.colcon_core.shell:create_environment_hook('pub_sub', 'cmake_prefix_path')
[9.188s] INFO:colcon.colcon_core.shell:Creating environment hook '/home/azp/new_ws/install/pub_sub/share/pub_sub/hook/cmake_prefix_path.ps1'
[9.189s] INFO:colcon.colcon_core.shell:Creating environment descriptor '/home/azp/new_ws/install/pub_sub/share/pub_sub/hook/cmake_prefix_path.dsv'
[9.189s] INFO:colcon.colcon_core.shell:Creating environment hook '/home/azp/new_ws/install/pub_sub/share/pub_sub/hook/cmake_prefix_path.sh'
[9.190s] Level 1:colcon.colcon_core.environment:checking '/home/azp/new_ws/install/pub_sub/lib'
[9.190s] Level 1:colcon.colcon_core.environment:checking '/home/azp/new_ws/install/pub_sub/bin'
[9.190s] Level 1:colcon.colcon_core.environment:checking '/home/azp/new_ws/install/pub_sub/lib/pkgconfig/pub_sub.pc'
[9.190s] Level 1:colcon.colcon_core.environment:checking '/home/azp/new_ws/install/pub_sub/lib/python3.10/site-packages'
[9.190s] Level 1:colcon.colcon_core.environment:checking '/home/azp/new_ws/install/pub_sub/bin'
[9.192s] INFO:colcon.colcon_core.shell:Creating package script '/home/azp/new_ws/install/pub_sub/share/pub_sub/package.ps1'
[9.193s] INFO:colcon.colcon_core.shell:Creating package descriptor '/home/azp/new_ws/install/pub_sub/share/pub_sub/package.dsv'
[9.193s] INFO:colcon.colcon_core.shell:Creating package script '/home/azp/new_ws/install/pub_sub/share/pub_sub/package.sh'
[9.194s] INFO:colcon.colcon_core.shell:Creating package script '/home/azp/new_ws/install/pub_sub/share/pub_sub/package.bash'
[9.194s] INFO:colcon.colcon_core.shell:Creating package script '/home/azp/new_ws/install/pub_sub/share/pub_sub/package.zsh'
[9.195s] Level 1:colcon.colcon_core.environment:create_file_with_runtime_dependencies(/home/azp/new_ws/install/pub_sub/share/colcon-core/packages/pub_sub)
[9.195s] DEBUG:colcon.colcon_parallel_executor.executor.parallel:closing loop
[9.196s] DEBUG:colcon.colcon_parallel_executor.executor.parallel:loop closed
[9.196s] DEBUG:colcon.colcon_parallel_executor.executor.parallel:run_until_complete finished with '0'
[9.196s] DEBUG:colcon.colcon_core.event_reactor:joining thread
[9.204s] INFO:colcon.colcon_core.plugin_system:Skipping extension 'colcon_notification.desktop_notification.terminal_notifier': Not used on non-Darwin systems
[9.205s] INFO:colcon.colcon_core.plugin_system:Skipping extension 'colcon_notification.desktop_notification.win32': Not used on non-Windows systems
[9.205s] INFO:colcon.colcon_notification.desktop_notification:Sending desktop notification using 'notify2'
[9.220s] DEBUG:colcon.colcon_core.event_reactor:joined thread
[9.222s] INFO:colcon.colcon_core.shell:Creating prefix script '/home/azp/new_ws/install/local_setup.ps1'
[9.223s] INFO:colcon.colcon_core.shell:Creating prefix util module '/home/azp/new_ws/install/_local_setup_util_ps1.py'
[9.225s] INFO:colcon.colcon_core.shell:Creating prefix chain script '/home/azp/new_ws/install/setup.ps1'
[9.227s] INFO:colcon.colcon_core.shell:Creating prefix script '/home/azp/new_ws/install/local_setup.sh'
[9.227s] INFO:colcon.colcon_core.shell:Creating prefix util module '/home/azp/new_ws/install/_local_setup_util_sh.py'
[9.228s] INFO:colcon.colcon_core.shell:Creating prefix chain script '/home/azp/new_ws/install/setup.sh'
[9.230s] INFO:colcon.colcon_core.shell:Creating prefix script '/home/azp/new_ws/install/local_setup.bash'
[9.231s] INFO:colcon.colcon_core.shell:Creating prefix chain script '/home/azp/new_ws/install/setup.bash'
[9.233s] INFO:colcon.colcon_core.shell:Creating prefix script '/home/azp/new_ws/install/local_setup.zsh'
[9.234s] INFO:colcon.colcon_core.shell:Creating prefix chain script '/home/azp/new_ws/install/setup.zsh'
