[0.088s] Invoking command in '/home/azp/new_ws/build/rom_msgs': CMAKE_PREFIX_PATH=${CMAKE_PREFIX_PATH}:/opt/ros/humble /usr/bin/cmake /home/azp/new_ws/src/rom_msgs -DCMAKE_INSTALL_PREFIX=/home/azp/new_ws/install/rom_msgs
[2.166s] -- The C compiler identification is GNU 11.2.0
[5.474s] -- The CXX compiler identification is GNU 11.2.0
[5.551s] -- Detecting C compiler ABI info
[6.175s] -- Detecting C compiler ABI info - done
[6.184s] -- Check for working C compiler: /usr/bin/cc - skipped
[6.185s] -- Detecting C compile features
[6.241s] -- Detecting C compile features - done
[6.258s] -- Detecting CXX compiler ABI info
[6.528s] -- Detecting CXX compiler ABI info - done
[6.537s] -- Check for working CXX compiler: /usr/bin/c++ - skipped
[6.538s] -- Detecting CXX compile features
[6.538s] -- Detecting CXX compile features - done
[6.601s] -- Found ament_cmake: 1.3.2 (/opt/ros/humble/share/ament_cmake/cmake)
[6.852s] -- Found Python3: /usr/bin/python3.10 (found version "3.10.4") found components: Interpreter 
[7.016s] -- Found rosidl_default_generators: 1.2.0 (/opt/ros/humble/share/rosidl_default_generators/cmake)
[7.127s] -- Using all available rosidl_typesupport_c: rosidl_typesupport_fastrtps_c;rosidl_typesupport_introspection_c
[7.218s] -- Found rosidl_adapter: 3.1.3 (/opt/ros/humble/share/rosidl_adapter/cmake)
[7.301s] -- Using all available rosidl_typesupport_cpp: rosidl_typesupport_fastrtps_cpp;rosidl_typesupport_introspection_cpp
[7.393s] -- Found ament_lint_auto: 0.12.4 (/opt/ros/humble/share/ament_lint_auto/cmake)
[7.592s] [31mCMake Error at /opt/ros/humble/share/rosidl_cmake/cmake/rosidl_generate_interfaces.cmake:93 (message):
[7.592s]   rosidl_generate_interfaces() the passed file 'srv/AddThreeInts.srv' doesn't
[7.592s]   exist relative to the CMAKE_CURRENT_SOURCE_DIR
[7.592s]   '/home/azp/new_ws/src/rom_msgs'
[7.592s] Call Stack (most recent call first):
[7.592s]   CMakeLists.txt:28 (rosidl_generate_interfaces)
[7.592s] 
[7.592s] [0m
[7.592s] -- Configuring incomplete, errors occurred!
[7.592s] See also "/home/azp/new_ws/build/rom_msgs/CMakeFiles/CMakeOutput.log".
[7.598s] Invoked command in '/home/azp/new_ws/build/rom_msgs' returned '1': CMAKE_PREFIX_PATH=${CMAKE_PREFIX_PATH}:/opt/ros/humble /usr/bin/cmake /home/azp/new_ws/src/rom_msgs -DCMAKE_INSTALL_PREFIX=/home/azp/new_ws/install/rom_msgs
