-- Found ament_cmake: 1.3.2 (/opt/ros/humble/share/ament_cmake/cmake)
-- Override CMake install command with custom implementation using symlinks instead of copying resources
-- Found rclcpp: 16.0.1 (/opt/ros/humble/share/rclcpp/cmake)
-- Found rosidl_generator_c: 3.1.3 (/opt/ros/humble/share/rosidl_generator_c/cmake)
-- Found rosidl_adapter: 3.1.3 (/opt/ros/humble/share/rosidl_adapter/cmake)
-- Found rosidl_generator_cpp: 3.1.3 (/opt/ros/humble/share/rosidl_generator_cpp/cmake)
-- Using all available rosidl_typesupport_c: rosidl_typesupport_fastrtps_c;rosidl_typesupport_introspection_c
-- Using all available rosidl_typesupport_cpp: rosidl_typesupport_fastrtps_cpp;rosidl_typesupport_introspection_cpp
-- Found rmw_implementation_cmake: 6.1.0 (/opt/ros/humble/share/rmw_implementation_cmake/cmake)
-- Found rmw_fastrtps_cpp: 6.2.1 (/opt/ros/humble/share/rmw_fastrtps_cpp/cmake)
-- Using RMW implementation 'rmw_fastrtps_cpp' as default
-- Found ament_lint_auto: 0.12.4 (/opt/ros/humble/share/ament_lint_auto/cmake)
-- Added test 'cppcheck' to perform static code analysis on C / C++ code
-- Configured cppcheck include dirs: 
-- Configured cppcheck exclude dirs and/or files: 
-- Added test 'lint_cmake' to check CMake code style
-- Added test 'uncrustify' to check C / C++ code style
-- Configured uncrustify additional arguments: 
-- Added test 'xmllint' to check XML markup files
-- Configuring done
-- Generating done
-- Build files have been written to: /home/azp/new_ws/build/pub_sub
[ 50%] [32mBuilding CXX object CMakeFiles/talker.dir/src/test.cpp.o[0m
[100%] [32m[1mLinking CXX executable talker[0m
[100%] Built target talker
-- Install configuration: ""
-- Execute custom install script
-- Symlinking: /home/azp/new_ws/install/pub_sub/lib/pub_sub/talker
-- Symlinking: /home/azp/new_ws/install/pub_sub/share/ament_index/resource_index/package_run_dependencies/pub_sub
-- Symlinking: /home/azp/new_ws/install/pub_sub/share/ament_index/resource_index/parent_prefix_path/pub_sub
-- Symlinking: /home/azp/new_ws/install/pub_sub/share/pub_sub/environment/ament_prefix_path.sh
-- Symlinking: /home/azp/new_ws/install/pub_sub/share/pub_sub/environment/ament_prefix_path.dsv
-- Symlinking: /home/azp/new_ws/install/pub_sub/share/pub_sub/environment/path.sh
-- Symlinking: /home/azp/new_ws/install/pub_sub/share/pub_sub/environment/path.dsv
-- Symlinking: /home/azp/new_ws/install/pub_sub/share/pub_sub/local_setup.bash
-- Symlinking: /home/azp/new_ws/install/pub_sub/share/pub_sub/local_setup.sh
-- Symlinking: /home/azp/new_ws/install/pub_sub/share/pub_sub/local_setup.zsh
-- Symlinking: /home/azp/new_ws/install/pub_sub/share/pub_sub/local_setup.dsv
-- Symlinking: /home/azp/new_ws/install/pub_sub/share/pub_sub/package.dsv
-- Symlinking: /home/azp/new_ws/install/pub_sub/share/ament_index/resource_index/packages/pub_sub
-- Symlinking: /home/azp/new_ws/install/pub_sub/share/pub_sub/cmake/pub_subConfig.cmake
-- Symlinking: /home/azp/new_ws/install/pub_sub/share/pub_sub/cmake/pub_subConfig-version.cmake
-- Symlinking: /home/azp/new_ws/install/pub_sub/share/pub_sub/package.xml
