[0.017s] Invoking command in '/home/azp/new_ws/build/pub_sub': CMAKE_PREFIX_PATH=/opt/ros/humble /usr/bin/cmake /home/azp/new_ws/src/pub_sub -DAMENT_CMAKE_SYMLINK_INSTALL=1 -DCMAKE_INSTALL_PREFIX=/home/azp/new_ws/install/pub_sub
[0.029s] -- Found ament_cmake: 1.3.2 (/opt/ros/humble/share/ament_cmake/cmake)
[0.190s] -- Override CMake install command with custom implementation using symlinks instead of copying resources
[0.198s] -- Found rclcpp: 16.0.1 (/opt/ros/humble/share/rclcpp/cmake)
[0.237s] -- Found rosidl_generator_c: 3.1.3 (/opt/ros/humble/share/rosidl_generator_c/cmake)
[0.240s] -- Found rosidl_adapter: 3.1.3 (/opt/ros/humble/share/rosidl_adapter/cmake)
[0.249s] -- Found rosidl_generator_cpp: 3.1.3 (/opt/ros/humble/share/rosidl_generator_cpp/cmake)
[0.263s] -- Using all available rosidl_typesupport_c: rosidl_typesupport_fastrtps_c;rosidl_typesupport_introspection_c
[0.282s] -- Using all available rosidl_typesupport_cpp: rosidl_typesupport_fastrtps_cpp;rosidl_typesupport_introspection_cpp
[0.359s] -- Found rmw_implementation_cmake: 6.1.0 (/opt/ros/humble/share/rmw_implementation_cmake/cmake)
[0.360s] -- Found rmw_fastrtps_cpp: 6.2.1 (/opt/ros/humble/share/rmw_fastrtps_cpp/cmake)
[0.496s] -- Using RMW implementation 'rmw_fastrtps_cpp' as default
[0.694s] -- Found ament_lint_auto: 0.12.4 (/opt/ros/humble/share/ament_lint_auto/cmake)
[0.778s] -- Added test 'cppcheck' to perform static code analysis on C / C++ code
[0.778s] -- Configured cppcheck include dirs: 
[0.779s] -- Configured cppcheck exclude dirs and/or files: 
[0.779s] -- Added test 'lint_cmake' to check CMake code style
[0.780s] -- Added test 'uncrustify' to check C / C++ code style
[0.780s] -- Configured uncrustify additional arguments: 
[0.780s] -- Added test 'xmllint' to check XML markup files
[0.782s] -- Configuring done
[0.802s] -- Generating done
[0.803s] -- Build files have been written to: /home/azp/new_ws/build/pub_sub
[0.811s] Invoked command in '/home/azp/new_ws/build/pub_sub' returned '0': CMAKE_PREFIX_PATH=/opt/ros/humble /usr/bin/cmake /home/azp/new_ws/src/pub_sub -DAMENT_CMAKE_SYMLINK_INSTALL=1 -DCMAKE_INSTALL_PREFIX=/home/azp/new_ws/install/pub_sub
[0.813s] Invoking command in '/home/azp/new_ws/build/pub_sub': CMAKE_PREFIX_PATH=/opt/ros/humble /usr/bin/cmake --build /home/azp/new_ws/build/pub_sub -- -j4 -l4
[0.863s] [ 50%] [32mBuilding CXX object CMakeFiles/talker.dir/src/test.cpp.o[0m
[7.604s] [100%] [32m[1mLinking CXX executable talker[0m
[8.408s] [100%] Built target talker
[8.419s] Invoked command in '/home/azp/new_ws/build/pub_sub' returned '0': CMAKE_PREFIX_PATH=/opt/ros/humble /usr/bin/cmake --build /home/azp/new_ws/build/pub_sub -- -j4 -l4
[8.454s] Invoking command in '/home/azp/new_ws/build/pub_sub': CMAKE_PREFIX_PATH=/opt/ros/humble /usr/bin/cmake --install /home/azp/new_ws/build/pub_sub
[8.461s] -- Install configuration: ""
[8.462s] -- Execute custom install script
[8.463s] -- Symlinking: /home/azp/new_ws/install/pub_sub/lib/pub_sub/talker
[8.471s] -- Symlinking: /home/azp/new_ws/install/pub_sub/share/ament_index/resource_index/package_run_dependencies/pub_sub
[8.480s] -- Symlinking: /home/azp/new_ws/install/pub_sub/share/ament_index/resource_index/parent_prefix_path/pub_sub
[8.488s] -- Symlinking: /home/azp/new_ws/install/pub_sub/share/pub_sub/environment/ament_prefix_path.sh
[8.496s] -- Symlinking: /home/azp/new_ws/install/pub_sub/share/pub_sub/environment/ament_prefix_path.dsv
[8.504s] -- Symlinking: /home/azp/new_ws/install/pub_sub/share/pub_sub/environment/path.sh
[8.512s] -- Symlinking: /home/azp/new_ws/install/pub_sub/share/pub_sub/environment/path.dsv
[8.521s] -- Symlinking: /home/azp/new_ws/install/pub_sub/share/pub_sub/local_setup.bash
[8.529s] -- Symlinking: /home/azp/new_ws/install/pub_sub/share/pub_sub/local_setup.sh
[8.537s] -- Symlinking: /home/azp/new_ws/install/pub_sub/share/pub_sub/local_setup.zsh
[8.546s] -- Symlinking: /home/azp/new_ws/install/pub_sub/share/pub_sub/local_setup.dsv
[8.554s] -- Symlinking: /home/azp/new_ws/install/pub_sub/share/pub_sub/package.dsv
[8.563s] -- Symlinking: /home/azp/new_ws/install/pub_sub/share/ament_index/resource_index/packages/pub_sub
[8.572s] -- Symlinking: /home/azp/new_ws/install/pub_sub/share/pub_sub/cmake/pub_subConfig.cmake
[8.580s] -- Symlinking: /home/azp/new_ws/install/pub_sub/share/pub_sub/cmake/pub_subConfig-version.cmake
[8.588s] -- Symlinking: /home/azp/new_ws/install/pub_sub/share/pub_sub/package.xml
[8.599s] Invoked command in '/home/azp/new_ws/build/pub_sub' returned '0': CMAKE_PREFIX_PATH=/opt/ros/humble /usr/bin/cmake --install /home/azp/new_ws/build/pub_sub
