[0.236s] Invoking command in '/home/azp/new_ws/build/rom_msgs': CMAKE_PREFIX_PATH=${CMAKE_PREFIX_PATH}:/opt/ros/humble /usr/bin/cmake --build /home/azp/new_ws/build/rom_msgs -- -j4 -l4
[2.589s] [  2%] Built target rom_msgs__cpp
[2.911s] [35m[1mConsolidate compiler generated dependencies of target rom_msgs__rosidl_generator_c[0m
[3.200s] [35m[1mConsolidate compiler generated dependencies of target rom_msgs__rosidl_typesupport_cpp[0m
[3.208s] [ 12%] Built target rom_msgs__rosidl_generator_c
[3.456s] [ 23%] Built target rom_msgs__rosidl_typesupport_cpp
[3.643s] [ 23%] Built target ament_cmake_python_copy_rom_msgs
[3.758s] [35m[1mConsolidate compiler generated dependencies of target rom_msgs__rosidl_typesupport_introspection_cpp[0m
[3.790s] [35m[1mConsolidate compiler generated dependencies of target rom_msgs__rosidl_typesupport_fastrtps_cpp[0m
[3.862s] [ 33%] Built target rom_msgs__rosidl_typesupport_introspection_cpp
[3.874s] [ 43%] Built target rom_msgs__rosidl_typesupport_fastrtps_cpp
[4.240s] [35m[1mConsolidate compiler generated dependencies of target rom_msgs__rosidl_typesupport_fastrtps_c[0m
[4.315s] [ 53%] Built target rom_msgs__rosidl_typesupport_fastrtps_c
[4.357s] [35m[1mConsolidate compiler generated dependencies of target rom_msgs__rosidl_typesupport_introspection_c[0m
[4.398s] [ 64%] Built target rom_msgs__rosidl_typesupport_introspection_c
[4.421s] [35m[1mConsolidate compiler generated dependencies of target rom_msgs__rosidl_typesupport_c[0m
[4.432s] [ 74%] Built target rom_msgs__rosidl_typesupport_c
[4.712s] [ 74%] Built target rom_msgs
[5.121s] [ 76%] Built target rom_msgs__py
[5.205s] running egg_info
[5.210s] writing rom_msgs.egg-info/PKG-INFO
[5.211s] writing dependency_links to rom_msgs.egg-info/dependency_links.txt
[5.212s] writing top-level names to rom_msgs.egg-info/top_level.txt
[5.342s] reading manifest file 'rom_msgs.egg-info/SOURCES.txt'
[5.365s] writing manifest file 'rom_msgs.egg-info/SOURCES.txt'
[5.425s] [ 76%] Built target ament_cmake_python_build_rom_msgs_egg
[5.579s] [35m[1mConsolidate compiler generated dependencies of target rom_msgs__rosidl_generator_py[0m
[5.840s] [ 84%] Built target rom_msgs__rosidl_generator_py
[6.241s] [35m[1mConsolidate compiler generated dependencies of target rom_msgs__rosidl_typesupport_fastrtps_c__pyext[0m
[6.268s] [ 89%] Built target rom_msgs__rosidl_typesupport_fastrtps_c__pyext
[6.333s] [35m[1mConsolidate compiler generated dependencies of target rom_msgs__rosidl_typesupport_introspection_c__pyext[0m
[6.374s] [35m[1mConsolidate compiler generated dependencies of target rom_msgs__rosidl_typesupport_c__pyext[0m
[6.384s] [ 94%] Built target rom_msgs__rosidl_typesupport_introspection_c__pyext
[6.398s] [100%] Built target rom_msgs__rosidl_typesupport_c__pyext
[6.541s] Invoked command in '/home/azp/new_ws/build/rom_msgs' returned '0': CMAKE_PREFIX_PATH=${CMAKE_PREFIX_PATH}:/opt/ros/humble /usr/bin/cmake --build /home/azp/new_ws/build/rom_msgs -- -j4 -l4
[6.645s] Invoking command in '/home/azp/new_ws/build/rom_msgs': CMAKE_PREFIX_PATH=${CMAKE_PREFIX_PATH}:/opt/ros/humble /usr/bin/cmake --install /home/azp/new_ws/build/rom_msgs
[6.715s] -- Install configuration: ""
[6.715s] -- Up-to-date: /home/azp/new_ws/install/rom_msgs/share/ament_index/resource_index/rosidl_interfaces/rom_msgs
[6.781s] -- Up-to-date: /home/azp/new_ws/install/rom_msgs/include/rom_msgs/rom_msgs
[6.782s] -- Up-to-date: /home/azp/new_ws/install/rom_msgs/include/rom_msgs/rom_msgs/msg
[6.825s] -- Up-to-date: /home/azp/new_ws/install/rom_msgs/include/rom_msgs/rom_msgs/msg/rpm.h
[6.827s] -- Up-to-date: /home/azp/new_ws/install/rom_msgs/include/rom_msgs/rom_msgs/msg/detail
[6.827s] -- Up-to-date: /home/azp/new_ws/install/rom_msgs/include/rom_msgs/rom_msgs/msg/detail/rpm__functions.c
[6.829s] -- Up-to-date: /home/azp/new_ws/install/rom_msgs/include/rom_msgs/rom_msgs/msg/detail/rpm__functions.h
[6.829s] -- Up-to-date: /home/azp/new_ws/install/rom_msgs/include/rom_msgs/rom_msgs/msg/detail/rpm__type_support.h
[6.830s] -- Up-to-date: /home/azp/new_ws/install/rom_msgs/include/rom_msgs/rom_msgs/msg/detail/rpm__struct.h
[6.830s] -- Up-to-date: /home/azp/new_ws/install/rom_msgs/include/rom_msgs/rom_msgs/msg/rosidl_generator_c__visibility_control.h
[6.831s] -- Up-to-date: /home/azp/new_ws/install/rom_msgs/include/rom_msgs/rom_msgs/srv
[6.831s] -- Up-to-date: /home/azp/new_ws/install/rom_msgs/include/rom_msgs/rom_msgs/srv/add_two_ints.h
[6.831s] -- Up-to-date: /home/azp/new_ws/install/rom_msgs/include/rom_msgs/rom_msgs/srv/detail
[6.832s] -- Up-to-date: /home/azp/new_ws/install/rom_msgs/include/rom_msgs/rom_msgs/srv/detail/add_two_ints__struct.h
[6.832s] -- Up-to-date: /home/azp/new_ws/install/rom_msgs/include/rom_msgs/rom_msgs/srv/detail/add_two_ints__functions.c
[6.833s] -- Up-to-date: /home/azp/new_ws/install/rom_msgs/include/rom_msgs/rom_msgs/srv/detail/add_two_ints__type_support.h
[6.833s] -- Up-to-date: /home/azp/new_ws/install/rom_msgs/include/rom_msgs/rom_msgs/srv/detail/add_two_ints__functions.h
[6.834s] -- Up-to-date: /home/azp/new_ws/install/rom_msgs/share/rom_msgs/environment/library_path.sh
[6.834s] -- Up-to-date: /home/azp/new_ws/install/rom_msgs/share/rom_msgs/environment/library_path.dsv
[6.859s] -- Up-to-date: /home/azp/new_ws/install/rom_msgs/lib/librom_msgs__rosidl_generator_c.so
[6.861s] -- Up-to-date: /home/azp/new_ws/install/rom_msgs/include/rom_msgs/rom_msgs
[6.862s] -- Up-to-date: /home/azp/new_ws/install/rom_msgs/include/rom_msgs/rom_msgs/msg
[6.863s] -- Up-to-date: /home/azp/new_ws/install/rom_msgs/include/rom_msgs/rom_msgs/msg/detail
[6.864s] -- Up-to-date: /home/azp/new_ws/install/rom_msgs/include/rom_msgs/rom_msgs/msg/detail/rpm__rosidl_typesupport_fastrtps_c.h
[6.864s] -- Up-to-date: /home/azp/new_ws/install/rom_msgs/include/rom_msgs/rom_msgs/msg/rosidl_typesupport_fastrtps_c__visibility_control.h
[6.865s] -- Up-to-date: /home/azp/new_ws/install/rom_msgs/include/rom_msgs/rom_msgs/srv
[6.865s] -- Up-to-date: /home/azp/new_ws/install/rom_msgs/include/rom_msgs/rom_msgs/srv/detail
[6.866s] -- Up-to-date: /home/azp/new_ws/install/rom_msgs/include/rom_msgs/rom_msgs/srv/detail/add_two_ints__rosidl_typesupport_fastrtps_c.h
[6.882s] -- Up-to-date: /home/azp/new_ws/install/rom_msgs/lib/librom_msgs__rosidl_typesupport_fastrtps_c.so
[6.884s] -- Up-to-date: /home/azp/new_ws/install/rom_msgs/include/rom_msgs/rom_msgs
[6.885s] -- Up-to-date: /home/azp/new_ws/install/rom_msgs/include/rom_msgs/rom_msgs/msg
[6.886s] -- Up-to-date: /home/azp/new_ws/install/rom_msgs/include/rom_msgs/rom_msgs/msg/rosidl_typesupport_introspection_c__visibility_control.h
[6.887s] -- Up-to-date: /home/azp/new_ws/install/rom_msgs/include/rom_msgs/rom_msgs/msg/detail
[6.887s] -- Up-to-date: /home/azp/new_ws/install/rom_msgs/include/rom_msgs/rom_msgs/msg/detail/rpm__rosidl_typesupport_introspection_c.h
[6.888s] -- Up-to-date: /home/azp/new_ws/install/rom_msgs/include/rom_msgs/rom_msgs/msg/detail/rpm__type_support.c
[6.888s] -- Up-to-date: /home/azp/new_ws/install/rom_msgs/include/rom_msgs/rom_msgs/srv
[6.889s] -- Up-to-date: /home/azp/new_ws/install/rom_msgs/include/rom_msgs/rom_msgs/srv/detail
[6.889s] -- Up-to-date: /home/azp/new_ws/install/rom_msgs/include/rom_msgs/rom_msgs/srv/detail/add_two_ints__rosidl_typesupport_introspection_c.h
[6.890s] -- Up-to-date: /home/azp/new_ws/install/rom_msgs/include/rom_msgs/rom_msgs/srv/detail/add_two_ints__type_support.c
[6.901s] -- Up-to-date: /home/azp/new_ws/install/rom_msgs/lib/librom_msgs__rosidl_typesupport_introspection_c.so
[6.912s] -- Up-to-date: /home/azp/new_ws/install/rom_msgs/lib/librom_msgs__rosidl_typesupport_c.so
[6.912s] -- Up-to-date: /home/azp/new_ws/install/rom_msgs/include/rom_msgs/rom_msgs
[6.913s] -- Up-to-date: /home/azp/new_ws/install/rom_msgs/include/rom_msgs/rom_msgs/msg
[6.913s] -- Up-to-date: /home/azp/new_ws/install/rom_msgs/include/rom_msgs/rom_msgs/msg/rpm.hpp
[6.913s] -- Up-to-date: /home/azp/new_ws/install/rom_msgs/include/rom_msgs/rom_msgs/msg/detail
[6.913s] -- Up-to-date: /home/azp/new_ws/install/rom_msgs/include/rom_msgs/rom_msgs/msg/detail/rpm__builder.hpp
[6.913s] -- Up-to-date: /home/azp/new_ws/install/rom_msgs/include/rom_msgs/rom_msgs/msg/detail/rpm__struct.hpp
[6.914s] -- Up-to-date: /home/azp/new_ws/install/rom_msgs/include/rom_msgs/rom_msgs/msg/detail/rpm__traits.hpp
[6.914s] -- Up-to-date: /home/azp/new_ws/install/rom_msgs/include/rom_msgs/rom_msgs/srv
[6.914s] -- Up-to-date: /home/azp/new_ws/install/rom_msgs/include/rom_msgs/rom_msgs/srv/add_two_ints.hpp
[6.914s] -- Up-to-date: /home/azp/new_ws/install/rom_msgs/include/rom_msgs/rom_msgs/srv/detail
[6.914s] -- Up-to-date: /home/azp/new_ws/install/rom_msgs/include/rom_msgs/rom_msgs/srv/detail/add_two_ints__struct.hpp
[6.914s] -- Up-to-date: /home/azp/new_ws/install/rom_msgs/include/rom_msgs/rom_msgs/srv/detail/add_two_ints__builder.hpp
[6.914s] -- Up-to-date: /home/azp/new_ws/install/rom_msgs/include/rom_msgs/rom_msgs/srv/detail/add_two_ints__traits.hpp
[6.914s] -- Up-to-date: /home/azp/new_ws/install/rom_msgs/include/rom_msgs/rom_msgs
[6.914s] -- Up-to-date: /home/azp/new_ws/install/rom_msgs/include/rom_msgs/rom_msgs/msg
[6.915s] -- Up-to-date: /home/azp/new_ws/install/rom_msgs/include/rom_msgs/rom_msgs/msg/rosidl_typesupport_fastrtps_cpp__visibility_control.h
[6.915s] -- Up-to-date: /home/azp/new_ws/install/rom_msgs/include/rom_msgs/rom_msgs/msg/detail
[6.915s] -- Up-to-date: /home/azp/new_ws/install/rom_msgs/include/rom_msgs/rom_msgs/msg/detail/dds_fastrtps
[6.915s] -- Up-to-date: /home/azp/new_ws/install/rom_msgs/include/rom_msgs/rom_msgs/msg/detail/rpm__rosidl_typesupport_fastrtps_cpp.hpp
[6.915s] -- Up-to-date: /home/azp/new_ws/install/rom_msgs/include/rom_msgs/rom_msgs/srv
[6.915s] -- Up-to-date: /home/azp/new_ws/install/rom_msgs/include/rom_msgs/rom_msgs/srv/detail
[6.915s] -- Up-to-date: /home/azp/new_ws/install/rom_msgs/include/rom_msgs/rom_msgs/srv/detail/dds_fastrtps
[6.915s] -- Up-to-date: /home/azp/new_ws/install/rom_msgs/include/rom_msgs/rom_msgs/srv/detail/add_two_ints__rosidl_typesupport_fastrtps_cpp.hpp
[6.946s] -- Up-to-date: /home/azp/new_ws/install/rom_msgs/lib/librom_msgs__rosidl_typesupport_fastrtps_cpp.so
[6.947s] -- Up-to-date: /home/azp/new_ws/install/rom_msgs/include/rom_msgs/rom_msgs
[6.948s] -- Up-to-date: /home/azp/new_ws/install/rom_msgs/include/rom_msgs/rom_msgs/msg
[6.948s] -- Up-to-date: /home/azp/new_ws/install/rom_msgs/include/rom_msgs/rom_msgs/msg/detail
[6.948s] -- Up-to-date: /home/azp/new_ws/install/rom_msgs/include/rom_msgs/rom_msgs/msg/detail/rpm__rosidl_typesupport_introspection_cpp.hpp
[6.949s] -- Up-to-date: /home/azp/new_ws/install/rom_msgs/include/rom_msgs/rom_msgs/msg/detail/rpm__type_support.cpp
[6.949s] -- Up-to-date: /home/azp/new_ws/install/rom_msgs/include/rom_msgs/rom_msgs/srv
[6.949s] -- Up-to-date: /home/azp/new_ws/install/rom_msgs/include/rom_msgs/rom_msgs/srv/detail
[6.949s] -- Up-to-date: /home/azp/new_ws/install/rom_msgs/include/rom_msgs/rom_msgs/srv/detail/add_two_ints__type_support.cpp
[6.950s] -- Up-to-date: /home/azp/new_ws/install/rom_msgs/include/rom_msgs/rom_msgs/srv/detail/add_two_ints__rosidl_typesupport_introspection_cpp.hpp
[6.992s] -- Up-to-date: /home/azp/new_ws/install/rom_msgs/lib/librom_msgs__rosidl_typesupport_introspection_cpp.so
[7.020s] -- Up-to-date: /home/azp/new_ws/install/rom_msgs/lib/librom_msgs__rosidl_typesupport_cpp.so
[7.023s] -- Up-to-date: /home/azp/new_ws/install/rom_msgs/share/rom_msgs/environment/pythonpath.sh
[7.024s] -- Up-to-date: /home/azp/new_ws/install/rom_msgs/share/rom_msgs/environment/pythonpath.dsv
[7.025s] -- Up-to-date: /home/azp/new_ws/install/rom_msgs/local/lib/python3.10/dist-packages/rom_msgs-0.0.0-py3.10.egg-info
[7.026s] -- Installing: /home/azp/new_ws/install/rom_msgs/local/lib/python3.10/dist-packages/rom_msgs-0.0.0-py3.10.egg-info/dependency_links.txt
[7.027s] -- Installing: /home/azp/new_ws/install/rom_msgs/local/lib/python3.10/dist-packages/rom_msgs-0.0.0-py3.10.egg-info/PKG-INFO
[7.028s] -- Installing: /home/azp/new_ws/install/rom_msgs/local/lib/python3.10/dist-packages/rom_msgs-0.0.0-py3.10.egg-info/top_level.txt
[7.028s] -- Installing: /home/azp/new_ws/install/rom_msgs/local/lib/python3.10/dist-packages/rom_msgs-0.0.0-py3.10.egg-info/SOURCES.txt
[7.028s] -- Up-to-date: /home/azp/new_ws/install/rom_msgs/local/lib/python3.10/dist-packages/rom_msgs
[7.056s] -- Up-to-date: /home/azp/new_ws/install/rom_msgs/local/lib/python3.10/dist-packages/rom_msgs/_rom_msgs_s.ep.rosidl_typesupport_introspection_c.c
[7.057s] -- Up-to-date: /home/azp/new_ws/install/rom_msgs/local/lib/python3.10/dist-packages/rom_msgs/msg
[7.058s] -- Up-to-date: /home/azp/new_ws/install/rom_msgs/local/lib/python3.10/dist-packages/rom_msgs/msg/_rpm.py
[7.059s] -- Up-to-date: /home/azp/new_ws/install/rom_msgs/local/lib/python3.10/dist-packages/rom_msgs/msg/__init__.py
[7.060s] -- Up-to-date: /home/azp/new_ws/install/rom_msgs/local/lib/python3.10/dist-packages/rom_msgs/msg/_rpm_s.c
[7.060s] -- Up-to-date: /home/azp/new_ws/install/rom_msgs/local/lib/python3.10/dist-packages/rom_msgs/rom_msgs_s__rosidl_typesupport_introspection_c.cpython-310-x86_64-linux-gnu.so
[7.061s] -- Up-to-date: /home/azp/new_ws/install/rom_msgs/local/lib/python3.10/dist-packages/rom_msgs/librom_msgs__rosidl_generator_py.so
[7.061s] -- Up-to-date: /home/azp/new_ws/install/rom_msgs/local/lib/python3.10/dist-packages/rom_msgs/_rom_msgs_s.ep.rosidl_typesupport_c.c
[7.062s] -- Up-to-date: /home/azp/new_ws/install/rom_msgs/local/lib/python3.10/dist-packages/rom_msgs/__init__.py
[7.062s] -- Up-to-date: /home/azp/new_ws/install/rom_msgs/local/lib/python3.10/dist-packages/rom_msgs/rom_msgs_s__rosidl_typesupport_c.cpython-310-x86_64-linux-gnu.so
[7.062s] -- Up-to-date: /home/azp/new_ws/install/rom_msgs/local/lib/python3.10/dist-packages/rom_msgs/srv
[7.063s] -- Up-to-date: /home/azp/new_ws/install/rom_msgs/local/lib/python3.10/dist-packages/rom_msgs/srv/__init__.py
[7.064s] -- Up-to-date: /home/azp/new_ws/install/rom_msgs/local/lib/python3.10/dist-packages/rom_msgs/srv/_add_two_ints.py
[7.064s] -- Up-to-date: /home/azp/new_ws/install/rom_msgs/local/lib/python3.10/dist-packages/rom_msgs/srv/_add_two_ints_s.c
[7.065s] -- Up-to-date: /home/azp/new_ws/install/rom_msgs/local/lib/python3.10/dist-packages/rom_msgs/_rom_msgs_s.ep.rosidl_typesupport_fastrtps_c.c
[7.065s] -- Up-to-date: /home/azp/new_ws/install/rom_msgs/local/lib/python3.10/dist-packages/rom_msgs/rom_msgs_s__rosidl_typesupport_fastrtps_c.cpython-310-x86_64-linux-gnu.so
[7.468s] Listing '/home/azp/new_ws/install/rom_msgs/local/lib/python3.10/dist-packages/rom_msgs'...
[7.469s] Listing '/home/azp/new_ws/install/rom_msgs/local/lib/python3.10/dist-packages/rom_msgs/msg'...
[7.470s] Listing '/home/azp/new_ws/install/rom_msgs/local/lib/python3.10/dist-packages/rom_msgs/srv'...
[7.518s] -- Up-to-date: /home/azp/new_ws/install/rom_msgs/local/lib/python3.10/dist-packages/rom_msgs/rom_msgs_s__rosidl_typesupport_fastrtps_c.cpython-310-x86_64-linux-gnu.so
[7.530s] -- Up-to-date: /home/azp/new_ws/install/rom_msgs/local/lib/python3.10/dist-packages/rom_msgs/rom_msgs_s__rosidl_typesupport_introspection_c.cpython-310-x86_64-linux-gnu.so
[7.552s] -- Up-to-date: /home/azp/new_ws/install/rom_msgs/local/lib/python3.10/dist-packages/rom_msgs/rom_msgs_s__rosidl_typesupport_c.cpython-310-x86_64-linux-gnu.so
[7.597s] -- Up-to-date: /home/azp/new_ws/install/rom_msgs/lib/librom_msgs__rosidl_generator_py.so
[7.598s] -- Up-to-date: /home/azp/new_ws/install/rom_msgs/share/rom_msgs/msg/Rpm.idl
[7.600s] -- Up-to-date: /home/azp/new_ws/install/rom_msgs/share/rom_msgs/srv/AddTwoInts.idl
[7.601s] -- Up-to-date: /home/azp/new_ws/install/rom_msgs/share/rom_msgs/msg/Rpm.msg
[7.601s] -- Up-to-date: /home/azp/new_ws/install/rom_msgs/share/rom_msgs/srv/AddTwoInts.srv
[7.602s] -- Up-to-date: /home/azp/new_ws/install/rom_msgs/share/rom_msgs/srv/AddTwoInts_Request.msg
[7.603s] -- Up-to-date: /home/azp/new_ws/install/rom_msgs/share/rom_msgs/srv/AddTwoInts_Response.msg
[7.603s] -- Up-to-date: /home/azp/new_ws/install/rom_msgs/share/ament_index/resource_index/package_run_dependencies/rom_msgs
[7.632s] -- Up-to-date: /home/azp/new_ws/install/rom_msgs/share/ament_index/resource_index/parent_prefix_path/rom_msgs
[7.634s] -- Up-to-date: /home/azp/new_ws/install/rom_msgs/share/rom_msgs/environment/ament_prefix_path.sh
[7.635s] -- Up-to-date: /home/azp/new_ws/install/rom_msgs/share/rom_msgs/environment/ament_prefix_path.dsv
[7.636s] -- Up-to-date: /home/azp/new_ws/install/rom_msgs/share/rom_msgs/environment/path.sh
[7.637s] -- Up-to-date: /home/azp/new_ws/install/rom_msgs/share/rom_msgs/environment/path.dsv
[7.637s] -- Up-to-date: /home/azp/new_ws/install/rom_msgs/share/rom_msgs/local_setup.bash
[7.638s] -- Up-to-date: /home/azp/new_ws/install/rom_msgs/share/rom_msgs/local_setup.sh
[7.638s] -- Up-to-date: /home/azp/new_ws/install/rom_msgs/share/rom_msgs/local_setup.zsh
[7.638s] -- Up-to-date: /home/azp/new_ws/install/rom_msgs/share/rom_msgs/local_setup.dsv
[7.639s] -- Installing: /home/azp/new_ws/install/rom_msgs/share/rom_msgs/package.dsv
[7.675s] -- Up-to-date: /home/azp/new_ws/install/rom_msgs/share/ament_index/resource_index/packages/rom_msgs
[8.230s] -- Up-to-date: /home/azp/new_ws/install/rom_msgs/share/rom_msgs/cmake/export_rom_msgs__rosidl_generator_cExport.cmake
[8.231s] -- Up-to-date: /home/azp/new_ws/install/rom_msgs/share/rom_msgs/cmake/export_rom_msgs__rosidl_generator_cExport-noconfig.cmake
[8.307s] -- Up-to-date: /home/azp/new_ws/install/rom_msgs/share/rom_msgs/cmake/export_rom_msgs__rosidl_typesupport_fastrtps_cExport.cmake
[8.308s] -- Up-to-date: /home/azp/new_ws/install/rom_msgs/share/rom_msgs/cmake/export_rom_msgs__rosidl_typesupport_fastrtps_cExport-noconfig.cmake
[8.455s] -- Up-to-date: /home/azp/new_ws/install/rom_msgs/share/rom_msgs/cmake/rom_msgs__rosidl_typesupport_introspection_cExport.cmake
[8.456s] -- Up-to-date: /home/azp/new_ws/install/rom_msgs/share/rom_msgs/cmake/rom_msgs__rosidl_typesupport_introspection_cExport-noconfig.cmake
[8.497s] -- Up-to-date: /home/azp/new_ws/install/rom_msgs/share/rom_msgs/cmake/rom_msgs__rosidl_typesupport_cExport.cmake
[8.497s] -- Up-to-date: /home/azp/new_ws/install/rom_msgs/share/rom_msgs/cmake/rom_msgs__rosidl_typesupport_cExport-noconfig.cmake
[8.578s] -- Up-to-date: /home/azp/new_ws/install/rom_msgs/share/rom_msgs/cmake/export_rom_msgs__rosidl_generator_cppExport.cmake
[8.669s] -- Up-to-date: /home/azp/new_ws/install/rom_msgs/share/rom_msgs/cmake/export_rom_msgs__rosidl_typesupport_fastrtps_cppExport.cmake
[8.670s] -- Up-to-date: /home/azp/new_ws/install/rom_msgs/share/rom_msgs/cmake/export_rom_msgs__rosidl_typesupport_fastrtps_cppExport-noconfig.cmake
[8.735s] -- Up-to-date: /home/azp/new_ws/install/rom_msgs/share/rom_msgs/cmake/rom_msgs__rosidl_typesupport_introspection_cppExport.cmake
[8.736s] -- Up-to-date: /home/azp/new_ws/install/rom_msgs/share/rom_msgs/cmake/rom_msgs__rosidl_typesupport_introspection_cppExport-noconfig.cmake
[8.819s] -- Up-to-date: /home/azp/new_ws/install/rom_msgs/share/rom_msgs/cmake/rom_msgs__rosidl_typesupport_cppExport.cmake
[8.820s] -- Up-to-date: /home/azp/new_ws/install/rom_msgs/share/rom_msgs/cmake/rom_msgs__rosidl_typesupport_cppExport-noconfig.cmake
[8.965s] -- Up-to-date: /home/azp/new_ws/install/rom_msgs/share/rom_msgs/cmake/export_rom_msgs__rosidl_generator_pyExport.cmake
[8.967s] -- Up-to-date: /home/azp/new_ws/install/rom_msgs/share/rom_msgs/cmake/export_rom_msgs__rosidl_generator_pyExport-noconfig.cmake
[8.968s] -- Up-to-date: /home/azp/new_ws/install/rom_msgs/share/rom_msgs/cmake/rosidl_cmake-extras.cmake
[8.968s] -- Up-to-date: /home/azp/new_ws/install/rom_msgs/share/rom_msgs/cmake/ament_cmake_export_include_directories-extras.cmake
[8.969s] -- Up-to-date: /home/azp/new_ws/install/rom_msgs/share/rom_msgs/cmake/ament_cmake_export_libraries-extras.cmake
[8.969s] -- Up-to-date: /home/azp/new_ws/install/rom_msgs/share/rom_msgs/cmake/ament_cmake_export_targets-extras.cmake
[8.970s] -- Up-to-date: /home/azp/new_ws/install/rom_msgs/share/rom_msgs/cmake/rosidl_cmake_export_typesupport_targets-extras.cmake
[8.970s] -- Up-to-date: /home/azp/new_ws/install/rom_msgs/share/rom_msgs/cmake/ament_cmake_export_dependencies-extras.cmake
[8.971s] -- Up-to-date: /home/azp/new_ws/install/rom_msgs/share/rom_msgs/cmake/rosidl_cmake_export_typesupport_libraries-extras.cmake
[8.971s] -- Up-to-date: /home/azp/new_ws/install/rom_msgs/share/rom_msgs/cmake/rom_msgsConfig.cmake
[8.971s] -- Up-to-date: /home/azp/new_ws/install/rom_msgs/share/rom_msgs/cmake/rom_msgsConfig-version.cmake
[8.972s] -- Up-to-date: /home/azp/new_ws/install/rom_msgs/share/rom_msgs/package.xml
[9.018s] Invoked command in '/home/azp/new_ws/build/rom_msgs' returned '0': CMAKE_PREFIX_PATH=${CMAKE_PREFIX_PATH}:/opt/ros/humble /usr/bin/cmake --install /home/azp/new_ws/build/rom_msgs
