[0.015s] Invoking command in '/home/azp/new_ws/build/pub_sub': CMAKE_PREFIX_PATH=/opt/ros/humble /usr/bin/cmake /home/azp/new_ws/src/pub_sub -DAMENT_CMAKE_SYMLINK_INSTALL=1 -DCMAKE_INSTALL_PREFIX=/home/azp/new_ws/install/pub_sub
[0.072s] -- The C compiler identification is GNU 11.2.0
[0.137s] -- The CXX compiler identification is GNU 11.2.0
[0.145s] -- Detecting C compiler ABI info
[0.215s] -- Detecting C compiler ABI info - done
[0.225s] -- Check for working C compiler: /usr/bin/cc - skipped
[0.226s] -- Detecting C compile features
[0.226s] -- Detecting C compile features - done
[0.230s] -- Detecting CXX compiler ABI info
[0.313s] -- Detecting CXX compiler ABI info - done
[0.323s] -- Check for working CXX compiler: /usr/bin/c++ - skipped
[0.323s] -- Detecting CXX compile features
[0.324s] -- Detecting CXX compile features - done
[0.327s] -- Found ament_cmake: 1.3.2 (/opt/ros/humble/share/ament_cmake/cmake)
[0.519s] -- Found Python3: /usr/bin/python3.10 (found version "3.10.4") found components: Interpreter 
[0.592s] -- Override CMake install command with custom implementation using symlinks instead of copying resources
[0.631s] -- Found rclcpp: 16.0.1 (/opt/ros/humble/share/rclcpp/cmake)
[0.683s] -- Found rosidl_generator_c: 3.1.3 (/opt/ros/humble/share/rosidl_generator_c/cmake)
[0.688s] -- Found rosidl_adapter: 3.1.3 (/opt/ros/humble/share/rosidl_adapter/cmake)
[0.698s] -- Found rosidl_generator_cpp: 3.1.3 (/opt/ros/humble/share/rosidl_generator_cpp/cmake)
[0.714s] -- Using all available rosidl_typesupport_c: rosidl_typesupport_fastrtps_c;rosidl_typesupport_introspection_c
[0.737s] -- Using all available rosidl_typesupport_cpp: rosidl_typesupport_fastrtps_cpp;rosidl_typesupport_introspection_cpp
[0.821s] -- Found rmw_implementation_cmake: 6.1.0 (/opt/ros/humble/share/rmw_implementation_cmake/cmake)
[0.823s] -- Found rmw_fastrtps_cpp: 6.2.1 (/opt/ros/humble/share/rmw_fastrtps_cpp/cmake)
[0.953s] -- Found OpenSSL: /usr/lib/x86_64-linux-gnu/libcrypto.so (found version "3.0.2")  
[0.982s] -- Found FastRTPS: /opt/ros/humble/include  
[1.036s] -- Using RMW implementation 'rmw_fastrtps_cpp' as default
[1.243s] -- Found ament_lint_auto: 0.12.4 (/opt/ros/humble/share/ament_lint_auto/cmake)
[1.454s] -- Added test 'cppcheck' to perform static code analysis on C / C++ code
[1.455s] -- Configured cppcheck include dirs: 
[1.455s] -- Configured cppcheck exclude dirs and/or files: 
[1.457s] -- Added test 'lint_cmake' to check CMake code style
[1.461s] -- Added test 'uncrustify' to check C / C++ code style
[1.462s] -- Configured uncrustify additional arguments: 
[1.463s] -- Added test 'xmllint' to check XML markup files
[1.468s] -- Configuring done
[1.474s] [31mCMake Error at CMakeLists.txt:13 (add_executable):
[1.474s]   Cannot find source file:
[1.474s] 
[1.474s]     src/publisher_member_function.cpp
[1.475s] 
[1.475s]   Tried extensions .c .C .c++ .cc .cpp .cxx .cu .mpp .m .M .mm .ixx .cppm .h
[1.475s]   .hh .h++ .hm .hpp .hxx .in .txx .f .F .for .f77 .f90 .f95 .f03 .hip .ispc
[1.475s] 
[1.475s] [0m
[1.476s] [31mCMake Error at CMakeLists.txt:13 (add_executable):
[1.476s]   No SOURCES given to target: talker
[1.476s] 
[1.477s] [0m
[1.477s] [0mCMake Generate step failed.  Build files cannot be regenerated correctly.[0m
[1.487s] Invoked command in '/home/azp/new_ws/build/pub_sub' returned '1': CMAKE_PREFIX_PATH=/opt/ros/humble /usr/bin/cmake /home/azp/new_ws/src/pub_sub -DAMENT_CMAKE_SYMLINK_INSTALL=1 -DCMAKE_INSTALL_PREFIX=/home/azp/new_ws/install/pub_sub
