-- The C compiler identification is GNU 11.2.0
-- The CXX compiler identification is GNU 11.2.0
-- Detecting C compiler ABI info
-- Detecting C compiler ABI info - done
-- Check for working C compiler: /usr/bin/cc - skipped
-- Detecting C compile features
-- Detecting C compile features - done
-- Detecting CXX compiler ABI info
-- Detecting CXX compiler ABI info - done
-- Check for working CXX compiler: /usr/bin/c++ - skipped
-- Detecting CXX compile features
-- Detecting CXX compile features - done
-- Found ament_cmake: 1.3.2 (/opt/ros/humble/share/ament_cmake/cmake)
-- Found Python3: /usr/bin/python3.10 (found version "3.10.4") found components: Interpreter 
-- Found std_msgs: 4.2.2 (/opt/ros/humble/share/std_msgs/cmake)
-- Found rosidl_generator_c: 3.1.3 (/opt/ros/humble/share/rosidl_generator_c/cmake)
-- Found rosidl_adapter: 3.1.3 (/opt/ros/humble/share/rosidl_adapter/cmake)
-- Found rosidl_generator_cpp: 3.1.3 (/opt/ros/humble/share/rosidl_generator_cpp/cmake)
-- Using all available rosidl_typesupport_c: rosidl_typesupport_fastrtps_c;rosidl_typesupport_introspection_c
-- Using all available rosidl_typesupport_cpp: rosidl_typesupport_fastrtps_cpp;rosidl_typesupport_introspection_cpp
-- Found rosidl_default_generators: 1.2.0 (/opt/ros/humble/share/rosidl_default_generators/cmake)
-- Found ament_lint_auto: 0.12.4 (/opt/ros/humble/share/ament_lint_auto/cmake)
[31mCMake Error at /opt/ros/humble/share/rosidl_adapter/cmake/rosidl_adapt_interfaces.cmake:59 (message):
  execute_process(/usr/bin/python3.10 -m rosidl_adapter --package-name
  motor_msg --arguments-file
  /home/azp/new_ws/build/motor_msg/rosidl_adapter__arguments__motor_msg.json
  --output-dir /home/azp/new_ws/build/motor_msg/rosidl_adapter/motor_msg
  --output-file
  /home/azp/new_ws/build/motor_msg/rosidl_adapter/motor_msg.idls) returned
  error code 1:

  Traceback (most recent call last):

    File "/usr/lib/python3.10/runpy.py", line 196, in _run_module_as_main
      return _run_code(code, main_globals, None,
    File "/usr/lib/python3.10/runpy.py", line 86, in _run_code
      exec(code, run_globals)
    File "/opt/ros/humble/local/lib/python3.10/dist-packages/rosidl_adapter/__main__.py", line 19, in <module>
      sys.exit(main())
    File "/opt/ros/humble/local/lib/python3.10/dist-packages/rosidl_adapter/main.py", line 53, in main
      abs_idl_file = convert_to_idl(
    File "/opt/ros/humble/local/lib/python3.10/dist-packages/rosidl_adapter/__init__.py", line 19, in convert_to_idl
      return convert_msg_to_idl(
    File "/opt/ros/humble/local/lib/python3.10/dist-packages/rosidl_adapter/msg/__init__.py", line 28, in convert_msg_to_idl
      msg = parse_message_string(package_name, input_file.stem, content)
    File "/opt/ros/humble/local/lib/python3.10/dist-packages/rosidl_adapter/parser.py", line 544, in parse_message_string
      msg = MessageSpecification(pkg_name, msg_name, fields, constants)
    File "/opt/ros/humble/local/lib/python3.10/dist-packages/rosidl_adapter/parser.py", line 388, in __init__
      self.base_type = BaseType(
    File "/opt/ros/humble/local/lib/python3.10/dist-packages/rosidl_adapter/parser.py", line 205, in __init__
      raise InvalidResourceName(

  rosidl_adapter.parser.InvalidResourceName: 'rpm' is an invalid message
  name.  It should have the pattern '^[A-Z][A-Za-z0-9]*$'

Call Stack (most recent call first):
  /opt/ros/humble/share/rosidl_cmake/cmake/rosidl_generate_interfaces.cmake:130 (rosidl_adapt_interfaces)
  CMakeLists.txt:23 (rosidl_generate_interfaces)

[0m
-- Configuring incomplete, errors occurred!
See also "/home/azp/new_ws/build/motor_msg/CMakeFiles/CMakeOutput.log".
