[  2%] Built target rom_msgs__cpp
[ 12%] Built target rom_msgs__rosidl_generator_c
[ 23%] Built target rom_msgs__rosidl_typesupport_fastrtps_cpp
[ 33%] Built target rom_msgs__rosidl_typesupport_cpp
[ 43%] Built target rom_msgs__rosidl_typesupport_introspection_cpp
[ 53%] Built target rom_msgs__rosidl_typesupport_introspection_c
[ 64%] Built target rom_msgs__rosidl_typesupport_fastrtps_c
[ 64%] Built target ament_cmake_python_copy_rom_msgs
[ 74%] Built target rom_msgs__rosidl_typesupport_c
[ 74%] Built target rom_msgs
[ 76%] Built target rom_msgs__py
running egg_info
writing rom_msgs.egg-info/PKG-INFO
writing dependency_links to rom_msgs.egg-info/dependency_links.txt
writing top-level names to rom_msgs.egg-info/top_level.txt
reading manifest file 'rom_msgs.egg-info/SOURCES.txt'
writing manifest file 'rom_msgs.egg-info/SOURCES.txt'
[ 84%] Built target rom_msgs__rosidl_generator_py
[ 84%] Built target ament_cmake_python_build_rom_msgs_egg
[ 89%] Built target rom_msgs__rosidl_typesupport_fastrtps_c__pyext
[ 94%] Built target rom_msgs__rosidl_typesupport_introspection_c__pyext
[100%] Built target rom_msgs__rosidl_typesupport_c__pyext
-- Install configuration: ""
-- Up-to-date: /home/azp/new_ws/install/rom_msgs/share/ament_index/resource_index/rosidl_interfaces/rom_msgs
-- Up-to-date: /home/azp/new_ws/install/rom_msgs/include/rom_msgs/rom_msgs
-- Up-to-date: /home/azp/new_ws/install/rom_msgs/include/rom_msgs/rom_msgs/msg
-- Up-to-date: /home/azp/new_ws/install/rom_msgs/include/rom_msgs/rom_msgs/msg/rpm.h
-- Up-to-date: /home/azp/new_ws/install/rom_msgs/include/rom_msgs/rom_msgs/msg/detail
-- Up-to-date: /home/azp/new_ws/install/rom_msgs/include/rom_msgs/rom_msgs/msg/detail/rpm__functions.c
-- Up-to-date: /home/azp/new_ws/install/rom_msgs/include/rom_msgs/rom_msgs/msg/detail/rpm__functions.h
-- Up-to-date: /home/azp/new_ws/install/rom_msgs/include/rom_msgs/rom_msgs/msg/detail/rpm__type_support.h
-- Up-to-date: /home/azp/new_ws/install/rom_msgs/include/rom_msgs/rom_msgs/msg/detail/rpm__struct.h
-- Up-to-date: /home/azp/new_ws/install/rom_msgs/include/rom_msgs/rom_msgs/msg/rosidl_generator_c__visibility_control.h
-- Up-to-date: /home/azp/new_ws/install/rom_msgs/include/rom_msgs/rom_msgs/srv
-- Up-to-date: /home/azp/new_ws/install/rom_msgs/include/rom_msgs/rom_msgs/srv/add_two_ints.h
-- Up-to-date: /home/azp/new_ws/install/rom_msgs/include/rom_msgs/rom_msgs/srv/detail
-- Up-to-date: /home/azp/new_ws/install/rom_msgs/include/rom_msgs/rom_msgs/srv/detail/add_two_ints__struct.h
-- Up-to-date: /home/azp/new_ws/install/rom_msgs/include/rom_msgs/rom_msgs/srv/detail/add_two_ints__functions.c
-- Up-to-date: /home/azp/new_ws/install/rom_msgs/include/rom_msgs/rom_msgs/srv/detail/add_two_ints__type_support.h
-- Up-to-date: /home/azp/new_ws/install/rom_msgs/include/rom_msgs/rom_msgs/srv/detail/add_two_ints__functions.h
-- Up-to-date: /home/azp/new_ws/install/rom_msgs/share/rom_msgs/environment/library_path.sh
-- Up-to-date: /home/azp/new_ws/install/rom_msgs/share/rom_msgs/environment/library_path.dsv
-- Up-to-date: /home/azp/new_ws/install/rom_msgs/lib/librom_msgs__rosidl_generator_c.so
-- Up-to-date: /home/azp/new_ws/install/rom_msgs/include/rom_msgs/rom_msgs
-- Up-to-date: /home/azp/new_ws/install/rom_msgs/include/rom_msgs/rom_msgs/msg
-- Up-to-date: /home/azp/new_ws/install/rom_msgs/include/rom_msgs/rom_msgs/msg/detail
-- Up-to-date: /home/azp/new_ws/install/rom_msgs/include/rom_msgs/rom_msgs/msg/detail/rpm__rosidl_typesupport_fastrtps_c.h
-- Up-to-date: /home/azp/new_ws/install/rom_msgs/include/rom_msgs/rom_msgs/msg/rosidl_typesupport_fastrtps_c__visibility_control.h
-- Up-to-date: /home/azp/new_ws/install/rom_msgs/include/rom_msgs/rom_msgs/srv
-- Up-to-date: /home/azp/new_ws/install/rom_msgs/include/rom_msgs/rom_msgs/srv/detail
-- Up-to-date: /home/azp/new_ws/install/rom_msgs/include/rom_msgs/rom_msgs/srv/detail/add_two_ints__rosidl_typesupport_fastrtps_c.h
-- Up-to-date: /home/azp/new_ws/install/rom_msgs/lib/librom_msgs__rosidl_typesupport_fastrtps_c.so
-- Up-to-date: /home/azp/new_ws/install/rom_msgs/include/rom_msgs/rom_msgs
-- Up-to-date: /home/azp/new_ws/install/rom_msgs/include/rom_msgs/rom_msgs/msg
-- Up-to-date: /home/azp/new_ws/install/rom_msgs/include/rom_msgs/rom_msgs/msg/rosidl_typesupport_introspection_c__visibility_control.h
-- Up-to-date: /home/azp/new_ws/install/rom_msgs/include/rom_msgs/rom_msgs/msg/detail
-- Up-to-date: /home/azp/new_ws/install/rom_msgs/include/rom_msgs/rom_msgs/msg/detail/rpm__rosidl_typesupport_introspection_c.h
-- Up-to-date: /home/azp/new_ws/install/rom_msgs/include/rom_msgs/rom_msgs/msg/detail/rpm__type_support.c
-- Up-to-date: /home/azp/new_ws/install/rom_msgs/include/rom_msgs/rom_msgs/srv
-- Up-to-date: /home/azp/new_ws/install/rom_msgs/include/rom_msgs/rom_msgs/srv/detail
-- Up-to-date: /home/azp/new_ws/install/rom_msgs/include/rom_msgs/rom_msgs/srv/detail/add_two_ints__rosidl_typesupport_introspection_c.h
-- Up-to-date: /home/azp/new_ws/install/rom_msgs/include/rom_msgs/rom_msgs/srv/detail/add_two_ints__type_support.c
-- Up-to-date: /home/azp/new_ws/install/rom_msgs/lib/librom_msgs__rosidl_typesupport_introspection_c.so
-- Up-to-date: /home/azp/new_ws/install/rom_msgs/lib/librom_msgs__rosidl_typesupport_c.so
-- Up-to-date: /home/azp/new_ws/install/rom_msgs/include/rom_msgs/rom_msgs
-- Up-to-date: /home/azp/new_ws/install/rom_msgs/include/rom_msgs/rom_msgs/msg
-- Up-to-date: /home/azp/new_ws/install/rom_msgs/include/rom_msgs/rom_msgs/msg/rpm.hpp
-- Up-to-date: /home/azp/new_ws/install/rom_msgs/include/rom_msgs/rom_msgs/msg/detail
-- Up-to-date: /home/azp/new_ws/install/rom_msgs/include/rom_msgs/rom_msgs/msg/detail/rpm__builder.hpp
-- Up-to-date: /home/azp/new_ws/install/rom_msgs/include/rom_msgs/rom_msgs/msg/detail/rpm__struct.hpp
-- Up-to-date: /home/azp/new_ws/install/rom_msgs/include/rom_msgs/rom_msgs/msg/detail/rpm__traits.hpp
-- Up-to-date: /home/azp/new_ws/install/rom_msgs/include/rom_msgs/rom_msgs/srv
-- Up-to-date: /home/azp/new_ws/install/rom_msgs/include/rom_msgs/rom_msgs/srv/add_two_ints.hpp
-- Up-to-date: /home/azp/new_ws/install/rom_msgs/include/rom_msgs/rom_msgs/srv/detail
-- Up-to-date: /home/azp/new_ws/install/rom_msgs/include/rom_msgs/rom_msgs/srv/detail/add_two_ints__struct.hpp
-- Up-to-date: /home/azp/new_ws/install/rom_msgs/include/rom_msgs/rom_msgs/srv/detail/add_two_ints__builder.hpp
-- Up-to-date: /home/azp/new_ws/install/rom_msgs/include/rom_msgs/rom_msgs/srv/detail/add_two_ints__traits.hpp
-- Up-to-date: /home/azp/new_ws/install/rom_msgs/include/rom_msgs/rom_msgs
-- Up-to-date: /home/azp/new_ws/install/rom_msgs/include/rom_msgs/rom_msgs/msg
-- Up-to-date: /home/azp/new_ws/install/rom_msgs/include/rom_msgs/rom_msgs/msg/rosidl_typesupport_fastrtps_cpp__visibility_control.h
-- Up-to-date: /home/azp/new_ws/install/rom_msgs/include/rom_msgs/rom_msgs/msg/detail
-- Up-to-date: /home/azp/new_ws/install/rom_msgs/include/rom_msgs/rom_msgs/msg/detail/dds_fastrtps
-- Up-to-date: /home/azp/new_ws/install/rom_msgs/include/rom_msgs/rom_msgs/msg/detail/rpm__rosidl_typesupport_fastrtps_cpp.hpp
-- Up-to-date: /home/azp/new_ws/install/rom_msgs/include/rom_msgs/rom_msgs/srv
-- Up-to-date: /home/azp/new_ws/install/rom_msgs/include/rom_msgs/rom_msgs/srv/detail
-- Up-to-date: /home/azp/new_ws/install/rom_msgs/include/rom_msgs/rom_msgs/srv/detail/dds_fastrtps
-- Up-to-date: /home/azp/new_ws/install/rom_msgs/include/rom_msgs/rom_msgs/srv/detail/add_two_ints__rosidl_typesupport_fastrtps_cpp.hpp
-- Up-to-date: /home/azp/new_ws/install/rom_msgs/lib/librom_msgs__rosidl_typesupport_fastrtps_cpp.so
-- Up-to-date: /home/azp/new_ws/install/rom_msgs/include/rom_msgs/rom_msgs
-- Up-to-date: /home/azp/new_ws/install/rom_msgs/include/rom_msgs/rom_msgs/msg
-- Up-to-date: /home/azp/new_ws/install/rom_msgs/include/rom_msgs/rom_msgs/msg/detail
-- Up-to-date: /home/azp/new_ws/install/rom_msgs/include/rom_msgs/rom_msgs/msg/detail/rpm__rosidl_typesupport_introspection_cpp.hpp
-- Up-to-date: /home/azp/new_ws/install/rom_msgs/include/rom_msgs/rom_msgs/msg/detail/rpm__type_support.cpp
-- Up-to-date: /home/azp/new_ws/install/rom_msgs/include/rom_msgs/rom_msgs/srv
-- Up-to-date: /home/azp/new_ws/install/rom_msgs/include/rom_msgs/rom_msgs/srv/detail
-- Up-to-date: /home/azp/new_ws/install/rom_msgs/include/rom_msgs/rom_msgs/srv/detail/add_two_ints__type_support.cpp
-- Up-to-date: /home/azp/new_ws/install/rom_msgs/include/rom_msgs/rom_msgs/srv/detail/add_two_ints__rosidl_typesupport_introspection_cpp.hpp
-- Up-to-date: /home/azp/new_ws/install/rom_msgs/lib/librom_msgs__rosidl_typesupport_introspection_cpp.so
-- Up-to-date: /home/azp/new_ws/install/rom_msgs/lib/librom_msgs__rosidl_typesupport_cpp.so
-- Up-to-date: /home/azp/new_ws/install/rom_msgs/share/rom_msgs/environment/pythonpath.sh
-- Up-to-date: /home/azp/new_ws/install/rom_msgs/share/rom_msgs/environment/pythonpath.dsv
-- Up-to-date: /home/azp/new_ws/install/rom_msgs/local/lib/python3.10/dist-packages/rom_msgs-0.0.0-py3.10.egg-info
-- Installing: /home/azp/new_ws/install/rom_msgs/local/lib/python3.10/dist-packages/rom_msgs-0.0.0-py3.10.egg-info/dependency_links.txt
-- Installing: /home/azp/new_ws/install/rom_msgs/local/lib/python3.10/dist-packages/rom_msgs-0.0.0-py3.10.egg-info/PKG-INFO
-- Installing: /home/azp/new_ws/install/rom_msgs/local/lib/python3.10/dist-packages/rom_msgs-0.0.0-py3.10.egg-info/top_level.txt
-- Installing: /home/azp/new_ws/install/rom_msgs/local/lib/python3.10/dist-packages/rom_msgs-0.0.0-py3.10.egg-info/SOURCES.txt
-- Up-to-date: /home/azp/new_ws/install/rom_msgs/local/lib/python3.10/dist-packages/rom_msgs
-- Up-to-date: /home/azp/new_ws/install/rom_msgs/local/lib/python3.10/dist-packages/rom_msgs/_rom_msgs_s.ep.rosidl_typesupport_introspection_c.c
-- Up-to-date: /home/azp/new_ws/install/rom_msgs/local/lib/python3.10/dist-packages/rom_msgs/msg
-- Up-to-date: /home/azp/new_ws/install/rom_msgs/local/lib/python3.10/dist-packages/rom_msgs/msg/_rpm.py
-- Up-to-date: /home/azp/new_ws/install/rom_msgs/local/lib/python3.10/dist-packages/rom_msgs/msg/__init__.py
-- Up-to-date: /home/azp/new_ws/install/rom_msgs/local/lib/python3.10/dist-packages/rom_msgs/msg/_rpm_s.c
-- Up-to-date: /home/azp/new_ws/install/rom_msgs/local/lib/python3.10/dist-packages/rom_msgs/rom_msgs_s__rosidl_typesupport_introspection_c.cpython-310-x86_64-linux-gnu.so
-- Up-to-date: /home/azp/new_ws/install/rom_msgs/local/lib/python3.10/dist-packages/rom_msgs/librom_msgs__rosidl_generator_py.so
-- Up-to-date: /home/azp/new_ws/install/rom_msgs/local/lib/python3.10/dist-packages/rom_msgs/_rom_msgs_s.ep.rosidl_typesupport_c.c
-- Up-to-date: /home/azp/new_ws/install/rom_msgs/local/lib/python3.10/dist-packages/rom_msgs/__init__.py
-- Up-to-date: /home/azp/new_ws/install/rom_msgs/local/lib/python3.10/dist-packages/rom_msgs/rom_msgs_s__rosidl_typesupport_c.cpython-310-x86_64-linux-gnu.so
-- Up-to-date: /home/azp/new_ws/install/rom_msgs/local/lib/python3.10/dist-packages/rom_msgs/srv
-- Up-to-date: /home/azp/new_ws/install/rom_msgs/local/lib/python3.10/dist-packages/rom_msgs/srv/__init__.py
-- Up-to-date: /home/azp/new_ws/install/rom_msgs/local/lib/python3.10/dist-packages/rom_msgs/srv/_add_two_ints.py
-- Up-to-date: /home/azp/new_ws/install/rom_msgs/local/lib/python3.10/dist-packages/rom_msgs/srv/_add_two_ints_s.c
-- Up-to-date: /home/azp/new_ws/install/rom_msgs/local/lib/python3.10/dist-packages/rom_msgs/_rom_msgs_s.ep.rosidl_typesupport_fastrtps_c.c
-- Up-to-date: /home/azp/new_ws/install/rom_msgs/local/lib/python3.10/dist-packages/rom_msgs/rom_msgs_s__rosidl_typesupport_fastrtps_c.cpython-310-x86_64-linux-gnu.so
Listing '/home/azp/new_ws/install/rom_msgs/local/lib/python3.10/dist-packages/rom_msgs'...
Listing '/home/azp/new_ws/install/rom_msgs/local/lib/python3.10/dist-packages/rom_msgs/msg'...
Listing '/home/azp/new_ws/install/rom_msgs/local/lib/python3.10/dist-packages/rom_msgs/srv'...
-- Up-to-date: /home/azp/new_ws/install/rom_msgs/local/lib/python3.10/dist-packages/rom_msgs/rom_msgs_s__rosidl_typesupport_fastrtps_c.cpython-310-x86_64-linux-gnu.so
-- Up-to-date: /home/azp/new_ws/install/rom_msgs/local/lib/python3.10/dist-packages/rom_msgs/rom_msgs_s__rosidl_typesupport_introspection_c.cpython-310-x86_64-linux-gnu.so
-- Up-to-date: /home/azp/new_ws/install/rom_msgs/local/lib/python3.10/dist-packages/rom_msgs/rom_msgs_s__rosidl_typesupport_c.cpython-310-x86_64-linux-gnu.so
-- Up-to-date: /home/azp/new_ws/install/rom_msgs/lib/librom_msgs__rosidl_generator_py.so
-- Up-to-date: /home/azp/new_ws/install/rom_msgs/share/rom_msgs/msg/Rpm.idl
-- Up-to-date: /home/azp/new_ws/install/rom_msgs/share/rom_msgs/srv/AddTwoInts.idl
-- Up-to-date: /home/azp/new_ws/install/rom_msgs/share/rom_msgs/msg/Rpm.msg
-- Up-to-date: /home/azp/new_ws/install/rom_msgs/share/rom_msgs/srv/AddTwoInts.srv
-- Up-to-date: /home/azp/new_ws/install/rom_msgs/share/rom_msgs/srv/AddTwoInts_Request.msg
-- Up-to-date: /home/azp/new_ws/install/rom_msgs/share/rom_msgs/srv/AddTwoInts_Response.msg
-- Up-to-date: /home/azp/new_ws/install/rom_msgs/share/ament_index/resource_index/package_run_dependencies/rom_msgs
-- Up-to-date: /home/azp/new_ws/install/rom_msgs/share/ament_index/resource_index/parent_prefix_path/rom_msgs
-- Up-to-date: /home/azp/new_ws/install/rom_msgs/share/rom_msgs/environment/ament_prefix_path.sh
-- Up-to-date: /home/azp/new_ws/install/rom_msgs/share/rom_msgs/environment/ament_prefix_path.dsv
-- Up-to-date: /home/azp/new_ws/install/rom_msgs/share/rom_msgs/environment/path.sh
-- Up-to-date: /home/azp/new_ws/install/rom_msgs/share/rom_msgs/environment/path.dsv
-- Up-to-date: /home/azp/new_ws/install/rom_msgs/share/rom_msgs/local_setup.bash
-- Up-to-date: /home/azp/new_ws/install/rom_msgs/share/rom_msgs/local_setup.sh
-- Up-to-date: /home/azp/new_ws/install/rom_msgs/share/rom_msgs/local_setup.zsh
-- Up-to-date: /home/azp/new_ws/install/rom_msgs/share/rom_msgs/local_setup.dsv
-- Installing: /home/azp/new_ws/install/rom_msgs/share/rom_msgs/package.dsv
-- Up-to-date: /home/azp/new_ws/install/rom_msgs/share/ament_index/resource_index/packages/rom_msgs
-- Up-to-date: /home/azp/new_ws/install/rom_msgs/share/rom_msgs/cmake/export_rom_msgs__rosidl_generator_cExport.cmake
-- Up-to-date: /home/azp/new_ws/install/rom_msgs/share/rom_msgs/cmake/export_rom_msgs__rosidl_generator_cExport-noconfig.cmake
-- Up-to-date: /home/azp/new_ws/install/rom_msgs/share/rom_msgs/cmake/export_rom_msgs__rosidl_typesupport_fastrtps_cExport.cmake
-- Up-to-date: /home/azp/new_ws/install/rom_msgs/share/rom_msgs/cmake/export_rom_msgs__rosidl_typesupport_fastrtps_cExport-noconfig.cmake
-- Up-to-date: /home/azp/new_ws/install/rom_msgs/share/rom_msgs/cmake/rom_msgs__rosidl_typesupport_introspection_cExport.cmake
-- Up-to-date: /home/azp/new_ws/install/rom_msgs/share/rom_msgs/cmake/rom_msgs__rosidl_typesupport_introspection_cExport-noconfig.cmake
-- Up-to-date: /home/azp/new_ws/install/rom_msgs/share/rom_msgs/cmake/rom_msgs__rosidl_typesupport_cExport.cmake
-- Up-to-date: /home/azp/new_ws/install/rom_msgs/share/rom_msgs/cmake/rom_msgs__rosidl_typesupport_cExport-noconfig.cmake
-- Up-to-date: /home/azp/new_ws/install/rom_msgs/share/rom_msgs/cmake/export_rom_msgs__rosidl_generator_cppExport.cmake
-- Up-to-date: /home/azp/new_ws/install/rom_msgs/share/rom_msgs/cmake/export_rom_msgs__rosidl_typesupport_fastrtps_cppExport.cmake
-- Up-to-date: /home/azp/new_ws/install/rom_msgs/share/rom_msgs/cmake/export_rom_msgs__rosidl_typesupport_fastrtps_cppExport-noconfig.cmake
-- Up-to-date: /home/azp/new_ws/install/rom_msgs/share/rom_msgs/cmake/rom_msgs__rosidl_typesupport_introspection_cppExport.cmake
-- Up-to-date: /home/azp/new_ws/install/rom_msgs/share/rom_msgs/cmake/rom_msgs__rosidl_typesupport_introspection_cppExport-noconfig.cmake
-- Up-to-date: /home/azp/new_ws/install/rom_msgs/share/rom_msgs/cmake/rom_msgs__rosidl_typesupport_cppExport.cmake
-- Up-to-date: /home/azp/new_ws/install/rom_msgs/share/rom_msgs/cmake/rom_msgs__rosidl_typesupport_cppExport-noconfig.cmake
-- Up-to-date: /home/azp/new_ws/install/rom_msgs/share/rom_msgs/cmake/export_rom_msgs__rosidl_generator_pyExport.cmake
-- Up-to-date: /home/azp/new_ws/install/rom_msgs/share/rom_msgs/cmake/export_rom_msgs__rosidl_generator_pyExport-noconfig.cmake
-- Up-to-date: /home/azp/new_ws/install/rom_msgs/share/rom_msgs/cmake/rosidl_cmake-extras.cmake
-- Up-to-date: /home/azp/new_ws/install/rom_msgs/share/rom_msgs/cmake/ament_cmake_export_include_directories-extras.cmake
-- Up-to-date: /home/azp/new_ws/install/rom_msgs/share/rom_msgs/cmake/ament_cmake_export_libraries-extras.cmake
-- Up-to-date: /home/azp/new_ws/install/rom_msgs/share/rom_msgs/cmake/ament_cmake_export_targets-extras.cmake
-- Up-to-date: /home/azp/new_ws/install/rom_msgs/share/rom_msgs/cmake/rosidl_cmake_export_typesupport_targets-extras.cmake
-- Up-to-date: /home/azp/new_ws/install/rom_msgs/share/rom_msgs/cmake/ament_cmake_export_dependencies-extras.cmake
-- Up-to-date: /home/azp/new_ws/install/rom_msgs/share/rom_msgs/cmake/rosidl_cmake_export_typesupport_libraries-extras.cmake
-- Up-to-date: /home/azp/new_ws/install/rom_msgs/share/rom_msgs/cmake/rom_msgsConfig.cmake
-- Up-to-date: /home/azp/new_ws/install/rom_msgs/share/rom_msgs/cmake/rom_msgsConfig-version.cmake
-- Up-to-date: /home/azp/new_ws/install/rom_msgs/share/rom_msgs/package.xml
