[0.033s] Invoking command in '/home/azp/new_ws/build/motor_msg': CMAKE_PREFIX_PATH=${CMAKE_PREFIX_PATH}:/opt/ros/humble /usr/bin/cmake /home/azp/new_ws/src/motor_msg -DCMAKE_INSTALL_PREFIX=/home/azp/new_ws/install/motor_msg
[0.051s] -- Found ament_cmake: 1.3.2 (/opt/ros/humble/share/ament_cmake/cmake)
[0.358s] -- Found std_msgs: 4.2.2 (/opt/ros/humble/share/std_msgs/cmake)
[0.414s] -- Found rosidl_generator_c: 3.1.3 (/opt/ros/humble/share/rosidl_generator_c/cmake)
[0.419s] -- Found rosidl_adapter: 3.1.3 (/opt/ros/humble/share/rosidl_adapter/cmake)
[0.433s] -- Found rosidl_generator_cpp: 3.1.3 (/opt/ros/humble/share/rosidl_generator_cpp/cmake)
[0.458s] -- Using all available rosidl_typesupport_c: rosidl_typesupport_fastrtps_c;rosidl_typesupport_introspection_c
[0.493s] -- Using all available rosidl_typesupport_cpp: rosidl_typesupport_fastrtps_cpp;rosidl_typesupport_introspection_cpp
[0.620s] -- Found rosidl_default_generators: 1.2.0 (/opt/ros/humble/share/rosidl_default_generators/cmake)
[0.635s] -- Found ament_lint_auto: 0.12.4 (/opt/ros/humble/share/ament_lint_auto/cmake)
[0.950s] [31mCMake Error at /opt/ros/humble/share/rosidl_cmake/cmake/rosidl_generate_interfaces.cmake:229 (message):
[0.950s]   Packages installing interfaces must include
[0.950s]   '<member_of_group>rosidl_interface_packages</member_of_group>' in their
[0.950s]   package.xml
[0.950s] Call Stack (most recent call first):
[0.951s]   CMakeLists.txt:23 (rosidl_generate_interfaces)
[0.951s] 
[0.951s] [0m
[0.951s] -- Configuring incomplete, errors occurred!
[0.951s] See also "/home/azp/new_ws/build/motor_msg/CMakeFiles/CMakeOutput.log".
[0.958s] Invoked command in '/home/azp/new_ws/build/motor_msg' returned '1': CMAKE_PREFIX_PATH=${CMAKE_PREFIX_PATH}:/opt/ros/humble /usr/bin/cmake /home/azp/new_ws/src/motor_msg -DCMAKE_INSTALL_PREFIX=/home/azp/new_ws/install/motor_msg
