[5.718s] DEBUG:colcon:Command line arguments: ['/usr/bin/colcon', 'build', '--packages-select', 'sub_sub']
[5.718s] DEBUG:colcon:Parsed command line arguments: Namespace(log_base=None, log_level=None, verb_name='build', build_base='build', install_base='install', merge_install=False, symlink_install=False, test_result_base=None, continue_on_error=False, executor='parallel', parallel_workers=4, event_handlers=None, ignore_user_meta=False, metas=['./colcon.meta'], base_paths=['.'], packages_ignore=None, packages_ignore_regex=None, paths=None, packages_up_to=None, packages_up_to_regex=None, packages_above=None, packages_above_and_dependencies=None, packages_above_depth=None, packages_select_by_dep=None, packages_skip_by_dep=None, packages_skip_up_to=None, packages_select_build_failed=False, packages_skip_build_finished=False, packages_select_test_failures=False, packages_skip_test_passed=False, packages_select=['sub_sub'], packages_skip=None, packages_select_regex=None, packages_skip_regex=None, packages_start=None, packages_end=None, allow_overriding=[], cmake_args=None, cmake_target=None, cmake_target_skip_unavailable=False, cmake_clean_cache=False, cmake_clean_first=False, cmake_force_configure=False, ament_cmake_args=None, catkin_cmake_args=None, catkin_skip_building_tests=False, verb_parser=<colcon_defaults.argument_parser.defaults.DefaultArgumentsDecorator object at 0x7f636c575060>, verb_extension=<colcon_core.verb.build.BuildVerb object at 0x7f636cf0cc10>, main=<bound method BuildVerb.main of <colcon_core.verb.build.BuildVerb object at 0x7f636cf0cc10>>)
[6.524s] Level 1:colcon.colcon_core.package_discovery:discover_packages(colcon_meta) check parameters
[6.525s] Level 1:colcon.colcon_core.package_discovery:discover_packages(recursive) check parameters
[6.525s] Level 1:colcon.colcon_core.package_discovery:discover_packages(ignore) check parameters
[6.525s] Level 1:colcon.colcon_core.package_discovery:discover_packages(path) check parameters
[6.526s] Level 1:colcon.colcon_core.package_discovery:discover_packages(colcon_meta) discover
[6.526s] Level 1:colcon.colcon_core.package_discovery:discover_packages(recursive) discover
[6.526s] INFO:colcon.colcon_core.package_discovery:Crawling recursively for packages in '/home/azp/new_ws'
[6.527s] Level 1:colcon.colcon_core.package_identification:_identify(.) by extensions ['ignore', 'ignore_ament_install']
[6.528s] Level 1:colcon.colcon_core.package_identification:_identify(.) by extension 'ignore'
[6.528s] Level 1:colcon.colcon_core.package_identification:_identify(.) by extension 'ignore_ament_install'
[6.528s] Level 1:colcon.colcon_core.package_identification:_identify(.) by extensions ['colcon_pkg']
[6.529s] Level 1:colcon.colcon_core.package_identification:_identify(.) by extension 'colcon_pkg'
[6.529s] Level 1:colcon.colcon_core.package_identification:_identify(.) by extensions ['colcon_meta']
[6.529s] Level 1:colcon.colcon_core.package_identification:_identify(.) by extension 'colcon_meta'
[6.530s] Level 1:colcon.colcon_core.package_identification:_identify(.) by extensions ['ros']
[6.530s] Level 1:colcon.colcon_core.package_identification:_identify(.) by extension 'ros'
[6.567s] Level 1:colcon.colcon_core.package_identification:_identify(.) by extensions ['cmake', 'python']
[6.567s] Level 1:colcon.colcon_core.package_identification:_identify(.) by extension 'cmake'
[6.567s] Level 1:colcon.colcon_core.package_identification:_identify(.) by extension 'python'
[6.568s] Level 1:colcon.colcon_core.package_identification:_identify(.) by extensions ['python_setup_py']
[6.568s] Level 1:colcon.colcon_core.package_identification:_identify(.) by extension 'python_setup_py'
[6.568s] Level 1:colcon.colcon_core.package_identification:_identify(build) by extensions ['ignore', 'ignore_ament_install']
[6.568s] Level 1:colcon.colcon_core.package_identification:_identify(build) by extension 'ignore'
[6.568s] Level 1:colcon.colcon_core.package_identification:_identify(build) ignored
[6.568s] Level 1:colcon.colcon_core.package_identification:_identify(install) by extensions ['ignore', 'ignore_ament_install']
[6.568s] Level 1:colcon.colcon_core.package_identification:_identify(install) by extension 'ignore'
[6.568s] Level 1:colcon.colcon_core.package_identification:_identify(install) ignored
[6.568s] Level 1:colcon.colcon_core.package_identification:_identify(log) by extensions ['ignore', 'ignore_ament_install']
[6.569s] Level 1:colcon.colcon_core.package_identification:_identify(log) by extension 'ignore'
[6.569s] Level 1:colcon.colcon_core.package_identification:_identify(log) ignored
[6.569s] Level 1:colcon.colcon_core.package_identification:_identify(src) by extensions ['ignore', 'ignore_ament_install']
[6.569s] Level 1:colcon.colcon_core.package_identification:_identify(src) by extension 'ignore'
[6.569s] Level 1:colcon.colcon_core.package_identification:_identify(src) by extension 'ignore_ament_install'
[6.569s] Level 1:colcon.colcon_core.package_identification:_identify(src) by extensions ['colcon_pkg']
[6.569s] Level 1:colcon.colcon_core.package_identification:_identify(src) by extension 'colcon_pkg'
[6.569s] Level 1:colcon.colcon_core.package_identification:_identify(src) by extensions ['colcon_meta']
[6.569s] Level 1:colcon.colcon_core.package_identification:_identify(src) by extension 'colcon_meta'
[6.569s] Level 1:colcon.colcon_core.package_identification:_identify(src) by extensions ['ros']
[6.569s] Level 1:colcon.colcon_core.package_identification:_identify(src) by extension 'ros'
[6.569s] Level 1:colcon.colcon_core.package_identification:_identify(src) by extensions ['cmake', 'python']
[6.569s] Level 1:colcon.colcon_core.package_identification:_identify(src) by extension 'cmake'
[6.569s] Level 1:colcon.colcon_core.package_identification:_identify(src) by extension 'python'
[6.570s] Level 1:colcon.colcon_core.package_identification:_identify(src) by extensions ['python_setup_py']
[6.570s] Level 1:colcon.colcon_core.package_identification:_identify(src) by extension 'python_setup_py'
[6.570s] Level 1:colcon.colcon_core.package_identification:_identify(src/motor_msg) by extensions ['ignore', 'ignore_ament_install']
[6.570s] Level 1:colcon.colcon_core.package_identification:_identify(src/motor_msg) by extension 'ignore'
[6.570s] Level 1:colcon.colcon_core.package_identification:_identify(src/motor_msg) by extension 'ignore_ament_install'
[6.570s] Level 1:colcon.colcon_core.package_identification:_identify(src/motor_msg) by extensions ['colcon_pkg']
[6.570s] Level 1:colcon.colcon_core.package_identification:_identify(src/motor_msg) by extension 'colcon_pkg'
[6.570s] Level 1:colcon.colcon_core.package_identification:_identify(src/motor_msg) by extensions ['colcon_meta']
[6.570s] Level 1:colcon.colcon_core.package_identification:_identify(src/motor_msg) by extension 'colcon_meta'
[6.570s] Level 1:colcon.colcon_core.package_identification:_identify(src/motor_msg) by extensions ['ros']
[6.570s] Level 1:colcon.colcon_core.package_identification:_identify(src/motor_msg) by extension 'ros'
[6.618s] DEBUG:colcon.colcon_core.package_identification:Package 'src/motor_msg' with type 'ros.ament_cmake' and name 'motor_msg'
[6.619s] Level 1:colcon.colcon_core.package_identification:_identify(src/pub_sub) by extensions ['ignore', 'ignore_ament_install']
[6.620s] Level 1:colcon.colcon_core.package_identification:_identify(src/pub_sub) by extension 'ignore'
[6.620s] Level 1:colcon.colcon_core.package_identification:_identify(src/pub_sub) by extension 'ignore_ament_install'
[6.621s] Level 1:colcon.colcon_core.package_identification:_identify(src/pub_sub) by extensions ['colcon_pkg']
[6.621s] Level 1:colcon.colcon_core.package_identification:_identify(src/pub_sub) by extension 'colcon_pkg'
[6.621s] Level 1:colcon.colcon_core.package_identification:_identify(src/pub_sub) by extensions ['colcon_meta']
[6.622s] Level 1:colcon.colcon_core.package_identification:_identify(src/pub_sub) by extension 'colcon_meta'
[6.622s] Level 1:colcon.colcon_core.package_identification:_identify(src/pub_sub) by extensions ['ros']
[6.622s] Level 1:colcon.colcon_core.package_identification:_identify(src/pub_sub) by extension 'ros'
[6.642s] DEBUG:colcon.colcon_core.package_identification:Package 'src/pub_sub' with type 'ros.ament_cmake' and name 'pub_sub'
[6.643s] Level 1:colcon.colcon_core.package_identification:_identify(src/rom_msgs) by extensions ['ignore', 'ignore_ament_install']
[6.644s] Level 1:colcon.colcon_core.package_identification:_identify(src/rom_msgs) by extension 'ignore'
[6.645s] Level 1:colcon.colcon_core.package_identification:_identify(src/rom_msgs) by extension 'ignore_ament_install'
[6.645s] Level 1:colcon.colcon_core.package_identification:_identify(src/rom_msgs) by extensions ['colcon_pkg']
[6.645s] Level 1:colcon.colcon_core.package_identification:_identify(src/rom_msgs) by extension 'colcon_pkg'
[6.646s] Level 1:colcon.colcon_core.package_identification:_identify(src/rom_msgs) by extensions ['colcon_meta']
[6.646s] Level 1:colcon.colcon_core.package_identification:_identify(src/rom_msgs) by extension 'colcon_meta'
[6.647s] Level 1:colcon.colcon_core.package_identification:_identify(src/rom_msgs) by extensions ['ros']
[6.647s] Level 1:colcon.colcon_core.package_identification:_identify(src/rom_msgs) by extension 'ros'
[6.669s] DEBUG:colcon.colcon_core.package_identification:Package 'src/rom_msgs' with type 'ros.ament_cmake' and name 'rom_msgs'
[6.670s] Level 1:colcon.colcon_core.package_identification:_identify(src/sub_sub) by extensions ['ignore', 'ignore_ament_install']
[6.670s] Level 1:colcon.colcon_core.package_identification:_identify(src/sub_sub) by extension 'ignore'
[6.671s] Level 1:colcon.colcon_core.package_identification:_identify(src/sub_sub) by extension 'ignore_ament_install'
[6.671s] Level 1:colcon.colcon_core.package_identification:_identify(src/sub_sub) by extensions ['colcon_pkg']
[6.672s] Level 1:colcon.colcon_core.package_identification:_identify(src/sub_sub) by extension 'colcon_pkg'
[6.672s] Level 1:colcon.colcon_core.package_identification:_identify(src/sub_sub) by extensions ['colcon_meta']
[6.672s] Level 1:colcon.colcon_core.package_identification:_identify(src/sub_sub) by extension 'colcon_meta'
[6.673s] Level 1:colcon.colcon_core.package_identification:_identify(src/sub_sub) by extensions ['ros']
[6.673s] Level 1:colcon.colcon_core.package_identification:_identify(src/sub_sub) by extension 'ros'
[6.678s] DEBUG:colcon.colcon_core.package_identification:Package 'src/sub_sub' with type 'ros.ament_cmake' and name 'sub_sub'
[6.678s] Level 1:colcon.colcon_core.package_discovery:discover_packages(recursive) using defaults
[6.678s] Level 1:colcon.colcon_core.package_discovery:discover_packages(ignore) discover
[6.679s] Level 1:colcon.colcon_core.package_discovery:discover_packages(ignore) using defaults
[6.679s] Level 1:colcon.colcon_core.package_discovery:discover_packages(path) discover
[6.679s] Level 1:colcon.colcon_core.package_discovery:discover_packages(path) using defaults
[7.112s] INFO:colcon.colcon_core.package_selection:Skipping not selected package 'motor_msg' in 'src/motor_msg'
[7.112s] INFO:colcon.colcon_core.package_selection:Skipping not selected package 'pub_sub' in 'src/pub_sub'
[7.112s] INFO:colcon.colcon_core.package_selection:Skipping not selected package 'rom_msgs' in 'src/rom_msgs'
[7.120s] Level 1:colcon.colcon_core.package_discovery:discover_packages(prefix_path) check parameters
[7.120s] Level 1:colcon.colcon_core.package_discovery:discover_packages(prefix_path) discover
[7.162s] DEBUG:colcon.colcon_installed_package_information.package_discovery:Found 3 installed packages in /home/azp/new_ws/install
[7.172s] DEBUG:colcon.colcon_installed_package_information.package_discovery:Found 279 installed packages in /opt/ros/humble
[7.178s] Level 1:colcon.colcon_core.package_discovery:discover_packages(prefix_path) using defaults
[7.366s] Level 5:colcon.colcon_core.verb:set package 'sub_sub' build argument 'cmake_args' from command line to 'None'
[7.367s] Level 5:colcon.colcon_core.verb:set package 'sub_sub' build argument 'cmake_target' from command line to 'None'
[7.367s] Level 5:colcon.colcon_core.verb:set package 'sub_sub' build argument 'cmake_target_skip_unavailable' from command line to 'False'
[7.367s] Level 5:colcon.colcon_core.verb:set package 'sub_sub' build argument 'cmake_clean_cache' from command line to 'False'
[7.367s] Level 5:colcon.colcon_core.verb:set package 'sub_sub' build argument 'cmake_clean_first' from command line to 'False'
[7.367s] Level 5:colcon.colcon_core.verb:set package 'sub_sub' build argument 'cmake_force_configure' from command line to 'False'
[7.367s] Level 5:colcon.colcon_core.verb:set package 'sub_sub' build argument 'ament_cmake_args' from command line to 'None'
[7.367s] Level 5:colcon.colcon_core.verb:set package 'sub_sub' build argument 'catkin_cmake_args' from command line to 'None'
[7.367s] Level 5:colcon.colcon_core.verb:set package 'sub_sub' build argument 'catkin_skip_building_tests' from command line to 'False'
[7.367s] DEBUG:colcon.colcon_core.verb:Building package 'sub_sub' with the following arguments: {'ament_cmake_args': None, 'build_base': '/home/azp/new_ws/build/sub_sub', 'catkin_cmake_args': None, 'catkin_skip_building_tests': False, 'cmake_args': None, 'cmake_clean_cache': False, 'cmake_clean_first': False, 'cmake_force_configure': False, 'cmake_target': None, 'cmake_target_skip_unavailable': False, 'install_base': '/home/azp/new_ws/install/sub_sub', 'merge_install': False, 'path': '/home/azp/new_ws/src/sub_sub', 'symlink_install': False, 'test_result_base': None}
[7.368s] INFO:colcon.colcon_core.executor:Executing jobs using 'parallel' executor
[7.372s] DEBUG:colcon.colcon_parallel_executor.executor.parallel:run_until_complete
[7.373s] INFO:colcon.colcon_ros.task.ament_cmake.build:Building ROS package in '/home/azp/new_ws/src/sub_sub' with build type 'ament_cmake'
[7.373s] INFO:colcon.colcon_cmake.task.cmake.build:Building CMake package in '/home/azp/new_ws/src/sub_sub'
[7.492s] INFO:colcon.colcon_core.plugin_system:Skipping extension 'colcon_core.shell.bat': Not used on non-Windows systems
[7.494s] INFO:colcon.colcon_core.shell:Skip shell extension 'powershell' for command environment: Not usable outside of PowerShell
[7.494s] DEBUG:colcon.colcon_core.shell:Skip shell extension 'dsv' for command environment
[7.549s] DEBUG:colcon.colcon_core.event_handler.log_command:Invoking command in '/home/azp/new_ws/build/sub_sub': CMAKE_PREFIX_PATH=${CMAKE_PREFIX_PATH}:/opt/ros/humble /usr/bin/cmake /home/azp/new_ws/src/sub_sub -DCMAKE_INSTALL_PREFIX=/home/azp/new_ws/install/sub_sub
[13.308s] DEBUG:colcon.colcon_core.event_handler.log_command:Invoked command in '/home/azp/new_ws/build/sub_sub' returned '0': CMAKE_PREFIX_PATH=${CMAKE_PREFIX_PATH}:/opt/ros/humble /usr/bin/cmake /home/azp/new_ws/src/sub_sub -DCMAKE_INSTALL_PREFIX=/home/azp/new_ws/install/sub_sub
[13.311s] DEBUG:colcon.colcon_core.event_handler.log_command:Invoking command in '/home/azp/new_ws/build/sub_sub': CMAKE_PREFIX_PATH=${CMAKE_PREFIX_PATH}:/opt/ros/humble /usr/bin/cmake --build /home/azp/new_ws/build/sub_sub -- -j4 -l4
[26.975s] DEBUG:colcon.colcon_core.event_handler.log_command:Invoked command in '/home/azp/new_ws/build/sub_sub' returned '0': CMAKE_PREFIX_PATH=${CMAKE_PREFIX_PATH}:/opt/ros/humble /usr/bin/cmake --build /home/azp/new_ws/build/sub_sub -- -j4 -l4
[27.009s] DEBUG:colcon.colcon_core.event_handler.log_command:Invoking command in '/home/azp/new_ws/build/sub_sub': CMAKE_PREFIX_PATH=${CMAKE_PREFIX_PATH}:/opt/ros/humble /usr/bin/cmake --install /home/azp/new_ws/build/sub_sub
[27.025s] Level 1:colcon.colcon_core.environment:create_environment_scripts_only(sub_sub)
[27.026s] DEBUG:colcon.colcon_core.event_handler.log_command:Invoked command in '/home/azp/new_ws/build/sub_sub' returned '0': CMAKE_PREFIX_PATH=${CMAKE_PREFIX_PATH}:/opt/ros/humble /usr/bin/cmake --install /home/azp/new_ws/build/sub_sub
[27.214s] Level 1:colcon.colcon_core.environment:checking '/home/azp/new_ws/install/sub_sub' for CMake module files
[27.217s] Level 1:colcon.colcon_core.environment:checking '/home/azp/new_ws/install/sub_sub' for CMake config files
[27.218s] Level 1:colcon.colcon_core.shell:create_environment_hook('sub_sub', 'cmake_prefix_path')
[27.227s] INFO:colcon.colcon_core.shell:Creating environment hook '/home/azp/new_ws/install/sub_sub/share/sub_sub/hook/cmake_prefix_path.ps1'
[27.255s] INFO:colcon.colcon_core.shell:Creating environment descriptor '/home/azp/new_ws/install/sub_sub/share/sub_sub/hook/cmake_prefix_path.dsv'
[27.264s] INFO:colcon.colcon_core.shell:Creating environment hook '/home/azp/new_ws/install/sub_sub/share/sub_sub/hook/cmake_prefix_path.sh'
[27.271s] Level 1:colcon.colcon_core.environment:checking '/home/azp/new_ws/install/sub_sub/lib'
[27.272s] Level 1:colcon.colcon_core.environment:checking '/home/azp/new_ws/install/sub_sub/bin'
[27.272s] Level 1:colcon.colcon_core.environment:checking '/home/azp/new_ws/install/sub_sub/lib/pkgconfig/sub_sub.pc'
[27.274s] Level 1:colcon.colcon_core.environment:checking '/home/azp/new_ws/install/sub_sub/lib/python3.10/site-packages'
[27.275s] Level 1:colcon.colcon_core.environment:checking '/home/azp/new_ws/install/sub_sub/bin'
[27.284s] INFO:colcon.colcon_core.shell:Creating package script '/home/azp/new_ws/install/sub_sub/share/sub_sub/package.ps1'
[27.288s] INFO:colcon.colcon_core.shell:Creating package descriptor '/home/azp/new_ws/install/sub_sub/share/sub_sub/package.dsv'
[27.290s] INFO:colcon.colcon_core.shell:Creating package script '/home/azp/new_ws/install/sub_sub/share/sub_sub/package.sh'
[27.292s] INFO:colcon.colcon_core.shell:Creating package script '/home/azp/new_ws/install/sub_sub/share/sub_sub/package.bash'
[27.308s] INFO:colcon.colcon_core.shell:Creating package script '/home/azp/new_ws/install/sub_sub/share/sub_sub/package.zsh'
[27.326s] Level 1:colcon.colcon_core.environment:create_file_with_runtime_dependencies(/home/azp/new_ws/install/sub_sub/share/colcon-core/packages/sub_sub)
[27.369s] Level 1:colcon.colcon_core.environment:create_environment_scripts_only(sub_sub)
[27.372s] Level 1:colcon.colcon_core.environment:checking '/home/azp/new_ws/install/sub_sub' for CMake module files
[27.372s] Level 1:colcon.colcon_core.environment:checking '/home/azp/new_ws/install/sub_sub' for CMake config files
[27.373s] Level 1:colcon.colcon_core.shell:create_environment_hook('sub_sub', 'cmake_prefix_path')
[27.374s] INFO:colcon.colcon_core.shell:Creating environment hook '/home/azp/new_ws/install/sub_sub/share/sub_sub/hook/cmake_prefix_path.ps1'
[27.375s] INFO:colcon.colcon_core.shell:Creating environment descriptor '/home/azp/new_ws/install/sub_sub/share/sub_sub/hook/cmake_prefix_path.dsv'
[27.375s] INFO:colcon.colcon_core.shell:Creating environment hook '/home/azp/new_ws/install/sub_sub/share/sub_sub/hook/cmake_prefix_path.sh'
[27.376s] Level 1:colcon.colcon_core.environment:checking '/home/azp/new_ws/install/sub_sub/lib'
[27.376s] Level 1:colcon.colcon_core.environment:checking '/home/azp/new_ws/install/sub_sub/bin'
[27.376s] Level 1:colcon.colcon_core.environment:checking '/home/azp/new_ws/install/sub_sub/lib/pkgconfig/sub_sub.pc'
[27.376s] Level 1:colcon.colcon_core.environment:checking '/home/azp/new_ws/install/sub_sub/lib/python3.10/site-packages'
[27.376s] Level 1:colcon.colcon_core.environment:checking '/home/azp/new_ws/install/sub_sub/bin'
[27.378s] INFO:colcon.colcon_core.shell:Creating package script '/home/azp/new_ws/install/sub_sub/share/sub_sub/package.ps1'
[27.379s] INFO:colcon.colcon_core.shell:Creating package descriptor '/home/azp/new_ws/install/sub_sub/share/sub_sub/package.dsv'
[27.380s] INFO:colcon.colcon_core.shell:Creating package script '/home/azp/new_ws/install/sub_sub/share/sub_sub/package.sh'
[27.380s] INFO:colcon.colcon_core.shell:Creating package script '/home/azp/new_ws/install/sub_sub/share/sub_sub/package.bash'
[27.380s] INFO:colcon.colcon_core.shell:Creating package script '/home/azp/new_ws/install/sub_sub/share/sub_sub/package.zsh'
[27.381s] Level 1:colcon.colcon_core.environment:create_file_with_runtime_dependencies(/home/azp/new_ws/install/sub_sub/share/colcon-core/packages/sub_sub)
[27.381s] DEBUG:colcon.colcon_parallel_executor.executor.parallel:closing loop
[27.382s] DEBUG:colcon.colcon_parallel_executor.executor.parallel:loop closed
[27.382s] DEBUG:colcon.colcon_parallel_executor.executor.parallel:run_until_complete finished with '0'
[27.382s] DEBUG:colcon.colcon_core.event_reactor:joining thread
[27.408s] INFO:colcon.colcon_core.plugin_system:Skipping extension 'colcon_notification.desktop_notification.terminal_notifier': Not used on non-Darwin systems
[27.408s] INFO:colcon.colcon_core.plugin_system:Skipping extension 'colcon_notification.desktop_notification.win32': Not used on non-Windows systems
[27.408s] INFO:colcon.colcon_notification.desktop_notification:Sending desktop notification using 'notify2'
[27.432s] DEBUG:colcon.colcon_core.event_reactor:joined thread
[27.435s] INFO:colcon.colcon_core.shell:Creating prefix script '/home/azp/new_ws/install/local_setup.ps1'
[27.438s] INFO:colcon.colcon_core.shell:Creating prefix util module '/home/azp/new_ws/install/_local_setup_util_ps1.py'
[27.441s] INFO:colcon.colcon_core.shell:Creating prefix chain script '/home/azp/new_ws/install/setup.ps1'
[27.444s] INFO:colcon.colcon_core.shell:Creating prefix script '/home/azp/new_ws/install/local_setup.sh'
[27.445s] INFO:colcon.colcon_core.shell:Creating prefix util module '/home/azp/new_ws/install/_local_setup_util_sh.py'
[27.446s] INFO:colcon.colcon_core.shell:Creating prefix chain script '/home/azp/new_ws/install/setup.sh'
[27.448s] INFO:colcon.colcon_core.shell:Creating prefix script '/home/azp/new_ws/install/local_setup.bash'
[27.463s] INFO:colcon.colcon_core.shell:Creating prefix chain script '/home/azp/new_ws/install/setup.bash'
[27.467s] INFO:colcon.colcon_core.shell:Creating prefix script '/home/azp/new_ws/install/local_setup.zsh'
[27.483s] INFO:colcon.colcon_core.shell:Creating prefix chain script '/home/azp/new_ws/install/setup.zsh'
